1.1785 	WARNING 	We strongly recommend you activate the PTB sound engine in PsychoPy prefs as the preferred audio engine. Its timing is vastly superior. Your prefs are currently set to use ['sounddevice', 'PTB', 'pyo', 'pygame'] (in that order).
4.9290 	WARNING 	User requested fullscreen with size [1024  768], but screen is actually [1920, 1080]. Using actual size
5.3318 	EXP 	Created window1 = Window(allowGUI=False, allowStencil=False, autoLog=True, backendConf=UNKNOWN, bitsMode=UNKNOWN, blendMode='avg', bpc=(8, 8, 8), color=array([0, 0, 0]), colorSpace='rgb', depthBits=8, fullscr=<method-wrapper '__getattribute__' of attributeSetter object at 0x000001EB87DD5040>, gamma=None, gammaErrorPolicy='raise', lms=UNKNOWN, monitor=<psychopy.monitors.calibTools.Monitor object at 0x000001EB884C37F0>, multiSample=False, name='window1', numSamples=2, pos=(0, 0), screen=0, size=array([1920, 1080]), stencilBits=0, stereo=False, units='height', useFBO=True, useRetina=False, viewOri=0.0, viewPos=None, viewScale=None, waitBlanking=True, winType='pyglet')
5.3321 	EXP 	window1: mouseVisible = True
5.3322 	EXP 	window1: Attempting to measure frame rate of screen (0) ...
5.3322 	EXP 	window1: recordFrameIntervals = False
5.4019 	EXP 	window1: recordFrameIntervals = True
5.4795 	EXP 	Screen (0) actual frame rate measured at 142.78Hz
5.4795 	EXP 	window1: recordFrameIntervals = False
7.0192 	EXP 	window1: mouseVisible = True
7.0234 	EXP 	Imported informationletter.csv as conditions, 12 conditions, 13 params
7.0240 	EXP 	Question text: Information Letter
7.0518 	EXP 	Question text: Project Title: It's All Fun and Pranks
7.0839 	EXP 	Question text: Faculty Investigator: Dr. Chris Burris, Psychology (St. Jerome's). 519-884-8111x28213 (cburris@uwaterloo.ca)
7.1247 	EXP 	Question text: Student Investigator: Maya Karmakar-Johnson, Psychology (mkarmaka@uwaterloo.ca)
7.1318 	EXP 	Question text: This online research is being conducted as part of the Student Investigator's undergraduate honours thesis. It focuses on how people react to pranking behaviour and factors that affect those reactions.
7.1419 	EXP 	Question text: In this study, you will be asked first to read several short accounts of actual pranks and then react to each (for example, how funny you did – or didn't – find that prank to be). You will then be asked to complete two short measures concerning your responses to how other people interact with you – specifically, how important feeling respected and dealing with anger are for you. Finally, we'll ask you to complete a brief demographic questionnaire that asks basic questions such as your age and gender (so that we can accurately summarize the study sample's characteristics in any future reports). After that, you'll be able to learn more about the study's purpose.
7.1641 	EXP 	Question text: We expect this study to take no more than 30 minutes of your time. Participation is voluntary. Although no direct benefits to you are anticipated, we hope that you will learn more about the variety of research methods that are employed to test psychological hypotheses. In appreciation for your participation, you will receive 0.5 participation credits toward your applicable Psychology class.
7.1793 	EXP 	Question text: The risks associated with participation in the study are expected to be no greater than what you might experience in your day-to-day life. Indeed, reacting to others' embarrassing or awkward experiences, as well as how we deal with how people treat us, are common experiences for many. Having said that, you may choose not to complete any proportion of the study but will still receive your 0.5 participation credit. If you do choose to withdraw from the study before reaching the end, we would ask that you please skip to the end to read the feedback letter. Once you have submitted your responses it is not possible to withdraw your consent to participate, however, as we have no way of knowing which responses are yours.
7.2007 	EXP 	Question text: You will be completing the study by an online survey operated by Qualtrics. Qualtrics has implemented technical, administrative, and physical safeguards to protect the information provided via the Services from loss, misuse, and unauthorized access, disclosure, alteration, or destruction. However, no Internet transmission is ever fully secure or error free. University of Waterloo researchers will not collect or use internet protocol (IP) addresses or other information which could link your participation to your computer or electronic device without first informing you.
7.2193 	EXP 	Question text: Your identity will be confidential: your questionnaire responses will be identified by a code. You will not be identified by name in any report, publication, or presentation resulting from this study. If you choose to participate your data will be stored for at least 5 years on the password-protected computer on the Faculty Investigator.
7.2289 	EXP 	Question text: If you have any questions about the study, either before or after participating, please feel free to contact the Faculty Investigator as shown above.
7.2345 	EXP 	Question text: This study has been reviewed and received ethics clearance through a University of Waterloo Research Ethics Board (REB# 44380). If you have questions for the Board, contact the Office of Research Ethics, at 1-519-888-4567 ext. 36005 or reb@uwaterloo.ca
7.2592 	EXP 	window1: mouseVisible = True
7.3089 	EXP 	Created infoletter = <psychopy.visual.form.Form object at 0x000001EB89F32130>
7.3123 	EXP 	window1: mouseVisible = True
7.3156 	EXP 	Imported consentform.csv as conditions, 8 conditions, 13 params
7.3162 	EXP 	Question text: Consent for Participation
7.3311 	EXP 	Question text: By consenting to participate, you are not waiving your legal rights or releasing the investigator(s) or involved institution(s) from their legal and professional responsibilities.
7.3374 	EXP 	Question text: I have read the information presented in the information letter about a study being conducted under the supervision of Chris Burris, Department of Psychology, St. Jerome's University (cburris@uwaterloo.ca). I have made this decision based on the information provided. I have had the opportunity to ask any questions related to this study, to receive satisfactory answers to my questions, and any additional details I wanted.
7.3488 	EXP 	Question text: As a participant in this online study, I am aware that my identity will remain confidential.
7.3522 	EXP 	Question text: I am aware that I may withdraw from participating before reaching the end of the study without penalty.
7.3557 	EXP 	Question text: This study has been reviewed and received ethics clearance through a University of Waterloo Research Ethics Committee (REB# 44380). If you have questions for the Committee, contact the Office of Research Ethics at 1-519-888-4567 ext. 36005 or ore-ceo@uwaterloo.ca
7.3637 	EXP 	Question text: If you have any questions about the study, either before or after participating, please feel free to contact the Faculty Investigator.
7.3676 	EXP 	Question text: I agree to participate in this study:
7.3711 	EXP 	window1: mouseVisible = True
7.3924 	EXP 	window1: mouseVisible = True
7.4167 	EXP 	Created consentform = <psychopy.visual.form.Form object at 0x000001EB8789D400>
7.4201 	EXP 	window1: mouseVisible = True
7.4231 	EXP 	Imported HO.csv as conditions, 3 conditions, 13 params
7.4237 	EXP 	Question text: Instructions
7.4288 	EXP 	Question text: Imagine that there exists a part deep within you that you could call the "hidden observer." This part of you knows every detail of all behaviour and thought processes that go on within you and is aware of the deepest intimate information about yourself. However, it cannot be asked to talk about this intimate information unless it is allowed by you to do so.
7.4405 	EXP 	Question text: Five brief descriptions of prank experiences from the target's perspective (taken from the website fmylife.com) appear below. Please read each one and - from the perspective of your "hidden observer" - rate your reactions to it.
7.4483 	EXP 	window1: mouseVisible = True
7.4628 	EXP 	Created instructionsform = <psychopy.visual.form.Form object at 0x000001EB877D17F0>
7.4749 	EXP 	Created text = TextStim(__class__=<class 'psychopy.visual.text.TextStim'>, alignHoriz=method-wrapper(...), alignText='center', alignVert=method-wrapper(...), anchorHoriz='center', anchorVert='center', antialias=True, autoDraw=False, autoLog=True, bold=False, color=array([1., 1., 1.]), colorSpace='rgb', contrast=1.0, depth=0.0, flipHoriz=False, flipVert=False, font='Open Sans', fontFiles=[], height=0.1, italic=False, languageStyle='LTR', name='text', opacity=1.0, ori=0.0, pos=array([0., 0.]), rgb=UNKNOWN, text='', units='height', win=Window(...), wrapWidth=1)
7.4761 	EXP 	Created PrimerText = TextStim(__class__=<class 'psychopy.visual.text.TextStim'>, alignHoriz=method-wrapper(...), alignText='center', alignVert=method-wrapper(...), anchorHoriz='center', anchorVert='center', antialias=True, autoDraw=False, autoLog=True, bold=False, color=array([1., 1., 1.]), colorSpace='rgb', contrast=1.0, depth=0.0, flipHoriz=False, flipVert=False, font='Open Sans', fontFiles=[], height=0.05, italic=False, languageStyle='LTR', name='PrimerText', opacity=1.0, ori=0.0, pos=array([0., 0.]), rgb=UNKNOWN, text='', units='height', win=Window(...), wrapWidth=1)
7.4773 	EXP 	Created prankText = TextStim(__class__=<class 'psychopy.visual.text.TextStim'>, alignHoriz=method-wrapper(...), alignText='center', alignVert=method-wrapper(...), anchorHoriz='center', anchorVert='center', antialias=True, autoDraw=False, autoLog=True, bold=False, color=array([1., 1., 1.]), colorSpace='rgb', contrast=1.0, depth=0.0, flipHoriz=False, flipVert=False, font='Open Sans', fontFiles=[], height=0.04, italic=False, languageStyle='LTR', name='prankText', opacity=1.0, ori=0.0, pos=array([0. , 0.2]), rgb=UNKNOWN, text='', units='height', win=Window(...), wrapWidth=1)
7.4783 	EXP 	Created promptText = TextStim(__class__=<class 'psychopy.visual.text.TextStim'>, alignHoriz=method-wrapper(...), alignText='center', alignVert=method-wrapper(...), anchorHoriz='center', anchorVert='center', antialias=True, autoDraw=False, autoLog=True, bold=False, color=array([1., 1., 1.]), colorSpace='rgb', contrast=1.0, depth=-1.0, flipHoriz=False, flipVert=False, font='Open Sans', fontFiles=[], height=0.03, italic=False, languageStyle='LTR', name='promptText', opacity=1.0, ori=0.0, pos=array([ 0.  , -0.11]), rgb=UNKNOWN, text='', units='height', win=Window(...), wrapWidth=1)
7.5104 	EXP 	Created hiddenobserver = TextStim(__class__=<class 'psychopy.visual.text.TextStim'>, alignHoriz=method-wrapper(...), alignText='center', alignVert=method-wrapper(...), anchorHoriz='center', anchorVert='center', antialias=True, autoDraw=False, autoLog=True, bold=False, color=array([1., 1., 1.]), colorSpace='rgb', contrast=1.0, depth=-2.0, flipHoriz=False, flipVert=False, font='Open Sans', fontFiles=[], height=0.03, italic=False, languageStyle='LTR', name='hiddenobserver', opacity=1.0, ori=0.0, pos=array([ 0.  , -0.05]), rgb=UNKNOWN, text='My "hidden observer" says that:', units='height', win=Window(...), wrapWidth=1)
7.5146 	EXP 	window1: mouseVisible = True
7.6092 	EXP 	Created slider = Slider(__class__=<class 'psychopy.visual.slider.Slider'>, autoDraw=False, autoLog=True, borderColor=None, color=None, colorSpace='rgb', depth=-3, fillColor=None, flip=True, font='Open Sans', granularity=1.0, labelColor=None, labelHeight=0.05, labelWrapWidth=None, labels=tuple(...), lineColor=None, markerColor=None, name='slider', opacity=None, ori=0.0, pos=array([ 0. , -0.3]), readOnly=False, self=UNKNOWN, size=array([1.  , 0.07]), startValue=None, style='rating', styleTweaks=[], ticks=array([1, 2, 3, 4, 5, 6, 7, 8]), units='height', win=Window(...))
7.6130 	EXP 	Imported aboutrespect.csv as conditions, 14 conditions, 13 params
7.6138 	EXP 	Question text: About Respect
7.6254 	EXP 	Question text: The following questions ask you about what you think other people are like and what you think about how they act.
7.6290 	EXP 	Question text: I feel disrespected when people don’t include me in the group.
7.6341 	EXP 	window1: mouseVisible = True
7.6787 	EXP 	Question text: It is important that people show that they respect you.
7.6823 	EXP 	window1: mouseVisible = True
7.7285 	EXP 	Question text: I feel disrespected when a group is making a decision and I don’t get to say what I think.
7.7327 	EXP 	window1: mouseVisible = True
7.7779 	EXP 	Question text: People want to make you feel like they are better than you.
7.7816 	EXP 	window1: mouseVisible = True
7.8259 	EXP 	Question text: I feel disrespected when people tease me.
7.8295 	EXP 	window1: mouseVisible = True
7.8740 	EXP 	Question text: It is important to let people know that they should respect you.
7.8778 	EXP 	window1: mouseVisible = True
7.9221 	EXP 	Question text: I feel disrespected when people don’t listen to what I have to say.
7.9260 	EXP 	window1: mouseVisible = True
7.9706 	EXP 	Question text: If you are not careful, people will make you feel like you are no good.
7.9745 	EXP 	window1: mouseVisible = True
8.0193 	EXP 	Question text: I feel disrespected when I am treated unfairly.
8.0229 	EXP 	window1: mouseVisible = True
8.0674 	EXP 	Question text: I feel disrespected when someone gossips about me.
8.0711 	EXP 	window1: mouseVisible = True
8.1151 	EXP 	Question text: People are always trying to make themselves look like they are better than you.
8.1190 	EXP 	window1: mouseVisible = True
8.1630 	EXP 	Question text: It is more important to be respected than liked.
8.1666 	EXP 	window1: mouseVisible = True
8.2111 	EXP 	window1: mouseVisible = True
8.2848 	EXP 	Created respectform = <psychopy.visual.form.Form object at 0x000001EB8767C0A0>
8.2881 	EXP 	window1: mouseVisible = True
8.2913 	EXP 	window1: mouseVisible = True
8.2950 	EXP 	Imported aboutanger - Sheet1.csv as conditions, 12 conditions, 13 params
8.2957 	EXP 	Question text: About Anger
8.3016 	EXP 	Question text: Please rate how often you do what is described in each item.
8.3047 	EXP 	Question text: When something makes me angry, I turn this matter over and over again in my mind.
8.3086 	EXP 	window1: mouseVisible = True
8.3329 	EXP 	Question text: I have long living fantasies of revenge after the conflict is over.
8.3366 	EXP 	window1: mouseVisible = True
8.3597 	EXP 	Question text: I ponder about the injustices that have been done to me.
8.3636 	EXP 	window1: mouseVisible = True
8.3868 	EXP 	Question text: I think about the reasons people treat me badly.
8.3904 	EXP 	window1: mouseVisible = True
8.4138 	EXP 	Question text: When someone makes me angry, I can't stop thinking about how to get back at this person.
8.4179 	EXP 	window1: mouseVisible = True
8.4409 	EXP 	Question text: I keep thinking about events that angered me for a long time.
8.4446 	EXP 	window1: mouseVisible = True
8.4679 	EXP 	Question text: Whenever I experience anger, I keep thinking about it for a while.
8.4716 	EXP 	window1: mouseVisible = True
8.4954 	EXP 	Question text: I re-enact the anger episode in my mind after it has happened.
8.4991 	EXP 	window1: mouseVisible = True
8.5220 	EXP 	Question text: I think about certain events from a long time ago and they still make me angry.
8.5259 	EXP 	window1: mouseVisible = True
8.5489 	EXP 	Question text: I have had times when I could not stop being preoccupied with a particular conflict.
8.5528 	EXP 	window1: mouseVisible = True
8.5764 	EXP 	window1: mouseVisible = True
8.6161 	EXP 	Created angerform = <psychopy.visual.form.Form object at 0x000001EB87B05940>
8.6196 	EXP 	Imported demographic.csv as conditions, 9 conditions, 13 params
8.6203 	EXP 	Question text: Background Information
8.6310 	EXP 	Question text: Please complete the following information so that we can summarize the background characteristics of this study’s participants as part of any subsequent research reports. Your identity is confidential. Remember that you may decline to answer any question by leaving it blank if you choose
8.6395 	EXP 	Question text: Your gender?
8.6447 	EXP 	window1: mouseVisible = True
8.6737 	EXP 	Question text: Gender (if other)
8.6809 	EXP 	Question text: Your Age
8.6842 	EXP 	window1: mouseVisible = True
8.7085 	EXP 	Question text: Your Ethnicity (ie. the ethnic group or nationality with which you most strongly identify)?
8.7143 	EXP 	Question text: Were you born in Canada
8.7176 	EXP 	window1: mouseVisible = True
8.7337 	EXP 	Question text: If you are now living in Canada, but were not born here, how long have you lived here?
8.7396 	EXP 	Question text: Finally, we would like you to write a couple of sentences about something you've done or accomplished recently that you feel really good about:
8.7477 	EXP 	window1: mouseVisible = True
8.7724 	EXP 	Created demoForm = <psychopy.visual.form.Form object at 0x000001EB88296E50>
8.7756 	EXP 	window1: mouseVisible = True
8.7837 	EXP 	Created text_2 = TextStim(__class__=<class 'psychopy.visual.text.TextStim'>, alignHoriz=method-wrapper(...), alignText='center', alignVert=method-wrapper(...), anchorHoriz='center', anchorVert='center', antialias=True, autoDraw=False, autoLog=True, bold=False, color=array([1., 1., 1.]), colorSpace='rgb', contrast=1.0, depth=0.0, flipHoriz=False, flipVert=False, font='Open Sans', fontFiles=[], height=0.05, italic=False, languageStyle='LTR', name='text_2', opacity=1.0, ori=0.0, pos=array([0., 0.]), rgb=UNKNOWN, text='Study Complete', units='height', win=Window(...), wrapWidth=1)
8.7870 	EXP 	window1: mouseVisible = True
8.7916 	EXP 	Imported feedbackletter.csv as conditions, 27 conditions, 13 params
8.7924 	EXP 	Question text: Feedback Letter
8.7980 	EXP 	Question text: Project Title: It's All Fun and Pranks
8.8009 	EXP 	Question text: Faculty Investigator: Dr. Chris Burris, Psychology (St. Jerome's). 519-884-8111x28213 (cburris@uwaterloo.ca)
8.8045 	EXP 	Question text: Student Investigator: Maya Karmakar-Johnson, Psychology (mkarmaka@uwaterloo.ca)
8.8078 	EXP 	Question text: We appreciate your participation, and we thank you for spending time helping us with our research. At the beginning of the study, you were informed that its focus was on how people react to pranking behaviour and factors that affect those reactions. We would now like to explain the purpose of the study in greater detail.
8.8171 	EXP 	Question text: Although many people view pranks as “harmless fun,” Burris and Leitch (2018) showed that pranking can sometimes serve as an outlet for sadistic motivation – understood as wanting someone else to feel bad, however briefly, because the thought of that makes oneself feel good. By their very nature, pranks involve a gotcha whereby the person being pranked is subject to some degree of physical or psychological discomfort – if that doesn’t happen, then the prank is declared to have “failed.”
8.8340 	EXP 	Question text: Importantly, Burris and Leitch (2018) showed that positive reactions to pranks – whether performed by the self or by someone else – were predicted by a joint tendency to feel disrespected and to have difficulty letting go of anger related to past insults. Having identified this combo as the “engine” driving sadistic motivation, Burris and Leitch argued that sadistic motivation’s ultimate goal is to boost back up a self that feels deflated or “squashed,” and that seeing another come to harm is a means to this end.
8.8473 	EXP 	Question text: This analysis of pranking raises a paradox: Most pranksters look happy, even giddy – they don’t look angry or hostile. Dijksterhuis and Aarts (2010) reviewed research suggesting that goals can drive behavior even when the goals are outside of awareness – that is, unconscious. With that in mind, the present study was set up to see whether the presumed ultimate goal driving sadistic motivation – that is, boosting the self – was operating nonconsciously.
8.8592 	EXP 	Question text: To do that, we attempted to create either a “mini-boost” or a “mini-squash” to the self outside of your conscious awareness. Thus, as you read each prank story and reacted to it, you were randomly assigned to any of three possible subliminal primes: (1) “you are awesome” (boost); (2) “you are nothing” (squash); or (3) “people are walking” (neutral). These primes appeared before the general story instructions, before each story, and before each reaction item. After that, we had you complete short versions of the disrespect sensitivity and anger rumination measures used by Burris and Leitch (2018) to identify people who are more or less likely to respond to “squashed” feelings by reacting positively to others’ discomfort. To ensure that any possible negative effect of the “squash” prime would be neutralized quickly, we asked everyone to reflect on a recent positive personal experience at the end of the study.
8.8823 	EXP 	Question text: We expected the most positive reactions to the prank stories to emerge among people who received the “squash” primes, and who already struggle more with feeling angry and disrespected.
8.8885 	EXP 	Question text: So, to be clear, we are indeed interested in how people react to pranking behaviour and factors that affect those reactions, but this study explored a very specific aspect of that – that is, nonconscious motivation, which we investigated by means of subliminal primes.
8.8964 	EXP 	Question text: We apologize that we did not alert to you our use of subliminal primes at the outset – but we hope you understand that, had we done so, you would have probably been on the lookout for (or trying to guess) the primes we were using, which would compromise their effectiveness. Although not all psychology research involves withholding information at the outset like this, there is sometimes no practical alternative that allows for a valid test of hypotheses such as ours concerning nonconscious nature of sadistic motivation. We hope this makes sense to you.
8.9104 	EXP 	Question text: So, to summarize:
8.9131 	EXP 	Question text: 1) Pranking is sometimes used as an outlet for sadistic motivation.
8.9162 	EXP 	Question text: 2) The ultimate goal of sadistic motivation may be to boost the self, even if at others’ expense. 
8.9196 	EXP 	Question text: 3) The present study used subliminal priming to test whether this hypothesized of boosting the self is operating outside of conscious awareness. 
8.9250 	EXP 	Question text: 4) To test our hypothesis, we had to withhold information concerning our use of subliminal primes initially.
8.9286 	EXP 	Question text: Given (4) just above, it is very important that you not discuss your experiences with any other students who potentially could be in this study until after the end of the term. If people come into the study knowing about our specific predictions, it could influence their results, and the data we collect would not be useable. Also, if you print off a copy of this post-study information page, please do not make it available to other students.
8.9406 	EXP 	Question text: Because some elements of the study are different from what was originally explained, there is another consent form for you to read and sign electronically if you are willing to allow us to use the information you have provided. This consent is also a record that the full purpose of the study was explained to you.
8.9496 	EXP 	Question text: We would like to remind you that your confidentiality is guaranteed. Your questionnaire responses will be identified by code number only and you will not be identified by name in any report, publication, or presentation resulting from this study. The data file will be stored for at least 5 years in electronic form on the password-protected computer of the Faculty Investigator.
8.9599 	EXP 	Question text: This study has been reviewed and received ethics clearance through a University of Waterloo Research Ethics Board (#44380). If you have questions for the Board, contact the Office of Research Ethics, at 1-519-888-4567 ext. 36005 or reb@uwaterloo.ca.
8.9676 	EXP 	Question text: If your participation in this study has raised personal issues that concern you, we encourage you to contact UW Counselling Services at 888-4567, ext. 32655.
8.9733 	EXP 	Question text: If you’d like to learn more about the ideas behind this research, we encourage you to read:
8.9766 	EXP 	Question text: Burris, C., & Leitch, R. (2018). Harmful fun: Pranks and sadistic motivation. Motivation And Emotion, 42(1), 90-102. doi: 10.1007/s11031-017-9651-5
8.9861 	EXP 	Question text: Dijksterhuis, A., & Aarts, H. (2010). Goals, attention, and (un)consciousness. Annual Review of Psychology, 61(1), 467-490. https://doi.org/10.1146/annurev.psych.093008.100445
8.9922 	EXP 	Question text: If you’d like more information, feel free to contact the Faculty Investigator as listed above.
8.9957 	EXP 	Question text: We really appreciate your participation, and hope that this has been a worthwhile experience for you.
8.9997 	EXP 	window1: mouseVisible = True
9.0810 	EXP 	Created feedbackform = <psychopy.visual.form.Form object at 0x000001EB887942E0>
9.0842 	EXP 	window1: mouseVisible = True
9.0875 	EXP 	Imported debriefform.csv as conditions, 7 conditions, 13 params
9.0881 	EXP 	Question text: Post-debriefing Consent Form
9.0922 	EXP 	Question text: Project Title: It's All Fun and Pranks
9.0950 	EXP 	Question text: Faculty Investigator: Dr. Chris Burris, Psychology (St. Jerome's). 519-884-8111x28213 (cburris@uwaterloo.ca)
9.0985 	EXP 	Question text: Student Investigator: Maya Karmakar-Johnson, Psychology (mkarmaka@uwaterloo.ca)
9.1017 	EXP 	Question text: In the online debriefing, I was given an explanation as to why it was necessary for the researchers to withhold some information regarding some elements of this study. I was informed that having full information about the actual purpose of the study might have influenced the way in which I responded to the tasks and this would have invalidated the results. I have now received a complete written explanation as to the actual purpose and procedures of the study. In addition, I have had an opportunity to ask any questions about this and to receive acceptable answers to my questions. I am aware that my decision to give or withhold permission to use my data will not affect my receipt of the applicable research credit.
9.1196 	EXP 	Question text: I am aware that I may contact the Office of Research Ethics, at 1-519-888-4567 ext. 36005 or reb@uwaterloo.ca if I have any concerns or comments resulting from my involvement in this study.
9.1262 	EXP 	Question text: I give my permission for the researchers to use my data and/or the information I provided through the online survey for this study.
9.1320 	EXP 	window1: mouseVisible = True
9.1489 	EXP 	window1: mouseVisible = True
9.1728 	EXP 	Created debriefform = <psychopy.visual.form.Form object at 0x000001EB88794A00>
9.2261 	EXP 	unnamed Form: autoLog = True
9.2261 	EXP 	infoletter: name = 'infoletter'
9.2261 	EXP 	infoletter: depth = 0
9.2261 	EXP 	unnamed Form: autoLog = True
9.2261 	EXP 	consentform: name = 'consentform'
9.2261 	EXP 	consentform: depth = 0
9.2261 	EXP 	unnamed Form: autoLog = True
9.2261 	EXP 	instructionsform: name = 'instructionsform'
9.2261 	EXP 	instructionsform: depth = 0
9.2261 	EXP 	slider: autoLog = True
9.2261 	EXP 	slider: markerPos = None
9.2261 	EXP 	slider: styleTweaks = []
9.2261 	EXP 	slider: styleTweaks = []
9.2261 	EXP 	slider: styleTweaks = []
9.2261 	EXP 	slider: styleTweaks = []
9.2261 	EXP 	slider: contrast = 1.0
9.2261 	EXP 	slider: autoLog = True
9.2261 	EXP 	unnamed Form: autoLog = True
9.2261 	EXP 	respectform: name = 'respectform'
9.2261 	EXP 	respectform: depth = 0
9.2261 	EXP 	unnamed Form: autoLog = True
9.2261 	EXP 	angerform: name = 'angerform'
9.2261 	EXP 	angerform: depth = 0
9.2261 	EXP 	unnamed Form: autoLog = True
9.2261 	EXP 	demoForm: name = 'demoForm'
9.2261 	EXP 	demoForm: depth = 0
9.2261 	EXP 	unnamed Form: autoLog = True
9.2261 	EXP 	feedbackform: name = 'feedbackform'
9.2261 	EXP 	feedbackform: depth = 0
9.2261 	EXP 	unnamed Form: autoLog = True
9.2261 	EXP 	debriefform: name = 'debriefform'
9.2261 	EXP 	debriefform: depth = 0
9.2261 	EXP 	infoletter: autoDraw = True
10.5923 	DATA 	Mouse: Left button down, pos=(1773,61)
10.6287 	DATA 	Mouse:  Left button up, pos=(1773,61)
10.6310 	EXP 	infoletter: autoDraw = False
10.6310 	EXP 	consentform: autoDraw = True
11.5437 	DATA 	Mouse: wheel shift=(0,-3), pos=(1368,281)
11.5807 	DATA 	Mouse: wheel shift=(0,-5), pos=(1368,281)
11.5874 	DATA 	Mouse: wheel shift=(0,-1), pos=(1368,281)
11.6199 	DATA 	Mouse: wheel shift=(0,-1), pos=(1368,281)
11.8168 	DATA 	Mouse: wheel shift=(0,-1), pos=(1367,281)
11.8247 	DATA 	Mouse: wheel shift=(0,-2), pos=(1367,281)
11.8571 	DATA 	Mouse: wheel shift=(0,-6), pos=(1367,281)
11.8643 	DATA 	Mouse: wheel shift=(0,-1), pos=(1367,281)
11.8955 	DATA 	Mouse: wheel shift=(0,-1), pos=(1367,281)
12.0581 	DATA 	Mouse: wheel shift=(0,-1), pos=(1364,279)
12.0930 	DATA 	Mouse: wheel shift=(0,-7), pos=(1363,279)
12.0971 	DATA 	Mouse: wheel shift=(0,-1), pos=(1358,276)
12.1037 	DATA 	Mouse: wheel shift=(0,-1), pos=(1357,276)
12.1321 	DATA 	Mouse: wheel shift=(0,-2), pos=(1355,276)
12.3310 	DATA 	Mouse: wheel shift=(0,-1), pos=(1196,289)
12.3349 	DATA 	Mouse: wheel shift=(0,-1), pos=(1147,291)
12.3430 	DATA 	Mouse: wheel shift=(0,-1), pos=(1147,291)
12.3713 	DATA 	Mouse: wheel shift=(0,-3), pos=(1134,290)
12.9805 	DATA 	Mouse: Left button down, pos=(596,243)
13.0885 	DATA 	Mouse:  Left button up, pos=(596,243)
13.8504 	DATA 	Mouse: Left button down, pos=(1767,63)
13.8766 	EXP 	consentform: autoDraw = False
13.8766 	EXP 	instructionsform: autoDraw = True
13.9323 	DATA 	Mouse:  Left button up, pos=(1767,63)
14.3557 	DATA 	Mouse: wheel shift=(0,-1), pos=(1176,323)
14.3858 	DATA 	Mouse: wheel shift=(0,-1), pos=(1176,323)
14.4007 	DATA 	Mouse: wheel shift=(0,-1), pos=(1176,323)
14.4154 	DATA 	Mouse: wheel shift=(0,-1), pos=(1176,323)
14.4301 	DATA 	Mouse: wheel shift=(0,-2), pos=(1176,323)
14.4448 	DATA 	Mouse: wheel shift=(0,-1), pos=(1176,323)
14.4597 	DATA 	Mouse: wheel shift=(0,-1), pos=(1176,323)
15.5936 	DATA 	Mouse: Left button down, pos=(1800,54)
15.5987 	EXP 	Created sequence: sequential, trialTypes=1, nReps=5, seed=None
15.5989 	EXP 	New trial (rep=0, index=0): None
15.6097 	EXP 	instructionsform: autoDraw = False
15.6097 	EXP 	text: height = 0.1
15.6097 	EXP 	text: height = 0.1
15.6097 	EXP 	text: height = 0.1
15.6097 	EXP 	text: text = 'Prank 1'
15.6097 	EXP 	text: autoDraw = True
15.6478 	DATA 	Mouse:  Left button up, pos=(1800,54)
17.6038 	EXP 	Created sequence: sequential, trialTypes=1, nReps=6, seed=None
17.6040 	EXP 	New trial (rep=0, index=0): None
17.6137 	EXP 	text: autoDraw = False
17.6137 	EXP 	PrimerText: height = 0.05
17.6137 	EXP 	PrimerText: height = 0.05
17.6137 	EXP 	PrimerText: height = 0.05
17.6137 	EXP 	PrimerText: text = 'People are walking'
17.6137 	EXP 	PrimerText: autoDraw = True
17.6603 	EXP 	PrimerText: autoDraw = False
17.6603 	EXP 	PrimerText: autoDraw = False
17.6603 	EXP 	slider: markerPos = None
17.6603 	EXP 	slider: markerPos = None
17.6603 	EXP 	prankText: autoDraw = True
17.6603 	EXP 	promptText: autoDraw = True
17.6603 	EXP 	hiddenobserver: autoDraw = True
17.6603 	EXP 	slider: autoDraw = True
18.9743 	DATA 	Mouse: Left button down, pos=(1508,209)
18.9917 	EXP 	slider: markerPos = 8.051851987838745
19.0048 	EXP 	slider: markerPos = 8.051851987838745
19.0181 	EXP 	slider: markerPos = 8.051851987838745
19.0314 	EXP 	slider: markerPos = 8.051851987838745
19.0414 	DATA 	Mouse:  Left button up, pos=(1508,209)
19.0446 	EXP 	slider: markerPos = 8.051851987838745
19.0580 	EXP 	slider: markerPos = 8.0
19.0604 	EXP 	New trial (rep=1, index=0): None
19.0648 	EXP 	prankText: autoDraw = False
19.0648 	EXP 	promptText: autoDraw = False
19.0648 	EXP 	hiddenobserver: autoDraw = False
19.0648 	EXP 	slider: autoDraw = False
19.0648 	EXP 	PrimerText: text = 'People are walking'
19.0648 	EXP 	PrimerText: autoDraw = True
19.0916 	EXP 	PrimerText: autoDraw = False
19.0916 	EXP 	PrimerText: autoDraw = False
19.0916 	EXP 	slider: markerPos = None
19.0916 	EXP 	slider: markerPos = None
19.0916 	EXP 	prankText: autoDraw = True
19.0916 	EXP 	promptText: autoDraw = True
19.0916 	EXP 	hiddenobserver: autoDraw = True
19.0916 	EXP 	slider: autoDraw = True
19.2667 	DATA 	Mouse: Left button down, pos=(1496,212)
19.2841 	EXP 	slider: markerPos = 7.974074006080627
19.2975 	EXP 	slider: markerPos = 7.974074006080627
19.3110 	EXP 	slider: markerPos = 7.974074006080627
19.3243 	EXP 	slider: markerPos = 7.974074006080627
19.3344 	DATA 	Mouse:  Left button up, pos=(1496,212)
19.3375 	EXP 	slider: markerPos = 7.974074006080627
19.3505 	EXP 	slider: markerPos = 8.0
19.3528 	EXP 	New trial (rep=2, index=0): None
19.3575 	EXP 	prankText: autoDraw = False
19.3575 	EXP 	promptText: autoDraw = False
19.3575 	EXP 	hiddenobserver: autoDraw = False
19.3575 	EXP 	slider: autoDraw = False
19.3575 	EXP 	PrimerText: text = 'People are walking'
19.3575 	EXP 	PrimerText: autoDraw = True
19.3771 	EXP 	PrimerText: autoDraw = False
19.3771 	EXP 	PrimerText: autoDraw = False
19.3771 	EXP 	slider: markerPos = None
19.3771 	EXP 	slider: markerPos = None
19.3771 	EXP 	prankText: autoDraw = True
19.3771 	EXP 	promptText: autoDraw = True
19.3771 	EXP 	hiddenobserver: autoDraw = True
19.3771 	EXP 	slider: autoDraw = True
19.5698 	DATA 	Mouse: Left button down, pos=(1496,212)
19.5864 	EXP 	slider: markerPos = 7.974074006080627
19.5997 	EXP 	slider: markerPos = 7.974074006080627
19.6130 	EXP 	slider: markerPos = 7.974074006080627
19.6263 	EXP 	slider: markerPos = 7.974074006080627
19.6364 	DATA 	Mouse:  Left button up, pos=(1496,212)
19.6395 	EXP 	slider: markerPos = 7.974074006080627
19.6524 	EXP 	slider: markerPos = 8.0
19.6547 	EXP 	New trial (rep=3, index=0): None
19.6593 	EXP 	prankText: autoDraw = False
19.6593 	EXP 	promptText: autoDraw = False
19.6593 	EXP 	hiddenobserver: autoDraw = False
19.6593 	EXP 	slider: autoDraw = False
19.6593 	EXP 	PrimerText: text = 'People are walking'
19.6593 	EXP 	PrimerText: autoDraw = True
19.6792 	EXP 	PrimerText: autoDraw = False
19.6792 	EXP 	PrimerText: autoDraw = False
19.6792 	EXP 	slider: markerPos = None
19.6792 	EXP 	slider: markerPos = None
19.6792 	EXP 	prankText: autoDraw = True
19.6792 	EXP 	promptText: autoDraw = True
19.6792 	EXP 	hiddenobserver: autoDraw = True
19.6792 	EXP 	slider: autoDraw = True
19.8627 	DATA 	Mouse: Left button down, pos=(1496,212)
19.8801 	EXP 	slider: markerPos = 7.974074006080627
19.8933 	EXP 	slider: markerPos = 7.974074006080627
19.9067 	EXP 	slider: markerPos = 7.974074006080627
19.9169 	DATA 	Mouse:  Left button up, pos=(1496,212)
19.9200 	EXP 	slider: markerPos = 7.974074006080627
19.9331 	EXP 	slider: markerPos = 8.0
19.9354 	EXP 	New trial (rep=4, index=0): None
19.9400 	EXP 	prankText: autoDraw = False
19.9400 	EXP 	promptText: autoDraw = False
19.9400 	EXP 	hiddenobserver: autoDraw = False
19.9400 	EXP 	slider: autoDraw = False
19.9400 	EXP 	PrimerText: text = 'People are walking'
19.9400 	EXP 	PrimerText: autoDraw = True
19.9665 	EXP 	PrimerText: autoDraw = False
19.9665 	EXP 	PrimerText: autoDraw = False
19.9665 	EXP 	slider: markerPos = None
19.9665 	EXP 	slider: markerPos = None
19.9665 	EXP 	prankText: autoDraw = True
19.9665 	EXP 	promptText: autoDraw = True
19.9665 	EXP 	hiddenobserver: autoDraw = True
19.9665 	EXP 	slider: autoDraw = True
20.1422 	DATA 	Mouse: Left button down, pos=(1496,212)
20.1594 	EXP 	slider: markerPos = 7.974074006080627
20.1730 	EXP 	slider: markerPos = 7.974074006080627
20.1869 	EXP 	slider: markerPos = 7.974074006080627
20.2006 	EXP 	slider: markerPos = 7.974074006080627
20.2109 	DATA 	Mouse:  Left button up, pos=(1496,212)
20.2141 	EXP 	slider: markerPos = 7.974074006080627
20.2274 	EXP 	slider: markerPos = 8.0
20.2299 	EXP 	New trial (rep=5, index=0): None
20.2340 	EXP 	prankText: autoDraw = False
20.2340 	EXP 	promptText: autoDraw = False
20.2340 	EXP 	hiddenobserver: autoDraw = False
20.2340 	EXP 	slider: autoDraw = False
20.2340 	EXP 	PrimerText: text = 'People are walking'
20.2340 	EXP 	PrimerText: autoDraw = True
20.2539 	EXP 	PrimerText: autoDraw = False
20.2539 	EXP 	PrimerText: autoDraw = False
20.2539 	EXP 	slider: markerPos = None
20.2539 	EXP 	slider: markerPos = None
20.2539 	EXP 	prankText: autoDraw = True
20.2539 	EXP 	promptText: autoDraw = True
20.2539 	EXP 	hiddenobserver: autoDraw = True
20.2539 	EXP 	slider: autoDraw = True
20.4473 	DATA 	Mouse: Left button down, pos=(1496,212)
20.4594 	EXP 	slider: markerPos = 7.974074006080627
20.4722 	EXP 	slider: markerPos = 7.974074006080627
20.4854 	EXP 	slider: markerPos = 7.974074006080627
20.4985 	EXP 	slider: markerPos = 7.974074006080627
20.5117 	EXP 	slider: markerPos = 7.974074006080627
20.5131 	DATA 	Mouse:  Left button up, pos=(1496,212)
20.5247 	EXP 	slider: markerPos = 8.0
20.5271 	EXP 	New trial (rep=1, index=0): None
20.5334 	EXP 	prankText: autoDraw = False
20.5334 	EXP 	promptText: autoDraw = False
20.5334 	EXP 	hiddenobserver: autoDraw = False
20.5334 	EXP 	slider: autoDraw = False
20.5334 	EXP 	text: height = 0.1
20.5334 	EXP 	text: height = 0.1
20.5334 	EXP 	text: height = 0.1
20.5334 	EXP 	text: text = 'Prank 2'
20.5334 	EXP 	text: autoDraw = True
20.7475 	DATA 	Mouse: Left button down, pos=(1496,212)
20.7896 	DATA 	Mouse:  Left button up, pos=(1496,212)
22.5266 	EXP 	Created sequence: sequential, trialTypes=1, nReps=6, seed=None
22.5268 	EXP 	New trial (rep=0, index=0): None
22.5333 	EXP 	text: autoDraw = False
22.5333 	EXP 	text: autoDraw = False
22.5333 	EXP 	PrimerText: text = 'People are walking'
22.5333 	EXP 	PrimerText: autoDraw = True
22.5603 	EXP 	PrimerText: autoDraw = False
22.5603 	EXP 	PrimerText: autoDraw = False
22.5603 	EXP 	slider: markerPos = None
22.5603 	EXP 	slider: markerPos = None
22.5603 	EXP 	prankText: autoDraw = True
22.5603 	EXP 	promptText: autoDraw = True
22.5603 	EXP 	hiddenobserver: autoDraw = True
22.5603 	EXP 	slider: autoDraw = True
22.7860 	DATA 	Mouse: Left button down, pos=(1489,210)
22.7981 	EXP 	slider: markerPos = 7.928703725337982
22.8109 	EXP 	slider: markerPos = 7.928703725337982
22.8241 	EXP 	slider: markerPos = 7.928703725337982
22.8373 	EXP 	slider: markerPos = 7.928703725337982
22.8505 	EXP 	slider: markerPos = 7.928703725337982
22.8636 	EXP 	slider: markerPos = 7.928703725337982
22.8650 	DATA 	Mouse:  Left button up, pos=(1489,210)
22.8767 	EXP 	slider: markerPos = 8.0
22.8791 	EXP 	New trial (rep=1, index=0): None
22.8839 	EXP 	prankText: autoDraw = False
22.8839 	EXP 	promptText: autoDraw = False
22.8839 	EXP 	hiddenobserver: autoDraw = False
22.8839 	EXP 	slider: autoDraw = False
22.8839 	EXP 	PrimerText: text = 'People are walking'
22.8839 	EXP 	PrimerText: autoDraw = True
22.9026 	EXP 	PrimerText: autoDraw = False
22.9026 	EXP 	PrimerText: autoDraw = False
22.9026 	EXP 	slider: markerPos = None
22.9026 	EXP 	slider: markerPos = None
22.9026 	EXP 	prankText: autoDraw = True
22.9026 	EXP 	promptText: autoDraw = True
22.9026 	EXP 	hiddenobserver: autoDraw = True
22.9026 	EXP 	slider: autoDraw = True
23.0618 	DATA 	Mouse: Left button down, pos=(1487,211)
23.0809 	EXP 	slider: markerPos = 7.915740728378296
23.0942 	EXP 	slider: markerPos = 7.915740728378296
23.1078 	EXP 	slider: markerPos = 7.915740728378296
23.1206 	EXP 	slider: markerPos = 7.915740728378296
23.1220 	DATA 	Mouse:  Left button up, pos=(1487,211)
23.1337 	EXP 	slider: markerPos = 8.0
23.1360 	EXP 	New trial (rep=2, index=0): None
23.1407 	EXP 	prankText: autoDraw = False
23.1407 	EXP 	promptText: autoDraw = False
23.1407 	EXP 	hiddenobserver: autoDraw = False
23.1407 	EXP 	slider: autoDraw = False
23.1407 	EXP 	PrimerText: text = 'People are walking'
23.1407 	EXP 	PrimerText: autoDraw = True
23.1593 	EXP 	PrimerText: autoDraw = False
23.1593 	EXP 	PrimerText: autoDraw = False
23.1593 	EXP 	slider: markerPos = None
23.1593 	EXP 	slider: markerPos = None
23.1593 	EXP 	prankText: autoDraw = True
23.1593 	EXP 	promptText: autoDraw = True
23.1593 	EXP 	hiddenobserver: autoDraw = True
23.1593 	EXP 	slider: autoDraw = True
23.3141 	DATA 	Mouse: Left button down, pos=(1486,211)
23.3300 	EXP 	slider: markerPos = 7.909259229898453
23.3433 	EXP 	slider: markerPos = 7.909259229898453
23.3565 	EXP 	slider: markerPos = 7.909259229898453
23.3667 	DATA 	Mouse:  Left button up, pos=(1486,211)
23.3696 	EXP 	slider: markerPos = 7.909259229898453
23.3827 	EXP 	slider: markerPos = 8.0
23.3851 	EXP 	New trial (rep=3, index=0): None
23.3895 	EXP 	prankText: autoDraw = False
23.3895 	EXP 	promptText: autoDraw = False
23.3895 	EXP 	hiddenobserver: autoDraw = False
23.3895 	EXP 	slider: autoDraw = False
23.3895 	EXP 	PrimerText: text = 'People are walking'
23.3895 	EXP 	PrimerText: autoDraw = True
23.4080 	EXP 	PrimerText: autoDraw = False
23.4080 	EXP 	PrimerText: autoDraw = False
23.4080 	EXP 	slider: markerPos = None
23.4080 	EXP 	slider: markerPos = None
23.4080 	EXP 	prankText: autoDraw = True
23.4080 	EXP 	promptText: autoDraw = True
23.4080 	EXP 	hiddenobserver: autoDraw = True
23.4080 	EXP 	slider: autoDraw = True
23.5479 	DATA 	Mouse: Left button down, pos=(1486,211)
23.5600 	EXP 	slider: markerPos = 7.909259229898453
23.5731 	EXP 	slider: markerPos = 7.909259229898453
23.5862 	EXP 	slider: markerPos = 7.909259229898453
23.5995 	EXP 	slider: markerPos = 7.909259229898453
23.6099 	DATA 	Mouse:  Left button up, pos=(1486,211)
23.6129 	EXP 	slider: markerPos = 7.909259229898453
23.6260 	EXP 	slider: markerPos = 8.0
23.6282 	EXP 	New trial (rep=4, index=0): None
23.6329 	EXP 	prankText: autoDraw = False
23.6329 	EXP 	promptText: autoDraw = False
23.6329 	EXP 	hiddenobserver: autoDraw = False
23.6329 	EXP 	slider: autoDraw = False
23.6329 	EXP 	PrimerText: text = 'People are walking'
23.6329 	EXP 	PrimerText: autoDraw = True
23.6519 	EXP 	PrimerText: autoDraw = False
23.6519 	EXP 	PrimerText: autoDraw = False
23.6519 	EXP 	slider: markerPos = None
23.6519 	EXP 	slider: markerPos = None
23.6519 	EXP 	prankText: autoDraw = True
23.6519 	EXP 	promptText: autoDraw = True
23.6519 	EXP 	hiddenobserver: autoDraw = True
23.6519 	EXP 	slider: autoDraw = True
23.8204 	DATA 	Mouse: Left button down, pos=(1486,211)
23.8366 	EXP 	slider: markerPos = 7.909259229898453
23.8498 	EXP 	slider: markerPos = 7.909259229898453
23.8629 	EXP 	slider: markerPos = 7.909259229898453
23.8730 	DATA 	Mouse:  Left button up, pos=(1486,211)
23.8760 	EXP 	slider: markerPos = 7.909259229898453
23.8889 	EXP 	slider: markerPos = 8.0
23.8911 	EXP 	New trial (rep=5, index=0): None
23.8959 	EXP 	prankText: autoDraw = False
23.8959 	EXP 	promptText: autoDraw = False
23.8959 	EXP 	hiddenobserver: autoDraw = False
23.8959 	EXP 	slider: autoDraw = False
23.8959 	EXP 	PrimerText: text = 'People are walking'
23.8959 	EXP 	PrimerText: autoDraw = True
23.9144 	EXP 	PrimerText: autoDraw = False
23.9144 	EXP 	PrimerText: autoDraw = False
23.9144 	EXP 	slider: markerPos = None
23.9144 	EXP 	slider: markerPos = None
23.9144 	EXP 	prankText: autoDraw = True
23.9144 	EXP 	promptText: autoDraw = True
23.9144 	EXP 	hiddenobserver: autoDraw = True
23.9144 	EXP 	slider: autoDraw = True
24.0622 	DATA 	Mouse: Left button down, pos=(1485,211)
24.0795 	EXP 	slider: markerPos = 7.90277773141861
24.0925 	EXP 	slider: markerPos = 7.90277773141861
24.1056 	EXP 	slider: markerPos = 7.90277773141861
24.1193 	EXP 	slider: markerPos = 7.90277773141861
24.1209 	DATA 	Mouse:  Left button up, pos=(1485,211)
24.1326 	EXP 	slider: markerPos = 8.0
24.1351 	EXP 	New trial (rep=2, index=0): None
24.1411 	EXP 	prankText: autoDraw = False
24.1411 	EXP 	promptText: autoDraw = False
24.1411 	EXP 	hiddenobserver: autoDraw = False
24.1411 	EXP 	slider: autoDraw = False
24.1411 	EXP 	text: height = 0.1
24.1411 	EXP 	text: height = 0.1
24.1411 	EXP 	text: height = 0.1
24.1411 	EXP 	text: text = 'Prank 3'
24.1411 	EXP 	text: autoDraw = True
24.3451 	DATA 	Mouse: Left button down, pos=(1485,211)
24.4080 	DATA 	Mouse:  Left button up, pos=(1485,211)
26.1380 	EXP 	Created sequence: sequential, trialTypes=1, nReps=6, seed=None
26.1382 	EXP 	New trial (rep=0, index=0): None
26.1448 	EXP 	text: autoDraw = False
26.1448 	EXP 	PrimerText: text = 'People are walking'
26.1448 	EXP 	PrimerText: autoDraw = True
26.1734 	EXP 	PrimerText: autoDraw = False
26.1734 	EXP 	PrimerText: autoDraw = False
26.1734 	EXP 	slider: markerPos = None
26.1734 	EXP 	slider: markerPos = None
26.1734 	EXP 	prankText: autoDraw = True
26.1734 	EXP 	promptText: autoDraw = True
26.1734 	EXP 	hiddenobserver: autoDraw = True
26.1734 	EXP 	slider: autoDraw = True
26.3791 	DATA 	Mouse: Left button down, pos=(1464,211)
26.3913 	EXP 	slider: markerPos = 7.766666680574417
26.4043 	EXP 	slider: markerPos = 7.766666680574417
26.4175 	EXP 	slider: markerPos = 7.766666680574417
26.4307 	EXP 	slider: markerPos = 7.766666680574417
26.4439 	EXP 	slider: markerPos = 7.766666680574417
26.4573 	EXP 	slider: markerPos = 7.766666680574417
26.4588 	DATA 	Mouse:  Left button up, pos=(1464,211)
26.4705 	EXP 	slider: markerPos = 8.0
26.4729 	EXP 	New trial (rep=1, index=0): None
26.4775 	EXP 	prankText: autoDraw = False
26.4775 	EXP 	promptText: autoDraw = False
26.4775 	EXP 	hiddenobserver: autoDraw = False
26.4775 	EXP 	slider: autoDraw = False
26.4775 	EXP 	PrimerText: text = 'People are walking'
26.4775 	EXP 	PrimerText: autoDraw = True
26.4956 	EXP 	PrimerText: autoDraw = False
26.4956 	EXP 	PrimerText: autoDraw = False
26.4956 	EXP 	slider: markerPos = None
26.4956 	EXP 	slider: markerPos = None
26.4956 	EXP 	prankText: autoDraw = True
26.4956 	EXP 	promptText: autoDraw = True
26.4956 	EXP 	hiddenobserver: autoDraw = True
26.4956 	EXP 	slider: autoDraw = True
26.6266 	DATA 	Mouse: Left button down, pos=(1464,211)
26.6386 	EXP 	slider: markerPos = 7.766666680574417
26.6517 	EXP 	slider: markerPos = 7.766666680574417
26.6649 	EXP 	slider: markerPos = 7.766666680574417
26.6780 	EXP 	slider: markerPos = 7.766666680574417
26.6883 	DATA 	Mouse:  Left button up, pos=(1464,211)
26.6912 	EXP 	slider: markerPos = 7.766666680574417
26.7040 	EXP 	slider: markerPos = 8.0
26.7063 	EXP 	New trial (rep=2, index=0): None
26.7114 	EXP 	prankText: autoDraw = False
26.7114 	EXP 	promptText: autoDraw = False
26.7114 	EXP 	hiddenobserver: autoDraw = False
26.7114 	EXP 	slider: autoDraw = False
26.7114 	EXP 	PrimerText: text = 'People are walking'
26.7114 	EXP 	PrimerText: autoDraw = True
26.7296 	EXP 	PrimerText: autoDraw = False
26.7296 	EXP 	PrimerText: autoDraw = False
26.7296 	EXP 	slider: markerPos = None
26.7296 	EXP 	slider: markerPos = None
26.7296 	EXP 	prankText: autoDraw = True
26.7296 	EXP 	promptText: autoDraw = True
26.7296 	EXP 	hiddenobserver: autoDraw = True
26.7296 	EXP 	slider: autoDraw = True
26.8599 	DATA 	Mouse: Left button down, pos=(1464,211)
26.8718 	EXP 	slider: markerPos = 7.766666680574417
26.8849 	EXP 	slider: markerPos = 7.766666680574417
26.8980 	EXP 	slider: markerPos = 7.766666680574417
26.9111 	EXP 	slider: markerPos = 7.766666680574417
26.9213 	DATA 	Mouse:  Left button up, pos=(1464,211)
26.9243 	EXP 	slider: markerPos = 7.766666680574417
26.9376 	EXP 	slider: markerPos = 8.0
26.9399 	EXP 	New trial (rep=3, index=0): None
26.9446 	EXP 	prankText: autoDraw = False
26.9446 	EXP 	promptText: autoDraw = False
26.9446 	EXP 	hiddenobserver: autoDraw = False
26.9446 	EXP 	slider: autoDraw = False
26.9446 	EXP 	PrimerText: text = 'People are walking'
26.9446 	EXP 	PrimerText: autoDraw = True
26.9625 	EXP 	PrimerText: autoDraw = False
26.9625 	EXP 	PrimerText: autoDraw = False
26.9625 	EXP 	slider: markerPos = None
26.9625 	EXP 	slider: markerPos = None
26.9625 	EXP 	prankText: autoDraw = True
26.9625 	EXP 	promptText: autoDraw = True
26.9625 	EXP 	hiddenobserver: autoDraw = True
26.9625 	EXP 	slider: autoDraw = True
27.0994 	DATA 	Mouse: Left button down, pos=(1464,211)
27.1157 	EXP 	slider: markerPos = 7.766666680574417
27.1286 	EXP 	slider: markerPos = 7.766666680574417
27.1419 	EXP 	slider: markerPos = 7.766666680574417
27.1550 	EXP 	slider: markerPos = 7.766666680574417
27.1564 	DATA 	Mouse:  Left button up, pos=(1464,211)
27.1679 	EXP 	slider: markerPos = 8.0
27.1702 	EXP 	New trial (rep=4, index=0): None
27.1750 	EXP 	prankText: autoDraw = False
27.1750 	EXP 	promptText: autoDraw = False
27.1750 	EXP 	hiddenobserver: autoDraw = False
27.1750 	EXP 	slider: autoDraw = False
27.1750 	EXP 	PrimerText: text = 'People are walking'
27.1750 	EXP 	PrimerText: autoDraw = True
27.1938 	EXP 	PrimerText: autoDraw = False
27.1938 	EXP 	PrimerText: autoDraw = False
27.1938 	EXP 	slider: markerPos = None
27.1938 	EXP 	slider: markerPos = None
27.1938 	EXP 	prankText: autoDraw = True
27.1938 	EXP 	promptText: autoDraw = True
27.1938 	EXP 	hiddenobserver: autoDraw = True
27.1938 	EXP 	slider: autoDraw = True
27.3415 	DATA 	Mouse: Left button down, pos=(1464,211)
27.3579 	EXP 	slider: markerPos = 7.766666680574417
27.3712 	EXP 	slider: markerPos = 7.766666680574417
27.3848 	EXP 	slider: markerPos = 7.766666680574417
27.3980 	EXP 	slider: markerPos = 7.766666680574417
27.3994 	DATA 	Mouse:  Left button up, pos=(1464,211)
27.4110 	EXP 	slider: markerPos = 8.0
27.4133 	EXP 	New trial (rep=5, index=0): None
27.4181 	EXP 	prankText: autoDraw = False
27.4181 	EXP 	promptText: autoDraw = False
27.4181 	EXP 	hiddenobserver: autoDraw = False
27.4181 	EXP 	slider: autoDraw = False
27.4181 	EXP 	PrimerText: text = 'People are walking'
27.4181 	EXP 	PrimerText: autoDraw = True
27.4362 	EXP 	PrimerText: autoDraw = False
27.4362 	EXP 	PrimerText: autoDraw = False
27.4362 	EXP 	slider: markerPos = None
27.4362 	EXP 	slider: markerPos = None
27.4362 	EXP 	prankText: autoDraw = True
27.4362 	EXP 	promptText: autoDraw = True
27.4362 	EXP 	hiddenobserver: autoDraw = True
27.4362 	EXP 	slider: autoDraw = True
27.5931 	DATA 	Mouse: Left button down, pos=(1464,211)
27.6097 	EXP 	slider: markerPos = 7.766666680574417
27.6228 	EXP 	slider: markerPos = 7.766666680574417
27.6363 	EXP 	slider: markerPos = 7.766666680574417
27.6494 	EXP 	slider: markerPos = 7.766666680574417
27.6595 	DATA 	Mouse:  Left button up, pos=(1464,211)
27.6624 	EXP 	slider: markerPos = 7.766666680574417
27.6754 	EXP 	slider: markerPos = 8.0
27.6778 	EXP 	New trial (rep=3, index=0): None
27.6842 	EXP 	prankText: autoDraw = False
27.6842 	EXP 	promptText: autoDraw = False
27.6842 	EXP 	hiddenobserver: autoDraw = False
27.6842 	EXP 	slider: autoDraw = False
27.6842 	EXP 	text: height = 0.1
27.6842 	EXP 	text: height = 0.1
27.6842 	EXP 	text: height = 0.1
27.6842 	EXP 	text: text = 'Prank 4'
27.6842 	EXP 	text: autoDraw = True
27.8397 	DATA 	Mouse: Left button down, pos=(1464,211)
27.9165 	DATA 	Mouse:  Left button up, pos=(1464,211)
29.6815 	EXP 	Created sequence: sequential, trialTypes=1, nReps=6, seed=None
29.6816 	EXP 	New trial (rep=0, index=0): None
29.6882 	EXP 	text: autoDraw = False
29.6882 	EXP 	PrimerText: text = 'People are walking'
29.6882 	EXP 	PrimerText: autoDraw = True
29.7151 	EXP 	PrimerText: autoDraw = False
29.7151 	EXP 	PrimerText: autoDraw = False
29.7151 	EXP 	slider: markerPos = None
29.7151 	EXP 	slider: markerPos = None
29.7151 	EXP 	prankText: autoDraw = True
29.7151 	EXP 	promptText: autoDraw = True
29.7151 	EXP 	hiddenobserver: autoDraw = True
29.7151 	EXP 	slider: autoDraw = True
29.8763 	DATA 	Mouse: Left button down, pos=(1464,212)
29.8882 	EXP 	slider: markerPos = 7.766666680574417
29.9010 	EXP 	slider: markerPos = 7.766666680574417
29.9141 	EXP 	slider: markerPos = 7.766666680574417
29.9273 	EXP 	slider: markerPos = 7.766666680574417
29.9405 	EXP 	slider: markerPos = 7.766666680574417
29.9419 	DATA 	Mouse:  Left button up, pos=(1464,212)
29.9535 	EXP 	slider: markerPos = 8.0
29.9559 	EXP 	New trial (rep=1, index=0): None
29.9605 	EXP 	prankText: autoDraw = False
29.9605 	EXP 	promptText: autoDraw = False
29.9605 	EXP 	hiddenobserver: autoDraw = False
29.9605 	EXP 	slider: autoDraw = False
29.9605 	EXP 	PrimerText: text = 'People are walking'
29.9605 	EXP 	PrimerText: autoDraw = True
29.9790 	EXP 	PrimerText: autoDraw = False
29.9790 	EXP 	PrimerText: autoDraw = False
29.9790 	EXP 	slider: markerPos = None
29.9790 	EXP 	slider: markerPos = None
29.9790 	EXP 	prankText: autoDraw = True
29.9790 	EXP 	promptText: autoDraw = True
29.9790 	EXP 	hiddenobserver: autoDraw = True
29.9790 	EXP 	slider: autoDraw = True
30.0869 	DATA 	Mouse: Left button down, pos=(1464,212)
30.0989 	EXP 	slider: markerPos = 7.766666680574417
30.1117 	EXP 	slider: markerPos = 7.766666680574417
30.1249 	EXP 	slider: markerPos = 7.766666680574417
30.1380 	EXP 	slider: markerPos = 7.766666680574417
30.1511 	EXP 	slider: markerPos = 7.766666680574417
30.1525 	DATA 	Mouse:  Left button up, pos=(1464,212)
30.1641 	EXP 	slider: markerPos = 8.0
30.1664 	EXP 	New trial (rep=2, index=0): None
30.1711 	EXP 	prankText: autoDraw = False
30.1711 	EXP 	promptText: autoDraw = False
30.1711 	EXP 	hiddenobserver: autoDraw = False
30.1711 	EXP 	slider: autoDraw = False
30.1711 	EXP 	PrimerText: text = 'People are walking'
30.1711 	EXP 	PrimerText: autoDraw = True
30.1893 	EXP 	PrimerText: autoDraw = False
30.1893 	EXP 	PrimerText: autoDraw = False
30.1893 	EXP 	slider: markerPos = None
30.1893 	EXP 	slider: markerPos = None
30.1893 	EXP 	prankText: autoDraw = True
30.1893 	EXP 	promptText: autoDraw = True
30.1893 	EXP 	hiddenobserver: autoDraw = True
30.1893 	EXP 	slider: autoDraw = True
30.2830 	DATA 	Mouse: Left button down, pos=(1464,212)
30.2992 	EXP 	slider: markerPos = 7.766666680574417
30.3123 	EXP 	slider: markerPos = 7.766666680574417
30.3256 	EXP 	slider: markerPos = 7.766666680574417
30.3388 	EXP 	slider: markerPos = 7.766666680574417
30.3518 	EXP 	slider: markerPos = 7.766666680574417
30.3620 	DATA 	Mouse:  Left button up, pos=(1464,212)
30.3649 	EXP 	slider: markerPos = 7.766666680574417
30.3778 	EXP 	slider: markerPos = 8.0
30.3801 	EXP 	New trial (rep=3, index=0): None
30.3848 	EXP 	prankText: autoDraw = False
30.3848 	EXP 	promptText: autoDraw = False
30.3848 	EXP 	hiddenobserver: autoDraw = False
30.3848 	EXP 	slider: autoDraw = False
30.3848 	EXP 	PrimerText: text = 'People are walking'
30.3848 	EXP 	PrimerText: autoDraw = True
30.4029 	EXP 	PrimerText: autoDraw = False
30.4029 	EXP 	PrimerText: autoDraw = False
30.4029 	EXP 	slider: markerPos = None
30.4029 	EXP 	slider: markerPos = None
30.4029 	EXP 	prankText: autoDraw = True
30.4029 	EXP 	promptText: autoDraw = True
30.4029 	EXP 	hiddenobserver: autoDraw = True
30.4029 	EXP 	slider: autoDraw = True
30.5071 	DATA 	Mouse: Left button down, pos=(1464,212)
30.5233 	EXP 	slider: markerPos = 7.766666680574417
30.5362 	EXP 	slider: markerPos = 7.766666680574417
30.5493 	EXP 	slider: markerPos = 7.766666680574417
30.5624 	EXP 	slider: markerPos = 7.766666680574417
30.5756 	EXP 	slider: markerPos = 7.766666680574417
30.5886 	EXP 	slider: markerPos = 7.766666680574417
30.6017 	EXP 	slider: markerPos = 7.766666680574417
30.6119 	DATA 	Mouse:  Left button up, pos=(1464,212)
30.6148 	EXP 	slider: markerPos = 7.766666680574417
30.6277 	EXP 	slider: markerPos = 8.0
30.6299 	EXP 	New trial (rep=4, index=0): None
30.6347 	EXP 	prankText: autoDraw = False
30.6347 	EXP 	promptText: autoDraw = False
30.6347 	EXP 	hiddenobserver: autoDraw = False
30.6347 	EXP 	slider: autoDraw = False
30.6347 	EXP 	PrimerText: text = 'People are walking'
30.6347 	EXP 	PrimerText: autoDraw = True
30.6537 	EXP 	PrimerText: autoDraw = False
30.6537 	EXP 	PrimerText: autoDraw = False
30.6537 	EXP 	slider: markerPos = None
30.6537 	EXP 	slider: markerPos = None
30.6537 	EXP 	prankText: autoDraw = True
30.6537 	EXP 	promptText: autoDraw = True
30.6537 	EXP 	hiddenobserver: autoDraw = True
30.6537 	EXP 	slider: autoDraw = True
30.7313 	DATA 	Mouse: Left button down, pos=(1464,212)
30.7431 	EXP 	slider: markerPos = 7.766666680574417
30.7559 	EXP 	slider: markerPos = 7.766666680574417
30.7690 	EXP 	slider: markerPos = 7.766666680574417
30.7821 	EXP 	slider: markerPos = 7.766666680574417
30.7951 	EXP 	slider: markerPos = 7.766666680574417
30.8053 	DATA 	Mouse:  Left button up, pos=(1464,212)
30.8083 	EXP 	slider: markerPos = 7.766666680574417
30.8211 	EXP 	slider: markerPos = 8.0
30.8233 	EXP 	New trial (rep=5, index=0): None
30.8281 	EXP 	prankText: autoDraw = False
30.8281 	EXP 	promptText: autoDraw = False
30.8281 	EXP 	hiddenobserver: autoDraw = False
30.8281 	EXP 	slider: autoDraw = False
30.8281 	EXP 	PrimerText: text = 'People are walking'
30.8281 	EXP 	PrimerText: autoDraw = True
30.8459 	EXP 	PrimerText: autoDraw = False
30.8459 	EXP 	PrimerText: autoDraw = False
30.8459 	EXP 	slider: markerPos = None
30.8459 	EXP 	slider: markerPos = None
30.8459 	EXP 	prankText: autoDraw = True
30.8459 	EXP 	promptText: autoDraw = True
30.8459 	EXP 	hiddenobserver: autoDraw = True
30.8459 	EXP 	slider: autoDraw = True
31.1007 	DATA 	Mouse: Left button down, pos=(1464,212)
31.1170 	EXP 	slider: markerPos = 7.766666680574417
31.1302 	EXP 	slider: markerPos = 7.766666680574417
31.1434 	EXP 	slider: markerPos = 7.766666680574417
31.1563 	EXP 	slider: markerPos = 7.766666680574417
31.1694 	EXP 	slider: markerPos = 7.766666680574417
31.1825 	EXP 	slider: markerPos = 7.766666680574417
31.1926 	DATA 	Mouse:  Left button up, pos=(1464,212)
31.1955 	EXP 	slider: markerPos = 7.766666680574417
31.2084 	EXP 	slider: markerPos = 8.0
31.2108 	EXP 	New trial (rep=4, index=0): None
31.2167 	EXP 	prankText: autoDraw = False
31.2167 	EXP 	promptText: autoDraw = False
31.2167 	EXP 	hiddenobserver: autoDraw = False
31.2167 	EXP 	slider: autoDraw = False
31.2167 	EXP 	text: height = 0.1
31.2167 	EXP 	text: height = 0.1
31.2167 	EXP 	text: height = 0.1
31.2167 	EXP 	text: text = 'Prank 5'
31.2167 	EXP 	text: autoDraw = True
33.2135 	EXP 	Created sequence: sequential, trialTypes=1, nReps=6, seed=None
33.2136 	EXP 	New trial (rep=0, index=0): None
33.2202 	EXP 	text: autoDraw = False
33.2202 	EXP 	PrimerText: text = 'People are walking'
33.2202 	EXP 	PrimerText: autoDraw = True
33.2473 	EXP 	PrimerText: autoDraw = False
33.2473 	EXP 	PrimerText: autoDraw = False
33.2473 	EXP 	slider: markerPos = None
33.2473 	EXP 	slider: markerPos = None
33.2473 	EXP 	prankText: autoDraw = True
33.2473 	EXP 	promptText: autoDraw = True
33.2473 	EXP 	hiddenobserver: autoDraw = True
33.2473 	EXP 	slider: autoDraw = True
34.1493 	DATA 	Mouse: Left button down, pos=(1464,212)
34.1657 	EXP 	slider: markerPos = 7.766666680574417
34.1785 	EXP 	slider: markerPos = 7.766666680574417
34.1917 	EXP 	slider: markerPos = 7.766666680574417
34.2048 	EXP 	slider: markerPos = 7.766666680574417
34.2149 	DATA 	Mouse:  Left button up, pos=(1464,212)
34.2178 	EXP 	slider: markerPos = 7.766666680574417
34.2306 	EXP 	slider: markerPos = 8.0
34.2329 	EXP 	New trial (rep=1, index=0): None
34.2376 	EXP 	prankText: autoDraw = False
34.2376 	EXP 	promptText: autoDraw = False
34.2376 	EXP 	hiddenobserver: autoDraw = False
34.2376 	EXP 	slider: autoDraw = False
34.2376 	EXP 	PrimerText: text = 'People are walking'
34.2376 	EXP 	PrimerText: autoDraw = True
34.2560 	EXP 	PrimerText: autoDraw = False
34.2560 	EXP 	PrimerText: autoDraw = False
34.2560 	EXP 	slider: markerPos = None
34.2560 	EXP 	slider: markerPos = None
34.2560 	EXP 	prankText: autoDraw = True
34.2560 	EXP 	promptText: autoDraw = True
34.2560 	EXP 	hiddenobserver: autoDraw = True
34.2560 	EXP 	slider: autoDraw = True
34.4554 	DATA 	Mouse: Left button down, pos=(1464,212)
34.4718 	EXP 	slider: markerPos = 7.766666680574417
34.4851 	EXP 	slider: markerPos = 7.766666680574417
34.4982 	EXP 	slider: markerPos = 7.766666680574417
34.5084 	DATA 	Mouse:  Left button up, pos=(1464,212)
34.5112 	EXP 	slider: markerPos = 7.766666680574417
34.5243 	EXP 	slider: markerPos = 8.0
34.5266 	EXP 	New trial (rep=2, index=0): None
34.5312 	EXP 	prankText: autoDraw = False
34.5312 	EXP 	promptText: autoDraw = False
34.5312 	EXP 	hiddenobserver: autoDraw = False
34.5312 	EXP 	slider: autoDraw = False
34.5312 	EXP 	PrimerText: text = 'People are walking'
34.5312 	EXP 	PrimerText: autoDraw = True
34.5495 	EXP 	PrimerText: autoDraw = False
34.5495 	EXP 	PrimerText: autoDraw = False
34.5495 	EXP 	slider: markerPos = None
34.5495 	EXP 	slider: markerPos = None
34.5495 	EXP 	prankText: autoDraw = True
34.5495 	EXP 	promptText: autoDraw = True
34.5495 	EXP 	hiddenobserver: autoDraw = True
34.5495 	EXP 	slider: autoDraw = True
34.7003 	DATA 	Mouse: Left button down, pos=(1464,212)
34.7122 	EXP 	slider: markerPos = 7.766666680574417
34.7251 	EXP 	slider: markerPos = 7.766666680574417
34.7382 	EXP 	slider: markerPos = 7.766666680574417
34.7514 	EXP 	slider: markerPos = 7.766666680574417
34.7645 	EXP 	slider: markerPos = 7.766666680574417
34.7745 	DATA 	Mouse:  Left button up, pos=(1464,212)
34.7774 	EXP 	slider: markerPos = 7.766666680574417
34.7902 	EXP 	slider: markerPos = 8.0
34.7924 	EXP 	New trial (rep=3, index=0): None
34.7975 	EXP 	prankText: autoDraw = False
34.7975 	EXP 	promptText: autoDraw = False
34.7975 	EXP 	hiddenobserver: autoDraw = False
34.7975 	EXP 	slider: autoDraw = False
34.7975 	EXP 	PrimerText: text = 'People are walking'
34.7975 	EXP 	PrimerText: autoDraw = True
34.8158 	EXP 	PrimerText: autoDraw = False
34.8158 	EXP 	PrimerText: autoDraw = False
34.8158 	EXP 	slider: markerPos = None
34.8158 	EXP 	slider: markerPos = None
34.8158 	EXP 	prankText: autoDraw = True
34.8158 	EXP 	promptText: autoDraw = True
34.8158 	EXP 	hiddenobserver: autoDraw = True
34.8158 	EXP 	slider: autoDraw = True
34.9635 	DATA 	Mouse: Left button down, pos=(1464,212)
34.9799 	EXP 	slider: markerPos = 7.766666680574417
34.9935 	EXP 	slider: markerPos = 7.766666680574417
35.0068 	EXP 	slider: markerPos = 7.766666680574417
35.0199 	EXP 	slider: markerPos = 7.766666680574417
35.0331 	EXP 	slider: markerPos = 7.766666680574417
35.0345 	DATA 	Mouse:  Left button up, pos=(1464,212)
35.0460 	EXP 	slider: markerPos = 8.0
35.0483 	EXP 	New trial (rep=4, index=0): None
35.0530 	EXP 	prankText: autoDraw = False
35.0530 	EXP 	promptText: autoDraw = False
35.0530 	EXP 	hiddenobserver: autoDraw = False
35.0530 	EXP 	slider: autoDraw = False
35.0530 	EXP 	PrimerText: text = 'People are walking'
35.0530 	EXP 	PrimerText: autoDraw = True
35.0722 	EXP 	PrimerText: autoDraw = False
35.0722 	EXP 	PrimerText: autoDraw = False
35.0722 	EXP 	slider: markerPos = None
35.0722 	EXP 	slider: markerPos = None
35.0722 	EXP 	prankText: autoDraw = True
35.0722 	EXP 	promptText: autoDraw = True
35.0722 	EXP 	hiddenobserver: autoDraw = True
35.0722 	EXP 	slider: autoDraw = True
35.2418 	DATA 	Mouse: Left button down, pos=(1464,212)
35.2581 	EXP 	slider: markerPos = 7.766666680574417
35.2712 	EXP 	slider: markerPos = 7.766666680574417
35.2843 	EXP 	slider: markerPos = 7.766666680574417
35.2974 	EXP 	slider: markerPos = 7.766666680574417
35.3105 	EXP 	slider: markerPos = 7.766666680574417
35.3120 	DATA 	Mouse:  Left button up, pos=(1464,212)
35.3235 	EXP 	slider: markerPos = 8.0
35.3258 	EXP 	New trial (rep=5, index=0): None
35.3305 	EXP 	prankText: autoDraw = False
35.3305 	EXP 	promptText: autoDraw = False
35.3305 	EXP 	hiddenobserver: autoDraw = False
35.3305 	EXP 	slider: autoDraw = False
35.3305 	EXP 	PrimerText: text = 'People are walking'
35.3305 	EXP 	PrimerText: autoDraw = True
35.3486 	EXP 	PrimerText: autoDraw = False
35.3486 	EXP 	PrimerText: autoDraw = False
35.3486 	EXP 	slider: markerPos = None
35.3486 	EXP 	slider: markerPos = None
35.3486 	EXP 	prankText: autoDraw = True
35.3486 	EXP 	promptText: autoDraw = True
35.3486 	EXP 	hiddenobserver: autoDraw = True
35.3486 	EXP 	slider: autoDraw = True
35.5322 	DATA 	Mouse: Left button down, pos=(1464,212)
35.5442 	EXP 	slider: markerPos = 7.766666680574417
35.5597 	EXP 	slider: markerPos = 7.766666680574417
35.5730 	EXP 	slider: markerPos = 7.766666680574417
35.5868 	EXP 	slider: markerPos = 7.766666680574417
35.6001 	EXP 	slider: markerPos = 7.766666680574417
35.6017 	DATA 	Mouse:  Left button up, pos=(1464,212)
35.6134 	EXP 	slider: markerPos = 8.0
35.8706 	EXP 	prankText: autoDraw = False
35.8706 	EXP 	promptText: autoDraw = False
35.8706 	EXP 	hiddenobserver: autoDraw = False
35.8706 	EXP 	slider: autoDraw = False
35.8706 	EXP 	respectform: autoDraw = True
49.6617 	DATA 	Mouse: Left button down, pos=(1354,409)
49.8580 	DATA 	Mouse:  Left button up, pos=(1354,409)
50.6489 	DATA 	Mouse: Left button down, pos=(1269,403)
50.8745 	DATA 	Mouse:  Left button up, pos=(1269,403)
50.8746 	DATA 	Mouse: Left button down, pos=(1269,403)
50.8746 	DATA 	Mouse:  Left button up, pos=(1269,403)
51.6388 	DATA 	Mouse: Left button down, pos=(1354,407)
51.6975 	DATA 	Mouse:  Left button up, pos=(1354,407)
52.4049 	DATA 	Mouse: Left button down, pos=(1098,413)
52.4049 	DATA 	Mouse:  Left button up, pos=(1098,413)
54.6935 	DATA 	Keypress: escape
55.5162 	EXP 	window1: mouseVisible = True
