1.2136 	WARNING 	We strongly recommend you activate the PTB sound engine in PsychoPy prefs as the preferred audio engine. Its timing is vastly superior. Your prefs are currently set to use ['sounddevice', 'PTB', 'pyo', 'pygame'] (in that order).
5.0892 	WARNING 	User requested fullscreen with size [1024  768], but screen is actually [1920, 1080]. Using actual size
5.5036 	EXP 	Created window1 = Window(allowGUI=False, allowStencil=False, autoLog=True, backendConf=UNKNOWN, bitsMode=UNKNOWN, blendMode='avg', bpc=(8, 8, 8), color=array([0, 0, 0]), colorSpace='rgb', depthBits=8, fullscr=<method-wrapper '__getattribute__' of attributeSetter object at 0x000001D5FA9427F0>, gamma=None, gammaErrorPolicy='raise', lms=UNKNOWN, monitor=<psychopy.monitors.calibTools.Monitor object at 0x000001D5F9C15850>, multiSample=False, name='window1', numSamples=2, pos=(0, 0), screen=0, size=array([1920, 1080]), stencilBits=0, stereo=False, units='height', useFBO=True, useRetina=False, viewOri=0.0, viewPos=None, viewScale=None, waitBlanking=True, winType='pyglet')
5.5040 	EXP 	window1: mouseVisible = True
5.5040 	EXP 	window1: Attempting to measure frame rate of screen (0) ...
5.5040 	EXP 	window1: recordFrameIntervals = False
5.5811 	EXP 	window1: recordFrameIntervals = True
5.5991 	WARNING 	t of last frame was 11.08ms (=1/90)
5.6151 	WARNING 	t of last frame was 9.05ms (=1/110)
5.6727 	EXP 	Screen (0) actual frame rate measured at 136.18Hz
5.6727 	EXP 	window1: recordFrameIntervals = False
7.2155 	EXP 	window1: mouseVisible = True
7.2197 	EXP 	Imported informationletter.csv as conditions, 12 conditions, 13 params
7.2204 	EXP 	Question text: Information Letter
7.2482 	EXP 	Question text: Project Title: It's All Fun and Pranks
7.2799 	EXP 	Question text: Faculty Investigator: Dr. Chris Burris, Psychology (St. Jerome's). 519-884-8111x28213 (cburris@uwaterloo.ca)
7.3205 	EXP 	Question text: Student Investigator: Maya Karmakar-Johnson, Psychology (mkarmaka@uwaterloo.ca)
7.3277 	EXP 	Question text: This online research is being conducted as part of the Student Investigator's undergraduate honours thesis. It focuses on how people react to pranking behaviour and factors that affect those reactions.
7.3383 	EXP 	Question text: In this study, you will be asked first to read several short accounts of actual pranks and then react to each (for example, how funny you did – or didn't – find that prank to be). You will then be asked to complete two short measures concerning your responses to how other people interact with you – specifically, how important feeling respected and dealing with anger are for you. Finally, we'll ask you to complete a brief demographic questionnaire that asks basic questions such as your age and gender (so that we can accurately summarize the study sample's characteristics in any future reports). After that, you'll be able to learn more about the study's purpose.
7.3619 	EXP 	Question text: We expect this study to take no more than 30 minutes of your time. Participation is voluntary. Although no direct benefits to you are anticipated, we hope that you will learn more about the variety of research methods that are employed to test psychological hypotheses. In appreciation for your participation, you will receive 0.5 participation credits toward your applicable Psychology class.
7.3774 	EXP 	Question text: The risks associated with participation in the study are expected to be no greater than what you might experience in your day-to-day life. Indeed, reacting to others' embarrassing or awkward experiences, as well as how we deal with how people treat us, are common experiences for many. Having said that, you may choose not to complete any proportion of the study but will still receive your 0.5 participation credit. If you do choose to withdraw from the study before reaching the end, we would ask that you please skip to the end to read the feedback letter. Once you have submitted your responses it is not possible to withdraw your consent to participate, however, as we have no way of knowing which responses are yours.
7.3988 	EXP 	Question text: You will be completing the study by an online survey operated by Qualtrics. Qualtrics has implemented technical, administrative, and physical safeguards to protect the information provided via the Services from loss, misuse, and unauthorized access, disclosure, alteration, or destruction. However, no Internet transmission is ever fully secure or error free. University of Waterloo researchers will not collect or use internet protocol (IP) addresses or other information which could link your participation to your computer or electronic device without first informing you.
7.4175 	EXP 	Question text: Your identity will be confidential: your questionnaire responses will be identified by a code. You will not be identified by name in any report, publication, or presentation resulting from this study. If you choose to participate your data will be stored for at least 5 years on the password-protected computer on the Faculty Investigator.
7.4271 	EXP 	Question text: If you have any questions about the study, either before or after participating, please feel free to contact the Faculty Investigator as shown above.
7.4327 	EXP 	Question text: This study has been reviewed and received ethics clearance through a University of Waterloo Research Ethics Board (REB# 44380). If you have questions for the Board, contact the Office of Research Ethics, at 1-519-888-4567 ext. 36005 or reb@uwaterloo.ca
7.4575 	EXP 	window1: mouseVisible = True
7.5074 	EXP 	Created infoletter = <psychopy.visual.form.Form object at 0x000001D5FBF12100>
7.5107 	EXP 	window1: mouseVisible = True
7.5141 	EXP 	Imported consentform.csv as conditions, 8 conditions, 13 params
7.5147 	EXP 	Question text: Consent for Participation
7.5293 	EXP 	Question text: By consenting to participate, you are not waiving your legal rights or releasing the investigator(s) or involved institution(s) from their legal and professional responsibilities.
7.5355 	EXP 	Question text: I have read the information presented in the information letter about a study being conducted under the supervision of Chris Burris, Department of Psychology, St. Jerome's University (cburris@uwaterloo.ca). I have made this decision based on the information provided. I have had the opportunity to ask any questions related to this study, to receive satisfactory answers to my questions, and any additional details I wanted.
7.5470 	EXP 	Question text: As a participant in this online study, I am aware that my identity will remain confidential.
7.5504 	EXP 	Question text: I am aware that I may withdraw from participating before reaching the end of the study without penalty.
7.5539 	EXP 	Question text: This study has been reviewed and received ethics clearance through a University of Waterloo Research Ethics Committee (REB# 44380). If you have questions for the Committee, contact the Office of Research Ethics at 1-519-888-4567 ext. 36005 or ore-ceo@uwaterloo.ca
7.5623 	EXP 	Question text: If you have any questions about the study, either before or after participating, please feel free to contact the Faculty Investigator.
7.5663 	EXP 	Question text: I agree to participate in this study:
7.5698 	EXP 	window1: mouseVisible = True
7.5912 	EXP 	window1: mouseVisible = True
7.6153 	EXP 	Created consentform = <psychopy.visual.form.Form object at 0x000001D5F9D1E430>
7.6187 	EXP 	window1: mouseVisible = True
7.6217 	EXP 	Imported HO.csv as conditions, 3 conditions, 13 params
7.6222 	EXP 	Question text: Instructions
7.6274 	EXP 	Question text: Imagine that there exists a part deep within you that you could call the "hidden observer." This part of you knows every detail of all behaviour and thought processes that go on within you and is aware of the deepest intimate information about yourself. However, it cannot be asked to talk about this intimate information unless it is allowed by you to do so.
7.6394 	EXP 	Question text: Five brief descriptions of prank experiences from the target's perspective (taken from the website fmylife.com) appear below. Please read each one and - from the perspective of your "hidden observer" - rate your reactions to it.
7.6476 	EXP 	window1: mouseVisible = True
7.6623 	EXP 	Created instructionsform = <psychopy.visual.form.Form object at 0x000001D5F9B91790>
7.6751 	EXP 	Created prankNumberText = TextStim(__class__=<class 'psychopy.visual.text.TextStim'>, alignHoriz=method-wrapper(...), alignText='center', alignVert=method-wrapper(...), anchorHoriz='center', anchorVert='center', antialias=True, autoDraw=False, autoLog=True, bold=False, color=array([1., 1., 1.]), colorSpace='rgb', contrast=1.0, depth=0.0, flipHoriz=False, flipVert=False, font='Open Sans', fontFiles=[], height=0.1, italic=False, languageStyle='LTR', name='prankNumberText', opacity=1.0, ori=0.0, pos=array([0., 0.]), rgb=UNKNOWN, text='', units='height', win=Window(...), wrapWidth=1)
7.6763 	EXP 	Created prankText = TextStim(__class__=<class 'psychopy.visual.text.TextStim'>, alignHoriz=method-wrapper(...), alignText='center', alignVert=method-wrapper(...), anchorHoriz='center', anchorVert='center', antialias=True, autoDraw=False, autoLog=True, bold=False, color=array([1., 1., 1.]), colorSpace='rgb', contrast=1.0, depth=0.0, flipHoriz=False, flipVert=False, font='Open Sans', fontFiles=[], height=0.04, italic=False, languageStyle='LTR', name='prankText', opacity=1.0, ori=0.0, pos=array([0. , 0.2]), rgb=UNKNOWN, text='', units='height', win=Window(...), wrapWidth=1)
7.6773 	EXP 	Created promptText = TextStim(__class__=<class 'psychopy.visual.text.TextStim'>, alignHoriz=method-wrapper(...), alignText='center', alignVert=method-wrapper(...), anchorHoriz='center', anchorVert='center', antialias=True, autoDraw=False, autoLog=True, bold=False, color=array([1., 1., 1.]), colorSpace='rgb', contrast=1.0, depth=-1.0, flipHoriz=False, flipVert=False, font='Open Sans', fontFiles=[], height=0.03, italic=False, languageStyle='LTR', name='promptText', opacity=1.0, ori=0.0, pos=array([ 0.  , -0.11]), rgb=UNKNOWN, text='', units='height', win=Window(...), wrapWidth=1)
7.7088 	EXP 	Created hiddenobserver = TextStim(__class__=<class 'psychopy.visual.text.TextStim'>, alignHoriz=method-wrapper(...), alignText='center', alignVert=method-wrapper(...), anchorHoriz='center', anchorVert='center', antialias=True, autoDraw=False, autoLog=True, bold=False, color=array([1., 1., 1.]), colorSpace='rgb', contrast=1.0, depth=-2.0, flipHoriz=False, flipVert=False, font='Open Sans', fontFiles=[], height=0.03, italic=False, languageStyle='LTR', name='hiddenobserver', opacity=1.0, ori=0.0, pos=array([ 0.  , -0.05]), rgb=UNKNOWN, text='My "hidden observer" says that:', units='height', win=Window(...), wrapWidth=1)
7.7133 	EXP 	window1: mouseVisible = True
7.8065 	EXP 	Created slider = Slider(__class__=<class 'psychopy.visual.slider.Slider'>, autoDraw=False, autoLog=True, borderColor=None, color=None, colorSpace='rgb', depth=-3, fillColor=None, flip=True, font='Open Sans', granularity=1.0, labelColor=None, labelHeight=0.05, labelWrapWidth=None, labels=tuple(...), lineColor=None, markerColor=None, name='slider', opacity=None, ori=0.0, pos=array([ 0. , -0.3]), readOnly=False, self=UNKNOWN, size=array([1.  , 0.07]), startValue=None, style='rating', styleTweaks=[], ticks=array([1, 2, 3, 4, 5, 6, 7, 8]), units='height', win=Window(...))
7.8075 	EXP 	Created primertext = TextStim(__class__=<class 'psychopy.visual.text.TextStim'>, alignHoriz=method-wrapper(...), alignText='center', alignVert=method-wrapper(...), anchorHoriz='center', anchorVert='center', antialias=True, autoDraw=False, autoLog=True, bold=False, color=array([0.2098, 0.2098, 0.2059]), colorSpace='rgb', contrast=1.0, depth=-4.0, flipHoriz=False, flipVert=False, font='Open Sans', fontFiles=[], height=0.05, italic=False, languageStyle='LTR', name='primertext', opacity=1.0, ori=0.0, pos=array([0., 0.]), rgb=UNKNOWN, text='', units='height', win=Window(...), wrapWidth=1)
7.8110 	EXP 	Imported aboutrespect_part1.csv as conditions, 8 conditions, 13 params
7.8117 	EXP 	Question text: About Respect
7.8236 	EXP 	Question text: The following questions ask you about what you think other people are like and what you think about how they act.
7.8274 	EXP 	Question text: I feel disrespected when people don’t include me in the group.
7.8325 	EXP 	window1: mouseVisible = True
7.8760 	EXP 	Question text: It is important that people show that they respect you.
7.8797 	EXP 	window1: mouseVisible = True
7.9241 	EXP 	Question text: I feel disrespected when a group is making a decision and I don’t get to say what I think.
7.9283 	EXP 	window1: mouseVisible = True
7.9723 	EXP 	Question text: People want to make you feel like they are better than you.
7.9761 	EXP 	window1: mouseVisible = True
8.0193 	EXP 	Question text: I feel disrespected when people tease me.
8.0229 	EXP 	window1: mouseVisible = True
8.0658 	EXP 	Question text: It is important to let people know that they should respect you.
8.0695 	EXP 	window1: mouseVisible = True
8.1128 	EXP 	window1: mouseVisible = True
8.1548 	EXP 	Created respectform = <psychopy.visual.form.Form object at 0x000001D5F9BBB070>
8.1581 	EXP 	window1: mouseVisible = True
8.1613 	EXP 	window1: mouseVisible = True
8.1649 	EXP 	Imported aboutanger - Sheet1.csv as conditions, 12 conditions, 13 params
8.1656 	EXP 	Question text: About Anger
8.1715 	EXP 	Question text: Please rate how often you do what is described in each item.
8.1749 	EXP 	Question text: When something makes me angry, I turn this matter over and over again in my mind.
8.1788 	EXP 	window1: mouseVisible = True
8.2036 	EXP 	Question text: I have long living fantasies of revenge after the conflict is over.
8.2074 	EXP 	window1: mouseVisible = True
8.2303 	EXP 	Question text: I ponder about the injustices that have been done to me.
8.2340 	EXP 	window1: mouseVisible = True
8.2575 	EXP 	Question text: I think about the reasons people treat me badly.
8.2611 	EXP 	window1: mouseVisible = True
8.2843 	EXP 	Question text: When someone makes me angry, I can't stop thinking about how to get back at this person.
8.2884 	EXP 	window1: mouseVisible = True
8.3121 	EXP 	Question text: I keep thinking about events that angered me for a long time.
8.3158 	EXP 	window1: mouseVisible = True
8.3388 	EXP 	Question text: Whenever I experience anger, I keep thinking about it for a while.
8.3426 	EXP 	window1: mouseVisible = True
8.3655 	EXP 	Question text: I re-enact the anger episode in my mind after it has happened.
8.3692 	EXP 	window1: mouseVisible = True
8.3920 	EXP 	Question text: I think about certain events from a long time ago and they still make me angry.
8.3959 	EXP 	window1: mouseVisible = True
8.4190 	EXP 	Question text: I have had times when I could not stop being preoccupied with a particular conflict.
8.4230 	EXP 	window1: mouseVisible = True
8.4463 	EXP 	window1: mouseVisible = True
8.4863 	EXP 	Created angerform = <psychopy.visual.form.Form object at 0x000001D5FA1CAEE0>
8.4897 	EXP 	Imported demographic.csv as conditions, 9 conditions, 13 params
8.4904 	EXP 	Question text: Background Information
8.5012 	EXP 	Question text: Please complete the following information so that we can summarize the background characteristics of this study’s participants as part of any subsequent research reports. Your identity is confidential. Remember that you may decline to answer any question by leaving it blank if you choose
8.5097 	EXP 	Question text: Your gender?
8.5150 	EXP 	window1: mouseVisible = True
8.5441 	EXP 	Question text: Gender (if other)
8.5514 	EXP 	Question text: Your Age
8.5547 	EXP 	window1: mouseVisible = True
8.5782 	EXP 	Question text: Your Ethnicity (ie. the ethnic group or nationality with which you most strongly identify)?
8.5841 	EXP 	Question text: Were you born in Canada
8.5874 	EXP 	window1: mouseVisible = True
8.6030 	EXP 	Question text: If you are now living in Canada, but were not born here, how long have you lived here?
8.6090 	EXP 	Question text: Finally, we would like you to write a couple of sentences about something you've done or accomplished recently that you feel really good about:
8.6170 	EXP 	window1: mouseVisible = True
8.6428 	EXP 	Created demoForm = <psychopy.visual.form.Form object at 0x000001D5FA453550>
8.6462 	EXP 	window1: mouseVisible = True
8.6540 	EXP 	Created text_2 = TextStim(__class__=<class 'psychopy.visual.text.TextStim'>, alignHoriz=method-wrapper(...), alignText='center', alignVert=method-wrapper(...), anchorHoriz='center', anchorVert='center', antialias=True, autoDraw=False, autoLog=True, bold=False, color=array([1., 1., 1.]), colorSpace='rgb', contrast=1.0, depth=0.0, flipHoriz=False, flipVert=False, font='Open Sans', fontFiles=[], height=0.05, italic=False, languageStyle='LTR', name='text_2', opacity=1.0, ori=0.0, pos=array([0., 0.]), rgb=UNKNOWN, text='Study Complete', units='height', win=Window(...), wrapWidth=1)
8.6585 	EXP 	window1: mouseVisible = True
8.6631 	EXP 	Imported feedbackletter.csv as conditions, 27 conditions, 13 params
8.6639 	EXP 	Question text: Feedback Letter
8.6694 	EXP 	Question text: Project Title: It's All Fun and Pranks
8.6724 	EXP 	Question text: Faculty Investigator: Dr. Chris Burris, Psychology (St. Jerome's). 519-884-8111x28213 (cburris@uwaterloo.ca)
8.6759 	EXP 	Question text: Student Investigator: Maya Karmakar-Johnson, Psychology (mkarmaka@uwaterloo.ca)
8.6792 	EXP 	Question text: We appreciate your participation, and we thank you for spending time helping us with our research. At the beginning of the study, you were informed that its focus was on how people react to pranking behaviour and factors that affect those reactions. We would now like to explain the purpose of the study in greater detail.
8.6884 	EXP 	Question text: Although many people view pranks as “harmless fun,” Burris and Leitch (2018) showed that pranking can sometimes serve as an outlet for sadistic motivation – understood as wanting someone else to feel bad, however briefly, because the thought of that makes oneself feel good. By their very nature, pranks involve a gotcha whereby the person being pranked is subject to some degree of physical or psychological discomfort – if that doesn’t happen, then the prank is declared to have “failed.”
8.7052 	EXP 	Question text: Importantly, Burris and Leitch (2018) showed that positive reactions to pranks – whether performed by the self or by someone else – were predicted by a joint tendency to feel disrespected and to have difficulty letting go of anger related to past insults. Having identified this combo as the “engine” driving sadistic motivation, Burris and Leitch argued that sadistic motivation’s ultimate goal is to boost back up a self that feels deflated or “squashed,” and that seeing another come to harm is a means to this end.
8.7185 	EXP 	Question text: This analysis of pranking raises a paradox: Most pranksters look happy, even giddy – they don’t look angry or hostile. Dijksterhuis and Aarts (2010) reviewed research suggesting that goals can drive behavior even when the goals are outside of awareness – that is, unconscious. With that in mind, the present study was set up to see whether the presumed ultimate goal driving sadistic motivation – that is, boosting the self – was operating nonconsciously.
8.7305 	EXP 	Question text: To do that, we attempted to create either a “mini-boost” or a “mini-squash” to the self outside of your conscious awareness. Thus, as you read each prank story and reacted to it, you were randomly assigned to any of three possible subliminal primes: (1) “you are awesome” (boost); (2) “you are nothing” (squash); or (3) “people are walking” (neutral). These primes appeared before the general story instructions, before each story, and before each reaction item. After that, we had you complete short versions of the disrespect sensitivity and anger rumination measures used by Burris and Leitch (2018) to identify people who are more or less likely to respond to “squashed” feelings by reacting positively to others’ discomfort. To ensure that any possible negative effect of the “squash” prime would be neutralized quickly, we asked everyone to reflect on a recent positive personal experience at the end of the study.
8.7537 	EXP 	Question text: We expected the most positive reactions to the prank stories to emerge among people who received the “squash” primes, and who already struggle more with feeling angry and disrespected.
8.7601 	EXP 	Question text: So, to be clear, we are indeed interested in how people react to pranking behaviour and factors that affect those reactions, but this study explored a very specific aspect of that – that is, nonconscious motivation, which we investigated by means of subliminal primes.
8.7681 	EXP 	Question text: We apologize that we did not alert to you our use of subliminal primes at the outset – but we hope you understand that, had we done so, you would have probably been on the lookout for (or trying to guess) the primes we were using, which would compromise their effectiveness. Although not all psychology research involves withholding information at the outset like this, there is sometimes no practical alternative that allows for a valid test of hypotheses such as ours concerning nonconscious nature of sadistic motivation. We hope this makes sense to you.
8.7823 	EXP 	Question text: So, to summarize:
8.7855 	EXP 	Question text: 1) Pranking is sometimes used as an outlet for sadistic motivation.
8.7886 	EXP 	Question text: 2) The ultimate goal of sadistic motivation may be to boost the self, even if at others’ expense. 
8.7920 	EXP 	Question text: 3) The present study used subliminal priming to test whether this hypothesized of boosting the self is operating outside of conscious awareness. 
8.7977 	EXP 	Question text: 4) To test our hypothesis, we had to withhold information concerning our use of subliminal primes initially.
8.8013 	EXP 	Question text: Given (4) just above, it is very important that you not discuss your experiences with any other students who potentially could be in this study until after the end of the term. If people come into the study knowing about our specific predictions, it could influence their results, and the data we collect would not be useable. Also, if you print off a copy of this post-study information page, please do not make it available to other students.
8.8132 	EXP 	Question text: Because some elements of the study are different from what was originally explained, there is another consent form for you to read and sign electronically if you are willing to allow us to use the information you have provided. This consent is also a record that the full purpose of the study was explained to you.
8.8223 	EXP 	Question text: We would like to remind you that your confidentiality is guaranteed. Your questionnaire responses will be identified by code number only and you will not be identified by name in any report, publication, or presentation resulting from this study. The data file will be stored for at least 5 years in electronic form on the password-protected computer of the Faculty Investigator.
8.8328 	EXP 	Question text: This study has been reviewed and received ethics clearance through a University of Waterloo Research Ethics Board (#44380). If you have questions for the Board, contact the Office of Research Ethics, at 1-519-888-4567 ext. 36005 or reb@uwaterloo.ca.
8.8405 	EXP 	Question text: If your participation in this study has raised personal issues that concern you, we encourage you to contact UW Counselling Services at 888-4567, ext. 32655.
8.8463 	EXP 	Question text: If you’d like to learn more about the ideas behind this research, we encourage you to read:
8.8496 	EXP 	Question text: Burris, C., & Leitch, R. (2018). Harmful fun: Pranks and sadistic motivation. Motivation And Emotion, 42(1), 90-102. doi: 10.1007/s11031-017-9651-5
8.8589 	EXP 	Question text: Dijksterhuis, A., & Aarts, H. (2010). Goals, attention, and (un)consciousness. Annual Review of Psychology, 61(1), 467-490. https://doi.org/10.1146/annurev.psych.093008.100445
8.8653 	EXP 	Question text: If you’d like more information, feel free to contact the Faculty Investigator as listed above.
8.8688 	EXP 	Question text: We really appreciate your participation, and hope that this has been a worthwhile experience for you.
8.8731 	EXP 	window1: mouseVisible = True
8.9544 	EXP 	Created feedbackform = <psychopy.visual.form.Form object at 0x000001D5FA5DCAC0>
8.9577 	EXP 	window1: mouseVisible = True
8.9610 	EXP 	Imported debriefform.csv as conditions, 7 conditions, 13 params
8.9616 	EXP 	Question text: Post-debriefing Consent Form
8.9657 	EXP 	Question text: Project Title: It's All Fun and Pranks
8.9685 	EXP 	Question text: Faculty Investigator: Dr. Chris Burris, Psychology (St. Jerome's). 519-884-8111x28213 (cburris@uwaterloo.ca)
8.9721 	EXP 	Question text: Student Investigator: Maya Karmakar-Johnson, Psychology (mkarmaka@uwaterloo.ca)
8.9756 	EXP 	Question text: In the online debriefing, I was given an explanation as to why it was necessary for the researchers to withhold some information regarding some elements of this study. I was informed that having full information about the actual purpose of the study might have influenced the way in which I responded to the tasks and this would have invalidated the results. I have now received a complete written explanation as to the actual purpose and procedures of the study. In addition, I have had an opportunity to ask any questions about this and to receive acceptable answers to my questions. I am aware that my decision to give or withhold permission to use my data will not affect my receipt of the applicable research credit.
8.9936 	EXP 	Question text: I am aware that I may contact the Office of Research Ethics, at 1-519-888-4567 ext. 36005 or reb@uwaterloo.ca if I have any concerns or comments resulting from my involvement in this study.
9.0002 	EXP 	Question text: I give my permission for the researchers to use my data and/or the information I provided through the online survey for this study.
9.0061 	EXP 	window1: mouseVisible = True
9.0246 	EXP 	window1: mouseVisible = True
9.0491 	EXP 	Created debriefform = <psychopy.visual.form.Form object at 0x000001D5FA65C2E0>
9.1089 	EXP 	unnamed Form: autoLog = True
9.1089 	EXP 	infoletter: name = 'infoletter'
9.1089 	EXP 	infoletter: depth = 0
9.1089 	EXP 	unnamed Form: autoLog = True
9.1089 	EXP 	consentform: name = 'consentform'
9.1089 	EXP 	consentform: depth = 0
9.1089 	EXP 	unnamed Form: autoLog = True
9.1089 	EXP 	instructionsform: name = 'instructionsform'
9.1089 	EXP 	instructionsform: depth = 0
9.1089 	EXP 	slider: autoLog = True
9.1089 	EXP 	slider: markerPos = None
9.1089 	EXP 	slider: styleTweaks = []
9.1089 	EXP 	slider: styleTweaks = []
9.1089 	EXP 	slider: styleTweaks = []
9.1089 	EXP 	slider: styleTweaks = []
9.1089 	EXP 	slider: contrast = 1.0
9.1089 	EXP 	slider: autoLog = True
9.1089 	EXP 	unnamed Form: autoLog = True
9.1089 	EXP 	respectform: name = 'respectform'
9.1089 	EXP 	respectform: depth = 0
9.1089 	EXP 	unnamed Form: autoLog = True
9.1089 	EXP 	angerform: name = 'angerform'
9.1089 	EXP 	angerform: depth = 0
9.1089 	EXP 	unnamed Form: autoLog = True
9.1089 	EXP 	demoForm: name = 'demoForm'
9.1089 	EXP 	demoForm: depth = 0
9.1089 	EXP 	unnamed Form: autoLog = True
9.1089 	EXP 	feedbackform: name = 'feedbackform'
9.1089 	EXP 	feedbackform: depth = 0
9.1089 	EXP 	unnamed Form: autoLog = True
9.1089 	EXP 	debriefform: name = 'debriefform'
9.1089 	EXP 	debriefform: depth = 0
9.1089 	EXP 	infoletter: autoDraw = True
10.3323 	DATA 	Mouse: Left button down, pos=(1759,51)
10.3725 	EXP 	infoletter: autoDraw = False
10.3725 	EXP 	consentform: autoDraw = True
10.4027 	DATA 	Mouse:  Left button up, pos=(1759,51)
11.0444 	DATA 	Mouse: wheel shift=(0,-1), pos=(1229,303)
11.0844 	DATA 	Mouse: wheel shift=(0,-3), pos=(1178,312)
11.0944 	DATA 	Mouse: wheel shift=(0,-1), pos=(1159,309)
11.1259 	DATA 	Mouse: wheel shift=(0,-2), pos=(1156,308)
11.3335 	DATA 	Mouse: wheel shift=(0,-1), pos=(1150,297)
11.3654 	DATA 	Mouse: wheel shift=(0,-5), pos=(1150,297)
11.3733 	DATA 	Mouse: wheel shift=(0,-1), pos=(1150,297)
11.4062 	DATA 	Mouse: wheel shift=(0,-3), pos=(1150,297)
11.6039 	DATA 	Mouse: wheel shift=(0,-4), pos=(1150,297)
11.6080 	DATA 	Mouse: wheel shift=(0,-1), pos=(1150,296)
11.6126 	DATA 	Mouse: wheel shift=(0,-1), pos=(1149,296)
11.6424 	DATA 	Mouse: wheel shift=(0,-2), pos=(1149,296)
11.8416 	DATA 	Mouse: wheel shift=(0,-4), pos=(1065,283)
11.8456 	DATA 	Mouse: wheel shift=(0,-1), pos=(1040,278)
11.8516 	DATA 	Mouse: wheel shift=(0,-1), pos=(1036,277)
11.8802 	DATA 	Mouse: wheel shift=(0,-3), pos=(1027,276)
12.4494 	DATA 	Mouse: Left button down, pos=(576,251)
12.5289 	DATA 	Mouse:  Left button up, pos=(575,251)
13.2748 	DATA 	Mouse: Left button down, pos=(1752,50)
13.3053 	EXP 	consentform: autoDraw = False
13.3053 	EXP 	instructionsform: autoDraw = True
13.3321 	DATA 	Mouse:  Left button up, pos=(1752,50)
14.7846 	DATA 	Mouse: Left button down, pos=(1796,67)
14.7893 	EXP 	Created sequence: sequential, trialTypes=1, nReps=5, seed=None
14.7894 	EXP 	New trial (rep=0, index=0): None
14.7997 	EXP 	instructionsform: autoDraw = False
14.7997 	EXP 	prankNumberText: height = 0.1
14.7997 	EXP 	prankNumberText: height = 0.1
14.7997 	EXP 	prankNumberText: height = 0.1
14.7997 	EXP 	prankNumberText: text = 'Prank 1'
14.7997 	EXP 	prankNumberText: autoDraw = True
14.8305 	DATA 	Mouse:  Left button up, pos=(1796,67)
16.7894 	EXP 	Created sequence: sequential, trialTypes=1, nReps=6, seed=None
16.7895 	EXP 	New trial (rep=0, index=0): None
16.8258 	EXP 	prankNumberText: autoDraw = False
16.8258 	EXP 	slider: markerPos = None
16.8258 	EXP 	slider: markerPos = None
16.8258 	EXP 	primertext: height = 0.05
16.8258 	EXP 	primertext: height = 0.05
16.8258 	EXP 	primertext: height = 0.05
16.8258 	EXP 	primertext: text = "You're great"
16.8258 	EXP 	prankText: autoDraw = True
16.8258 	EXP 	slider: autoDraw = True
16.8258 	EXP 	primertext: autoDraw = True
16.8337 	EXP 	primertext: autoDraw = False
16.8477 	EXP 	promptText: autoDraw = True
16.8477 	EXP 	hiddenobserver: autoDraw = True
17.8613 	DATA 	Mouse: Left button down, pos=(1490,222)
17.8740 	EXP 	slider: markerPos = 7.935185223817825
17.8851 	EXP 	slider: markerPos = 7.935185223817825
17.8962 	EXP 	slider: markerPos = 7.935185223817825
17.9072 	EXP 	slider: markerPos = 7.935185223817825
17.9181 	EXP 	slider: markerPos = 7.935185223817825
17.9291 	EXP 	slider: markerPos = 7.935185223817825
17.9404 	EXP 	slider: markerPos = 7.935185223817825
17.9507 	DATA 	Mouse:  Left button up, pos=(1490,222)
17.9513 	EXP 	slider: markerPos = 7.935185223817825
17.9621 	EXP 	slider: markerPos = 8.0
17.9646 	EXP 	New trial (rep=1, index=0): None
17.9774 	EXP 	prankText: autoDraw = False
17.9774 	EXP 	promptText: autoDraw = False
17.9774 	EXP 	hiddenobserver: autoDraw = False
17.9774 	EXP 	slider: autoDraw = False
17.9774 	EXP 	primertext: autoDraw = False
17.9774 	EXP 	slider: markerPos = None
17.9774 	EXP 	slider: markerPos = None
17.9774 	EXP 	primertext: text = "You're great"
17.9774 	EXP 	prankText: autoDraw = True
17.9774 	EXP 	slider: autoDraw = True
17.9774 	EXP 	primertext: autoDraw = True
17.9851 	EXP 	primertext: autoDraw = False
17.9979 	EXP 	promptText: autoDraw = True
17.9979 	EXP 	hiddenobserver: autoDraw = True
18.0696 	DATA 	Mouse: Left button down, pos=(1490,222)
18.0815 	EXP 	slider: markerPos = 7.935185223817825
18.0924 	EXP 	slider: markerPos = 7.935185223817825
18.1033 	EXP 	slider: markerPos = 7.935185223817825
18.1141 	EXP 	slider: markerPos = 7.935185223817825
18.1251 	EXP 	slider: markerPos = 7.935185223817825
18.1360 	EXP 	slider: markerPos = 7.935185223817825
18.1462 	DATA 	Mouse:  Left button up, pos=(1490,222)
18.1470 	EXP 	slider: markerPos = 7.935185223817825
18.1584 	EXP 	slider: markerPos = 8.0
18.1608 	EXP 	New trial (rep=2, index=0): None
18.1746 	EXP 	prankText: autoDraw = False
18.1746 	EXP 	promptText: autoDraw = False
18.1746 	EXP 	hiddenobserver: autoDraw = False
18.1746 	EXP 	slider: autoDraw = False
18.1746 	EXP 	primertext: autoDraw = False
18.1746 	EXP 	slider: markerPos = None
18.1746 	EXP 	slider: markerPos = None
18.1746 	EXP 	primertext: text = "You're great"
18.1746 	EXP 	prankText: autoDraw = True
18.1746 	EXP 	slider: autoDraw = True
18.1746 	EXP 	primertext: autoDraw = True
18.1823 	EXP 	primertext: autoDraw = False
18.1935 	EXP 	promptText: autoDraw = True
18.1935 	EXP 	hiddenobserver: autoDraw = True
18.3017 	DATA 	Mouse: Left button down, pos=(1490,222)
18.3135 	EXP 	slider: markerPos = 7.935185223817825
18.3248 	EXP 	slider: markerPos = 7.935185223817825
18.3360 	EXP 	slider: markerPos = 7.935185223817825
18.3472 	EXP 	slider: markerPos = 7.935185223817825
18.3577 	DATA 	Mouse:  Left button up, pos=(1490,222)
18.3583 	EXP 	slider: markerPos = 7.935185223817825
18.3691 	EXP 	slider: markerPos = 8.0
18.3715 	EXP 	New trial (rep=3, index=0): None
18.3843 	EXP 	prankText: autoDraw = False
18.3843 	EXP 	promptText: autoDraw = False
18.3843 	EXP 	hiddenobserver: autoDraw = False
18.3843 	EXP 	slider: autoDraw = False
18.3843 	EXP 	primertext: autoDraw = False
18.3843 	EXP 	slider: markerPos = None
18.3843 	EXP 	slider: markerPos = None
18.3843 	EXP 	primertext: text = "You're great"
18.3843 	EXP 	prankText: autoDraw = True
18.3843 	EXP 	slider: autoDraw = True
18.3843 	EXP 	primertext: autoDraw = True
18.3919 	EXP 	primertext: autoDraw = False
18.4042 	EXP 	promptText: autoDraw = True
18.4042 	EXP 	hiddenobserver: autoDraw = True
18.4878 	DATA 	Mouse: Left button down, pos=(1490,222)
18.4996 	EXP 	slider: markerPos = 7.935185223817825
18.5105 	EXP 	slider: markerPos = 7.935185223817825
18.5215 	EXP 	slider: markerPos = 7.935185223817825
18.5324 	EXP 	slider: markerPos = 7.935185223817825
18.5438 	EXP 	slider: markerPos = 7.935185223817825
18.5550 	EXP 	slider: markerPos = 7.935185223817825
18.5654 	DATA 	Mouse:  Left button up, pos=(1490,222)
18.5661 	EXP 	slider: markerPos = 7.935185223817825
18.5772 	EXP 	slider: markerPos = 8.0
18.5795 	EXP 	New trial (rep=4, index=0): None
18.5925 	EXP 	prankText: autoDraw = False
18.5925 	EXP 	promptText: autoDraw = False
18.5925 	EXP 	hiddenobserver: autoDraw = False
18.5925 	EXP 	slider: autoDraw = False
18.5925 	EXP 	primertext: autoDraw = False
18.5925 	EXP 	slider: markerPos = None
18.5925 	EXP 	slider: markerPos = None
18.5925 	EXP 	primertext: text = "You're great"
18.5925 	EXP 	prankText: autoDraw = True
18.5925 	EXP 	slider: autoDraw = True
18.5925 	EXP 	primertext: autoDraw = True
18.6000 	EXP 	primertext: autoDraw = False
18.6138 	EXP 	promptText: autoDraw = True
18.6138 	EXP 	hiddenobserver: autoDraw = True
18.6710 	DATA 	Mouse: Left button down, pos=(1490,222)
18.6806 	EXP 	slider: markerPos = 7.935185223817825
18.6916 	EXP 	slider: markerPos = 7.935185223817825
18.7026 	EXP 	slider: markerPos = 7.935185223817825
18.7135 	EXP 	slider: markerPos = 7.935185223817825
18.7244 	EXP 	slider: markerPos = 7.935185223817825
18.7355 	EXP 	slider: markerPos = 7.935185223817825
18.7464 	EXP 	slider: markerPos = 7.935185223817825
18.7574 	EXP 	slider: markerPos = 7.935185223817825
18.7589 	DATA 	Mouse:  Left button up, pos=(1490,222)
18.7685 	EXP 	slider: markerPos = 8.0
18.7711 	EXP 	New trial (rep=5, index=0): None
18.7846 	EXP 	prankText: autoDraw = False
18.7846 	EXP 	promptText: autoDraw = False
18.7846 	EXP 	hiddenobserver: autoDraw = False
18.7846 	EXP 	slider: autoDraw = False
18.7846 	EXP 	primertext: autoDraw = False
18.7846 	EXP 	slider: markerPos = None
18.7846 	EXP 	slider: markerPos = None
18.7846 	EXP 	primertext: text = "You're great"
18.7846 	EXP 	prankText: autoDraw = True
18.7846 	EXP 	slider: autoDraw = True
18.7846 	EXP 	primertext: autoDraw = True
18.7926 	EXP 	primertext: autoDraw = False
18.8047 	EXP 	promptText: autoDraw = True
18.8047 	EXP 	hiddenobserver: autoDraw = True
18.8592 	DATA 	Mouse: Left button down, pos=(1490,222)
18.8710 	EXP 	slider: markerPos = 7.935185223817825
18.8827 	EXP 	slider: markerPos = 7.935185223817825
18.8937 	EXP 	slider: markerPos = 7.935185223817825
18.9046 	EXP 	slider: markerPos = 7.935185223817825
18.9156 	EXP 	slider: markerPos = 7.935185223817825
18.9265 	EXP 	slider: markerPos = 7.935185223817825
18.9374 	EXP 	slider: markerPos = 7.935185223817825
18.9483 	EXP 	slider: markerPos = 7.935185223817825
18.9585 	DATA 	Mouse:  Left button up, pos=(1490,222)
18.9591 	EXP 	slider: markerPos = 7.935185223817825
18.9698 	EXP 	slider: markerPos = 8.0
18.9724 	EXP 	New trial (rep=1, index=0): None
18.9764 	EXP 	prankText: autoDraw = False
18.9764 	EXP 	promptText: autoDraw = False
18.9764 	EXP 	hiddenobserver: autoDraw = False
18.9764 	EXP 	slider: autoDraw = False
18.9764 	EXP 	primertext: autoDraw = False
18.9764 	EXP 	prankNumberText: height = 0.1
18.9764 	EXP 	prankNumberText: height = 0.1
18.9764 	EXP 	prankNumberText: height = 0.1
18.9764 	EXP 	prankNumberText: text = 'Prank 2'
18.9764 	EXP 	prankNumberText: autoDraw = True
19.0431 	DATA 	Mouse: Left button down, pos=(1490,222)
19.1337 	DATA 	Mouse:  Left button up, pos=(1490,222)
19.2383 	DATA 	Mouse: Left button down, pos=(1490,222)
19.3149 	DATA 	Mouse:  Left button up, pos=(1490,222)
20.9736 	EXP 	Created sequence: sequential, trialTypes=1, nReps=6, seed=None
20.9737 	EXP 	New trial (rep=0, index=0): None
21.0004 	EXP 	prankNumberText: autoDraw = False
21.0004 	EXP 	slider: markerPos = None
21.0004 	EXP 	slider: markerPos = None
21.0004 	EXP 	primertext: text = "You're great"
21.0004 	EXP 	prankText: autoDraw = True
21.0004 	EXP 	slider: autoDraw = True
21.0004 	EXP 	primertext: autoDraw = True
21.0082 	EXP 	primertext: autoDraw = False
21.0185 	EXP 	promptText: autoDraw = True
21.0185 	EXP 	hiddenobserver: autoDraw = True
21.2546 	DATA 	Mouse: Left button down, pos=(1316,222)
21.2672 	EXP 	slider: markerPos = 6.807407408952713
21.2781 	EXP 	slider: markerPos = 6.807407408952713
21.2891 	EXP 	slider: markerPos = 6.807407408952713
21.3000 	EXP 	slider: markerPos = 6.807407408952713
21.3108 	EXP 	slider: markerPos = 6.807407408952713
21.3217 	EXP 	slider: markerPos = 6.807407408952713
21.3326 	EXP 	slider: markerPos = 6.807407408952713
21.3434 	EXP 	slider: markerPos = 6.807407408952713
21.3449 	DATA 	Mouse:  Left button up, pos=(1316,222)
21.3541 	EXP 	slider: markerPos = 7.0
21.3565 	EXP 	New trial (rep=1, index=0): None
21.3695 	EXP 	prankText: autoDraw = False
21.3695 	EXP 	promptText: autoDraw = False
21.3695 	EXP 	hiddenobserver: autoDraw = False
21.3695 	EXP 	slider: autoDraw = False
21.3695 	EXP 	primertext: autoDraw = False
21.3695 	EXP 	slider: markerPos = None
21.3695 	EXP 	slider: markerPos = None
21.3695 	EXP 	primertext: text = "You're great"
21.3695 	EXP 	prankText: autoDraw = True
21.3695 	EXP 	slider: autoDraw = True
21.3695 	EXP 	primertext: autoDraw = True
21.3772 	EXP 	primertext: autoDraw = False
21.3878 	EXP 	promptText: autoDraw = True
21.3878 	EXP 	hiddenobserver: autoDraw = True
21.4627 	DATA 	Mouse: Left button down, pos=(1316,222)
21.4745 	EXP 	slider: markerPos = 6.807407408952713
21.4854 	EXP 	slider: markerPos = 6.807407408952713
21.4962 	EXP 	slider: markerPos = 6.807407408952713
21.5071 	EXP 	slider: markerPos = 6.807407408952713
21.5180 	EXP 	slider: markerPos = 6.807407408952713
21.5288 	EXP 	slider: markerPos = 6.807407408952713
21.5391 	DATA 	Mouse:  Left button up, pos=(1316,222)
21.5396 	EXP 	slider: markerPos = 6.807407408952713
21.5503 	EXP 	slider: markerPos = 7.0
21.5526 	EXP 	New trial (rep=2, index=0): None
21.5660 	EXP 	prankText: autoDraw = False
21.5660 	EXP 	promptText: autoDraw = False
21.5660 	EXP 	hiddenobserver: autoDraw = False
21.5660 	EXP 	slider: autoDraw = False
21.5660 	EXP 	primertext: autoDraw = False
21.5660 	EXP 	slider: markerPos = None
21.5660 	EXP 	slider: markerPos = None
21.5660 	EXP 	primertext: text = "You're great"
21.5660 	EXP 	prankText: autoDraw = True
21.5660 	EXP 	slider: autoDraw = True
21.5660 	EXP 	primertext: autoDraw = True
21.5737 	EXP 	primertext: autoDraw = False
21.5840 	EXP 	promptText: autoDraw = True
21.5840 	EXP 	hiddenobserver: autoDraw = True
21.6691 	DATA 	Mouse: Left button down, pos=(1316,222)
21.6810 	EXP 	slider: markerPos = 6.807407408952713
21.6919 	EXP 	slider: markerPos = 6.807407408952713
21.7028 	EXP 	slider: markerPos = 6.807407408952713
21.7137 	EXP 	slider: markerPos = 6.807407408952713
21.7240 	DATA 	Mouse:  Left button up, pos=(1316,222)
21.7246 	EXP 	slider: markerPos = 6.807407408952713
21.7354 	EXP 	slider: markerPos = 7.0
21.7377 	EXP 	New trial (rep=3, index=0): None
21.7506 	EXP 	prankText: autoDraw = False
21.7506 	EXP 	promptText: autoDraw = False
21.7506 	EXP 	hiddenobserver: autoDraw = False
21.7506 	EXP 	slider: autoDraw = False
21.7506 	EXP 	primertext: autoDraw = False
21.7506 	EXP 	slider: markerPos = None
21.7506 	EXP 	slider: markerPos = None
21.7506 	EXP 	primertext: text = "You're great"
21.7506 	EXP 	prankText: autoDraw = True
21.7506 	EXP 	slider: autoDraw = True
21.7506 	EXP 	primertext: autoDraw = True
21.7582 	EXP 	primertext: autoDraw = False
21.7687 	EXP 	promptText: autoDraw = True
21.7687 	EXP 	hiddenobserver: autoDraw = True
21.8386 	DATA 	Mouse: Left button down, pos=(1316,222)
21.8500 	EXP 	slider: markerPos = 6.807407408952713
21.8610 	EXP 	slider: markerPos = 6.807407408952713
21.8718 	EXP 	slider: markerPos = 6.807407408952713
21.8827 	EXP 	slider: markerPos = 6.807407408952713
21.8936 	EXP 	slider: markerPos = 6.807407408952713
21.9039 	DATA 	Mouse:  Left button up, pos=(1316,222)
21.9044 	EXP 	slider: markerPos = 6.807407408952713
21.9150 	EXP 	slider: markerPos = 7.0
21.9174 	EXP 	New trial (rep=4, index=0): None
21.9303 	EXP 	prankText: autoDraw = False
21.9303 	EXP 	promptText: autoDraw = False
21.9303 	EXP 	hiddenobserver: autoDraw = False
21.9303 	EXP 	slider: autoDraw = False
21.9303 	EXP 	primertext: autoDraw = False
21.9303 	EXP 	slider: markerPos = None
21.9303 	EXP 	slider: markerPos = None
21.9303 	EXP 	primertext: text = "You're great"
21.9303 	EXP 	prankText: autoDraw = True
21.9303 	EXP 	slider: autoDraw = True
21.9303 	EXP 	primertext: autoDraw = True
21.9379 	EXP 	primertext: autoDraw = False
21.9489 	EXP 	promptText: autoDraw = True
21.9489 	EXP 	hiddenobserver: autoDraw = True
22.0111 	DATA 	Mouse: Left button down, pos=(1316,222)
22.0228 	EXP 	slider: markerPos = 6.807407408952713
22.0337 	EXP 	slider: markerPos = 6.807407408952713
22.0445 	EXP 	slider: markerPos = 6.807407408952713
22.0554 	EXP 	slider: markerPos = 6.807407408952713
22.0662 	EXP 	slider: markerPos = 6.807407408952713
22.0770 	EXP 	slider: markerPos = 6.807407408952713
22.0879 	EXP 	slider: markerPos = 6.807407408952713
22.0980 	DATA 	Mouse:  Left button up, pos=(1316,222)
22.0986 	EXP 	slider: markerPos = 6.807407408952713
22.1093 	EXP 	slider: markerPos = 7.0
22.1116 	EXP 	New trial (rep=5, index=0): None
22.1244 	EXP 	prankText: autoDraw = False
22.1244 	EXP 	promptText: autoDraw = False
22.1244 	EXP 	hiddenobserver: autoDraw = False
22.1244 	EXP 	slider: autoDraw = False
22.1244 	EXP 	primertext: autoDraw = False
22.1244 	EXP 	slider: markerPos = None
22.1244 	EXP 	slider: markerPos = None
22.1244 	EXP 	primertext: text = "You're great"
22.1244 	EXP 	prankText: autoDraw = True
22.1244 	EXP 	slider: autoDraw = True
22.1244 	EXP 	primertext: autoDraw = True
22.1321 	EXP 	primertext: autoDraw = False
22.1423 	EXP 	promptText: autoDraw = True
22.1423 	EXP 	hiddenobserver: autoDraw = True
22.1857 	DATA 	Mouse: Left button down, pos=(1316,222)
22.1958 	EXP 	slider: markerPos = 6.807407408952713
22.2068 	EXP 	slider: markerPos = 6.807407408952713
22.2177 	EXP 	slider: markerPos = 6.807407408952713
22.2285 	EXP 	slider: markerPos = 6.807407408952713
22.2393 	EXP 	slider: markerPos = 6.807407408952713
22.2502 	EXP 	slider: markerPos = 6.807407408952713
22.2611 	EXP 	slider: markerPos = 6.807407408952713
22.2713 	DATA 	Mouse:  Left button up, pos=(1316,222)
22.2718 	EXP 	slider: markerPos = 6.807407408952713
22.2824 	EXP 	slider: markerPos = 7.0
22.2850 	EXP 	New trial (rep=2, index=0): None
22.2891 	EXP 	prankText: autoDraw = False
22.2891 	EXP 	promptText: autoDraw = False
22.2891 	EXP 	hiddenobserver: autoDraw = False
22.2891 	EXP 	slider: autoDraw = False
22.2891 	EXP 	primertext: autoDraw = False
22.2891 	EXP 	prankNumberText: height = 0.1
22.2891 	EXP 	prankNumberText: height = 0.1
22.2891 	EXP 	prankNumberText: height = 0.1
22.2891 	EXP 	prankNumberText: text = 'Prank 3'
22.2891 	EXP 	prankNumberText: autoDraw = True
22.3739 	DATA 	Mouse: Left button down, pos=(1316,222)
22.4364 	DATA 	Mouse:  Left button up, pos=(1316,222)
22.5341 	DATA 	Mouse: Left button down, pos=(1316,222)
22.5967 	DATA 	Mouse:  Left button up, pos=(1316,222)
24.2833 	EXP 	Created sequence: sequential, trialTypes=1, nReps=6, seed=None
24.2835 	EXP 	New trial (rep=0, index=0): None
24.3100 	EXP 	prankNumberText: autoDraw = False
24.3100 	EXP 	prankNumberText: autoDraw = False
24.3100 	EXP 	slider: markerPos = None
24.3100 	EXP 	slider: markerPos = None
24.3100 	EXP 	primertext: text = "You're great"
24.3100 	EXP 	prankText: autoDraw = True
24.3100 	EXP 	slider: autoDraw = True
24.3100 	EXP 	primertext: autoDraw = True
24.3191 	EXP 	primertext: autoDraw = False
24.3295 	EXP 	promptText: autoDraw = True
24.3295 	EXP 	hiddenobserver: autoDraw = True
24.3468 	DATA 	Mouse: Left button down, pos=(1316,222)
24.3587 	EXP 	slider: markerPos = 6.807407408952713
24.3697 	EXP 	slider: markerPos = 6.807407408952713
24.3805 	EXP 	slider: markerPos = 6.807407408952713
24.3915 	EXP 	slider: markerPos = 6.807407408952713
24.4023 	EXP 	slider: markerPos = 6.807407408952713
24.4133 	EXP 	slider: markerPos = 6.807407408952713
24.4242 	EXP 	slider: markerPos = 6.807407408952713
24.4345 	DATA 	Mouse:  Left button up, pos=(1316,222)
24.4351 	EXP 	slider: markerPos = 6.807407408952713
24.4460 	EXP 	slider: markerPos = 7.0
24.4484 	EXP 	New trial (rep=1, index=0): None
24.4614 	EXP 	prankText: autoDraw = False
24.4614 	EXP 	promptText: autoDraw = False
24.4614 	EXP 	hiddenobserver: autoDraw = False
24.4614 	EXP 	slider: autoDraw = False
24.4614 	EXP 	primertext: autoDraw = False
24.4614 	EXP 	slider: markerPos = None
24.4614 	EXP 	slider: markerPos = None
24.4614 	EXP 	primertext: text = "You're great"
24.4614 	EXP 	prankText: autoDraw = True
24.4614 	EXP 	slider: autoDraw = True
24.4614 	EXP 	primertext: autoDraw = True
24.4690 	EXP 	primertext: autoDraw = False
24.4794 	EXP 	promptText: autoDraw = True
24.4794 	EXP 	hiddenobserver: autoDraw = True
24.5265 	DATA 	Mouse: Left button down, pos=(1316,222)
24.5361 	EXP 	slider: markerPos = 6.807407408952713
24.5470 	EXP 	slider: markerPos = 6.807407408952713
24.5580 	EXP 	slider: markerPos = 6.807407408952713
24.5689 	EXP 	slider: markerPos = 6.807407408952713
24.5798 	EXP 	slider: markerPos = 6.807407408952713
24.5907 	EXP 	slider: markerPos = 6.807407408952713
24.6012 	DATA 	Mouse:  Left button up, pos=(1316,222)
24.6017 	EXP 	slider: markerPos = 6.807407408952713
24.6124 	EXP 	slider: markerPos = 7.0
24.6147 	EXP 	New trial (rep=2, index=0): None
24.6276 	EXP 	prankText: autoDraw = False
24.6276 	EXP 	promptText: autoDraw = False
24.6276 	EXP 	hiddenobserver: autoDraw = False
24.6276 	EXP 	slider: autoDraw = False
24.6276 	EXP 	primertext: autoDraw = False
24.6276 	EXP 	slider: markerPos = None
24.6276 	EXP 	slider: markerPos = None
24.6276 	EXP 	primertext: text = "You're great"
24.6276 	EXP 	prankText: autoDraw = True
24.6276 	EXP 	slider: autoDraw = True
24.6276 	EXP 	primertext: autoDraw = True
24.6352 	EXP 	primertext: autoDraw = False
24.6455 	EXP 	promptText: autoDraw = True
24.6455 	EXP 	hiddenobserver: autoDraw = True
24.7069 	DATA 	Mouse: Left button down, pos=(1316,222)
24.7186 	EXP 	slider: markerPos = 6.807407408952713
24.7297 	EXP 	slider: markerPos = 6.807407408952713
24.7407 	EXP 	slider: markerPos = 6.807407408952713
24.7516 	EXP 	slider: markerPos = 6.807407408952713
24.7625 	EXP 	slider: markerPos = 6.807407408952713
24.7735 	EXP 	slider: markerPos = 6.807407408952713
24.7838 	DATA 	Mouse:  Left button up, pos=(1316,222)
24.7843 	EXP 	slider: markerPos = 6.807407408952713
24.7963 	EXP 	slider: markerPos = 7.0
24.7988 	EXP 	New trial (rep=3, index=0): None
24.8123 	EXP 	prankText: autoDraw = False
24.8123 	EXP 	promptText: autoDraw = False
24.8123 	EXP 	hiddenobserver: autoDraw = False
24.8123 	EXP 	slider: autoDraw = False
24.8123 	EXP 	primertext: autoDraw = False
24.8123 	EXP 	slider: markerPos = None
24.8123 	EXP 	slider: markerPos = None
24.8123 	EXP 	primertext: text = "You're great"
24.8123 	EXP 	prankText: autoDraw = True
24.8123 	EXP 	slider: autoDraw = True
24.8123 	EXP 	primertext: autoDraw = True
24.8201 	EXP 	primertext: autoDraw = False
24.8306 	EXP 	promptText: autoDraw = True
24.8306 	EXP 	hiddenobserver: autoDraw = True
24.8751 	DATA 	Mouse: Left button down, pos=(1316,222)
24.8869 	EXP 	slider: markerPos = 6.807407408952713
24.8979 	EXP 	slider: markerPos = 6.807407408952713
24.9088 	EXP 	slider: markerPos = 6.807407408952713
24.9198 	EXP 	slider: markerPos = 6.807407408952713
24.9308 	EXP 	slider: markerPos = 6.807407408952713
24.9418 	EXP 	slider: markerPos = 6.807407408952713
24.9522 	DATA 	Mouse:  Left button up, pos=(1316,222)
24.9528 	EXP 	slider: markerPos = 6.807407408952713
24.9639 	EXP 	slider: markerPos = 7.0
24.9662 	EXP 	New trial (rep=4, index=0): None
24.9791 	EXP 	prankText: autoDraw = False
24.9791 	EXP 	promptText: autoDraw = False
24.9791 	EXP 	hiddenobserver: autoDraw = False
24.9791 	EXP 	slider: autoDraw = False
24.9791 	EXP 	primertext: autoDraw = False
24.9791 	EXP 	slider: markerPos = None
24.9791 	EXP 	slider: markerPos = None
24.9791 	EXP 	primertext: text = "You're great"
24.9791 	EXP 	prankText: autoDraw = True
24.9791 	EXP 	slider: autoDraw = True
24.9791 	EXP 	primertext: autoDraw = True
24.9869 	EXP 	primertext: autoDraw = False
24.9979 	EXP 	promptText: autoDraw = True
24.9979 	EXP 	hiddenobserver: autoDraw = True
25.0515 	DATA 	Mouse: Left button down, pos=(1316,222)
25.0646 	EXP 	slider: markerPos = 6.807407408952713
25.0759 	EXP 	slider: markerPos = 6.807407408952713
25.0872 	EXP 	slider: markerPos = 6.807407408952713
25.0984 	EXP 	slider: markerPos = 6.807407408952713
25.1097 	EXP 	slider: markerPos = 6.807407408952713
25.1206 	EXP 	slider: markerPos = 6.807407408952713
25.1309 	DATA 	Mouse:  Left button up, pos=(1316,222)
25.1315 	EXP 	slider: markerPos = 6.807407408952713
25.1422 	EXP 	slider: markerPos = 7.0
25.1445 	EXP 	New trial (rep=5, index=0): None
25.1577 	EXP 	prankText: autoDraw = False
25.1577 	EXP 	promptText: autoDraw = False
25.1577 	EXP 	hiddenobserver: autoDraw = False
25.1577 	EXP 	slider: autoDraw = False
25.1577 	EXP 	primertext: autoDraw = False
25.1577 	EXP 	slider: markerPos = None
25.1577 	EXP 	slider: markerPos = None
25.1577 	EXP 	primertext: text = "You're great"
25.1577 	EXP 	prankText: autoDraw = True
25.1577 	EXP 	slider: autoDraw = True
25.1577 	EXP 	primertext: autoDraw = True
25.1654 	EXP 	primertext: autoDraw = False
25.1759 	EXP 	promptText: autoDraw = True
25.1759 	EXP 	hiddenobserver: autoDraw = True
25.2268 	DATA 	Mouse: Left button down, pos=(1316,222)
25.2386 	EXP 	slider: markerPos = 6.807407408952713
25.2495 	EXP 	slider: markerPos = 6.807407408952713
25.2605 	EXP 	slider: markerPos = 6.807407408952713
25.2714 	EXP 	slider: markerPos = 6.807407408952713
25.2824 	EXP 	slider: markerPos = 6.807407408952713
25.2933 	EXP 	slider: markerPos = 6.807407408952713
25.3042 	EXP 	slider: markerPos = 6.807407408952713
25.3057 	DATA 	Mouse:  Left button up, pos=(1316,222)
25.3149 	EXP 	slider: markerPos = 7.0
25.3175 	EXP 	New trial (rep=3, index=0): None
25.3216 	EXP 	prankText: autoDraw = False
25.3216 	EXP 	promptText: autoDraw = False
25.3216 	EXP 	hiddenobserver: autoDraw = False
25.3216 	EXP 	slider: autoDraw = False
25.3216 	EXP 	primertext: autoDraw = False
25.3216 	EXP 	prankNumberText: height = 0.1
25.3216 	EXP 	prankNumberText: height = 0.1
25.3216 	EXP 	prankNumberText: height = 0.1
25.3216 	EXP 	prankNumberText: text = 'Prank 4'
25.3216 	EXP 	prankNumberText: autoDraw = True
25.3995 	DATA 	Mouse: Left button down, pos=(1316,222)
25.4832 	DATA 	Mouse:  Left button up, pos=(1316,222)
25.5738 	DATA 	Mouse: Left button down, pos=(1316,222)
25.6439 	DATA 	Mouse:  Left button up, pos=(1316,222)
27.3162 	EXP 	Created sequence: sequential, trialTypes=1, nReps=6, seed=None
27.3163 	EXP 	New trial (rep=0, index=0): None
27.3429 	EXP 	prankNumberText: autoDraw = False
27.3429 	EXP 	prankNumberText: autoDraw = False
27.3429 	EXP 	slider: markerPos = None
27.3429 	EXP 	slider: markerPos = None
27.3429 	EXP 	primertext: text = "You're great"
27.3429 	EXP 	prankText: autoDraw = True
27.3429 	EXP 	slider: autoDraw = True
27.3429 	EXP 	primertext: autoDraw = True
27.3519 	EXP 	primertext: autoDraw = False
27.3622 	EXP 	promptText: autoDraw = True
27.3622 	EXP 	hiddenobserver: autoDraw = True
27.5867 	DATA 	Mouse: Left button down, pos=(1316,222)
27.5965 	EXP 	slider: markerPos = 6.807407408952713
27.6075 	EXP 	slider: markerPos = 6.807407408952713
27.6184 	EXP 	slider: markerPos = 6.807407408952713
27.6287 	DATA 	Mouse:  Left button up, pos=(1316,222)
27.6292 	EXP 	slider: markerPos = 6.807407408952713
27.6406 	EXP 	slider: markerPos = 7.0
27.6431 	EXP 	New trial (rep=1, index=0): None
27.6567 	EXP 	prankText: autoDraw = False
27.6567 	EXP 	promptText: autoDraw = False
27.6567 	EXP 	hiddenobserver: autoDraw = False
27.6567 	EXP 	slider: autoDraw = False
27.6567 	EXP 	primertext: autoDraw = False
27.6567 	EXP 	slider: markerPos = None
27.6567 	EXP 	slider: markerPos = None
27.6567 	EXP 	primertext: text = "You're great"
27.6567 	EXP 	prankText: autoDraw = True
27.6567 	EXP 	slider: autoDraw = True
27.6567 	EXP 	primertext: autoDraw = True
27.6644 	EXP 	primertext: autoDraw = False
27.6749 	EXP 	promptText: autoDraw = True
27.6749 	EXP 	hiddenobserver: autoDraw = True
27.7538 	DATA 	Mouse: Left button down, pos=(1316,222)
27.7656 	EXP 	slider: markerPos = 6.807407408952713
27.7765 	EXP 	slider: markerPos = 6.807407408952713
27.7875 	EXP 	slider: markerPos = 6.807407408952713
27.7984 	EXP 	slider: markerPos = 6.807407408952713
27.8093 	EXP 	slider: markerPos = 6.807407408952713
27.8195 	DATA 	Mouse:  Left button up, pos=(1316,222)
27.8201 	EXP 	slider: markerPos = 6.807407408952713
27.8307 	EXP 	slider: markerPos = 7.0
27.8330 	EXP 	New trial (rep=2, index=0): None
27.8458 	EXP 	prankText: autoDraw = False
27.8458 	EXP 	promptText: autoDraw = False
27.8458 	EXP 	hiddenobserver: autoDraw = False
27.8458 	EXP 	slider: autoDraw = False
27.8458 	EXP 	primertext: autoDraw = False
27.8458 	EXP 	slider: markerPos = None
27.8458 	EXP 	slider: markerPos = None
27.8458 	EXP 	primertext: text = "You're great"
27.8458 	EXP 	prankText: autoDraw = True
27.8458 	EXP 	slider: autoDraw = True
27.8458 	EXP 	primertext: autoDraw = True
27.8534 	EXP 	primertext: autoDraw = False
27.8645 	EXP 	promptText: autoDraw = True
27.8645 	EXP 	hiddenobserver: autoDraw = True
27.9252 	DATA 	Mouse: Left button down, pos=(1316,222)
27.9348 	EXP 	slider: markerPos = 6.807407408952713
27.9457 	EXP 	slider: markerPos = 6.807407408952713
27.9566 	EXP 	slider: markerPos = 6.807407408952713
27.9675 	EXP 	slider: markerPos = 6.807407408952713
27.9784 	EXP 	slider: markerPos = 6.807407408952713
27.9893 	EXP 	slider: markerPos = 6.807407408952713
28.0002 	EXP 	slider: markerPos = 6.807407408952713
28.0017 	DATA 	Mouse:  Left button up, pos=(1316,222)
28.0110 	EXP 	slider: markerPos = 7.0
28.0134 	EXP 	New trial (rep=3, index=0): None
28.0266 	EXP 	prankText: autoDraw = False
28.0266 	EXP 	promptText: autoDraw = False
28.0266 	EXP 	hiddenobserver: autoDraw = False
28.0266 	EXP 	slider: autoDraw = False
28.0266 	EXP 	primertext: autoDraw = False
28.0266 	EXP 	slider: markerPos = None
28.0266 	EXP 	slider: markerPos = None
28.0266 	EXP 	primertext: text = "You're great"
28.0266 	EXP 	prankText: autoDraw = True
28.0266 	EXP 	slider: autoDraw = True
28.0266 	EXP 	primertext: autoDraw = True
28.0343 	EXP 	primertext: autoDraw = False
28.0446 	EXP 	promptText: autoDraw = True
28.0446 	EXP 	hiddenobserver: autoDraw = True
28.1196 	DATA 	Mouse: Left button down, pos=(1316,222)
28.1314 	EXP 	slider: markerPos = 6.807407408952713
28.1423 	EXP 	slider: markerPos = 6.807407408952713
28.1535 	EXP 	slider: markerPos = 6.807407408952713
28.1643 	EXP 	slider: markerPos = 6.807407408952713
28.1753 	EXP 	slider: markerPos = 6.807407408952713
28.1768 	DATA 	Mouse:  Left button up, pos=(1316,222)
28.1861 	EXP 	slider: markerPos = 7.0
28.1886 	EXP 	New trial (rep=4, index=0): None
28.2030 	EXP 	prankText: autoDraw = False
28.2030 	EXP 	promptText: autoDraw = False
28.2030 	EXP 	hiddenobserver: autoDraw = False
28.2030 	EXP 	slider: autoDraw = False
28.2030 	EXP 	primertext: autoDraw = False
28.2030 	EXP 	slider: markerPos = None
28.2030 	EXP 	slider: markerPos = None
28.2030 	EXP 	primertext: text = "You're great"
28.2030 	EXP 	prankText: autoDraw = True
28.2030 	EXP 	slider: autoDraw = True
28.2030 	EXP 	primertext: autoDraw = True
28.2106 	EXP 	primertext: autoDraw = False
28.2217 	EXP 	promptText: autoDraw = True
28.2217 	EXP 	hiddenobserver: autoDraw = True
28.2892 	DATA 	Mouse: Left button down, pos=(1316,222)
28.3011 	EXP 	slider: markerPos = 6.807407408952713
28.3121 	EXP 	slider: markerPos = 6.807407408952713
28.3230 	EXP 	slider: markerPos = 6.807407408952713
28.3338 	EXP 	slider: markerPos = 6.807407408952713
28.3447 	EXP 	slider: markerPos = 6.807407408952713
28.3556 	EXP 	slider: markerPos = 6.807407408952713
28.3658 	DATA 	Mouse:  Left button up, pos=(1316,222)
28.3663 	EXP 	slider: markerPos = 6.807407408952713
28.3771 	EXP 	slider: markerPos = 7.0
28.3794 	EXP 	New trial (rep=5, index=0): None
28.3922 	EXP 	prankText: autoDraw = False
28.3922 	EXP 	promptText: autoDraw = False
28.3922 	EXP 	hiddenobserver: autoDraw = False
28.3922 	EXP 	slider: autoDraw = False
28.3922 	EXP 	primertext: autoDraw = False
28.3922 	EXP 	slider: markerPos = None
28.3922 	EXP 	slider: markerPos = None
28.3922 	EXP 	primertext: text = "You're great"
28.3922 	EXP 	prankText: autoDraw = True
28.3922 	EXP 	slider: autoDraw = True
28.3922 	EXP 	primertext: autoDraw = True
28.3999 	EXP 	primertext: autoDraw = False
28.4101 	EXP 	promptText: autoDraw = True
28.4101 	EXP 	hiddenobserver: autoDraw = True
28.4628 	DATA 	Mouse: Left button down, pos=(1316,222)
28.4745 	EXP 	slider: markerPos = 6.807407408952713
28.4853 	EXP 	slider: markerPos = 6.807407408952713
28.4963 	EXP 	slider: markerPos = 6.807407408952713
28.5071 	EXP 	slider: markerPos = 6.807407408952713
28.5180 	EXP 	slider: markerPos = 6.807407408952713
28.5290 	EXP 	slider: markerPos = 6.807407408952713
28.5398 	DATA 	Mouse:  Left button up, pos=(1316,222)
28.5404 	EXP 	slider: markerPos = 6.807407408952713
28.5516 	EXP 	slider: markerPos = 7.0
28.5542 	EXP 	New trial (rep=4, index=0): None
28.5586 	EXP 	prankText: autoDraw = False
28.5586 	EXP 	promptText: autoDraw = False
28.5586 	EXP 	hiddenobserver: autoDraw = False
28.5586 	EXP 	slider: autoDraw = False
28.5586 	EXP 	primertext: autoDraw = False
28.5586 	EXP 	prankNumberText: height = 0.1
28.5586 	EXP 	prankNumberText: height = 0.1
28.5586 	EXP 	prankNumberText: height = 0.1
28.5586 	EXP 	prankNumberText: text = 'Prank 5'
28.5586 	EXP 	prankNumberText: autoDraw = True
28.6396 	DATA 	Mouse: Left button down, pos=(1316,222)
28.7024 	DATA 	Mouse:  Left button up, pos=(1316,222)
30.5561 	EXP 	Created sequence: sequential, trialTypes=1, nReps=6, seed=None
30.5563 	EXP 	New trial (rep=0, index=0): None
30.5830 	EXP 	prankNumberText: autoDraw = False
30.5830 	EXP 	slider: markerPos = None
30.5830 	EXP 	slider: markerPos = None
30.5830 	EXP 	primertext: text = "You're great"
30.5830 	EXP 	prankText: autoDraw = True
30.5830 	EXP 	slider: autoDraw = True
30.5830 	EXP 	primertext: autoDraw = True
30.5909 	EXP 	primertext: autoDraw = False
30.6014 	EXP 	promptText: autoDraw = True
30.6014 	EXP 	hiddenobserver: autoDraw = True
30.9822 	DATA 	Mouse: Left button down, pos=(1316,221)
30.9945 	EXP 	slider: markerPos = 6.807407408952713
31.0058 	EXP 	slider: markerPos = 6.807407408952713
31.0167 	EXP 	slider: markerPos = 6.807407408952713
31.0269 	DATA 	Mouse:  Left button up, pos=(1316,221)
31.0275 	EXP 	slider: markerPos = 6.807407408952713
31.0381 	EXP 	slider: markerPos = 7.0
31.0405 	EXP 	New trial (rep=1, index=0): None
31.0534 	EXP 	prankText: autoDraw = False
31.0534 	EXP 	promptText: autoDraw = False
31.0534 	EXP 	hiddenobserver: autoDraw = False
31.0534 	EXP 	slider: autoDraw = False
31.0534 	EXP 	primertext: autoDraw = False
31.0534 	EXP 	slider: markerPos = None
31.0534 	EXP 	slider: markerPos = None
31.0534 	EXP 	primertext: text = "You're great"
31.0534 	EXP 	prankText: autoDraw = True
31.0534 	EXP 	slider: autoDraw = True
31.0534 	EXP 	primertext: autoDraw = True
31.0610 	EXP 	primertext: autoDraw = False
31.0714 	EXP 	promptText: autoDraw = True
31.0714 	EXP 	hiddenobserver: autoDraw = True
31.1507 	DATA 	Mouse: Left button down, pos=(1316,221)
31.1625 	EXP 	slider: markerPos = 6.807407408952713
31.1734 	EXP 	slider: markerPos = 6.807407408952713
31.1844 	EXP 	slider: markerPos = 6.807407408952713
31.1953 	EXP 	slider: markerPos = 6.807407408952713
31.2056 	DATA 	Mouse:  Left button up, pos=(1316,221)
31.2062 	EXP 	slider: markerPos = 6.807407408952713
31.2174 	EXP 	slider: markerPos = 7.0
31.2199 	EXP 	New trial (rep=2, index=0): None
31.2333 	EXP 	prankText: autoDraw = False
31.2333 	EXP 	promptText: autoDraw = False
31.2333 	EXP 	hiddenobserver: autoDraw = False
31.2333 	EXP 	slider: autoDraw = False
31.2333 	EXP 	primertext: autoDraw = False
31.2333 	EXP 	slider: markerPos = None
31.2333 	EXP 	slider: markerPos = None
31.2333 	EXP 	primertext: text = "You're great"
31.2333 	EXP 	prankText: autoDraw = True
31.2333 	EXP 	slider: autoDraw = True
31.2333 	EXP 	primertext: autoDraw = True
31.2410 	EXP 	primertext: autoDraw = False
31.2513 	EXP 	promptText: autoDraw = True
31.2513 	EXP 	hiddenobserver: autoDraw = True
31.3122 	DATA 	Mouse: Left button down, pos=(1316,221)
31.3239 	EXP 	slider: markerPos = 6.807407408952713
31.3348 	EXP 	slider: markerPos = 6.807407408952713
31.3472 	EXP 	slider: markerPos = 6.807407408952713
31.3584 	EXP 	slider: markerPos = 6.807407408952713
31.3694 	EXP 	slider: markerPos = 6.807407408952713
31.3797 	DATA 	Mouse:  Left button up, pos=(1316,221)
31.3803 	EXP 	slider: markerPos = 6.807407408952713
31.3909 	EXP 	slider: markerPos = 7.0
31.3932 	EXP 	New trial (rep=3, index=0): None
31.4062 	EXP 	prankText: autoDraw = False
31.4062 	EXP 	promptText: autoDraw = False
31.4062 	EXP 	hiddenobserver: autoDraw = False
31.4062 	EXP 	slider: autoDraw = False
31.4062 	EXP 	primertext: autoDraw = False
31.4062 	EXP 	slider: markerPos = None
31.4062 	EXP 	slider: markerPos = None
31.4062 	EXP 	primertext: text = "You're great"
31.4062 	EXP 	prankText: autoDraw = True
31.4062 	EXP 	slider: autoDraw = True
31.4062 	EXP 	primertext: autoDraw = True
31.4138 	EXP 	primertext: autoDraw = False
31.4241 	EXP 	promptText: autoDraw = True
31.4241 	EXP 	hiddenobserver: autoDraw = True
31.4508 	DATA 	Mouse: Left button down, pos=(1316,221)
31.4606 	EXP 	slider: markerPos = 6.807407408952713
31.4719 	EXP 	slider: markerPos = 6.807407408952713
31.4828 	EXP 	slider: markerPos = 6.807407408952713
31.4939 	EXP 	slider: markerPos = 6.807407408952713
31.5048 	EXP 	slider: markerPos = 6.807407408952713
31.5158 	EXP 	slider: markerPos = 6.807407408952713
31.5268 	EXP 	slider: markerPos = 6.807407408952713
31.5370 	DATA 	Mouse:  Left button up, pos=(1316,221)
31.5376 	EXP 	slider: markerPos = 6.807407408952713
31.5484 	EXP 	slider: markerPos = 7.0
31.5507 	EXP 	New trial (rep=4, index=0): None
31.5635 	EXP 	prankText: autoDraw = False
31.5635 	EXP 	promptText: autoDraw = False
31.5635 	EXP 	hiddenobserver: autoDraw = False
31.5635 	EXP 	slider: autoDraw = False
31.5635 	EXP 	primertext: autoDraw = False
31.5635 	EXP 	slider: markerPos = None
31.5635 	EXP 	slider: markerPos = None
31.5635 	EXP 	primertext: text = "You're great"
31.5635 	EXP 	prankText: autoDraw = True
31.5635 	EXP 	slider: autoDraw = True
31.5635 	EXP 	primertext: autoDraw = True
31.5713 	EXP 	primertext: autoDraw = False
31.5825 	EXP 	promptText: autoDraw = True
31.5825 	EXP 	hiddenobserver: autoDraw = True
31.6183 	DATA 	Mouse: Left button down, pos=(1316,221)
31.6311 	EXP 	slider: markerPos = 6.807407408952713
31.6419 	EXP 	slider: markerPos = 6.807407408952713
31.6529 	EXP 	slider: markerPos = 6.807407408952713
31.6639 	EXP 	slider: markerPos = 6.807407408952713
31.6748 	EXP 	slider: markerPos = 6.807407408952713
31.6858 	EXP 	slider: markerPos = 6.807407408952713
31.6872 	DATA 	Mouse:  Left button up, pos=(1316,221)
31.6965 	EXP 	slider: markerPos = 7.0
31.6990 	EXP 	New trial (rep=5, index=0): None
31.7122 	EXP 	prankText: autoDraw = False
31.7122 	EXP 	promptText: autoDraw = False
31.7122 	EXP 	hiddenobserver: autoDraw = False
31.7122 	EXP 	slider: autoDraw = False
31.7122 	EXP 	primertext: autoDraw = False
31.7122 	EXP 	slider: markerPos = None
31.7122 	EXP 	slider: markerPos = None
31.7122 	EXP 	primertext: text = "You're great"
31.7122 	EXP 	prankText: autoDraw = True
31.7122 	EXP 	slider: autoDraw = True
31.7122 	EXP 	primertext: autoDraw = True
31.7203 	EXP 	primertext: autoDraw = False
31.7308 	EXP 	promptText: autoDraw = True
31.7308 	EXP 	hiddenobserver: autoDraw = True
31.7758 	DATA 	Mouse: Left button down, pos=(1316,221)
31.7875 	EXP 	slider: markerPos = 6.807407408952713
31.7984 	EXP 	slider: markerPos = 6.807407408952713
31.8093 	EXP 	slider: markerPos = 6.807407408952713
31.8202 	EXP 	slider: markerPos = 6.807407408952713
31.8312 	EXP 	slider: markerPos = 6.807407408952713
31.8413 	DATA 	Mouse:  Left button up, pos=(1316,221)
31.8419 	EXP 	slider: markerPos = 6.807407408952713
31.8525 	EXP 	slider: markerPos = 7.0
31.9405 	DATA 	Mouse: Left button down, pos=(1316,221)
32.0042 	DATA 	Mouse:  Left button up, pos=(1316,221)
32.0049 	EXP 	prankText: autoDraw = False
32.0049 	EXP 	promptText: autoDraw = False
32.0049 	EXP 	hiddenobserver: autoDraw = False
32.0049 	EXP 	slider: autoDraw = False
32.0049 	EXP 	primertext: autoDraw = False
32.0049 	EXP 	respectform: autoDraw = True
32.1495 	DATA 	Mouse: Left button down, pos=(1316,221)
32.1496 	DATA 	Mouse:  Left button up, pos=(1316,221)
35.4129 	DATA 	Mouse: wheel shift=(0,-1), pos=(1341,331)
36.3128 	DATA 	Mouse: Left button down, pos=(1356,459)
36.3383 	DATA 	Mouse:  Left button up, pos=(1356,459)
36.9389 	DATA 	Mouse: Left button down, pos=(1352,455)
36.9983 	DATA 	Mouse:  Left button up, pos=(1352,455)
37.2350 	DATA 	Mouse: Left button down, pos=(1352,455)
37.2951 	DATA 	Mouse:  Left button up, pos=(1352,454)
38.2676 	DATA 	Mouse: Left button down, pos=(1100,454)
38.3229 	DATA 	Mouse:  Left button up, pos=(1100,454)
38.8002 	DATA 	Mouse: wheel shift=(0,-2), pos=(1284,398)
38.8650 	DATA 	Mouse: wheel shift=(0,-4), pos=(1284,398)
39.8817 	DATA 	Mouse: Left button down, pos=(1265,406)
39.9413 	DATA 	Mouse:  Left button up, pos=(1265,406)
40.6542 	DATA 	Mouse: Left button down, pos=(1076,407)
40.7436 	DATA 	Mouse:  Left button up, pos=(1076,407)
41.2976 	DATA 	Mouse: Left button down, pos=(976,406)
41.3578 	DATA 	Mouse:  Left button up, pos=(976,406)
42.1616 	DATA 	Mouse: Left button down, pos=(1171,399)
42.2379 	DATA 	Mouse:  Left button up, pos=(1171,399)
42.8286 	DATA 	Mouse: Left button down, pos=(1187,402)
42.9300 	DATA 	Mouse:  Left button up, pos=(1186,402)
43.3085 	DATA 	Mouse: Left button down, pos=(1186,402)
43.3555 	DATA 	Mouse:  Left button up, pos=(1186,402)
43.4699 	DATA 	Mouse: Left button down, pos=(1186,402)
43.5423 	DATA 	Mouse:  Left button up, pos=(1186,402)
43.6310 	DATA 	Mouse: Left button down, pos=(1186,402)
43.6776 	DATA 	Mouse:  Left button up, pos=(1186,402)
44.0228 	DATA 	Mouse: wheel shift=(0,-1), pos=(1199,384)
44.0524 	DATA 	Mouse: wheel shift=(0,-1), pos=(1200,384)
44.0828 	DATA 	Mouse: wheel shift=(0,-1), pos=(1200,384)
44.1121 	DATA 	Mouse: wheel shift=(0,-1), pos=(1200,384)
45.5998 	DATA 	Mouse: Left button down, pos=(1269,260)
45.6538 	DATA 	Mouse:  Left button up, pos=(1269,260)
45.7603 	DATA 	Mouse: Left button down, pos=(1269,260)
45.8440 	DATA 	Mouse:  Left button up, pos=(1269,260)
46.1339 	DATA 	Mouse: Left button down, pos=(1261,258)
46.1943 	DATA 	Mouse:  Left button up, pos=(1261,258)
46.2942 	DATA 	Mouse: Left button down, pos=(1261,258)
46.3545 	DATA 	Mouse:  Left button up, pos=(1261,258)
47.8411 	DATA 	Keypress: escape
48.1995 	EXP 	window1: mouseVisible = True
