1.1764 	WARNING 	We strongly recommend you activate the PTB sound engine in PsychoPy prefs as the preferred audio engine. Its timing is vastly superior. Your prefs are currently set to use ['sounddevice', 'PTB', 'pyo', 'pygame'] (in that order).
5.2608 	WARNING 	User requested fullscreen with size [1024  768], but screen is actually [1920, 1080]. Using actual size
5.6455 	EXP 	Created window1 = Window(allowGUI=False, allowStencil=False, autoLog=True, backendConf=UNKNOWN, bitsMode=UNKNOWN, blendMode='avg', bpc=(8, 8, 8), color=array([0, 0, 0]), colorSpace='rgb', depthBits=8, fullscr=<method-wrapper '__getattribute__' of attributeSetter object at 0x0000023EFC360EE0>, gamma=None, gammaErrorPolicy='raise', lms=UNKNOWN, monitor=<psychopy.monitors.calibTools.Monitor object at 0x0000023EFB7AA7F0>, multiSample=False, name='window1', numSamples=2, pos=(0, 0), screen=0, size=array([1920, 1080]), stencilBits=0, stereo=False, units='height', useFBO=True, useRetina=False, viewOri=0.0, viewPos=None, viewScale=None, waitBlanking=True, winType='pyglet')
5.6458 	EXP 	window1: mouseVisible = True
5.6458 	EXP 	window1: Attempting to measure frame rate of screen (0) ...
5.6458 	EXP 	window1: recordFrameIntervals = False
5.7312 	EXP 	window1: recordFrameIntervals = True
5.7476 	WARNING 	t of last frame was 9.60ms (=1/104)
5.7632 	WARNING 	t of last frame was 8.69ms (=1/115)
5.8129 	EXP 	Screen (0) actual frame rate measured at 133.87Hz
5.8129 	EXP 	window1: recordFrameIntervals = False
7.3524 	EXP 	window1: mouseVisible = True
7.3566 	EXP 	Imported informationletter.csv as conditions, 12 conditions, 13 params
7.3572 	EXP 	Question text: Information Letter
7.3850 	EXP 	Question text: Project Title: It's All Fun and Pranks
7.4171 	EXP 	Question text: Faculty Investigator: Dr. Chris Burris, Psychology (St. Jerome's). 519-884-8111x28213 (cburris@uwaterloo.ca)
7.4578 	EXP 	Question text: Student Investigator: Maya Karmakar-Johnson, Psychology (mkarmaka@uwaterloo.ca)
7.4652 	EXP 	Question text: This online research is being conducted as part of the Student Investigator's undergraduate honours thesis. It focuses on how people react to pranking behaviour and factors that affect those reactions.
7.4758 	EXP 	Question text: In this study, you will be asked first to read several short accounts of actual pranks and then react to each (for example, how funny you did – or didn't – find that prank to be). You will then be asked to complete two short measures concerning your responses to how other people interact with you – specifically, how important feeling respected and dealing with anger are for you. Finally, we'll ask you to complete a brief demographic questionnaire that asks basic questions such as your age and gender (so that we can accurately summarize the study sample's characteristics in any future reports). After that, you'll be able to learn more about the study's purpose.
7.4981 	EXP 	Question text: We expect this study to take no more than 30 minutes of your time. Participation is voluntary. Although no direct benefits to you are anticipated, we hope that you will learn more about the variety of research methods that are employed to test psychological hypotheses. In appreciation for your participation, you will receive 0.5 participation credits toward your applicable Psychology class.
7.5133 	EXP 	Question text: The risks associated with participation in the study are expected to be no greater than what you might experience in your day-to-day life. Indeed, reacting to others' embarrassing or awkward experiences, as well as how we deal with how people treat us, are common experiences for many. Having said that, you may choose not to complete any proportion of the study but will still receive your 0.5 participation credit. If you do choose to withdraw from the study before reaching the end, we would ask that you please skip to the end to read the feedback letter. Once you have submitted your responses it is not possible to withdraw your consent to participate, however, as we have no way of knowing which responses are yours.
7.5348 	EXP 	Question text: You will be completing the study by an online survey operated by Qualtrics. Qualtrics has implemented technical, administrative, and physical safeguards to protect the information provided via the Services from loss, misuse, and unauthorized access, disclosure, alteration, or destruction. However, no Internet transmission is ever fully secure or error free. University of Waterloo researchers will not collect or use internet protocol (IP) addresses or other information which could link your participation to your computer or electronic device without first informing you.
7.5537 	EXP 	Question text: Your identity will be confidential: your questionnaire responses will be identified by a code. You will not be identified by name in any report, publication, or presentation resulting from this study. If you choose to participate your data will be stored for at least 5 years on the password-protected computer on the Faculty Investigator.
7.5634 	EXP 	Question text: If you have any questions about the study, either before or after participating, please feel free to contact the Faculty Investigator as shown above.
7.5690 	EXP 	Question text: This study has been reviewed and received ethics clearance through a University of Waterloo Research Ethics Board (REB# 44380). If you have questions for the Board, contact the Office of Research Ethics, at 1-519-888-4567 ext. 36005 or reb@uwaterloo.ca
7.5944 	EXP 	window1: mouseVisible = True
7.6445 	EXP 	Created infoletter = <psychopy.visual.form.Form object at 0x0000023EFDB55160>
7.6478 	EXP 	window1: mouseVisible = True
7.6512 	EXP 	Imported consentform.csv as conditions, 8 conditions, 13 params
7.6517 	EXP 	Question text: Consent for Participation
7.6664 	EXP 	Question text: By consenting to participate, you are not waiving your legal rights or releasing the investigator(s) or involved institution(s) from their legal and professional responsibilities.
7.6726 	EXP 	Question text: I have read the information presented in the information letter about a study being conducted under the supervision of Chris Burris, Department of Psychology, St. Jerome's University (cburris@uwaterloo.ca). I have made this decision based on the information provided. I have had the opportunity to ask any questions related to this study, to receive satisfactory answers to my questions, and any additional details I wanted.
7.6841 	EXP 	Question text: As a participant in this online study, I am aware that my identity will remain confidential.
7.6875 	EXP 	Question text: I am aware that I may withdraw from participating before reaching the end of the study without penalty.
7.6910 	EXP 	Question text: This study has been reviewed and received ethics clearance through a University of Waterloo Research Ethics Committee (REB# 44380). If you have questions for the Committee, contact the Office of Research Ethics at 1-519-888-4567 ext. 36005 or ore-ceo@uwaterloo.ca
7.6994 	EXP 	Question text: If you have any questions about the study, either before or after participating, please feel free to contact the Faculty Investigator.
7.7034 	EXP 	Question text: I agree to participate in this study:
7.7069 	EXP 	window1: mouseVisible = True
7.7285 	EXP 	window1: mouseVisible = True
7.7532 	EXP 	Created consentform = <psychopy.visual.form.Form object at 0x0000023EFB73B430>
7.7566 	EXP 	window1: mouseVisible = True
7.7598 	EXP 	Imported HO.csv as conditions, 3 conditions, 13 params
7.7603 	EXP 	Question text: Instructions
7.7654 	EXP 	Question text: Imagine that there exists a part deep within you that you could call the "hidden observer." This part of you knows every detail of all behaviour and thought processes that go on within you and is aware of the deepest intimate information about yourself. However, it cannot be asked to talk about this intimate information unless it is allowed by you to do so.
7.7768 	EXP 	Question text: Five brief descriptions of prank experiences from the target's perspective (taken from the website fmylife.com) appear below. Please read each one and - from the perspective of your "hidden observer" - rate your reactions to it.
7.7846 	EXP 	window1: mouseVisible = True
7.7990 	EXP 	Created instructionsform = <psychopy.visual.form.Form object at 0x0000023EFB5F0820>
7.8119 	EXP 	Created text = TextStim(__class__=<class 'psychopy.visual.text.TextStim'>, alignHoriz=method-wrapper(...), alignText='center', alignVert=method-wrapper(...), anchorHoriz='center', anchorVert='center', antialias=True, autoDraw=False, autoLog=True, bold=False, color=array([1., 1., 1.]), colorSpace='rgb', contrast=1.0, depth=0.0, flipHoriz=False, flipVert=False, font='Open Sans', fontFiles=[], height=0.1, italic=False, languageStyle='LTR', name='text', opacity=1.0, ori=0.0, pos=array([0., 0.]), rgb=UNKNOWN, text='', units='height', win=Window(...), wrapWidth=1)
7.8130 	EXP 	Created prankText = TextStim(__class__=<class 'psychopy.visual.text.TextStim'>, alignHoriz=method-wrapper(...), alignText='center', alignVert=method-wrapper(...), anchorHoriz='center', anchorVert='center', antialias=True, autoDraw=False, autoLog=True, bold=False, color=array([1., 1., 1.]), colorSpace='rgb', contrast=1.0, depth=0.0, flipHoriz=False, flipVert=False, font='Open Sans', fontFiles=[], height=0.04, italic=False, languageStyle='LTR', name='prankText', opacity=1.0, ori=0.0, pos=array([0. , 0.2]), rgb=UNKNOWN, text='', units='height', win=Window(...), wrapWidth=1)
7.8140 	EXP 	Created promptText = TextStim(__class__=<class 'psychopy.visual.text.TextStim'>, alignHoriz=method-wrapper(...), alignText='center', alignVert=method-wrapper(...), anchorHoriz='center', anchorVert='center', antialias=True, autoDraw=False, autoLog=True, bold=False, color=array([1., 1., 1.]), colorSpace='rgb', contrast=1.0, depth=-1.0, flipHoriz=False, flipVert=False, font='Open Sans', fontFiles=[], height=0.03, italic=False, languageStyle='LTR', name='promptText', opacity=1.0, ori=0.0, pos=array([ 0.  , -0.11]), rgb=UNKNOWN, text='', units='height', win=Window(...), wrapWidth=1)
7.8442 	EXP 	Created hiddenobserver = TextStim(__class__=<class 'psychopy.visual.text.TextStim'>, alignHoriz=method-wrapper(...), alignText='center', alignVert=method-wrapper(...), anchorHoriz='center', anchorVert='center', antialias=True, autoDraw=False, autoLog=True, bold=False, color=array([1., 1., 1.]), colorSpace='rgb', contrast=1.0, depth=-2.0, flipHoriz=False, flipVert=False, font='Open Sans', fontFiles=[], height=0.03, italic=False, languageStyle='LTR', name='hiddenobserver', opacity=1.0, ori=0.0, pos=array([ 0.  , -0.05]), rgb=UNKNOWN, text='My "hidden observer" says that:', units='height', win=Window(...), wrapWidth=1)
7.8487 	EXP 	window1: mouseVisible = True
7.9427 	EXP 	Created slider = Slider(__class__=<class 'psychopy.visual.slider.Slider'>, autoDraw=False, autoLog=True, borderColor=None, color=None, colorSpace='rgb', depth=-3, fillColor=None, flip=True, font='Open Sans', granularity=1.0, labelColor=None, labelHeight=0.05, labelWrapWidth=None, labels=tuple(...), lineColor=None, markerColor=None, name='slider', opacity=None, ori=0.0, pos=array([ 0. , -0.3]), readOnly=False, self=UNKNOWN, size=array([1.  , 0.07]), startValue=None, style='rating', styleTweaks=[], ticks=array([1, 2, 3, 4, 5, 6, 7, 8]), units='height', win=Window(...))
7.9436 	EXP 	Created primertext = TextStim(__class__=<class 'psychopy.visual.text.TextStim'>, alignHoriz=method-wrapper(...), alignText='center', alignVert=method-wrapper(...), anchorHoriz='center', anchorVert='center', antialias=True, autoDraw=False, autoLog=True, bold=False, color=array([0.2098, 0.2098, 0.2059]), colorSpace='rgb', contrast=1.0, depth=-5.0, flipHoriz=False, flipVert=False, font='Open Sans', fontFiles=[], height=0.05, italic=False, languageStyle='LTR', name='primertext', opacity=1.0, ori=0.0, pos=array([0., 0.]), rgb=UNKNOWN, text='', units='height', win=Window(...), wrapWidth=1)
7.9471 	EXP 	Imported aboutrespect_part1.csv as conditions, 8 conditions, 13 params
7.9479 	EXP 	Question text: About Respect
7.9597 	EXP 	Question text: The following questions ask you about what you think other people are like and what you think about how they act.
7.9636 	EXP 	Question text: I feel disrespected when people don’t include me in the group.
7.9689 	EXP 	window1: mouseVisible = True
8.0139 	EXP 	Question text: It is important that people show that they respect you.
8.0179 	EXP 	window1: mouseVisible = True
8.0638 	EXP 	Question text: I feel disrespected when a group is making a decision and I don’t get to say what I think.
8.0679 	EXP 	window1: mouseVisible = True
8.1128 	EXP 	Question text: People want to make you feel like they are better than you.
8.1166 	EXP 	window1: mouseVisible = True
8.1613 	EXP 	Question text: I feel disrespected when people tease me.
8.1648 	EXP 	window1: mouseVisible = True
8.2101 	EXP 	Question text: It is important to let people know that they should respect you.
8.2139 	EXP 	window1: mouseVisible = True
8.2590 	EXP 	window1: mouseVisible = True
8.3010 	EXP 	Created respectform = <psychopy.visual.form.Form object at 0x0000023EFB519100>
8.3044 	EXP 	window1: mouseVisible = True
8.3075 	EXP 	window1: mouseVisible = True
8.3111 	EXP 	Imported aboutanger - Sheet1.csv as conditions, 12 conditions, 13 params
8.3118 	EXP 	Question text: About Anger
8.3177 	EXP 	Question text: Please rate how often you do what is described in each item.
8.3207 	EXP 	Question text: When something makes me angry, I turn this matter over and over again in my mind.
8.3250 	EXP 	window1: mouseVisible = True
8.3492 	EXP 	Question text: I have long living fantasies of revenge after the conflict is over.
8.3530 	EXP 	window1: mouseVisible = True
8.3763 	EXP 	Question text: I ponder about the injustices that have been done to me.
8.3800 	EXP 	window1: mouseVisible = True
8.4033 	EXP 	Question text: I think about the reasons people treat me badly.
8.4070 	EXP 	window1: mouseVisible = True
8.4303 	EXP 	Question text: When someone makes me angry, I can't stop thinking about how to get back at this person.
8.4345 	EXP 	window1: mouseVisible = True
8.4584 	EXP 	Question text: I keep thinking about events that angered me for a long time.
8.4624 	EXP 	window1: mouseVisible = True
8.4857 	EXP 	Question text: Whenever I experience anger, I keep thinking about it for a while.
8.4895 	EXP 	window1: mouseVisible = True
8.5126 	EXP 	Question text: I re-enact the anger episode in my mind after it has happened.
8.5163 	EXP 	window1: mouseVisible = True
8.5395 	EXP 	Question text: I think about certain events from a long time ago and they still make me angry.
8.5434 	EXP 	window1: mouseVisible = True
8.5665 	EXP 	Question text: I have had times when I could not stop being preoccupied with a particular conflict.
8.5705 	EXP 	window1: mouseVisible = True
8.5944 	EXP 	window1: mouseVisible = True
8.6343 	EXP 	Created angerform = <psychopy.visual.form.Form object at 0x0000023EFBBEAE50>
8.6378 	EXP 	Imported demographic.csv as conditions, 9 conditions, 13 params
8.6384 	EXP 	Question text: Background Information
8.6492 	EXP 	Question text: Please complete the following information so that we can summarize the background characteristics of this study’s participants as part of any subsequent research reports. Your identity is confidential. Remember that you may decline to answer any question by leaving it blank if you choose
8.6577 	EXP 	Question text: Your gender?
8.6630 	EXP 	window1: mouseVisible = True
8.6923 	EXP 	Question text: Gender (if other)
8.6995 	EXP 	Question text: Your Age
8.7030 	EXP 	window1: mouseVisible = True
8.7280 	EXP 	Question text: Your Ethnicity (ie. the ethnic group or nationality with which you most strongly identify)?
8.7338 	EXP 	Question text: Were you born in Canada
8.7373 	EXP 	window1: mouseVisible = True
8.7532 	EXP 	Question text: If you are now living in Canada, but were not born here, how long have you lived here?
8.7592 	EXP 	Question text: Finally, we would like you to write a couple of sentences about something you've done or accomplished recently that you feel really good about:
8.7675 	EXP 	window1: mouseVisible = True
8.7923 	EXP 	Created demoForm = <psychopy.visual.form.Form object at 0x0000023EFBE72130>
8.7956 	EXP 	window1: mouseVisible = True
8.8037 	EXP 	Created text_2 = TextStim(__class__=<class 'psychopy.visual.text.TextStim'>, alignHoriz=method-wrapper(...), alignText='center', alignVert=method-wrapper(...), anchorHoriz='center', anchorVert='center', antialias=True, autoDraw=False, autoLog=True, bold=False, color=array([1., 1., 1.]), colorSpace='rgb', contrast=1.0, depth=0.0, flipHoriz=False, flipVert=False, font='Open Sans', fontFiles=[], height=0.05, italic=False, languageStyle='LTR', name='text_2', opacity=1.0, ori=0.0, pos=array([0., 0.]), rgb=UNKNOWN, text='Study Complete', units='height', win=Window(...), wrapWidth=1)
8.8070 	EXP 	window1: mouseVisible = True
8.8116 	EXP 	Imported feedbackletter.csv as conditions, 27 conditions, 13 params
8.8124 	EXP 	Question text: Feedback Letter
8.8178 	EXP 	Question text: Project Title: It's All Fun and Pranks
8.8208 	EXP 	Question text: Faculty Investigator: Dr. Chris Burris, Psychology (St. Jerome's). 519-884-8111x28213 (cburris@uwaterloo.ca)
8.8243 	EXP 	Question text: Student Investigator: Maya Karmakar-Johnson, Psychology (mkarmaka@uwaterloo.ca)
8.8276 	EXP 	Question text: We appreciate your participation, and we thank you for spending time helping us with our research. At the beginning of the study, you were informed that its focus was on how people react to pranking behaviour and factors that affect those reactions. We would now like to explain the purpose of the study in greater detail.
8.8369 	EXP 	Question text: Although many people view pranks as “harmless fun,” Burris and Leitch (2018) showed that pranking can sometimes serve as an outlet for sadistic motivation – understood as wanting someone else to feel bad, however briefly, because the thought of that makes oneself feel good. By their very nature, pranks involve a gotcha whereby the person being pranked is subject to some degree of physical or psychological discomfort – if that doesn’t happen, then the prank is declared to have “failed.”
8.8537 	EXP 	Question text: Importantly, Burris and Leitch (2018) showed that positive reactions to pranks – whether performed by the self or by someone else – were predicted by a joint tendency to feel disrespected and to have difficulty letting go of anger related to past insults. Having identified this combo as the “engine” driving sadistic motivation, Burris and Leitch argued that sadistic motivation’s ultimate goal is to boost back up a self that feels deflated or “squashed,” and that seeing another come to harm is a means to this end.
8.8669 	EXP 	Question text: This analysis of pranking raises a paradox: Most pranksters look happy, even giddy – they don’t look angry or hostile. Dijksterhuis and Aarts (2010) reviewed research suggesting that goals can drive behavior even when the goals are outside of awareness – that is, unconscious. With that in mind, the present study was set up to see whether the presumed ultimate goal driving sadistic motivation – that is, boosting the self – was operating nonconsciously.
8.8789 	EXP 	Question text: To do that, we attempted to create either a “mini-boost” or a “mini-squash” to the self outside of your conscious awareness. Thus, as you read each prank story and reacted to it, you were randomly assigned to any of three possible subliminal primes: (1) “you are awesome” (boost); (2) “you are nothing” (squash); or (3) “people are walking” (neutral). These primes appeared before the general story instructions, before each story, and before each reaction item. After that, we had you complete short versions of the disrespect sensitivity and anger rumination measures used by Burris and Leitch (2018) to identify people who are more or less likely to respond to “squashed” feelings by reacting positively to others’ discomfort. To ensure that any possible negative effect of the “squash” prime would be neutralized quickly, we asked everyone to reflect on a recent positive personal experience at the end of the study.
8.9020 	EXP 	Question text: We expected the most positive reactions to the prank stories to emerge among people who received the “squash” primes, and who already struggle more with feeling angry and disrespected.
8.9082 	EXP 	Question text: So, to be clear, we are indeed interested in how people react to pranking behaviour and factors that affect those reactions, but this study explored a very specific aspect of that – that is, nonconscious motivation, which we investigated by means of subliminal primes.
8.9162 	EXP 	Question text: We apologize that we did not alert to you our use of subliminal primes at the outset – but we hope you understand that, had we done so, you would have probably been on the lookout for (or trying to guess) the primes we were using, which would compromise their effectiveness. Although not all psychology research involves withholding information at the outset like this, there is sometimes no practical alternative that allows for a valid test of hypotheses such as ours concerning nonconscious nature of sadistic motivation. We hope this makes sense to you.
8.9302 	EXP 	Question text: So, to summarize:
8.9335 	EXP 	Question text: 1) Pranking is sometimes used as an outlet for sadistic motivation.
8.9365 	EXP 	Question text: 2) The ultimate goal of sadistic motivation may be to boost the self, even if at others’ expense. 
8.9400 	EXP 	Question text: 3) The present study used subliminal priming to test whether this hypothesized of boosting the self is operating outside of conscious awareness. 
8.9457 	EXP 	Question text: 4) To test our hypothesis, we had to withhold information concerning our use of subliminal primes initially.
8.9495 	EXP 	Question text: Given (4) just above, it is very important that you not discuss your experiences with any other students who potentially could be in this study until after the end of the term. If people come into the study knowing about our specific predictions, it could influence their results, and the data we collect would not be useable. Also, if you print off a copy of this post-study information page, please do not make it available to other students.
8.9612 	EXP 	Question text: Because some elements of the study are different from what was originally explained, there is another consent form for you to read and sign electronically if you are willing to allow us to use the information you have provided. This consent is also a record that the full purpose of the study was explained to you.
8.9703 	EXP 	Question text: We would like to remind you that your confidentiality is guaranteed. Your questionnaire responses will be identified by code number only and you will not be identified by name in any report, publication, or presentation resulting from this study. The data file will be stored for at least 5 years in electronic form on the password-protected computer of the Faculty Investigator.
8.9807 	EXP 	Question text: This study has been reviewed and received ethics clearance through a University of Waterloo Research Ethics Board (#44380). If you have questions for the Board, contact the Office of Research Ethics, at 1-519-888-4567 ext. 36005 or reb@uwaterloo.ca.
8.9885 	EXP 	Question text: If your participation in this study has raised personal issues that concern you, we encourage you to contact UW Counselling Services at 888-4567, ext. 32655.
8.9941 	EXP 	Question text: If you’d like to learn more about the ideas behind this research, we encourage you to read:
8.9975 	EXP 	Question text: Burris, C., & Leitch, R. (2018). Harmful fun: Pranks and sadistic motivation. Motivation And Emotion, 42(1), 90-102. doi: 10.1007/s11031-017-9651-5
9.0067 	EXP 	Question text: Dijksterhuis, A., & Aarts, H. (2010). Goals, attention, and (un)consciousness. Annual Review of Psychology, 61(1), 467-490. https://doi.org/10.1146/annurev.psych.093008.100445
9.0127 	EXP 	Question text: If you’d like more information, feel free to contact the Faculty Investigator as listed above.
9.0161 	EXP 	Question text: We really appreciate your participation, and hope that this has been a worthwhile experience for you.
9.0203 	EXP 	window1: mouseVisible = True
9.1017 	EXP 	Created feedbackform = <psychopy.visual.form.Form object at 0x0000023EFBFFCB20>
9.1050 	EXP 	window1: mouseVisible = True
9.1083 	EXP 	Imported debriefform.csv as conditions, 7 conditions, 13 params
9.1088 	EXP 	Question text: Post-debriefing Consent Form
9.1129 	EXP 	Question text: Project Title: It's All Fun and Pranks
9.1158 	EXP 	Question text: Faculty Investigator: Dr. Chris Burris, Psychology (St. Jerome's). 519-884-8111x28213 (cburris@uwaterloo.ca)
9.1193 	EXP 	Question text: Student Investigator: Maya Karmakar-Johnson, Psychology (mkarmaka@uwaterloo.ca)
9.1227 	EXP 	Question text: In the online debriefing, I was given an explanation as to why it was necessary for the researchers to withhold some information regarding some elements of this study. I was informed that having full information about the actual purpose of the study might have influenced the way in which I responded to the tasks and this would have invalidated the results. I have now received a complete written explanation as to the actual purpose and procedures of the study. In addition, I have had an opportunity to ask any questions about this and to receive acceptable answers to my questions. I am aware that my decision to give or withhold permission to use my data will not affect my receipt of the applicable research credit.
9.1404 	EXP 	Question text: I am aware that I may contact the Office of Research Ethics, at 1-519-888-4567 ext. 36005 or reb@uwaterloo.ca if I have any concerns or comments resulting from my involvement in this study.
9.1470 	EXP 	Question text: I give my permission for the researchers to use my data and/or the information I provided through the online survey for this study.
9.1528 	EXP 	window1: mouseVisible = True
9.1702 	EXP 	window1: mouseVisible = True
9.1940 	EXP 	Created debriefform = <psychopy.visual.form.Form object at 0x0000023EFC07C340>
9.2486 	EXP 	unnamed Form: autoLog = True
9.2486 	EXP 	infoletter: name = 'infoletter'
9.2486 	EXP 	infoletter: depth = 0
9.2486 	EXP 	unnamed Form: autoLog = True
9.2486 	EXP 	consentform: name = 'consentform'
9.2486 	EXP 	consentform: depth = 0
9.2486 	EXP 	unnamed Form: autoLog = True
9.2486 	EXP 	instructionsform: name = 'instructionsform'
9.2486 	EXP 	instructionsform: depth = 0
9.2486 	EXP 	slider: autoLog = True
9.2486 	EXP 	slider: markerPos = None
9.2486 	EXP 	slider: styleTweaks = []
9.2486 	EXP 	slider: styleTweaks = []
9.2486 	EXP 	slider: styleTweaks = []
9.2486 	EXP 	slider: styleTweaks = []
9.2486 	EXP 	slider: contrast = 1.0
9.2486 	EXP 	slider: autoLog = True
9.2486 	EXP 	unnamed Form: autoLog = True
9.2486 	EXP 	respectform: name = 'respectform'
9.2486 	EXP 	respectform: depth = 0
9.2486 	EXP 	unnamed Form: autoLog = True
9.2486 	EXP 	angerform: name = 'angerform'
9.2486 	EXP 	angerform: depth = 0
9.2486 	EXP 	unnamed Form: autoLog = True
9.2486 	EXP 	demoForm: name = 'demoForm'
9.2486 	EXP 	demoForm: depth = 0
9.2486 	EXP 	unnamed Form: autoLog = True
9.2486 	EXP 	feedbackform: name = 'feedbackform'
9.2486 	EXP 	feedbackform: depth = 0
9.2486 	EXP 	unnamed Form: autoLog = True
9.2486 	EXP 	debriefform: name = 'debriefform'
9.2486 	EXP 	debriefform: depth = 0
9.2486 	EXP 	infoletter: autoDraw = True
9.9701 	DATA 	Mouse: wheel shift=(0,-3), pos=(939,485)
9.9745 	DATA 	Mouse: wheel shift=(0,-1), pos=(945,471)
10.0237 	DATA 	Mouse: wheel shift=(0,-3), pos=(945,471)
10.0777 	DATA 	Mouse: wheel shift=(0,-1), pos=(953,464)
10.2371 	DATA 	Mouse: wheel shift=(0,-1), pos=(991,450)
10.2911 	DATA 	Mouse: wheel shift=(0,-6), pos=(992,449)
10.3437 	DATA 	Mouse: wheel shift=(0,-1), pos=(1006,440)
10.4966 	DATA 	Mouse: wheel shift=(0,-1), pos=(1112,423)
10.5465 	DATA 	Mouse: wheel shift=(0,-7), pos=(1132,413)
10.5491 	DATA 	Mouse: wheel shift=(0,-1), pos=(1152,391)
10.5950 	DATA 	Mouse: wheel shift=(0,-1), pos=(1155,390)
11.1254 	DATA 	Mouse: Left button down, pos=(1806,57)
11.1605 	EXP 	infoletter: autoDraw = False
11.1605 	EXP 	consentform: autoDraw = True
11.2240 	DATA 	Mouse:  Left button up, pos=(1806,57)
11.7339 	DATA 	Mouse: wheel shift=(0,-1), pos=(1221,321)
11.7438 	DATA 	Mouse: wheel shift=(0,-1), pos=(1221,321)
11.7738 	DATA 	Mouse: wheel shift=(0,-3), pos=(1221,321)
11.7832 	DATA 	Mouse: wheel shift=(0,-1), pos=(1221,321)
11.8141 	DATA 	Mouse: wheel shift=(0,-3), pos=(1221,321)
12.0529 	DATA 	Mouse: wheel shift=(0,-2), pos=(1222,324)
12.0614 	DATA 	Mouse: wheel shift=(0,-1), pos=(1222,324)
12.0931 	DATA 	Mouse: wheel shift=(0,-3), pos=(1222,324)
12.1013 	DATA 	Mouse: wheel shift=(0,-1), pos=(1222,324)
12.3326 	DATA 	Mouse: wheel shift=(0,-2), pos=(1222,324)
12.3364 	DATA 	Mouse: wheel shift=(0,-1), pos=(1222,324)
12.3715 	DATA 	Mouse: wheel shift=(0,-4), pos=(1222,324)
12.3755 	DATA 	Mouse: wheel shift=(0,-1), pos=(1222,324)
12.4094 	DATA 	Mouse: wheel shift=(0,-2), pos=(1222,324)
12.4496 	DATA 	Mouse: wheel shift=(0,1), pos=(1222,324)
12.6089 	DATA 	Mouse: wheel shift=(0,-1), pos=(1216,313)
12.6129 	DATA 	Mouse: wheel shift=(0,-1), pos=(1207,306)
12.6489 	DATA 	Mouse: wheel shift=(0,-4), pos=(1204,303)
12.6590 	DATA 	Mouse: wheel shift=(0,-1), pos=(1184,291)
12.6874 	DATA 	Mouse: wheel shift=(0,-1), pos=(1177,288)
13.2170 	DATA 	Mouse: wheel shift=(0,-1), pos=(717,164)
13.2447 	DATA 	Mouse: wheel shift=(0,-1), pos=(717,164)
13.2486 	DATA 	Mouse: wheel shift=(0,-1), pos=(717,165)
13.2845 	DATA 	Mouse: wheel shift=(0,-2), pos=(716,166)
13.2967 	DATA 	Mouse: wheel shift=(0,-1), pos=(710,170)
13.3251 	DATA 	Mouse: wheel shift=(0,-1), pos=(708,172)
13.6863 	DATA 	Mouse: Left button down, pos=(586,240)
13.7632 	DATA 	Mouse:  Left button up, pos=(586,240)
14.6052 	DATA 	Mouse: Left button down, pos=(1799,68)
14.6311 	EXP 	consentform: autoDraw = False
14.6311 	EXP 	instructionsform: autoDraw = True
14.7032 	DATA 	Mouse:  Left button up, pos=(1799,68)
16.1053 	DATA 	Mouse: Left button down, pos=(1841,38)
16.1101 	EXP 	Created sequence: sequential, trialTypes=1, nReps=5, seed=None
16.1102 	EXP 	New trial (rep=0, index=0): None
16.1209 	EXP 	instructionsform: autoDraw = False
16.1209 	EXP 	text: height = 0.1
16.1209 	EXP 	text: height = 0.1
16.1209 	EXP 	text: height = 0.1
16.1209 	EXP 	text: text = 'Prank 1'
16.1209 	EXP 	text: autoDraw = True
16.1603 	DATA 	Mouse:  Left button up, pos=(1841,38)
18.1142 	EXP 	Created sequence: sequential, trialTypes=1, nReps=6, seed=None
18.1143 	EXP 	New trial (rep=0, index=0): None
18.1530 	EXP 	text: autoDraw = False
18.1530 	EXP 	slider: markerPos = None
18.1530 	EXP 	slider: markerPos = None
18.1530 	EXP 	primertext: height = 0.05
18.1530 	EXP 	primertext: height = 0.05
18.1530 	EXP 	primertext: height = 0.05
18.1530 	EXP 	primertext: text = "You're nothing"
18.1530 	EXP 	prankText: autoDraw = True
18.1530 	EXP 	slider: autoDraw = True
18.1530 	EXP 	primertext: autoDraw = True
18.1635 	EXP 	primertext: autoDraw = False
18.1795 	EXP 	promptText: autoDraw = True
18.1795 	EXP 	hiddenobserver: autoDraw = True
20.1164 	DATA 	Mouse: Left button down, pos=(1506,221)
20.1343 	EXP 	slider: markerPos = 8.038888990879059
20.1480 	EXP 	slider: markerPos = 8.038888990879059
20.1617 	EXP 	slider: markerPos = 8.038888990879059
20.1724 	DATA 	Mouse:  Left button up, pos=(1506,221)
20.1756 	EXP 	slider: markerPos = 8.038888990879059
20.1889 	EXP 	slider: markerPos = 8.0
20.1913 	EXP 	New trial (rep=1, index=0): None
20.2070 	EXP 	prankText: autoDraw = False
20.2070 	EXP 	promptText: autoDraw = False
20.2070 	EXP 	hiddenobserver: autoDraw = False
20.2070 	EXP 	slider: autoDraw = False
20.2070 	EXP 	primertext: autoDraw = False
20.2070 	EXP 	slider: markerPos = None
20.2070 	EXP 	slider: markerPos = None
20.2070 	EXP 	primertext: text = "You're nothing"
20.2070 	EXP 	prankText: autoDraw = True
20.2070 	EXP 	slider: autoDraw = True
20.2070 	EXP 	primertext: autoDraw = True
20.2172 	EXP 	primertext: autoDraw = False
20.2316 	EXP 	promptText: autoDraw = True
20.2316 	EXP 	hiddenobserver: autoDraw = True
20.8378 	DATA 	Mouse: Left button down, pos=(1506,221)
20.8544 	EXP 	slider: markerPos = 8.038888990879059
20.8673 	EXP 	slider: markerPos = 8.038888990879059
20.8806 	EXP 	slider: markerPos = 8.038888990879059
20.8916 	DATA 	Mouse:  Left button up, pos=(1506,221)
20.8946 	EXP 	slider: markerPos = 8.038888990879059
20.9079 	EXP 	slider: markerPos = 8.0
20.9102 	EXP 	New trial (rep=2, index=0): None
20.9263 	EXP 	prankText: autoDraw = False
20.9263 	EXP 	promptText: autoDraw = False
20.9263 	EXP 	hiddenobserver: autoDraw = False
20.9263 	EXP 	slider: autoDraw = False
20.9263 	EXP 	primertext: autoDraw = False
20.9263 	EXP 	slider: markerPos = None
20.9263 	EXP 	slider: markerPos = None
20.9263 	EXP 	primertext: text = "You're nothing"
20.9263 	EXP 	prankText: autoDraw = True
20.9263 	EXP 	slider: autoDraw = True
20.9263 	EXP 	primertext: autoDraw = True
20.9362 	EXP 	primertext: autoDraw = False
20.9496 	EXP 	promptText: autoDraw = True
20.9496 	EXP 	hiddenobserver: autoDraw = True
21.3013 	DATA 	Mouse: Left button down, pos=(1506,221)
21.3179 	EXP 	slider: markerPos = 8.038888990879059
21.3312 	EXP 	slider: markerPos = 8.038888990879059
21.3444 	EXP 	slider: markerPos = 8.038888990879059
21.3547 	DATA 	Mouse:  Left button up, pos=(1506,221)
21.3577 	EXP 	slider: markerPos = 8.038888990879059
21.3708 	EXP 	slider: markerPos = 8.0
21.3731 	EXP 	New trial (rep=3, index=0): None
21.3883 	EXP 	prankText: autoDraw = False
21.3883 	EXP 	promptText: autoDraw = False
21.3883 	EXP 	hiddenobserver: autoDraw = False
21.3883 	EXP 	slider: autoDraw = False
21.3883 	EXP 	primertext: autoDraw = False
21.3883 	EXP 	slider: markerPos = None
21.3883 	EXP 	slider: markerPos = None
21.3883 	EXP 	primertext: text = "You're nothing"
21.3883 	EXP 	prankText: autoDraw = True
21.3883 	EXP 	slider: autoDraw = True
21.3883 	EXP 	primertext: autoDraw = True
21.3979 	EXP 	primertext: autoDraw = False
21.4117 	EXP 	promptText: autoDraw = True
21.4117 	EXP 	hiddenobserver: autoDraw = True
21.6884 	DATA 	Mouse: Left button down, pos=(1506,221)
21.7051 	EXP 	slider: markerPos = 8.038888990879059
21.7184 	EXP 	slider: markerPos = 8.038888990879059
21.7317 	EXP 	slider: markerPos = 8.038888990879059
21.7332 	DATA 	Mouse:  Left button up, pos=(1506,221)
21.7450 	EXP 	slider: markerPos = 8.0
21.7472 	EXP 	New trial (rep=4, index=0): None
21.7625 	EXP 	prankText: autoDraw = False
21.7625 	EXP 	promptText: autoDraw = False
21.7625 	EXP 	hiddenobserver: autoDraw = False
21.7625 	EXP 	slider: autoDraw = False
21.7625 	EXP 	primertext: autoDraw = False
21.7625 	EXP 	slider: markerPos = None
21.7625 	EXP 	slider: markerPos = None
21.7625 	EXP 	primertext: text = "You're nothing"
21.7625 	EXP 	prankText: autoDraw = True
21.7625 	EXP 	slider: autoDraw = True
21.7625 	EXP 	primertext: autoDraw = True
21.7725 	EXP 	primertext: autoDraw = False
21.7887 	EXP 	promptText: autoDraw = True
21.7887 	EXP 	hiddenobserver: autoDraw = True
22.5122 	DATA 	Mouse: Left button down, pos=(1506,221)
22.5245 	EXP 	slider: markerPos = 8.038888990879059
22.5379 	EXP 	slider: markerPos = 8.038888990879059
22.5515 	EXP 	slider: markerPos = 8.038888990879059
22.5648 	EXP 	slider: markerPos = 8.038888990879059
22.5668 	DATA 	Mouse:  Left button up, pos=(1506,221)
22.5787 	EXP 	slider: markerPos = 8.0
22.5813 	EXP 	New trial (rep=5, index=0): None
22.5977 	EXP 	prankText: autoDraw = False
22.5977 	EXP 	promptText: autoDraw = False
22.5977 	EXP 	hiddenobserver: autoDraw = False
22.5977 	EXP 	slider: autoDraw = False
22.5977 	EXP 	primertext: autoDraw = False
22.5977 	EXP 	slider: markerPos = None
22.5977 	EXP 	slider: markerPos = None
22.5977 	EXP 	primertext: text = "You're nothing"
22.5977 	EXP 	prankText: autoDraw = True
22.5977 	EXP 	slider: autoDraw = True
22.5977 	EXP 	primertext: autoDraw = True
22.6077 	EXP 	primertext: autoDraw = False
22.6219 	EXP 	promptText: autoDraw = True
22.6219 	EXP 	hiddenobserver: autoDraw = True
22.9090 	DATA 	Mouse: Left button down, pos=(1506,221)
22.9256 	EXP 	slider: markerPos = 8.038888990879059
22.9383 	EXP 	slider: markerPos = 8.038888990879059
22.9486 	DATA 	Mouse:  Left button up, pos=(1506,221)
22.9515 	EXP 	slider: markerPos = 8.038888990879059
22.9645 	EXP 	slider: markerPos = 8.0
22.9669 	EXP 	New trial (rep=1, index=0): None
22.9727 	EXP 	prankText: autoDraw = False
22.9727 	EXP 	promptText: autoDraw = False
22.9727 	EXP 	hiddenobserver: autoDraw = False
22.9727 	EXP 	slider: autoDraw = False
22.9727 	EXP 	primertext: autoDraw = False
22.9727 	EXP 	text: height = 0.1
22.9727 	EXP 	text: height = 0.1
22.9727 	EXP 	text: height = 0.1
22.9727 	EXP 	text: text = 'Prank 2'
22.9727 	EXP 	text: autoDraw = True
24.9666 	EXP 	Created sequence: sequential, trialTypes=1, nReps=6, seed=None
24.9667 	EXP 	New trial (rep=0, index=0): None
24.9927 	EXP 	text: autoDraw = False
24.9927 	EXP 	text: autoDraw = False
24.9927 	EXP 	slider: markerPos = None
24.9927 	EXP 	slider: markerPos = None
24.9927 	EXP 	primertext: text = "You're nothing"
24.9927 	EXP 	prankText: autoDraw = True
24.9927 	EXP 	slider: autoDraw = True
24.9927 	EXP 	primertext: autoDraw = True
25.0030 	EXP 	primertext: autoDraw = False
25.0157 	EXP 	promptText: autoDraw = True
25.0157 	EXP 	hiddenobserver: autoDraw = True
25.2538 	DATA 	Mouse: Left button down, pos=(1506,221)
25.2659 	EXP 	slider: markerPos = 8.038888990879059
25.2788 	EXP 	slider: markerPos = 8.038888990879059
25.2922 	EXP 	slider: markerPos = 8.038888990879059
25.2937 	DATA 	Mouse:  Left button up, pos=(1506,221)
25.3053 	EXP 	slider: markerPos = 8.0
25.3077 	EXP 	New trial (rep=1, index=0): None
25.3233 	EXP 	prankText: autoDraw = False
25.3233 	EXP 	promptText: autoDraw = False
25.3233 	EXP 	hiddenobserver: autoDraw = False
25.3233 	EXP 	slider: autoDraw = False
25.3233 	EXP 	primertext: autoDraw = False
25.3233 	EXP 	slider: markerPos = None
25.3233 	EXP 	slider: markerPos = None
25.3233 	EXP 	primertext: text = "You're nothing"
25.3233 	EXP 	prankText: autoDraw = True
25.3233 	EXP 	slider: autoDraw = True
25.3233 	EXP 	primertext: autoDraw = True
25.3329 	EXP 	primertext: autoDraw = False
25.3458 	EXP 	promptText: autoDraw = True
25.3458 	EXP 	hiddenobserver: autoDraw = True
25.5733 	DATA 	Mouse: Left button down, pos=(1506,221)
25.5854 	EXP 	slider: markerPos = 8.038888990879059
25.5983 	EXP 	slider: markerPos = 8.038888990879059
25.6117 	EXP 	slider: markerPos = 8.038888990879059
25.6251 	EXP 	slider: markerPos = 8.038888990879059
25.6353 	DATA 	Mouse:  Left button up, pos=(1506,221)
25.6382 	EXP 	slider: markerPos = 8.038888990879059
25.6513 	EXP 	slider: markerPos = 8.0
25.6536 	EXP 	New trial (rep=2, index=0): None
25.6690 	EXP 	prankText: autoDraw = False
25.6690 	EXP 	promptText: autoDraw = False
25.6690 	EXP 	hiddenobserver: autoDraw = False
25.6690 	EXP 	slider: autoDraw = False
25.6690 	EXP 	primertext: autoDraw = False
25.6690 	EXP 	slider: markerPos = None
25.6690 	EXP 	slider: markerPos = None
25.6690 	EXP 	primertext: text = "You're nothing"
25.6690 	EXP 	prankText: autoDraw = True
25.6690 	EXP 	slider: autoDraw = True
25.6690 	EXP 	primertext: autoDraw = True
25.6787 	EXP 	primertext: autoDraw = False
25.6914 	EXP 	promptText: autoDraw = True
25.6914 	EXP 	hiddenobserver: autoDraw = True
25.9038 	DATA 	Mouse: Left button down, pos=(1506,221)
25.9204 	EXP 	slider: markerPos = 8.038888990879059
25.9307 	DATA 	Mouse:  Left button up, pos=(1506,221)
25.9336 	EXP 	slider: markerPos = 8.038888990879059
25.9468 	EXP 	slider: markerPos = 8.0
25.9490 	EXP 	New trial (rep=3, index=0): None
25.9644 	EXP 	prankText: autoDraw = False
25.9644 	EXP 	promptText: autoDraw = False
25.9644 	EXP 	hiddenobserver: autoDraw = False
25.9644 	EXP 	slider: autoDraw = False
25.9644 	EXP 	primertext: autoDraw = False
25.9644 	EXP 	slider: markerPos = None
25.9644 	EXP 	slider: markerPos = None
25.9644 	EXP 	primertext: text = "You're nothing"
25.9644 	EXP 	prankText: autoDraw = True
25.9644 	EXP 	slider: autoDraw = True
25.9644 	EXP 	primertext: autoDraw = True
25.9741 	EXP 	primertext: autoDraw = False
25.9869 	EXP 	promptText: autoDraw = True
25.9869 	EXP 	hiddenobserver: autoDraw = True
26.1838 	DATA 	Mouse: Left button down, pos=(1506,221)
26.1960 	EXP 	slider: markerPos = 8.038888990879059
26.2093 	EXP 	slider: markerPos = 8.038888990879059
26.2225 	EXP 	slider: markerPos = 8.038888990879059
26.2358 	EXP 	slider: markerPos = 8.038888990879059
26.2460 	DATA 	Mouse:  Left button up, pos=(1506,221)
26.2490 	EXP 	slider: markerPos = 8.038888990879059
26.2620 	EXP 	slider: markerPos = 8.0
26.2643 	EXP 	New trial (rep=4, index=0): None
26.2797 	EXP 	prankText: autoDraw = False
26.2797 	EXP 	promptText: autoDraw = False
26.2797 	EXP 	hiddenobserver: autoDraw = False
26.2797 	EXP 	slider: autoDraw = False
26.2797 	EXP 	primertext: autoDraw = False
26.2797 	EXP 	slider: markerPos = None
26.2797 	EXP 	slider: markerPos = None
26.2797 	EXP 	primertext: text = "You're nothing"
26.2797 	EXP 	prankText: autoDraw = True
26.2797 	EXP 	slider: autoDraw = True
26.2797 	EXP 	primertext: autoDraw = True
26.2898 	EXP 	primertext: autoDraw = False
26.3032 	EXP 	promptText: autoDraw = True
26.3032 	EXP 	hiddenobserver: autoDraw = True
26.6750 	DATA 	Mouse: Left button down, pos=(1506,221)
26.6915 	EXP 	slider: markerPos = 8.038888990879059
26.7047 	EXP 	slider: markerPos = 8.038888990879059
26.7180 	EXP 	slider: markerPos = 8.038888990879059
26.7311 	EXP 	slider: markerPos = 8.038888990879059
26.7445 	EXP 	slider: markerPos = 8.038888990879059
26.7548 	DATA 	Mouse:  Left button up, pos=(1505,221)
26.7580 	EXP 	slider: markerPos = 8.038888990879059
26.7709 	EXP 	slider: markerPos = 8.0
26.7732 	EXP 	New trial (rep=5, index=0): None
26.7885 	EXP 	prankText: autoDraw = False
26.7885 	EXP 	promptText: autoDraw = False
26.7885 	EXP 	hiddenobserver: autoDraw = False
26.7885 	EXP 	slider: autoDraw = False
26.7885 	EXP 	primertext: autoDraw = False
26.7885 	EXP 	slider: markerPos = None
26.7885 	EXP 	slider: markerPos = None
26.7885 	EXP 	primertext: text = "You're nothing"
26.7885 	EXP 	prankText: autoDraw = True
26.7885 	EXP 	slider: autoDraw = True
26.7885 	EXP 	primertext: autoDraw = True
26.7981 	EXP 	primertext: autoDraw = False
26.8109 	EXP 	promptText: autoDraw = True
26.8109 	EXP 	hiddenobserver: autoDraw = True
27.1034 	DATA 	Mouse: Left button down, pos=(1505,222)
27.1155 	EXP 	slider: markerPos = 8.032407283782959
27.1284 	EXP 	slider: markerPos = 8.032407283782959
27.1418 	EXP 	slider: markerPos = 8.032407283782959
27.1551 	EXP 	slider: markerPos = 8.032407283782959
27.1652 	DATA 	Mouse:  Left button up, pos=(1505,222)
27.1682 	EXP 	slider: markerPos = 8.032407283782959
27.1812 	EXP 	slider: markerPos = 8.0
27.1840 	EXP 	New trial (rep=2, index=0): None
27.1899 	EXP 	prankText: autoDraw = False
27.1899 	EXP 	promptText: autoDraw = False
27.1899 	EXP 	hiddenobserver: autoDraw = False
27.1899 	EXP 	slider: autoDraw = False
27.1899 	EXP 	primertext: autoDraw = False
27.1899 	EXP 	text: height = 0.1
27.1899 	EXP 	text: height = 0.1
27.1899 	EXP 	text: height = 0.1
27.1899 	EXP 	text: text = 'Prank 3'
27.1899 	EXP 	text: autoDraw = True
29.1832 	EXP 	Created sequence: sequential, trialTypes=1, nReps=6, seed=None
29.1833 	EXP 	New trial (rep=0, index=0): None
29.2100 	EXP 	text: autoDraw = False
29.2100 	EXP 	text: autoDraw = False
29.2100 	EXP 	slider: markerPos = None
29.2100 	EXP 	slider: markerPos = None
29.2100 	EXP 	primertext: text = "You're nothing"
29.2100 	EXP 	prankText: autoDraw = True
29.2100 	EXP 	slider: autoDraw = True
29.2100 	EXP 	primertext: autoDraw = True
29.2201 	EXP 	primertext: autoDraw = False
29.2328 	EXP 	promptText: autoDraw = True
29.2328 	EXP 	hiddenobserver: autoDraw = True
29.8299 	DATA 	Mouse: Left button down, pos=(1505,221)
29.8464 	EXP 	slider: markerPos = 8.032407283782959
29.8593 	EXP 	slider: markerPos = 8.032407283782959
29.8725 	EXP 	slider: markerPos = 8.032407283782959
29.8858 	EXP 	slider: markerPos = 8.032407283782959
29.8960 	DATA 	Mouse:  Left button up, pos=(1505,221)
29.8988 	EXP 	slider: markerPos = 8.032407283782959
29.9118 	EXP 	slider: markerPos = 8.0
29.9142 	EXP 	New trial (rep=1, index=0): None
29.9294 	EXP 	prankText: autoDraw = False
29.9294 	EXP 	promptText: autoDraw = False
29.9294 	EXP 	hiddenobserver: autoDraw = False
29.9294 	EXP 	slider: autoDraw = False
29.9294 	EXP 	primertext: autoDraw = False
29.9294 	EXP 	slider: markerPos = None
29.9294 	EXP 	slider: markerPos = None
29.9294 	EXP 	primertext: text = "You're nothing"
29.9294 	EXP 	prankText: autoDraw = True
29.9294 	EXP 	slider: autoDraw = True
29.9294 	EXP 	primertext: autoDraw = True
29.9391 	EXP 	primertext: autoDraw = False
29.9518 	EXP 	promptText: autoDraw = True
29.9518 	EXP 	hiddenobserver: autoDraw = True
30.1536 	DATA 	Mouse: Left button down, pos=(1505,221)
30.1702 	EXP 	slider: markerPos = 8.032407283782959
30.1833 	EXP 	slider: markerPos = 8.032407283782959
30.1966 	EXP 	slider: markerPos = 8.032407283782959
30.2099 	EXP 	slider: markerPos = 8.032407283782959
30.2231 	EXP 	slider: markerPos = 8.032407283782959
30.2246 	DATA 	Mouse:  Left button up, pos=(1505,221)
30.2363 	EXP 	slider: markerPos = 8.0
30.2386 	EXP 	New trial (rep=2, index=0): None
30.2538 	EXP 	prankText: autoDraw = False
30.2538 	EXP 	promptText: autoDraw = False
30.2538 	EXP 	hiddenobserver: autoDraw = False
30.2538 	EXP 	slider: autoDraw = False
30.2538 	EXP 	primertext: autoDraw = False
30.2538 	EXP 	slider: markerPos = None
30.2538 	EXP 	slider: markerPos = None
30.2538 	EXP 	primertext: text = "You're nothing"
30.2538 	EXP 	prankText: autoDraw = True
30.2538 	EXP 	slider: autoDraw = True
30.2538 	EXP 	primertext: autoDraw = True
30.2635 	EXP 	primertext: autoDraw = False
30.2760 	EXP 	promptText: autoDraw = True
30.2760 	EXP 	hiddenobserver: autoDraw = True
30.4446 	DATA 	Mouse: Left button down, pos=(1505,221)
30.4612 	EXP 	slider: markerPos = 8.032407283782959
30.4747 	EXP 	slider: markerPos = 8.032407283782959
30.4879 	EXP 	slider: markerPos = 8.032407283782959
30.4983 	DATA 	Mouse:  Left button up, pos=(1505,221)
30.5012 	EXP 	slider: markerPos = 8.032407283782959
30.5141 	EXP 	slider: markerPos = 8.0
30.5164 	EXP 	New trial (rep=3, index=0): None
30.5318 	EXP 	prankText: autoDraw = False
30.5318 	EXP 	promptText: autoDraw = False
30.5318 	EXP 	hiddenobserver: autoDraw = False
30.5318 	EXP 	slider: autoDraw = False
30.5318 	EXP 	primertext: autoDraw = False
30.5318 	EXP 	slider: markerPos = None
30.5318 	EXP 	slider: markerPos = None
30.5318 	EXP 	primertext: text = "You're nothing"
30.5318 	EXP 	prankText: autoDraw = True
30.5318 	EXP 	slider: autoDraw = True
30.5318 	EXP 	primertext: autoDraw = True
30.5416 	EXP 	primertext: autoDraw = False
30.5542 	EXP 	promptText: autoDraw = True
30.5542 	EXP 	hiddenobserver: autoDraw = True
30.7282 	DATA 	Mouse: Left button down, pos=(1505,221)
30.7403 	EXP 	slider: markerPos = 8.032407283782959
30.7535 	EXP 	slider: markerPos = 8.032407283782959
30.7668 	EXP 	slider: markerPos = 8.032407283782959
30.7800 	EXP 	slider: markerPos = 8.032407283782959
30.7933 	EXP 	slider: markerPos = 8.032407283782959
30.7948 	DATA 	Mouse:  Left button up, pos=(1505,221)
30.8065 	EXP 	slider: markerPos = 8.0
30.8088 	EXP 	New trial (rep=4, index=0): None
30.8242 	EXP 	prankText: autoDraw = False
30.8242 	EXP 	promptText: autoDraw = False
30.8242 	EXP 	hiddenobserver: autoDraw = False
30.8242 	EXP 	slider: autoDraw = False
30.8242 	EXP 	primertext: autoDraw = False
30.8242 	EXP 	slider: markerPos = None
30.8242 	EXP 	slider: markerPos = None
30.8242 	EXP 	primertext: text = "You're nothing"
30.8242 	EXP 	prankText: autoDraw = True
30.8242 	EXP 	slider: autoDraw = True
30.8242 	EXP 	primertext: autoDraw = True
30.8342 	EXP 	primertext: autoDraw = False
30.8475 	EXP 	promptText: autoDraw = True
30.8475 	EXP 	hiddenobserver: autoDraw = True
31.0205 	DATA 	Mouse: Left button down, pos=(1505,221)
31.0325 	EXP 	slider: markerPos = 8.032407283782959
31.0454 	EXP 	slider: markerPos = 8.032407283782959
31.0587 	EXP 	slider: markerPos = 8.032407283782959
31.0719 	EXP 	slider: markerPos = 8.032407283782959
31.0821 	DATA 	Mouse:  Left button up, pos=(1505,221)
31.0850 	EXP 	slider: markerPos = 8.032407283782959
31.0980 	EXP 	slider: markerPos = 8.0
31.1003 	EXP 	New trial (rep=5, index=0): None
31.1154 	EXP 	prankText: autoDraw = False
31.1154 	EXP 	promptText: autoDraw = False
31.1154 	EXP 	hiddenobserver: autoDraw = False
31.1154 	EXP 	slider: autoDraw = False
31.1154 	EXP 	primertext: autoDraw = False
31.1154 	EXP 	slider: markerPos = None
31.1154 	EXP 	slider: markerPos = None
31.1154 	EXP 	primertext: text = "You're nothing"
31.1154 	EXP 	prankText: autoDraw = True
31.1154 	EXP 	slider: autoDraw = True
31.1154 	EXP 	primertext: autoDraw = True
31.1252 	EXP 	primertext: autoDraw = False
31.1377 	EXP 	promptText: autoDraw = True
31.1377 	EXP 	hiddenobserver: autoDraw = True
31.4291 	DATA 	Mouse: Left button down, pos=(1505,221)
31.4419 	EXP 	slider: markerPos = 8.032407283782959
31.4552 	EXP 	slider: markerPos = 8.032407283782959
31.4685 	EXP 	slider: markerPos = 8.032407283782959
31.4817 	EXP 	slider: markerPos = 8.032407283782959
31.4920 	DATA 	Mouse:  Left button up, pos=(1505,221)
31.4949 	EXP 	slider: markerPos = 8.032407283782959
31.5080 	EXP 	slider: markerPos = 8.0
31.5104 	EXP 	New trial (rep=3, index=0): None
31.5168 	EXP 	prankText: autoDraw = False
31.5168 	EXP 	promptText: autoDraw = False
31.5168 	EXP 	hiddenobserver: autoDraw = False
31.5168 	EXP 	slider: autoDraw = False
31.5168 	EXP 	primertext: autoDraw = False
31.5168 	EXP 	text: height = 0.1
31.5168 	EXP 	text: height = 0.1
31.5168 	EXP 	text: height = 0.1
31.5168 	EXP 	text: text = 'Prank 4'
31.5168 	EXP 	text: autoDraw = True
33.5097 	EXP 	Created sequence: sequential, trialTypes=1, nReps=6, seed=None
33.5098 	EXP 	New trial (rep=0, index=0): None
33.5358 	EXP 	text: autoDraw = False
33.5358 	EXP 	text: autoDraw = False
33.5358 	EXP 	slider: markerPos = None
33.5358 	EXP 	slider: markerPos = None
33.5358 	EXP 	primertext: text = "You're nothing"
33.5358 	EXP 	prankText: autoDraw = True
33.5358 	EXP 	slider: autoDraw = True
33.5358 	EXP 	primertext: autoDraw = True
33.5460 	EXP 	primertext: autoDraw = False
33.5587 	EXP 	promptText: autoDraw = True
33.5587 	EXP 	hiddenobserver: autoDraw = True
33.7699 	DATA 	Mouse: Left button down, pos=(1505,221)
33.7865 	EXP 	slider: markerPos = 8.032407283782959
33.7994 	EXP 	slider: markerPos = 8.032407283782959
33.8126 	EXP 	slider: markerPos = 8.032407283782959
33.8258 	EXP 	slider: markerPos = 8.032407283782959
33.8360 	DATA 	Mouse:  Left button up, pos=(1505,221)
33.8388 	EXP 	slider: markerPos = 8.032407283782959
33.8519 	EXP 	slider: markerPos = 8.0
33.8543 	EXP 	New trial (rep=1, index=0): None
33.8696 	EXP 	prankText: autoDraw = False
33.8696 	EXP 	promptText: autoDraw = False
33.8696 	EXP 	hiddenobserver: autoDraw = False
33.8696 	EXP 	slider: autoDraw = False
33.8696 	EXP 	primertext: autoDraw = False
33.8696 	EXP 	slider: markerPos = None
33.8696 	EXP 	slider: markerPos = None
33.8696 	EXP 	primertext: text = "You're nothing"
33.8696 	EXP 	prankText: autoDraw = True
33.8696 	EXP 	slider: autoDraw = True
33.8696 	EXP 	primertext: autoDraw = True
33.8793 	EXP 	primertext: autoDraw = False
33.8923 	EXP 	promptText: autoDraw = True
33.8923 	EXP 	hiddenobserver: autoDraw = True
34.0182 	DATA 	Mouse: Left button down, pos=(1505,221)
34.0349 	EXP 	slider: markerPos = 8.032407283782959
34.0482 	EXP 	slider: markerPos = 8.032407283782959
34.0614 	EXP 	slider: markerPos = 8.032407283782959
34.0748 	EXP 	slider: markerPos = 8.032407283782959
34.0850 	DATA 	Mouse:  Left button up, pos=(1505,221)
34.0879 	EXP 	slider: markerPos = 8.032407283782959
34.1008 	EXP 	slider: markerPos = 8.0
34.1031 	EXP 	New trial (rep=2, index=0): None
34.1183 	EXP 	prankText: autoDraw = False
34.1183 	EXP 	promptText: autoDraw = False
34.1183 	EXP 	hiddenobserver: autoDraw = False
34.1183 	EXP 	slider: autoDraw = False
34.1183 	EXP 	primertext: autoDraw = False
34.1183 	EXP 	slider: markerPos = None
34.1183 	EXP 	slider: markerPos = None
34.1183 	EXP 	primertext: text = "You're nothing"
34.1183 	EXP 	prankText: autoDraw = True
34.1183 	EXP 	slider: autoDraw = True
34.1183 	EXP 	primertext: autoDraw = True
34.1284 	EXP 	primertext: autoDraw = False
34.1411 	EXP 	promptText: autoDraw = True
34.1411 	EXP 	hiddenobserver: autoDraw = True
34.2064 	DATA 	Mouse: Left button down, pos=(1505,221)
34.2185 	EXP 	slider: markerPos = 8.032407283782959
34.2320 	EXP 	slider: markerPos = 8.032407283782959
34.2452 	EXP 	slider: markerPos = 8.032407283782959
34.2586 	EXP 	slider: markerPos = 8.032407283782959
34.2718 	EXP 	slider: markerPos = 8.032407283782959
34.2819 	DATA 	Mouse:  Left button up, pos=(1505,221)
34.2848 	EXP 	slider: markerPos = 8.032407283782959
34.2978 	EXP 	slider: markerPos = 8.0
34.3002 	EXP 	New trial (rep=3, index=0): None
34.3155 	EXP 	prankText: autoDraw = False
34.3155 	EXP 	promptText: autoDraw = False
34.3155 	EXP 	hiddenobserver: autoDraw = False
34.3155 	EXP 	slider: autoDraw = False
34.3155 	EXP 	primertext: autoDraw = False
34.3155 	EXP 	slider: markerPos = None
34.3155 	EXP 	slider: markerPos = None
34.3155 	EXP 	primertext: text = "You're nothing"
34.3155 	EXP 	prankText: autoDraw = True
34.3155 	EXP 	slider: autoDraw = True
34.3155 	EXP 	primertext: autoDraw = True
34.3255 	EXP 	primertext: autoDraw = False
34.3381 	EXP 	promptText: autoDraw = True
34.3381 	EXP 	hiddenobserver: autoDraw = True
34.4528 	DATA 	Mouse: Left button down, pos=(1505,221)
34.4692 	EXP 	slider: markerPos = 8.032407283782959
34.4825 	EXP 	slider: markerPos = 8.032407283782959
34.4958 	EXP 	slider: markerPos = 8.032407283782959
34.5090 	EXP 	slider: markerPos = 8.032407283782959
34.5104 	DATA 	Mouse:  Left button up, pos=(1505,221)
34.5221 	EXP 	slider: markerPos = 8.0
34.5243 	EXP 	New trial (rep=4, index=0): None
34.5397 	EXP 	prankText: autoDraw = False
34.5397 	EXP 	promptText: autoDraw = False
34.5397 	EXP 	hiddenobserver: autoDraw = False
34.5397 	EXP 	slider: autoDraw = False
34.5397 	EXP 	primertext: autoDraw = False
34.5397 	EXP 	slider: markerPos = None
34.5397 	EXP 	slider: markerPos = None
34.5397 	EXP 	primertext: text = "You're nothing"
34.5397 	EXP 	prankText: autoDraw = True
34.5397 	EXP 	slider: autoDraw = True
34.5397 	EXP 	primertext: autoDraw = True
34.5493 	EXP 	primertext: autoDraw = False
34.5627 	EXP 	promptText: autoDraw = True
34.5627 	EXP 	hiddenobserver: autoDraw = True
34.6670 	DATA 	Mouse: Left button down, pos=(1505,221)
34.6834 	EXP 	slider: markerPos = 8.032407283782959
34.6966 	EXP 	slider: markerPos = 8.032407283782959
34.7099 	EXP 	slider: markerPos = 8.032407283782959
34.7233 	EXP 	slider: markerPos = 8.032407283782959
34.7335 	DATA 	Mouse:  Left button up, pos=(1505,221)
34.7363 	EXP 	slider: markerPos = 8.032407283782959
34.7495 	EXP 	slider: markerPos = 8.0
34.7518 	EXP 	New trial (rep=5, index=0): None
34.7670 	EXP 	prankText: autoDraw = False
34.7670 	EXP 	promptText: autoDraw = False
34.7670 	EXP 	hiddenobserver: autoDraw = False
34.7670 	EXP 	slider: autoDraw = False
34.7670 	EXP 	primertext: autoDraw = False
34.7670 	EXP 	slider: markerPos = None
34.7670 	EXP 	slider: markerPos = None
34.7670 	EXP 	primertext: text = "You're nothing"
34.7670 	EXP 	prankText: autoDraw = True
34.7670 	EXP 	slider: autoDraw = True
34.7670 	EXP 	primertext: autoDraw = True
34.7771 	EXP 	primertext: autoDraw = False
34.7902 	EXP 	promptText: autoDraw = True
34.7902 	EXP 	hiddenobserver: autoDraw = True
34.8833 	DATA 	Mouse: Left button down, pos=(1505,221)
34.8998 	EXP 	slider: markerPos = 8.032407283782959
34.9131 	EXP 	slider: markerPos = 8.032407283782959
34.9262 	EXP 	slider: markerPos = 8.032407283782959
34.9394 	EXP 	slider: markerPos = 8.032407283782959
34.9526 	EXP 	slider: markerPos = 8.032407283782959
34.9658 	EXP 	slider: markerPos = 8.032407283782959
34.9672 	DATA 	Mouse:  Left button up, pos=(1505,221)
34.9789 	EXP 	slider: markerPos = 8.0
34.9813 	EXP 	New trial (rep=4, index=0): None
34.9877 	EXP 	prankText: autoDraw = False
34.9877 	EXP 	promptText: autoDraw = False
34.9877 	EXP 	hiddenobserver: autoDraw = False
34.9877 	EXP 	slider: autoDraw = False
34.9877 	EXP 	primertext: autoDraw = False
34.9877 	EXP 	text: height = 0.1
34.9877 	EXP 	text: height = 0.1
34.9877 	EXP 	text: height = 0.1
34.9877 	EXP 	text: text = 'Prank 5'
34.9877 	EXP 	text: autoDraw = True
36.9812 	EXP 	Created sequence: sequential, trialTypes=1, nReps=6, seed=None
36.9813 	EXP 	New trial (rep=0, index=0): None
37.0074 	EXP 	text: autoDraw = False
37.0074 	EXP 	text: autoDraw = False
37.0074 	EXP 	slider: markerPos = None
37.0074 	EXP 	slider: markerPos = None
37.0074 	EXP 	primertext: text = "You're nothing"
37.0074 	EXP 	prankText: autoDraw = True
37.0074 	EXP 	slider: autoDraw = True
37.0074 	EXP 	primertext: autoDraw = True
37.0177 	EXP 	primertext: autoDraw = False
37.0303 	EXP 	promptText: autoDraw = True
37.0303 	EXP 	hiddenobserver: autoDraw = True
37.2527 	DATA 	Mouse: Left button down, pos=(1505,221)
37.2695 	EXP 	slider: markerPos = 8.032407283782959
37.2827 	EXP 	slider: markerPos = 8.032407283782959
37.2959 	EXP 	slider: markerPos = 8.032407283782959
37.3061 	DATA 	Mouse:  Left button up, pos=(1505,221)
37.3091 	EXP 	slider: markerPos = 8.032407283782959
37.3219 	EXP 	slider: markerPos = 8.0
37.3244 	EXP 	New trial (rep=1, index=0): None
37.3400 	EXP 	prankText: autoDraw = False
37.3400 	EXP 	promptText: autoDraw = False
37.3400 	EXP 	hiddenobserver: autoDraw = False
37.3400 	EXP 	slider: autoDraw = False
37.3400 	EXP 	primertext: autoDraw = False
37.3400 	EXP 	slider: markerPos = None
37.3400 	EXP 	slider: markerPos = None
37.3400 	EXP 	primertext: text = "You're nothing"
37.3400 	EXP 	prankText: autoDraw = True
37.3400 	EXP 	slider: autoDraw = True
37.3400 	EXP 	primertext: autoDraw = True
37.3497 	EXP 	primertext: autoDraw = False
37.3625 	EXP 	promptText: autoDraw = True
37.3625 	EXP 	hiddenobserver: autoDraw = True
37.4563 	DATA 	Mouse: Left button down, pos=(1505,221)
37.4730 	EXP 	slider: markerPos = 8.032407283782959
37.4860 	EXP 	slider: markerPos = 8.032407283782959
37.4994 	EXP 	slider: markerPos = 8.032407283782959
37.5128 	EXP 	slider: markerPos = 8.032407283782959
37.5265 	EXP 	slider: markerPos = 8.032407283782959
37.5280 	DATA 	Mouse:  Left button up, pos=(1505,221)
37.5398 	EXP 	slider: markerPos = 8.0
37.5421 	EXP 	New trial (rep=2, index=0): None
37.5576 	EXP 	prankText: autoDraw = False
37.5576 	EXP 	promptText: autoDraw = False
37.5576 	EXP 	hiddenobserver: autoDraw = False
37.5576 	EXP 	slider: autoDraw = False
37.5576 	EXP 	primertext: autoDraw = False
37.5576 	EXP 	slider: markerPos = None
37.5576 	EXP 	slider: markerPos = None
37.5576 	EXP 	primertext: text = "You're nothing"
37.5576 	EXP 	prankText: autoDraw = True
37.5576 	EXP 	slider: autoDraw = True
37.5576 	EXP 	primertext: autoDraw = True
37.5673 	EXP 	primertext: autoDraw = False
37.5799 	EXP 	promptText: autoDraw = True
37.5799 	EXP 	hiddenobserver: autoDraw = True
37.6463 	DATA 	Mouse: Left button down, pos=(1505,221)
37.6586 	EXP 	slider: markerPos = 8.032407283782959
37.6718 	EXP 	slider: markerPos = 8.032407283782959
37.6849 	EXP 	slider: markerPos = 8.032407283782959
37.6981 	EXP 	slider: markerPos = 8.032407283782959
37.7114 	EXP 	slider: markerPos = 8.032407283782959
37.7246 	EXP 	slider: markerPos = 8.032407283782959
37.7261 	DATA 	Mouse:  Left button up, pos=(1505,221)
37.7376 	EXP 	slider: markerPos = 8.0
37.7399 	EXP 	New trial (rep=3, index=0): None
37.7551 	EXP 	prankText: autoDraw = False
37.7551 	EXP 	promptText: autoDraw = False
37.7551 	EXP 	hiddenobserver: autoDraw = False
37.7551 	EXP 	slider: autoDraw = False
37.7551 	EXP 	primertext: autoDraw = False
37.7551 	EXP 	slider: markerPos = None
37.7551 	EXP 	slider: markerPos = None
37.7551 	EXP 	primertext: text = "You're nothing"
37.7551 	EXP 	prankText: autoDraw = True
37.7551 	EXP 	slider: autoDraw = True
37.7551 	EXP 	primertext: autoDraw = True
37.7647 	EXP 	primertext: autoDraw = False
37.7775 	EXP 	promptText: autoDraw = True
37.7775 	EXP 	hiddenobserver: autoDraw = True
37.8434 	DATA 	Mouse: Left button down, pos=(1505,221)
37.8553 	EXP 	slider: markerPos = 8.032407283782959
37.8685 	EXP 	slider: markerPos = 8.032407283782959
37.8818 	EXP 	slider: markerPos = 8.032407283782959
37.8950 	EXP 	slider: markerPos = 8.032407283782959
37.9058 	DATA 	Mouse:  Left button up, pos=(1505,221)
37.9088 	EXP 	slider: markerPos = 8.032407283782959
37.9217 	EXP 	slider: markerPos = 8.0
37.9239 	EXP 	New trial (rep=4, index=0): None
37.9392 	EXP 	prankText: autoDraw = False
37.9392 	EXP 	promptText: autoDraw = False
37.9392 	EXP 	hiddenobserver: autoDraw = False
37.9392 	EXP 	slider: autoDraw = False
37.9392 	EXP 	primertext: autoDraw = False
37.9392 	EXP 	slider: markerPos = None
37.9392 	EXP 	slider: markerPos = None
37.9392 	EXP 	primertext: text = "You're nothing"
37.9392 	EXP 	prankText: autoDraw = True
37.9392 	EXP 	slider: autoDraw = True
37.9392 	EXP 	primertext: autoDraw = True
37.9490 	EXP 	primertext: autoDraw = False
37.9625 	EXP 	promptText: autoDraw = True
37.9625 	EXP 	hiddenobserver: autoDraw = True
38.0347 	DATA 	Mouse: Left button down, pos=(1505,221)
38.0511 	EXP 	slider: markerPos = 8.032407283782959
38.0643 	EXP 	slider: markerPos = 8.032407283782959
38.0775 	EXP 	slider: markerPos = 8.032407283782959
38.0877 	DATA 	Mouse:  Left button up, pos=(1505,221)
38.0906 	EXP 	slider: markerPos = 8.032407283782959
38.1034 	EXP 	slider: markerPos = 8.0
38.1057 	EXP 	New trial (rep=5, index=0): None
38.1209 	EXP 	prankText: autoDraw = False
38.1209 	EXP 	promptText: autoDraw = False
38.1209 	EXP 	hiddenobserver: autoDraw = False
38.1209 	EXP 	slider: autoDraw = False
38.1209 	EXP 	primertext: autoDraw = False
38.1209 	EXP 	slider: markerPos = None
38.1209 	EXP 	slider: markerPos = None
38.1209 	EXP 	primertext: text = "You're nothing"
38.1209 	EXP 	prankText: autoDraw = True
38.1209 	EXP 	slider: autoDraw = True
38.1209 	EXP 	primertext: autoDraw = True
38.1305 	EXP 	primertext: autoDraw = False
38.1431 	EXP 	promptText: autoDraw = True
38.1431 	EXP 	hiddenobserver: autoDraw = True
38.2302 	DATA 	Mouse: Left button down, pos=(1505,221)
38.2423 	EXP 	slider: markerPos = 8.032407283782959
38.2555 	EXP 	slider: markerPos = 8.032407283782959
38.2687 	EXP 	slider: markerPos = 8.032407283782959
38.2820 	EXP 	slider: markerPos = 8.032407283782959
38.2952 	EXP 	slider: markerPos = 8.032407283782959
38.3087 	EXP 	slider: markerPos = 8.032407283782959
38.3189 	DATA 	Mouse:  Left button up, pos=(1505,221)
38.3217 	EXP 	slider: markerPos = 8.032407283782959
38.3356 	EXP 	slider: markerPos = 8.0
38.4901 	EXP 	prankText: autoDraw = False
38.4901 	EXP 	promptText: autoDraw = False
38.4901 	EXP 	hiddenobserver: autoDraw = False
38.4901 	EXP 	slider: autoDraw = False
38.4901 	EXP 	primertext: autoDraw = False
38.4901 	EXP 	respectform: autoDraw = True
39.4686 	DATA 	Mouse: Left button down, pos=(1346,411)
39.5601 	DATA 	Mouse:  Left button up, pos=(1346,411)
40.2968 	DATA 	Mouse: Left button down, pos=(1765,69)
40.4204 	DATA 	Mouse:  Left button up, pos=(1765,69)
40.4273 	EXP 	respectform: autoDraw = False
40.4273 	EXP 	angerform: autoDraw = True
41.6168 	DATA 	Mouse: Left button down, pos=(1760,88)
41.7382 	DATA 	Mouse:  Left button up, pos=(1760,88)
41.9788 	DATA 	Mouse: Left button down, pos=(1784,69)
41.9789 	DATA 	Mouse:  Left button up, pos=(1784,69)
42.6930 	DATA 	Mouse: Left button down, pos=(1786,61)
42.7557 	EXP 	angerform: autoDraw = False
42.7557 	EXP 	demoForm: autoDraw = True
42.7751 	DATA 	Mouse:  Left button up, pos=(1786,61)
44.0436 	DATA 	Mouse: Left button down, pos=(1785,63)
44.0542 	EXP 	demoForm: autoDraw = False
44.0542 	EXP 	text_2: autoDraw = True
44.0902 	DATA 	Mouse:  Left button up, pos=(1785,63)
45.6352 	EXP 	text_2: autoDraw = False
45.6352 	EXP 	feedbackform: autoDraw = True
46.5029 	DATA 	Mouse: wheel shift=(0,-5), pos=(1496,213)
46.5094 	DATA 	Mouse: wheel shift=(0,-1), pos=(1336,249)
46.5916 	DATA 	Mouse: wheel shift=(0,-3), pos=(1325,250)
46.6773 	DATA 	Mouse: wheel shift=(0,-1), pos=(1294,257)
46.7663 	DATA 	Mouse: wheel shift=(0,-3), pos=(1294,257)
46.8521 	DATA 	Mouse: wheel shift=(0,-5), pos=(1294,257)
47.0259 	DATA 	Mouse: wheel shift=(0,-4), pos=(1294,257)
47.0337 	DATA 	Mouse: wheel shift=(0,-1), pos=(1294,258)
47.1127 	DATA 	Mouse: wheel shift=(0,-4), pos=(1294,258)
47.7239 	DATA 	Mouse: Left button down, pos=(1795,73)
47.7659 	EXP 	feedbackform: autoDraw = False
47.7659 	EXP 	debriefform: autoDraw = True
47.7940 	DATA 	Mouse:  Left button up, pos=(1795,73)
48.1487 	DATA 	Mouse: wheel shift=(0,-2), pos=(1228,275)
48.1555 	DATA 	Mouse: wheel shift=(0,-1), pos=(1224,276)
48.1831 	DATA 	Mouse: wheel shift=(0,-3), pos=(1224,276)
48.1831 	DATA 	Mouse: wheel shift=(0,-1), pos=(1224,276)
48.4213 	DATA 	Mouse: wheel shift=(0,-2), pos=(1224,276)
48.4540 	DATA 	Mouse: wheel shift=(0,-4), pos=(1224,276)
48.4580 	DATA 	Mouse: wheel shift=(0,-1), pos=(1224,276)
48.4869 	DATA 	Mouse: wheel shift=(0,-2), pos=(1224,276)
48.6699 	DATA 	Mouse: wheel shift=(0,-1), pos=(1201,298)
48.6730 	DATA 	Mouse: wheel shift=(0,-1), pos=(1187,303)
48.7097 	DATA 	Mouse: wheel shift=(0,-3), pos=(1180,303)
48.7129 	DATA 	Mouse: wheel shift=(0,-1), pos=(1145,308)
48.7214 	DATA 	Mouse: wheel shift=(0,-1), pos=(1145,308)
48.7487 	DATA 	Mouse: wheel shift=(0,-3), pos=(1128,313)
48.9476 	DATA 	Mouse: wheel shift=(0,-1), pos=(892,309)
48.9540 	DATA 	Mouse: wheel shift=(0,-1), pos=(859,302)
48.9799 	DATA 	Mouse: wheel shift=(0,-3), pos=(854,301)
48.9863 	DATA 	Mouse: wheel shift=(0,-1), pos=(814,297)
49.0111 	DATA 	Mouse: wheel shift=(0,-3), pos=(814,297)
49.5877 	DATA 	Mouse: Left button down, pos=(585,249)
49.6823 	DATA 	Mouse:  Left button up, pos=(586,249)
50.4162 	DATA 	Mouse: Left button down, pos=(1816,70)
50.4296 	EXP 	debriefform: autoDraw = False
50.4849 	EXP 	window1: mouseVisible = True
