1.1873 	WARNING 	We strongly recommend you activate the PTB sound engine in PsychoPy prefs as the preferred audio engine. Its timing is vastly superior. Your prefs are currently set to use ['sounddevice', 'PTB', 'pyo', 'pygame'] (in that order).
8.9285 	WARNING 	User requested fullscreen with size [1024  768], but screen is actually [1920, 1080]. Using actual size
9.3330 	EXP 	Created window1 = Window(allowGUI=False, allowStencil=False, autoLog=True, backendConf=UNKNOWN, bitsMode=UNKNOWN, blendMode='avg', bpc=(8, 8, 8), color=array([0, 0, 0]), colorSpace='rgb', depthBits=8, fullscr=<method-wrapper '__getattribute__' of attributeSetter object at 0x000001EDA0B7FF10>, gamma=None, gammaErrorPolicy='raise', lms=UNKNOWN, monitor=<psychopy.monitors.calibTools.Monitor object at 0x000001EDA0788730>, multiSample=False, name='window1', numSamples=2, pos=(0, 0), screen=0, size=array([1920, 1080]), stencilBits=0, stereo=False, units='height', useFBO=True, useRetina=False, viewOri=0.0, viewPos=None, viewScale=None, waitBlanking=True, winType='pyglet')
9.3334 	EXP 	window1: mouseVisible = True
9.3334 	EXP 	window1: Attempting to measure frame rate of screen (0) ...
9.3334 	EXP 	window1: recordFrameIntervals = False
9.4086 	EXP 	window1: recordFrameIntervals = True
9.4871 	EXP 	Screen (0) actual frame rate measured at 141.83Hz
9.4871 	EXP 	window1: recordFrameIntervals = False
11.1293 	EXP 	window1: mouseVisible = True
11.1338 	EXP 	Imported informationletter.csv as conditions, 12 conditions, 13 params
11.1345 	EXP 	Question text: Information Letter
11.1626 	EXP 	Question text: Project Title: It's All Fun and Pranks
11.1949 	EXP 	Question text: Faculty Investigator: Dr. Chris Burris, Psychology (St. Jerome's). 519-884-8111x28213 (cburris@uwaterloo.ca)
11.2359 	EXP 	Question text: Student Investigator: Maya Karmakar-Johnson, Psychology (mkarmaka@uwaterloo.ca)
11.2435 	EXP 	Question text: This online research is being conducted as part of the Student Investigator's undergraduate honours thesis. It focuses on how people react to pranking behaviour and factors that affect those reactions.
11.2540 	EXP 	Question text: In this study, you will be asked first to read several short accounts of actual pranks and then react to each (for example, how funny you did – or didn't – find that prank to be). You will then be asked to complete two short measures concerning your responses to how other people interact with you – specifically, how important feeling respected and dealing with anger are for you. Finally, we'll ask you to complete a brief demographic questionnaire that asks basic questions such as your age and gender (so that we can accurately summarize the study sample's characteristics in any future reports). After that, you'll be able to learn more about the study's purpose.
11.2769 	EXP 	Question text: We expect this study to take no more than 30 minutes of your time. Participation is voluntary. Although no direct benefits to you are anticipated, we hope that you will learn more about the variety of research methods that are employed to test psychological hypotheses. In appreciation for your participation, you will receive 0.5 participation credits toward your applicable Psychology class.
11.2926 	EXP 	Question text: The risks associated with participation in the study are expected to be no greater than what you might experience in your day-to-day life. Indeed, reacting to others' embarrassing or awkward experiences, as well as how we deal with how people treat us, are common experiences for many. Having said that, you may choose not to complete any proportion of the study but will still receive your 0.5 participation credit. If you do choose to withdraw from the study before reaching the end, we would ask that you please skip to the end to read the feedback letter. Once you have submitted your responses it is not possible to withdraw your consent to participate, however, as we have no way of knowing which responses are yours.
11.3145 	EXP 	Question text: You will be completing the study by an online survey operated by Qualtrics. Qualtrics has implemented technical, administrative, and physical safeguards to protect the information provided via the Services from loss, misuse, and unauthorized access, disclosure, alteration, or destruction. However, no Internet transmission is ever fully secure or error free. University of Waterloo researchers will not collect or use internet protocol (IP) addresses or other information which could link your participation to your computer or electronic device without first informing you.
11.3336 	EXP 	Question text: Your identity will be confidential: your questionnaire responses will be identified by a code. You will not be identified by name in any report, publication, or presentation resulting from this study. If you choose to participate your data will be stored for at least 5 years on the password-protected computer on the Faculty Investigator.
11.3446 	EXP 	Question text: If you have any questions about the study, either before or after participating, please feel free to contact the Faculty Investigator as shown above.
11.3503 	EXP 	Question text: This study has been reviewed and received ethics clearance through a University of Waterloo Research Ethics Board (REB# 44380). If you have questions for the Board, contact the Office of Research Ethics, at 1-519-888-4567 ext. 36005 or reb@uwaterloo.ca
11.3756 	EXP 	window1: mouseVisible = True
11.4263 	EXP 	Created infoletter = <psychopy.visual.form.Form object at 0x000001EDA2062160>
11.4298 	EXP 	window1: mouseVisible = True
11.4332 	EXP 	Imported consentform.csv as conditions, 8 conditions, 13 params
11.4338 	EXP 	Question text: Consent for Participation
11.4489 	EXP 	Question text: By consenting to participate, you are not waiving your legal rights or releasing the investigator(s) or involved institution(s) from their legal and professional responsibilities.
11.4553 	EXP 	Question text: I have read the information presented in the information letter about a study being conducted under the supervision of Chris Burris, Department of Psychology, St. Jerome's University (cburris@uwaterloo.ca). I have made this decision based on the information provided. I have had the opportunity to ask any questions related to this study, to receive satisfactory answers to my questions, and any additional details I wanted.
11.4669 	EXP 	Question text: As a participant in this online study, I am aware that my identity will remain confidential.
11.4703 	EXP 	Question text: I am aware that I may withdraw from participating before reaching the end of the study without penalty.
11.4738 	EXP 	Question text: This study has been reviewed and received ethics clearance through a University of Waterloo Research Ethics Committee (REB# 44380). If you have questions for the Committee, contact the Office of Research Ethics at 1-519-888-4567 ext. 36005 or ore-ceo@uwaterloo.ca
11.4818 	EXP 	Question text: If you have any questions about the study, either before or after participating, please feel free to contact the Faculty Investigator.
11.4856 	EXP 	Question text: I agree to participate in this study:
11.4892 	EXP 	window1: mouseVisible = True
11.5101 	EXP 	window1: mouseVisible = True
11.5345 	EXP 	Created consentform = <psychopy.visual.form.Form object at 0x000001ED9FF60400>
11.5379 	EXP 	window1: mouseVisible = True
11.5410 	EXP 	Imported HO.csv as conditions, 3 conditions, 13 params
11.5415 	EXP 	Question text: Instructions
11.5467 	EXP 	Question text: Imagine that there exists a part deep within you that you could call the "hidden observer." This part of you knows every detail of all behaviour and thought processes that go on within you and is aware of the deepest intimate information about yourself. However, it cannot be asked to talk about this intimate information unless it is allowed by you to do so.
11.5585 	EXP 	Question text: Five brief descriptions of prank experiences from the target's perspective (taken from the website fmylife.com) appear below. Please read each one and - from the perspective of your "hidden observer" - rate your reactions to it.
11.5662 	EXP 	window1: mouseVisible = True
11.5807 	EXP 	Created instructionsform = <psychopy.visual.form.Form object at 0x000001ED9FE8F790>
11.5935 	EXP 	Created prankNumberText = TextStim(__class__=<class 'psychopy.visual.text.TextStim'>, alignHoriz=method-wrapper(...), alignText='center', alignVert=method-wrapper(...), anchorHoriz='center', anchorVert='center', antialias=True, autoDraw=False, autoLog=True, bold=False, color=array([1., 1., 1.]), colorSpace='rgb', contrast=1.0, depth=0.0, flipHoriz=False, flipVert=False, font='Open Sans', fontFiles=[], height=0.1, italic=False, languageStyle='LTR', name='prankNumberText', opacity=1.0, ori=0.0, pos=array([0., 0.]), rgb=UNKNOWN, text='', units='height', win=Window(...), wrapWidth=1)
11.5947 	EXP 	Created prankText = TextStim(__class__=<class 'psychopy.visual.text.TextStim'>, alignHoriz=method-wrapper(...), alignText='center', alignVert=method-wrapper(...), anchorHoriz='center', anchorVert='center', antialias=True, autoDraw=False, autoLog=True, bold=False, color=array([1., 1., 1.]), colorSpace='rgb', contrast=1.0, depth=0.0, flipHoriz=False, flipVert=False, font='Open Sans', fontFiles=[], height=0.04, italic=False, languageStyle='LTR', name='prankText', opacity=1.0, ori=0.0, pos=array([0. , 0.2]), rgb=UNKNOWN, text='', units='height', win=Window(...), wrapWidth=1)
11.5957 	EXP 	Created promptText = TextStim(__class__=<class 'psychopy.visual.text.TextStim'>, alignHoriz=method-wrapper(...), alignText='center', alignVert=method-wrapper(...), anchorHoriz='center', anchorVert='center', antialias=True, autoDraw=False, autoLog=True, bold=False, color=array([1., 1., 1.]), colorSpace='rgb', contrast=1.0, depth=-1.0, flipHoriz=False, flipVert=False, font='Open Sans', fontFiles=[], height=0.03, italic=False, languageStyle='LTR', name='promptText', opacity=1.0, ori=0.0, pos=array([ 0.  , -0.11]), rgb=UNKNOWN, text='', units='height', win=Window(...), wrapWidth=1)
11.6279 	EXP 	Created hiddenobserver = TextStim(__class__=<class 'psychopy.visual.text.TextStim'>, alignHoriz=method-wrapper(...), alignText='center', alignVert=method-wrapper(...), anchorHoriz='center', anchorVert='center', antialias=True, autoDraw=False, autoLog=True, bold=False, color=array([1., 1., 1.]), colorSpace='rgb', contrast=1.0, depth=-2.0, flipHoriz=False, flipVert=False, font='Open Sans', fontFiles=[], height=0.03, italic=False, languageStyle='LTR', name='hiddenobserver', opacity=1.0, ori=0.0, pos=array([ 0.  , -0.05]), rgb=UNKNOWN, text='My "hidden observer" says that:', units='height', win=Window(...), wrapWidth=1)
11.6323 	EXP 	window1: mouseVisible = True
11.7271 	EXP 	Created slider = Slider(__class__=<class 'psychopy.visual.slider.Slider'>, autoDraw=False, autoLog=True, borderColor=None, color=None, colorSpace='rgb', depth=-3, fillColor=None, flip=True, font='Open Sans', granularity=1.0, labelColor=None, labelHeight=0.05, labelWrapWidth=None, labels=tuple(...), lineColor=None, markerColor=None, name='slider', opacity=None, ori=0.0, pos=array([ 0. , -0.3]), readOnly=False, self=UNKNOWN, size=array([1.  , 0.07]), startValue=None, style='rating', styleTweaks=[], ticks=array([1, 2, 3, 4, 5, 6, 7, 8]), units='height', win=Window(...))
11.7283 	EXP 	Created primertext = TextStim(__class__=<class 'psychopy.visual.text.TextStim'>, alignHoriz=method-wrapper(...), alignText='center', alignVert=method-wrapper(...), anchorHoriz='center', anchorVert='center', antialias=True, autoDraw=False, autoLog=True, bold=False, color=array([0.2098, 0.2098, 0.2059]), colorSpace='rgb', contrast=1.0, depth=-4.0, flipHoriz=False, flipVert=False, font='Open Sans', fontFiles=[], height=0.05, italic=False, languageStyle='LTR', name='primertext', opacity=1.0, ori=0.0, pos=array([0., 0.]), rgb=UNKNOWN, text='', units='height', win=Window(...), wrapWidth=1)
11.7319 	EXP 	Imported aboutrespect_part1.csv as conditions, 8 conditions, 13 params
11.7326 	EXP 	Question text: About Respect
11.7441 	EXP 	Question text: The following questions ask you about what you think other people are like and what you think about how they act.
11.7480 	EXP 	Question text: I feel disrespected when people don’t include me in the group.
11.7532 	EXP 	window1: mouseVisible = True
11.7974 	EXP 	Question text: It is important that people show that they respect you.
11.8012 	EXP 	window1: mouseVisible = True
11.8482 	EXP 	Question text: I feel disrespected when a group is making a decision and I don’t get to say what I think.
11.8525 	EXP 	window1: mouseVisible = True
11.8995 	EXP 	Question text: People want to make you feel like they are better than you.
11.9034 	EXP 	window1: mouseVisible = True
11.9495 	EXP 	Question text: I feel disrespected when people tease me.
11.9531 	EXP 	window1: mouseVisible = True
11.9988 	EXP 	Question text: It is important to let people know that they should respect you.
12.0025 	EXP 	window1: mouseVisible = True
12.0483 	EXP 	window1: mouseVisible = True
12.0913 	EXP 	Created respectform = <psychopy.visual.form.Form object at 0x000001ED9FD3B070>
12.0948 	EXP 	window1: mouseVisible = True
12.0980 	EXP 	window1: mouseVisible = True
12.1017 	EXP 	Imported aboutanger - Sheet1.csv as conditions, 12 conditions, 13 params
12.1025 	EXP 	Question text: About Anger
12.1086 	EXP 	Question text: Please rate how often you do what is described in each item.
12.1119 	EXP 	Question text: When something makes me angry, I turn this matter over and over again in my mind.
12.1159 	EXP 	window1: mouseVisible = True
12.1394 	EXP 	Question text: I have long living fantasies of revenge after the conflict is over.
12.1432 	EXP 	window1: mouseVisible = True
12.1664 	EXP 	Question text: I ponder about the injustices that have been done to me.
12.1701 	EXP 	window1: mouseVisible = True
12.1929 	EXP 	Question text: I think about the reasons people treat me badly.
12.1965 	EXP 	window1: mouseVisible = True
12.2191 	EXP 	Question text: When someone makes me angry, I can't stop thinking about how to get back at this person.
12.2232 	EXP 	window1: mouseVisible = True
12.2463 	EXP 	Question text: I keep thinking about events that angered me for a long time.
12.2501 	EXP 	window1: mouseVisible = True
12.2729 	EXP 	Question text: Whenever I experience anger, I keep thinking about it for a while.
12.2766 	EXP 	window1: mouseVisible = True
12.2993 	EXP 	Question text: I re-enact the anger episode in my mind after it has happened.
12.3030 	EXP 	window1: mouseVisible = True
12.3259 	EXP 	Question text: I think about certain events from a long time ago and they still make me angry.
12.3298 	EXP 	window1: mouseVisible = True
12.3524 	EXP 	Question text: I have had times when I could not stop being preoccupied with a particular conflict.
12.3563 	EXP 	window1: mouseVisible = True
12.3797 	EXP 	window1: mouseVisible = True
12.4198 	EXP 	Created angerform = <psychopy.visual.form.Form object at 0x000001EDA0407EE0>
12.4233 	EXP 	Imported demographic.csv as conditions, 9 conditions, 13 params
12.4239 	EXP 	Question text: Background Information
12.4348 	EXP 	Question text: Please complete the following information so that we can summarize the background characteristics of this study’s participants as part of any subsequent research reports. Your identity is confidential. Remember that you may decline to answer any question by leaving it blank if you choose
12.4433 	EXP 	Question text: Your gender?
12.4487 	EXP 	window1: mouseVisible = True
12.4778 	EXP 	Question text: Gender (if other)
12.4853 	EXP 	Question text: Your Age
12.4886 	EXP 	window1: mouseVisible = True
12.5121 	EXP 	Question text: Your Ethnicity (ie. the ethnic group or nationality with which you most strongly identify)?
12.5181 	EXP 	Question text: Were you born in Canada
12.5215 	EXP 	window1: mouseVisible = True
12.5368 	EXP 	Question text: If you are now living in Canada, but were not born here, how long have you lived here?
12.5431 	EXP 	Question text: Finally, we would like you to write a couple of sentences about something you've done or accomplished recently that you feel really good about:
12.5514 	EXP 	window1: mouseVisible = True
12.5759 	EXP 	Created demoForm = <psychopy.visual.form.Form object at 0x000001EDA0690550>
12.5791 	EXP 	window1: mouseVisible = True
12.5866 	EXP 	Created text_2 = TextStim(__class__=<class 'psychopy.visual.text.TextStim'>, alignHoriz=method-wrapper(...), alignText='center', alignVert=method-wrapper(...), anchorHoriz='center', anchorVert='center', antialias=True, autoDraw=False, autoLog=True, bold=False, color=array([1., 1., 1.]), colorSpace='rgb', contrast=1.0, depth=0.0, flipHoriz=False, flipVert=False, font='Open Sans', fontFiles=[], height=0.05, italic=False, languageStyle='LTR', name='text_2', opacity=1.0, ori=0.0, pos=array([0., 0.]), rgb=UNKNOWN, text='Study Complete', units='height', win=Window(...), wrapWidth=1)
12.5900 	EXP 	window1: mouseVisible = True
12.5946 	EXP 	Imported feedbackletter.csv as conditions, 27 conditions, 13 params
12.5953 	EXP 	Question text: Feedback Letter
12.6008 	EXP 	Question text: Project Title: It's All Fun and Pranks
12.6039 	EXP 	Question text: Faculty Investigator: Dr. Chris Burris, Psychology (St. Jerome's). 519-884-8111x28213 (cburris@uwaterloo.ca)
12.6075 	EXP 	Question text: Student Investigator: Maya Karmakar-Johnson, Psychology (mkarmaka@uwaterloo.ca)
12.6108 	EXP 	Question text: We appreciate your participation, and we thank you for spending time helping us with our research. At the beginning of the study, you were informed that its focus was on how people react to pranking behaviour and factors that affect those reactions. We would now like to explain the purpose of the study in greater detail.
12.6202 	EXP 	Question text: Although many people view pranks as “harmless fun,” Burris and Leitch (2018) showed that pranking can sometimes serve as an outlet for sadistic motivation – understood as wanting someone else to feel bad, however briefly, because the thought of that makes oneself feel good. By their very nature, pranks involve a gotcha whereby the person being pranked is subject to some degree of physical or psychological discomfort – if that doesn’t happen, then the prank is declared to have “failed.”
12.6370 	EXP 	Question text: Importantly, Burris and Leitch (2018) showed that positive reactions to pranks – whether performed by the self or by someone else – were predicted by a joint tendency to feel disrespected and to have difficulty letting go of anger related to past insults. Having identified this combo as the “engine” driving sadistic motivation, Burris and Leitch argued that sadistic motivation’s ultimate goal is to boost back up a self that feels deflated or “squashed,” and that seeing another come to harm is a means to this end.
12.6503 	EXP 	Question text: This analysis of pranking raises a paradox: Most pranksters look happy, even giddy – they don’t look angry or hostile. Dijksterhuis and Aarts (2010) reviewed research suggesting that goals can drive behavior even when the goals are outside of awareness – that is, unconscious. With that in mind, the present study was set up to see whether the presumed ultimate goal driving sadistic motivation – that is, boosting the self – was operating nonconsciously.
12.6622 	EXP 	Question text: To do that, we attempted to create either a “mini-boost” or a “mini-squash” to the self outside of your conscious awareness. Thus, as you read each prank story and reacted to it, you were randomly assigned to any of three possible subliminal primes: (1) “you are awesome” (boost); (2) “you are nothing” (squash); or (3) “people are walking” (neutral). These primes appeared before the general story instructions, before each story, and before each reaction item. After that, we had you complete short versions of the disrespect sensitivity and anger rumination measures used by Burris and Leitch (2018) to identify people who are more or less likely to respond to “squashed” feelings by reacting positively to others’ discomfort. To ensure that any possible negative effect of the “squash” prime would be neutralized quickly, we asked everyone to reflect on a recent positive personal experience at the end of the study.
12.6853 	EXP 	Question text: We expected the most positive reactions to the prank stories to emerge among people who received the “squash” primes, and who already struggle more with feeling angry and disrespected.
12.6916 	EXP 	Question text: So, to be clear, we are indeed interested in how people react to pranking behaviour and factors that affect those reactions, but this study explored a very specific aspect of that – that is, nonconscious motivation, which we investigated by means of subliminal primes.
12.6996 	EXP 	Question text: We apologize that we did not alert to you our use of subliminal primes at the outset – but we hope you understand that, had we done so, you would have probably been on the lookout for (or trying to guess) the primes we were using, which would compromise their effectiveness. Although not all psychology research involves withholding information at the outset like this, there is sometimes no practical alternative that allows for a valid test of hypotheses such as ours concerning nonconscious nature of sadistic motivation. We hope this makes sense to you.
12.7136 	EXP 	Question text: So, to summarize:
12.7168 	EXP 	Question text: 1) Pranking is sometimes used as an outlet for sadistic motivation.
12.7199 	EXP 	Question text: 2) The ultimate goal of sadistic motivation may be to boost the self, even if at others’ expense. 
12.7236 	EXP 	Question text: 3) The present study used subliminal priming to test whether this hypothesized of boosting the self is operating outside of conscious awareness. 
12.7292 	EXP 	Question text: 4) To test our hypothesis, we had to withhold information concerning our use of subliminal primes initially.
12.7329 	EXP 	Question text: Given (4) just above, it is very important that you not discuss your experiences with any other students who potentially could be in this study until after the end of the term. If people come into the study knowing about our specific predictions, it could influence their results, and the data we collect would not be useable. Also, if you print off a copy of this post-study information page, please do not make it available to other students.
12.7447 	EXP 	Question text: Because some elements of the study are different from what was originally explained, there is another consent form for you to read and sign electronically if you are willing to allow us to use the information you have provided. This consent is also a record that the full purpose of the study was explained to you.
12.7538 	EXP 	Question text: We would like to remind you that your confidentiality is guaranteed. Your questionnaire responses will be identified by code number only and you will not be identified by name in any report, publication, or presentation resulting from this study. The data file will be stored for at least 5 years in electronic form on the password-protected computer of the Faculty Investigator.
12.7641 	EXP 	Question text: This study has been reviewed and received ethics clearance through a University of Waterloo Research Ethics Board (#44380). If you have questions for the Board, contact the Office of Research Ethics, at 1-519-888-4567 ext. 36005 or reb@uwaterloo.ca.
12.7718 	EXP 	Question text: If your participation in this study has raised personal issues that concern you, we encourage you to contact UW Counselling Services at 888-4567, ext. 32655.
12.7775 	EXP 	Question text: If you’d like to learn more about the ideas behind this research, we encourage you to read:
12.7808 	EXP 	Question text: Burris, C., & Leitch, R. (2018). Harmful fun: Pranks and sadistic motivation. Motivation And Emotion, 42(1), 90-102. doi: 10.1007/s11031-017-9651-5
12.7903 	EXP 	Question text: Dijksterhuis, A., & Aarts, H. (2010). Goals, attention, and (un)consciousness. Annual Review of Psychology, 61(1), 467-490. https://doi.org/10.1146/annurev.psych.093008.100445
12.7964 	EXP 	Question text: If you’d like more information, feel free to contact the Faculty Investigator as listed above.
12.7999 	EXP 	Question text: We really appreciate your participation, and hope that this has been a worthwhile experience for you.
12.8040 	EXP 	window1: mouseVisible = True
12.8850 	EXP 	Created feedbackform = <psychopy.visual.form.Form object at 0x000001EDA081CAC0>
12.8883 	EXP 	window1: mouseVisible = True
12.8916 	EXP 	Imported debriefform.csv as conditions, 7 conditions, 13 params
12.8922 	EXP 	Question text: Post-debriefing Consent Form
12.8963 	EXP 	Question text: Project Title: It's All Fun and Pranks
12.8992 	EXP 	Question text: Faculty Investigator: Dr. Chris Burris, Psychology (St. Jerome's). 519-884-8111x28213 (cburris@uwaterloo.ca)
12.9027 	EXP 	Question text: Student Investigator: Maya Karmakar-Johnson, Psychology (mkarmaka@uwaterloo.ca)
12.9062 	EXP 	Question text: In the online debriefing, I was given an explanation as to why it was necessary for the researchers to withhold some information regarding some elements of this study. I was informed that having full information about the actual purpose of the study might have influenced the way in which I responded to the tasks and this would have invalidated the results. I have now received a complete written explanation as to the actual purpose and procedures of the study. In addition, I have had an opportunity to ask any questions about this and to receive acceptable answers to my questions. I am aware that my decision to give or withhold permission to use my data will not affect my receipt of the applicable research credit.
12.9244 	EXP 	Question text: I am aware that I may contact the Office of Research Ethics, at 1-519-888-4567 ext. 36005 or reb@uwaterloo.ca if I have any concerns or comments resulting from my involvement in this study.
12.9309 	EXP 	Question text: I give my permission for the researchers to use my data and/or the information I provided through the online survey for this study.
12.9368 	EXP 	window1: mouseVisible = True
12.9537 	EXP 	window1: mouseVisible = True
12.9777 	EXP 	Created debriefform = <psychopy.visual.form.Form object at 0x000001EDA089A2E0>
13.0306 	EXP 	unnamed Form: autoLog = True
13.0306 	EXP 	infoletter: name = 'infoletter'
13.0306 	EXP 	infoletter: depth = 0
13.0306 	EXP 	unnamed Form: autoLog = True
13.0306 	EXP 	consentform: name = 'consentform'
13.0306 	EXP 	consentform: depth = 0
13.0306 	EXP 	unnamed Form: autoLog = True
13.0306 	EXP 	instructionsform: name = 'instructionsform'
13.0306 	EXP 	instructionsform: depth = 0
13.0306 	EXP 	slider: autoLog = True
13.0306 	EXP 	slider: markerPos = None
13.0306 	EXP 	slider: styleTweaks = []
13.0306 	EXP 	slider: styleTweaks = []
13.0306 	EXP 	slider: styleTweaks = []
13.0306 	EXP 	slider: styleTweaks = []
13.0306 	EXP 	slider: contrast = 1.0
13.0306 	EXP 	slider: autoLog = True
13.0306 	EXP 	unnamed Form: autoLog = True
13.0306 	EXP 	respectform: name = 'respectform'
13.0306 	EXP 	respectform: depth = 0
13.0306 	EXP 	unnamed Form: autoLog = True
13.0306 	EXP 	angerform: name = 'angerform'
13.0306 	EXP 	angerform: depth = 0
13.0306 	EXP 	unnamed Form: autoLog = True
13.0306 	EXP 	demoForm: name = 'demoForm'
13.0306 	EXP 	demoForm: depth = 0
13.0306 	EXP 	unnamed Form: autoLog = True
13.0306 	EXP 	feedbackform: name = 'feedbackform'
13.0306 	EXP 	feedbackform: depth = 0
13.0306 	EXP 	unnamed Form: autoLog = True
13.0306 	EXP 	debriefform: name = 'debriefform'
13.0306 	EXP 	debriefform: depth = 0
13.0306 	EXP 	infoletter: autoDraw = True
14.2827 	DATA 	Mouse: Left button down, pos=(1779,69)
14.3172 	DATA 	Mouse:  Left button up, pos=(1779,69)
14.3184 	EXP 	infoletter: autoDraw = False
14.3184 	EXP 	consentform: autoDraw = True
15.2441 	DATA 	Mouse: wheel shift=(0,-1), pos=(1522,247)
15.3091 	DATA 	Mouse: wheel shift=(0,-1), pos=(1480,281)
15.3758 	DATA 	Mouse: wheel shift=(0,-1), pos=(1446,298)
15.4179 	DATA 	Mouse: wheel shift=(0,-1), pos=(1363,322)
15.4488 	DATA 	Mouse: wheel shift=(0,-2), pos=(1359,323)
15.4878 	DATA 	Mouse: wheel shift=(0,-2), pos=(1305,334)
15.7266 	DATA 	Mouse: wheel shift=(0,-3), pos=(1258,353)
15.7340 	DATA 	Mouse: wheel shift=(0,-1), pos=(1258,353)
15.7658 	DATA 	Mouse: wheel shift=(0,-5), pos=(1258,353)
15.9642 	DATA 	Mouse: wheel shift=(0,-1), pos=(1261,362)
15.9728 	DATA 	Mouse: wheel shift=(0,-1), pos=(1261,362)
16.0033 	DATA 	Mouse: wheel shift=(0,-4), pos=(1261,362)
16.0070 	DATA 	Mouse: wheel shift=(0,-1), pos=(1261,362)
16.0128 	DATA 	Mouse: wheel shift=(0,-1), pos=(1261,362)
16.0422 	DATA 	Mouse: wheel shift=(0,-1), pos=(1261,362)
16.2020 	DATA 	Mouse: wheel shift=(0,-1), pos=(1261,362)
16.2060 	DATA 	Mouse: wheel shift=(0,-1), pos=(1259,362)
16.2121 	DATA 	Mouse: wheel shift=(0,-1), pos=(1258,361)
16.2406 	DATA 	Mouse: wheel shift=(0,-5), pos=(1257,361)
16.2520 	DATA 	Mouse: wheel shift=(0,-1), pos=(1245,357)
16.8775 	DATA 	Mouse: Left button down, pos=(574,243)
16.9571 	DATA 	Mouse:  Left button up, pos=(575,243)
17.6747 	DATA 	Mouse: Left button down, pos=(1764,67)
17.7057 	EXP 	consentform: autoDraw = False
17.7057 	EXP 	instructionsform: autoDraw = True
17.7174 	DATA 	Mouse:  Left button up, pos=(1764,67)
19.1589 	DATA 	Mouse: Left button down, pos=(1850,56)
19.1637 	EXP 	Created sequence: sequential, trialTypes=1, nReps=5, seed=None
19.1638 	EXP 	New trial (rep=0, index=0): None
19.1742 	EXP 	instructionsform: autoDraw = False
19.1742 	EXP 	prankNumberText: height = 0.1
19.1742 	EXP 	prankNumberText: height = 0.1
19.1742 	EXP 	prankNumberText: height = 0.1
19.1742 	EXP 	prankNumberText: text = 'Prank 1'
19.1742 	EXP 	prankNumberText: autoDraw = True
19.2405 	DATA 	Mouse:  Left button up, pos=(1850,56)
21.1662 	EXP 	Created sequence: sequential, trialTypes=1, nReps=6, seed=None
21.1663 	EXP 	New trial (rep=0, index=0): None
21.2054 	EXP 	prankNumberText: autoDraw = False
21.2054 	EXP 	slider: markerPos = None
21.2054 	EXP 	slider: markerPos = None
21.2054 	EXP 	primertext: height = 0.05
21.2054 	EXP 	primertext: height = 0.05
21.2054 	EXP 	primertext: height = 0.05
21.2054 	EXP 	primertext: text = "You're great"
21.2054 	EXP 	prankText: autoDraw = True
21.2054 	EXP 	slider: autoDraw = True
21.2054 	EXP 	primertext: autoDraw = True
21.2161 	EXP 	primertext: autoDraw = False
21.2328 	EXP 	promptText: autoDraw = True
21.2328 	EXP 	hiddenobserver: autoDraw = True
22.4712 	DATA 	Mouse: Left button down, pos=(1374,223)
22.4882 	EXP 	slider: markerPos = 7.1833332777023315
22.5012 	EXP 	slider: markerPos = 7.1833332777023315
22.5146 	EXP 	slider: markerPos = 7.1833332777023315
22.5280 	EXP 	slider: markerPos = 7.1833332777023315
22.5382 	DATA 	Mouse:  Left button up, pos=(1374,223)
22.5411 	EXP 	slider: markerPos = 7.1833332777023315
22.5542 	EXP 	slider: markerPos = 7.0
22.5566 	EXP 	New trial (rep=1, index=0): None
22.5722 	EXP 	prankText: autoDraw = False
22.5722 	EXP 	promptText: autoDraw = False
22.5722 	EXP 	hiddenobserver: autoDraw = False
22.5722 	EXP 	slider: autoDraw = False
22.5722 	EXP 	primertext: autoDraw = False
22.5722 	EXP 	slider: markerPos = None
22.5722 	EXP 	slider: markerPos = None
22.5722 	EXP 	primertext: text = "You're great"
22.5722 	EXP 	prankText: autoDraw = True
22.5722 	EXP 	slider: autoDraw = True
22.5722 	EXP 	primertext: autoDraw = True
22.5821 	EXP 	primertext: autoDraw = False
22.5963 	EXP 	promptText: autoDraw = True
22.5963 	EXP 	hiddenobserver: autoDraw = True
23.0336 	DATA 	Mouse: Left button down, pos=(1203,228)
23.0462 	EXP 	slider: markerPos = 6.074999958276749
23.0592 	EXP 	slider: markerPos = 6.074999958276749
23.0725 	EXP 	slider: markerPos = 6.074999958276749
23.0828 	DATA 	Mouse:  Left button up, pos=(1203,228)
23.0857 	EXP 	slider: markerPos = 6.074999958276749
23.0988 	EXP 	slider: markerPos = 6.0
23.1011 	EXP 	New trial (rep=2, index=0): None
23.1164 	EXP 	prankText: autoDraw = False
23.1164 	EXP 	promptText: autoDraw = False
23.1164 	EXP 	hiddenobserver: autoDraw = False
23.1164 	EXP 	slider: autoDraw = False
23.1164 	EXP 	primertext: autoDraw = False
23.1164 	EXP 	slider: markerPos = None
23.1164 	EXP 	slider: markerPos = None
23.1164 	EXP 	primertext: text = "You're great"
23.1164 	EXP 	prankText: autoDraw = True
23.1164 	EXP 	slider: autoDraw = True
23.1164 	EXP 	primertext: autoDraw = True
23.1265 	EXP 	primertext: autoDraw = False
23.1399 	EXP 	promptText: autoDraw = True
23.1399 	EXP 	hiddenobserver: autoDraw = True
23.4025 	DATA 	Mouse: Left button down, pos=(1076,229)
23.4196 	EXP 	slider: markerPos = 5.251851841807365
23.4326 	EXP 	slider: markerPos = 5.251851841807365
23.4458 	EXP 	slider: markerPos = 5.251851841807365
23.4592 	EXP 	slider: markerPos = 5.251851841807365
23.4725 	EXP 	slider: markerPos = 5.251851841807365
23.4827 	DATA 	Mouse:  Left button up, pos=(1076,229)
23.4857 	EXP 	slider: markerPos = 5.251851841807365
23.4988 	EXP 	slider: markerPos = 5.0
23.5011 	EXP 	New trial (rep=3, index=0): None
23.5164 	EXP 	prankText: autoDraw = False
23.5164 	EXP 	promptText: autoDraw = False
23.5164 	EXP 	hiddenobserver: autoDraw = False
23.5164 	EXP 	slider: autoDraw = False
23.5164 	EXP 	primertext: autoDraw = False
23.5164 	EXP 	slider: markerPos = None
23.5164 	EXP 	slider: markerPos = None
23.5164 	EXP 	primertext: text = "You're great"
23.5164 	EXP 	prankText: autoDraw = True
23.5164 	EXP 	slider: autoDraw = True
23.5164 	EXP 	primertext: autoDraw = True
23.5273 	EXP 	primertext: autoDraw = False
23.5418 	EXP 	promptText: autoDraw = True
23.5418 	EXP 	hiddenobserver: autoDraw = True
23.7901 	DATA 	Mouse: Left button down, pos=(924,227)
23.8027 	EXP 	slider: markerPos = 4.266666654497385
23.8158 	EXP 	slider: markerPos = 4.266666654497385
23.8333 	EXP 	slider: markerPos = 4.266666654497385
23.8463 	EXP 	slider: markerPos = 4.266666654497385
23.8595 	EXP 	slider: markerPos = 4.266666654497385
23.8700 	DATA 	Mouse:  Left button up, pos=(923,227)
23.8730 	EXP 	slider: markerPos = 4.266666654497385
23.8872 	EXP 	slider: markerPos = 4.0
23.8896 	EXP 	New trial (rep=4, index=0): None
23.9060 	EXP 	prankText: autoDraw = False
23.9060 	EXP 	promptText: autoDraw = False
23.9060 	EXP 	hiddenobserver: autoDraw = False
23.9060 	EXP 	slider: autoDraw = False
23.9060 	EXP 	primertext: autoDraw = False
23.9060 	EXP 	slider: markerPos = None
23.9060 	EXP 	slider: markerPos = None
23.9060 	EXP 	primertext: text = "You're great"
23.9060 	EXP 	prankText: autoDraw = True
23.9060 	EXP 	slider: autoDraw = True
23.9060 	EXP 	primertext: autoDraw = True
23.9168 	EXP 	primertext: autoDraw = False
23.9327 	EXP 	promptText: autoDraw = True
23.9327 	EXP 	hiddenobserver: autoDraw = True
24.2476 	DATA 	Mouse: Left button down, pos=(739,226)
24.2647 	EXP 	slider: markerPos = 3.067592591047287
24.2778 	EXP 	slider: markerPos = 3.067592591047287
24.2912 	EXP 	slider: markerPos = 3.067592591047287
24.3044 	EXP 	slider: markerPos = 3.067592591047287
24.3177 	EXP 	slider: markerPos = 3.067592591047287
24.3192 	DATA 	Mouse:  Left button up, pos=(739,226)
24.3310 	EXP 	slider: markerPos = 3.0
24.3333 	EXP 	New trial (rep=5, index=0): None
24.3487 	EXP 	prankText: autoDraw = False
24.3487 	EXP 	promptText: autoDraw = False
24.3487 	EXP 	hiddenobserver: autoDraw = False
24.3487 	EXP 	slider: autoDraw = False
24.3487 	EXP 	primertext: autoDraw = False
24.3487 	EXP 	slider: markerPos = None
24.3487 	EXP 	slider: markerPos = None
24.3487 	EXP 	primertext: text = "You're great"
24.3487 	EXP 	prankText: autoDraw = True
24.3487 	EXP 	slider: autoDraw = True
24.3487 	EXP 	primertext: autoDraw = True
24.3588 	EXP 	primertext: autoDraw = False
24.3737 	EXP 	promptText: autoDraw = True
24.3737 	EXP 	hiddenobserver: autoDraw = True
24.6985 	DATA 	Mouse: Left button down, pos=(588,210)
24.7155 	EXP 	slider: markerPos = 2.0888888239860535
24.7286 	EXP 	slider: markerPos = 2.0888888239860535
24.7419 	EXP 	slider: markerPos = 2.0888888239860535
24.7552 	EXP 	slider: markerPos = 2.0888888239860535
24.7567 	DATA 	Mouse:  Left button up, pos=(588,210)
24.7684 	EXP 	slider: markerPos = 2.0
24.7709 	EXP 	New trial (rep=1, index=0): None
24.7774 	EXP 	prankText: autoDraw = False
24.7774 	EXP 	promptText: autoDraw = False
24.7774 	EXP 	hiddenobserver: autoDraw = False
24.7774 	EXP 	slider: autoDraw = False
24.7774 	EXP 	primertext: autoDraw = False
24.7774 	EXP 	prankNumberText: height = 0.1
24.7774 	EXP 	prankNumberText: height = 0.1
24.7774 	EXP 	prankNumberText: height = 0.1
24.7774 	EXP 	prankNumberText: text = 'Prank 2'
24.7774 	EXP 	prankNumberText: autoDraw = True
26.7748 	EXP 	Created sequence: sequential, trialTypes=1, nReps=6, seed=None
26.7749 	EXP 	New trial (rep=0, index=0): None
26.8009 	EXP 	prankNumberText: autoDraw = False
26.8009 	EXP 	slider: markerPos = None
26.8009 	EXP 	slider: markerPos = None
26.8009 	EXP 	primertext: text = "You're great"
26.8009 	EXP 	prankText: autoDraw = True
26.8009 	EXP 	slider: autoDraw = True
26.8009 	EXP 	primertext: autoDraw = True
26.8119 	EXP 	primertext: autoDraw = False
26.8256 	EXP 	promptText: autoDraw = True
26.8256 	EXP 	hiddenobserver: autoDraw = True
27.5147 	DATA 	Mouse: Left button down, pos=(587,218)
27.5318 	EXP 	slider: markerPos = 2.0824073255062103
27.5450 	EXP 	slider: markerPos = 2.0824073255062103
27.5586 	EXP 	slider: markerPos = 2.0824073255062103
27.5731 	EXP 	slider: markerPos = 2.0824073255062103
27.5749 	DATA 	Mouse:  Left button up, pos=(588,218)
27.5874 	EXP 	slider: markerPos = 2.0
27.5900 	EXP 	New trial (rep=1, index=0): None
27.6062 	EXP 	prankText: autoDraw = False
27.6062 	EXP 	promptText: autoDraw = False
27.6062 	EXP 	hiddenobserver: autoDraw = False
27.6062 	EXP 	slider: autoDraw = False
27.6062 	EXP 	primertext: autoDraw = False
27.6062 	EXP 	slider: markerPos = None
27.6062 	EXP 	slider: markerPos = None
27.6062 	EXP 	primertext: text = "You're great"
27.6062 	EXP 	prankText: autoDraw = True
27.6062 	EXP 	slider: autoDraw = True
27.6062 	EXP 	primertext: autoDraw = True
27.6168 	EXP 	primertext: autoDraw = False
27.6307 	EXP 	promptText: autoDraw = True
27.6307 	EXP 	hiddenobserver: autoDraw = True
27.8211 	DATA 	Mouse: Left button down, pos=(782,217)
27.8382 	EXP 	slider: markerPos = 3.3462962955236435
27.8519 	EXP 	slider: markerPos = 3.3462962955236435
27.8657 	EXP 	slider: markerPos = 3.3462962955236435
27.8790 	EXP 	slider: markerPos = 3.3462962955236435
27.8805 	DATA 	Mouse:  Left button up, pos=(782,217)
27.8923 	EXP 	slider: markerPos = 3.0
27.8947 	EXP 	New trial (rep=2, index=0): None
27.9105 	EXP 	prankText: autoDraw = False
27.9105 	EXP 	promptText: autoDraw = False
27.9105 	EXP 	hiddenobserver: autoDraw = False
27.9105 	EXP 	slider: autoDraw = False
27.9105 	EXP 	primertext: autoDraw = False
27.9105 	EXP 	slider: markerPos = None
27.9105 	EXP 	slider: markerPos = None
27.9105 	EXP 	primertext: text = "You're great"
27.9105 	EXP 	prankText: autoDraw = True
27.9105 	EXP 	slider: autoDraw = True
27.9105 	EXP 	primertext: autoDraw = True
27.9212 	EXP 	primertext: autoDraw = False
27.9344 	EXP 	promptText: autoDraw = True
27.9344 	EXP 	hiddenobserver: autoDraw = True
28.1375 	DATA 	Mouse: Left button down, pos=(916,212)
28.1547 	EXP 	slider: markerPos = 4.214814823120832
28.1683 	EXP 	slider: markerPos = 4.214814823120832
28.1816 	EXP 	slider: markerPos = 4.214814823120832
28.1951 	EXP 	slider: markerPos = 4.214814823120832
28.2053 	DATA 	Mouse:  Left button up, pos=(916,212)
28.2083 	EXP 	slider: markerPos = 4.214814823120832
28.2212 	EXP 	slider: markerPos = 4.0
28.2235 	EXP 	New trial (rep=3, index=0): None
28.2391 	EXP 	prankText: autoDraw = False
28.2391 	EXP 	promptText: autoDraw = False
28.2391 	EXP 	hiddenobserver: autoDraw = False
28.2391 	EXP 	slider: autoDraw = False
28.2391 	EXP 	primertext: autoDraw = False
28.2391 	EXP 	slider: markerPos = None
28.2391 	EXP 	slider: markerPos = None
28.2391 	EXP 	primertext: text = "You're great"
28.2391 	EXP 	prankText: autoDraw = True
28.2391 	EXP 	slider: autoDraw = True
28.2391 	EXP 	primertext: autoDraw = True
28.2502 	EXP 	primertext: autoDraw = False
28.2639 	EXP 	promptText: autoDraw = True
28.2639 	EXP 	hiddenobserver: autoDraw = True
28.4571 	DATA 	Mouse: Left button down, pos=(1034,207)
28.4694 	EXP 	slider: markerPos = 4.979629635810852
28.4830 	EXP 	slider: markerPos = 4.979629635810852
28.4963 	EXP 	slider: markerPos = 4.979629635810852
28.5095 	EXP 	slider: markerPos = 4.979629635810852
28.5228 	EXP 	slider: markerPos = 4.979629635810852
28.5242 	DATA 	Mouse:  Left button up, pos=(1034,207)
28.5361 	EXP 	slider: markerPos = 5.0
28.5386 	EXP 	New trial (rep=4, index=0): None
28.5551 	EXP 	prankText: autoDraw = False
28.5551 	EXP 	promptText: autoDraw = False
28.5551 	EXP 	hiddenobserver: autoDraw = False
28.5551 	EXP 	slider: autoDraw = False
28.5551 	EXP 	primertext: autoDraw = False
28.5551 	EXP 	slider: markerPos = None
28.5551 	EXP 	slider: markerPos = None
28.5551 	EXP 	primertext: text = "You're great"
28.5551 	EXP 	prankText: autoDraw = True
28.5551 	EXP 	slider: autoDraw = True
28.5551 	EXP 	primertext: autoDraw = True
28.5658 	EXP 	primertext: autoDraw = False
28.5806 	EXP 	promptText: autoDraw = True
28.5806 	EXP 	hiddenobserver: autoDraw = True
28.7579 	DATA 	Mouse: Left button down, pos=(1175,199)
28.7745 	EXP 	slider: markerPos = 5.8935185223817825
28.7877 	EXP 	slider: markerPos = 5.8935185223817825
28.8009 	EXP 	slider: markerPos = 5.8935185223817825
28.8142 	EXP 	slider: markerPos = 5.8935185223817825
28.8255 	DATA 	Mouse:  Left button up, pos=(1176,199)
28.8284 	EXP 	slider: markerPos = 5.900000020861626
28.8420 	EXP 	slider: markerPos = 6.0
28.8445 	EXP 	New trial (rep=5, index=0): None
28.8608 	EXP 	prankText: autoDraw = False
28.8608 	EXP 	promptText: autoDraw = False
28.8608 	EXP 	hiddenobserver: autoDraw = False
28.8608 	EXP 	slider: autoDraw = False
28.8608 	EXP 	primertext: autoDraw = False
28.8608 	EXP 	slider: markerPos = None
28.8608 	EXP 	slider: markerPos = None
28.8608 	EXP 	primertext: text = "You're great"
28.8608 	EXP 	prankText: autoDraw = True
28.8608 	EXP 	slider: autoDraw = True
28.8608 	EXP 	primertext: autoDraw = True
28.8710 	EXP 	primertext: autoDraw = False
28.8844 	EXP 	promptText: autoDraw = True
28.8844 	EXP 	hiddenobserver: autoDraw = True
29.1084 	DATA 	Mouse: Left button down, pos=(1357,197)
29.1256 	EXP 	slider: markerPos = 7.073148220777512
29.1391 	EXP 	slider: markerPos = 7.073148220777512
29.1524 	EXP 	slider: markerPos = 7.073148220777512
29.1657 	EXP 	slider: markerPos = 7.073148220777512
29.1671 	DATA 	Mouse:  Left button up, pos=(1357,197)
29.1789 	EXP 	slider: markerPos = 7.0
29.1815 	EXP 	New trial (rep=2, index=0): None
29.1878 	EXP 	prankText: autoDraw = False
29.1878 	EXP 	promptText: autoDraw = False
29.1878 	EXP 	hiddenobserver: autoDraw = False
29.1878 	EXP 	slider: autoDraw = False
29.1878 	EXP 	primertext: autoDraw = False
29.1878 	EXP 	prankNumberText: height = 0.1
29.1878 	EXP 	prankNumberText: height = 0.1
29.1878 	EXP 	prankNumberText: height = 0.1
29.1878 	EXP 	prankNumberText: text = 'Prank 3'
29.1878 	EXP 	prankNumberText: autoDraw = True
31.1813 	EXP 	Created sequence: sequential, trialTypes=1, nReps=6, seed=None
31.1815 	EXP 	New trial (rep=0, index=0): None
31.2083 	EXP 	prankNumberText: autoDraw = False
31.2083 	EXP 	prankNumberText: autoDraw = False
31.2083 	EXP 	slider: markerPos = None
31.2083 	EXP 	slider: markerPos = None
31.2083 	EXP 	primertext: text = "You're great"
31.2083 	EXP 	prankText: autoDraw = True
31.2083 	EXP 	slider: autoDraw = True
31.2083 	EXP 	primertext: autoDraw = True
31.2184 	EXP 	primertext: autoDraw = False
31.2311 	EXP 	promptText: autoDraw = True
31.2311 	EXP 	hiddenobserver: autoDraw = True
31.5012 	DATA 	Mouse: Left button down, pos=(1337,197)
31.5183 	EXP 	slider: markerPos = 6.9435184597969055
31.5317 	EXP 	slider: markerPos = 6.9435184597969055
31.5450 	EXP 	slider: markerPos = 6.9435184597969055
31.5583 	EXP 	slider: markerPos = 6.9435184597969055
31.5686 	DATA 	Mouse:  Left button up, pos=(1337,197)
31.5715 	EXP 	slider: markerPos = 6.9435184597969055
31.5846 	EXP 	slider: markerPos = 7.0
31.5872 	EXP 	New trial (rep=1, index=0): None
31.6038 	EXP 	prankText: autoDraw = False
31.6038 	EXP 	promptText: autoDraw = False
31.6038 	EXP 	hiddenobserver: autoDraw = False
31.6038 	EXP 	slider: autoDraw = False
31.6038 	EXP 	primertext: autoDraw = False
31.6038 	EXP 	slider: markerPos = None
31.6038 	EXP 	slider: markerPos = None
31.6038 	EXP 	primertext: text = "You're great"
31.6038 	EXP 	prankText: autoDraw = True
31.6038 	EXP 	slider: autoDraw = True
31.6038 	EXP 	primertext: autoDraw = True
31.6145 	EXP 	primertext: autoDraw = False
31.6280 	EXP 	promptText: autoDraw = True
31.6280 	EXP 	hiddenobserver: autoDraw = True
31.7615 	DATA 	Mouse: Left button down, pos=(1183,211)
31.7786 	EXP 	slider: markerPos = 5.938888907432556
31.7918 	EXP 	slider: markerPos = 5.938888907432556
31.8056 	EXP 	slider: markerPos = 5.932407408952713
31.8200 	EXP 	slider: markerPos = 5.919444411993027
31.8216 	DATA 	Mouse:  Left button up, pos=(1178,211)
31.8333 	EXP 	slider: markerPos = 6.0
31.8357 	EXP 	New trial (rep=2, index=0): None
31.8519 	EXP 	prankText: autoDraw = False
31.8519 	EXP 	promptText: autoDraw = False
31.8519 	EXP 	hiddenobserver: autoDraw = False
31.8519 	EXP 	slider: autoDraw = False
31.8519 	EXP 	primertext: autoDraw = False
31.8519 	EXP 	slider: markerPos = None
31.8519 	EXP 	slider: markerPos = None
31.8519 	EXP 	primertext: text = "You're great"
31.8519 	EXP 	prankText: autoDraw = True
31.8519 	EXP 	slider: autoDraw = True
31.8519 	EXP 	primertext: autoDraw = True
31.8629 	EXP 	primertext: autoDraw = False
31.8761 	EXP 	promptText: autoDraw = True
31.8761 	EXP 	hiddenobserver: autoDraw = True
32.0668 	DATA 	Mouse: Left button down, pos=(1008,215)
32.0838 	EXP 	slider: markerPos = 4.811111118644476
32.0974 	EXP 	slider: markerPos = 4.811111118644476
32.1106 	EXP 	slider: markerPos = 4.811111118644476
32.1240 	EXP 	slider: markerPos = 4.811111118644476
32.1343 	DATA 	Mouse:  Left button up, pos=(1008,215)
32.1371 	EXP 	slider: markerPos = 4.811111118644476
32.1502 	EXP 	slider: markerPos = 5.0
32.1526 	EXP 	New trial (rep=3, index=0): None
32.1679 	EXP 	prankText: autoDraw = False
32.1679 	EXP 	promptText: autoDraw = False
32.1679 	EXP 	hiddenobserver: autoDraw = False
32.1679 	EXP 	slider: autoDraw = False
32.1679 	EXP 	primertext: autoDraw = False
32.1679 	EXP 	slider: markerPos = None
32.1679 	EXP 	slider: markerPos = None
32.1679 	EXP 	primertext: text = "You're great"
32.1679 	EXP 	prankText: autoDraw = True
32.1679 	EXP 	slider: autoDraw = True
32.1679 	EXP 	primertext: autoDraw = True
32.1783 	EXP 	primertext: autoDraw = False
32.1918 	EXP 	promptText: autoDraw = True
32.1918 	EXP 	hiddenobserver: autoDraw = True
32.3738 	DATA 	Mouse: Left button down, pos=(866,219)
32.3862 	EXP 	slider: markerPos = 3.8907407596707344
32.3993 	EXP 	slider: markerPos = 3.8907407596707344
32.4127 	EXP 	slider: markerPos = 3.8907407596707344
32.4259 	EXP 	slider: markerPos = 3.8842592611908913
32.4369 	DATA 	Mouse:  Left button up, pos=(863,218)
32.4400 	EXP 	slider: markerPos = 3.877777762711048
32.4534 	EXP 	slider: markerPos = 4.0
32.4559 	EXP 	New trial (rep=4, index=0): None
32.4723 	EXP 	prankText: autoDraw = False
32.4723 	EXP 	promptText: autoDraw = False
32.4723 	EXP 	hiddenobserver: autoDraw = False
32.4723 	EXP 	slider: autoDraw = False
32.4723 	EXP 	primertext: autoDraw = False
32.4723 	EXP 	slider: markerPos = None
32.4723 	EXP 	slider: markerPos = None
32.4723 	EXP 	primertext: text = "You're great"
32.4723 	EXP 	prankText: autoDraw = True
32.4723 	EXP 	slider: autoDraw = True
32.4723 	EXP 	primertext: autoDraw = True
32.4826 	EXP 	primertext: autoDraw = False
32.4971 	EXP 	promptText: autoDraw = True
32.4971 	EXP 	hiddenobserver: autoDraw = True
32.6751 	DATA 	Mouse: Left button down, pos=(755,220)
32.6922 	EXP 	slider: markerPos = 3.171296253800392
32.7057 	EXP 	slider: markerPos = 3.171296253800392
32.7193 	EXP 	slider: markerPos = 3.171296253800392
32.7325 	EXP 	slider: markerPos = 3.171296253800392
32.7429 	DATA 	Mouse:  Left button up, pos=(755,220)
32.7457 	EXP 	slider: markerPos = 3.171296253800392
32.7588 	EXP 	slider: markerPos = 3.0
32.7611 	EXP 	New trial (rep=5, index=0): None
32.7772 	EXP 	prankText: autoDraw = False
32.7772 	EXP 	promptText: autoDraw = False
32.7772 	EXP 	hiddenobserver: autoDraw = False
32.7772 	EXP 	slider: autoDraw = False
32.7772 	EXP 	primertext: autoDraw = False
32.7772 	EXP 	slider: markerPos = None
32.7772 	EXP 	slider: markerPos = None
32.7772 	EXP 	primertext: text = "You're great"
32.7772 	EXP 	prankText: autoDraw = True
32.7772 	EXP 	slider: autoDraw = True
32.7772 	EXP 	primertext: autoDraw = True
32.7877 	EXP 	primertext: autoDraw = False
32.8011 	EXP 	promptText: autoDraw = True
32.8011 	EXP 	hiddenobserver: autoDraw = True
32.9605 	DATA 	Mouse: Left button down, pos=(633,228)
32.9731 	EXP 	slider: markerPos = 2.3805556297302246
32.9862 	EXP 	slider: markerPos = 2.3805556297302246
32.9994 	EXP 	slider: markerPos = 2.3805556297302246
33.0127 	EXP 	slider: markerPos = 2.3805556297302246
33.0142 	DATA 	Mouse:  Left button up, pos=(632,228)
33.0259 	EXP 	slider: markerPos = 2.0
33.0284 	EXP 	New trial (rep=3, index=0): None
33.0347 	EXP 	prankText: autoDraw = False
33.0347 	EXP 	promptText: autoDraw = False
33.0347 	EXP 	hiddenobserver: autoDraw = False
33.0347 	EXP 	slider: autoDraw = False
33.0347 	EXP 	primertext: autoDraw = False
33.0347 	EXP 	prankNumberText: height = 0.1
33.0347 	EXP 	prankNumberText: height = 0.1
33.0347 	EXP 	prankNumberText: height = 0.1
33.0347 	EXP 	prankNumberText: text = 'Prank 4'
33.0347 	EXP 	prankNumberText: autoDraw = True
35.0321 	EXP 	Created sequence: sequential, trialTypes=1, nReps=6, seed=None
35.0322 	EXP 	New trial (rep=0, index=0): None
35.0584 	EXP 	prankNumberText: autoDraw = False
35.0584 	EXP 	slider: markerPos = None
35.0584 	EXP 	slider: markerPos = None
35.0584 	EXP 	primertext: text = "You're great"
35.0584 	EXP 	prankText: autoDraw = True
35.0584 	EXP 	slider: autoDraw = True
35.0584 	EXP 	primertext: autoDraw = True
35.0686 	EXP 	primertext: autoDraw = False
35.0813 	EXP 	promptText: autoDraw = True
35.0813 	EXP 	hiddenobserver: autoDraw = True
35.4786 	DATA 	Mouse: Left button down, pos=(428,210)
35.4959 	EXP 	slider: markerPos = 1.0518517792224884
35.5090 	EXP 	slider: markerPos = 1.0518517792224884
35.5223 	EXP 	slider: markerPos = 1.0518517792224884
35.5357 	EXP 	slider: markerPos = 1.0518517792224884
35.5491 	EXP 	slider: markerPos = 1.0518517792224884
35.5506 	DATA 	Mouse:  Left button up, pos=(428,210)
35.5622 	EXP 	slider: markerPos = 1.0
35.5647 	EXP 	New trial (rep=1, index=0): None
35.5801 	EXP 	prankText: autoDraw = False
35.5801 	EXP 	promptText: autoDraw = False
35.5801 	EXP 	hiddenobserver: autoDraw = False
35.5801 	EXP 	slider: autoDraw = False
35.5801 	EXP 	primertext: autoDraw = False
35.5801 	EXP 	slider: markerPos = None
35.5801 	EXP 	slider: markerPos = None
35.5801 	EXP 	primertext: text = "You're great"
35.5801 	EXP 	prankText: autoDraw = True
35.5801 	EXP 	slider: autoDraw = True
35.5801 	EXP 	primertext: autoDraw = True
35.5898 	EXP 	primertext: autoDraw = False
35.6026 	EXP 	promptText: autoDraw = True
35.6026 	EXP 	hiddenobserver: autoDraw = True
35.7128 	DATA 	Mouse: Left button down, pos=(428,210)
35.7251 	EXP 	slider: markerPos = 1.0518517792224884
35.7384 	EXP 	slider: markerPos = 1.0518517792224884
35.7517 	EXP 	slider: markerPos = 1.0518517792224884
35.7620 	DATA 	Mouse:  Left button up, pos=(428,210)
35.7649 	EXP 	slider: markerPos = 1.0518517792224884
35.7779 	EXP 	slider: markerPos = 1.0
35.7802 	EXP 	New trial (rep=2, index=0): None
35.7955 	EXP 	prankText: autoDraw = False
35.7955 	EXP 	promptText: autoDraw = False
35.7955 	EXP 	hiddenobserver: autoDraw = False
35.7955 	EXP 	slider: autoDraw = False
35.7955 	EXP 	primertext: autoDraw = False
35.7955 	EXP 	slider: markerPos = None
35.7955 	EXP 	slider: markerPos = None
35.7955 	EXP 	primertext: text = "You're great"
35.7955 	EXP 	prankText: autoDraw = True
35.7955 	EXP 	slider: autoDraw = True
35.7955 	EXP 	primertext: autoDraw = True
35.8052 	EXP 	primertext: autoDraw = False
35.8179 	EXP 	promptText: autoDraw = True
35.8179 	EXP 	hiddenobserver: autoDraw = True
35.9555 	DATA 	Mouse: Left button down, pos=(428,210)
35.9719 	EXP 	slider: markerPos = 1.0518517792224884
35.9848 	EXP 	slider: markerPos = 1.0518517792224884
35.9981 	EXP 	slider: markerPos = 1.0518517792224884
36.0113 	EXP 	slider: markerPos = 1.0518517792224884
36.0246 	EXP 	slider: markerPos = 1.0518517792224884
36.0260 	DATA 	Mouse:  Left button up, pos=(428,210)
36.0376 	EXP 	slider: markerPos = 1.0
36.0399 	EXP 	New trial (rep=3, index=0): None
36.0551 	EXP 	prankText: autoDraw = False
36.0551 	EXP 	promptText: autoDraw = False
36.0551 	EXP 	hiddenobserver: autoDraw = False
36.0551 	EXP 	slider: autoDraw = False
36.0551 	EXP 	primertext: autoDraw = False
36.0551 	EXP 	slider: markerPos = None
36.0551 	EXP 	slider: markerPos = None
36.0551 	EXP 	primertext: text = "You're great"
36.0551 	EXP 	prankText: autoDraw = True
36.0551 	EXP 	slider: autoDraw = True
36.0551 	EXP 	primertext: autoDraw = True
36.0648 	EXP 	primertext: autoDraw = False
36.0774 	EXP 	promptText: autoDraw = True
36.0774 	EXP 	hiddenobserver: autoDraw = True
36.2085 	DATA 	Mouse: Left button down, pos=(428,210)
36.2205 	EXP 	slider: markerPos = 1.0518517792224884
36.2338 	EXP 	slider: markerPos = 1.0518517792224884
36.2471 	EXP 	slider: markerPos = 1.0518517792224884
36.2603 	EXP 	slider: markerPos = 1.0518517792224884
36.2736 	EXP 	slider: markerPos = 1.0518517792224884
36.2868 	EXP 	slider: markerPos = 1.0518517792224884
36.2971 	DATA 	Mouse:  Left button up, pos=(428,210)
36.3000 	EXP 	slider: markerPos = 1.0518517792224884
36.3129 	EXP 	slider: markerPos = 1.0
36.3153 	EXP 	New trial (rep=4, index=0): None
36.3308 	EXP 	prankText: autoDraw = False
36.3308 	EXP 	promptText: autoDraw = False
36.3308 	EXP 	hiddenobserver: autoDraw = False
36.3308 	EXP 	slider: autoDraw = False
36.3308 	EXP 	primertext: autoDraw = False
36.3308 	EXP 	slider: markerPos = None
36.3308 	EXP 	slider: markerPos = None
36.3308 	EXP 	primertext: text = "You're great"
36.3308 	EXP 	prankText: autoDraw = True
36.3308 	EXP 	slider: autoDraw = True
36.3308 	EXP 	primertext: autoDraw = True
36.3409 	EXP 	primertext: autoDraw = False
36.3544 	EXP 	promptText: autoDraw = True
36.3544 	EXP 	hiddenobserver: autoDraw = True
36.4848 	DATA 	Mouse: Left button down, pos=(428,210)
36.4969 	EXP 	slider: markerPos = 1.0518517792224884
36.5099 	EXP 	slider: markerPos = 1.0518517792224884
36.5233 	EXP 	slider: markerPos = 1.0518517792224884
36.5366 	EXP 	slider: markerPos = 1.0518517792224884
36.5380 	DATA 	Mouse:  Left button up, pos=(428,210)
36.5496 	EXP 	slider: markerPos = 1.0
36.5519 	EXP 	New trial (rep=5, index=0): None
36.5671 	EXP 	prankText: autoDraw = False
36.5671 	EXP 	promptText: autoDraw = False
36.5671 	EXP 	hiddenobserver: autoDraw = False
36.5671 	EXP 	slider: autoDraw = False
36.5671 	EXP 	primertext: autoDraw = False
36.5671 	EXP 	slider: markerPos = None
36.5671 	EXP 	slider: markerPos = None
36.5671 	EXP 	primertext: text = "You're great"
36.5671 	EXP 	prankText: autoDraw = True
36.5671 	EXP 	slider: autoDraw = True
36.5671 	EXP 	primertext: autoDraw = True
36.5773 	EXP 	primertext: autoDraw = False
36.5900 	EXP 	promptText: autoDraw = True
36.5900 	EXP 	hiddenobserver: autoDraw = True
39.8496 	DATA 	Mouse: Left button down, pos=(422,213)
39.8667 	EXP 	slider: markerPos = 1.0129629969596863
39.8801 	EXP 	slider: markerPos = 1.0129629969596863
39.8934 	EXP 	slider: markerPos = 1.0129629969596863
39.9068 	EXP 	slider: markerPos = 1.0129629969596863
39.9170 	DATA 	Mouse:  Left button up, pos=(422,213)
39.9199 	EXP 	slider: markerPos = 1.0129629969596863
39.9329 	EXP 	slider: markerPos = 1.0
39.9354 	EXP 	New trial (rep=4, index=0): None
39.9416 	EXP 	prankText: autoDraw = False
39.9416 	EXP 	promptText: autoDraw = False
39.9416 	EXP 	hiddenobserver: autoDraw = False
39.9416 	EXP 	slider: autoDraw = False
39.9416 	EXP 	primertext: autoDraw = False
39.9416 	EXP 	prankNumberText: height = 0.1
39.9416 	EXP 	prankNumberText: height = 0.1
39.9416 	EXP 	prankNumberText: height = 0.1
39.9416 	EXP 	prankNumberText: text = 'Prank 5'
39.9416 	EXP 	prankNumberText: autoDraw = True
41.9393 	EXP 	Created sequence: sequential, trialTypes=1, nReps=6, seed=None
41.9394 	EXP 	New trial (rep=0, index=0): None
41.9654 	EXP 	prankNumberText: autoDraw = False
41.9654 	EXP 	slider: markerPos = None
41.9654 	EXP 	slider: markerPos = None
41.9654 	EXP 	primertext: text = "You're great"
41.9654 	EXP 	prankText: autoDraw = True
41.9654 	EXP 	slider: autoDraw = True
41.9654 	EXP 	primertext: autoDraw = True
41.9765 	EXP 	primertext: autoDraw = False
41.9900 	EXP 	promptText: autoDraw = True
41.9900 	EXP 	hiddenobserver: autoDraw = True
42.6015 	DATA 	Mouse: Left button down, pos=(1516,224)
42.6143 	EXP 	slider: markerPos = 8.103703558444977
42.6278 	EXP 	slider: markerPos = 8.103703558444977
42.6412 	EXP 	slider: markerPos = 8.103703558444977
42.6544 	EXP 	slider: markerPos = 8.103703558444977
42.6676 	EXP 	slider: markerPos = 8.103703558444977
42.6778 	DATA 	Mouse:  Left button up, pos=(1516,224)
42.6808 	EXP 	slider: markerPos = 8.103703558444977
42.6936 	EXP 	slider: markerPos = 8.0
42.6960 	EXP 	New trial (rep=1, index=0): None
42.7113 	EXP 	prankText: autoDraw = False
42.7113 	EXP 	promptText: autoDraw = False
42.7113 	EXP 	hiddenobserver: autoDraw = False
42.7113 	EXP 	slider: autoDraw = False
42.7113 	EXP 	primertext: autoDraw = False
42.7113 	EXP 	slider: markerPos = None
42.7113 	EXP 	slider: markerPos = None
42.7113 	EXP 	primertext: text = "You're great"
42.7113 	EXP 	prankText: autoDraw = True
42.7113 	EXP 	slider: autoDraw = True
42.7113 	EXP 	primertext: autoDraw = True
42.7214 	EXP 	primertext: autoDraw = False
42.7341 	EXP 	promptText: autoDraw = True
42.7341 	EXP 	hiddenobserver: autoDraw = True
42.7995 	DATA 	Mouse: Left button down, pos=(1516,224)
42.8116 	EXP 	slider: markerPos = 8.103703558444977
42.8245 	EXP 	slider: markerPos = 8.103703558444977
42.8377 	EXP 	slider: markerPos = 8.103703558444977
42.8511 	EXP 	slider: markerPos = 8.103703558444977
42.8644 	EXP 	slider: markerPos = 8.103703558444977
42.8748 	DATA 	Mouse:  Left button up, pos=(1516,224)
42.8777 	EXP 	slider: markerPos = 8.103703558444977
42.8909 	EXP 	slider: markerPos = 8.0
42.8932 	EXP 	New trial (rep=2, index=0): None
42.9093 	EXP 	prankText: autoDraw = False
42.9093 	EXP 	promptText: autoDraw = False
42.9093 	EXP 	hiddenobserver: autoDraw = False
42.9093 	EXP 	slider: autoDraw = False
42.9093 	EXP 	primertext: autoDraw = False
42.9093 	EXP 	slider: markerPos = None
42.9093 	EXP 	slider: markerPos = None
42.9093 	EXP 	primertext: text = "You're great"
42.9093 	EXP 	prankText: autoDraw = True
42.9093 	EXP 	slider: autoDraw = True
42.9093 	EXP 	primertext: autoDraw = True
42.9194 	EXP 	primertext: autoDraw = False
42.9324 	EXP 	promptText: autoDraw = True
42.9324 	EXP 	hiddenobserver: autoDraw = True
43.0518 	DATA 	Mouse: Left button down, pos=(1516,224)
43.0640 	EXP 	slider: markerPos = 8.103703558444977
43.0773 	EXP 	slider: markerPos = 8.103703558444977
43.0907 	EXP 	slider: markerPos = 8.103703558444977
43.1040 	EXP 	slider: markerPos = 8.103703558444977
43.1173 	EXP 	slider: markerPos = 8.103703558444977
43.1277 	DATA 	Mouse:  Left button up, pos=(1516,224)
43.1306 	EXP 	slider: markerPos = 8.103703558444977
43.1437 	EXP 	slider: markerPos = 8.0
43.1460 	EXP 	New trial (rep=3, index=0): None
43.1613 	EXP 	prankText: autoDraw = False
43.1613 	EXP 	promptText: autoDraw = False
43.1613 	EXP 	hiddenobserver: autoDraw = False
43.1613 	EXP 	slider: autoDraw = False
43.1613 	EXP 	primertext: autoDraw = False
43.1613 	EXP 	slider: markerPos = None
43.1613 	EXP 	slider: markerPos = None
43.1613 	EXP 	primertext: text = "You're great"
43.1613 	EXP 	prankText: autoDraw = True
43.1613 	EXP 	slider: autoDraw = True
43.1613 	EXP 	primertext: autoDraw = True
43.1710 	EXP 	primertext: autoDraw = False
43.1836 	EXP 	promptText: autoDraw = True
43.1836 	EXP 	hiddenobserver: autoDraw = True
43.2990 	DATA 	Mouse: Left button down, pos=(1516,224)
43.3157 	EXP 	slider: markerPos = 8.103703558444977
43.3287 	EXP 	slider: markerPos = 8.103703558444977
43.3421 	EXP 	slider: markerPos = 8.103703558444977
43.3557 	EXP 	slider: markerPos = 8.103703558444977
43.3692 	EXP 	slider: markerPos = 8.103703558444977
43.3796 	DATA 	Mouse:  Left button up, pos=(1516,224)
43.3828 	EXP 	slider: markerPos = 8.103703558444977
43.3965 	EXP 	slider: markerPos = 8.0
43.3991 	EXP 	New trial (rep=4, index=0): None
43.4152 	EXP 	prankText: autoDraw = False
43.4152 	EXP 	promptText: autoDraw = False
43.4152 	EXP 	hiddenobserver: autoDraw = False
43.4152 	EXP 	slider: autoDraw = False
43.4152 	EXP 	primertext: autoDraw = False
43.4152 	EXP 	slider: markerPos = None
43.4152 	EXP 	slider: markerPos = None
43.4152 	EXP 	primertext: text = "You're great"
43.4152 	EXP 	prankText: autoDraw = True
43.4152 	EXP 	slider: autoDraw = True
43.4152 	EXP 	primertext: autoDraw = True
43.4259 	EXP 	primertext: autoDraw = False
43.4400 	EXP 	promptText: autoDraw = True
43.4400 	EXP 	hiddenobserver: autoDraw = True
43.5697 	DATA 	Mouse: Left button down, pos=(1516,224)
43.5818 	EXP 	slider: markerPos = 8.103703558444977
43.5948 	EXP 	slider: markerPos = 8.103703558444977
43.6080 	EXP 	slider: markerPos = 8.103703558444977
43.6211 	EXP 	slider: markerPos = 8.103703558444977
43.6344 	EXP 	slider: markerPos = 8.103703558444977
43.6476 	EXP 	slider: markerPos = 8.103703558444977
43.6490 	DATA 	Mouse:  Left button up, pos=(1516,224)
43.6608 	EXP 	slider: markerPos = 8.0
43.6631 	EXP 	New trial (rep=5, index=0): None
43.6788 	EXP 	prankText: autoDraw = False
43.6788 	EXP 	promptText: autoDraw = False
43.6788 	EXP 	hiddenobserver: autoDraw = False
43.6788 	EXP 	slider: autoDraw = False
43.6788 	EXP 	primertext: autoDraw = False
43.6788 	EXP 	slider: markerPos = None
43.6788 	EXP 	slider: markerPos = None
43.6788 	EXP 	primertext: text = "You're great"
43.6788 	EXP 	prankText: autoDraw = True
43.6788 	EXP 	slider: autoDraw = True
43.6788 	EXP 	primertext: autoDraw = True
43.6890 	EXP 	primertext: autoDraw = False
43.7016 	EXP 	promptText: autoDraw = True
43.7016 	EXP 	hiddenobserver: autoDraw = True
44.0840 	DATA 	Mouse: Left button down, pos=(1516,224)
44.1009 	EXP 	slider: markerPos = 8.103703558444977
44.1140 	EXP 	slider: markerPos = 8.103703558444977
44.1273 	EXP 	slider: markerPos = 8.103703558444977
44.1408 	EXP 	slider: markerPos = 8.103703558444977
44.1512 	DATA 	Mouse:  Left button up, pos=(1516,224)
44.1541 	EXP 	slider: markerPos = 8.103703558444977
44.1671 	EXP 	slider: markerPos = 8.0
44.3211 	EXP 	prankText: autoDraw = False
44.3211 	EXP 	promptText: autoDraw = False
44.3211 	EXP 	hiddenobserver: autoDraw = False
44.3211 	EXP 	slider: autoDraw = False
44.3211 	EXP 	primertext: autoDraw = False
44.3211 	EXP 	respectform: autoDraw = True
45.5221 	DATA 	Mouse: Left button down, pos=(1790,53)
45.5746 	DATA 	Mouse:  Left button up, pos=(1790,53)
45.6473 	EXP 	respectform: autoDraw = False
45.6473 	EXP 	angerform: autoDraw = True
46.4764 	DATA 	Mouse: Left button down, pos=(1786,64)
46.5201 	DATA 	Mouse:  Left button up, pos=(1786,64)
46.5397 	EXP 	angerform: autoDraw = False
46.5397 	EXP 	demoForm: autoDraw = True
47.2663 	DATA 	Mouse: Left button down, pos=(1786,64)
47.2934 	EXP 	demoForm: autoDraw = False
47.2934 	EXP 	text_2: autoDraw = True
47.3237 	DATA 	Mouse:  Left button up, pos=(1786,64)
48.8750 	EXP 	text_2: autoDraw = False
48.8750 	EXP 	feedbackform: autoDraw = True
49.8316 	DATA 	Mouse: Left button down, pos=(1782,80)
49.8703 	EXP 	feedbackform: autoDraw = False
49.8703 	EXP 	debriefform: autoDraw = True
49.8985 	DATA 	Mouse:  Left button up, pos=(1782,80)
52.0860 	DATA 	Mouse: wheel shift=(0,-3), pos=(1308,285)
52.1172 	DATA 	Mouse: wheel shift=(0,-5), pos=(1305,284)
52.1230 	DATA 	Mouse: wheel shift=(0,-1), pos=(1302,284)
52.3239 	DATA 	Mouse: wheel shift=(0,-1), pos=(1301,284)
52.3564 	DATA 	Mouse: wheel shift=(0,-4), pos=(1301,284)
52.3606 	DATA 	Mouse: wheel shift=(0,-1), pos=(1300,283)
52.3885 	DATA 	Mouse: wheel shift=(0,-3), pos=(1300,283)
52.4225 	DATA 	Mouse: wheel shift=(0,-1), pos=(1298,283)
52.4289 	DATA 	Mouse: wheel shift=(0,1), pos=(1295,282)
52.5956 	DATA 	Mouse: wheel shift=(0,-2), pos=(1291,282)
52.5987 	DATA 	Mouse: wheel shift=(0,-1), pos=(1283,280)
52.6071 	DATA 	Mouse: wheel shift=(0,-1), pos=(1281,279)
52.6340 	DATA 	Mouse: wheel shift=(0,-4), pos=(1275,278)
52.6466 	DATA 	Mouse: wheel shift=(0,-1), pos=(1239,272)
52.8716 	DATA 	Mouse: wheel shift=(0,-1), pos=(729,310)
52.8973 	DATA 	Mouse: wheel shift=(0,-2), pos=(724,309)
52.9289 	DATA 	Mouse: wheel shift=(0,-3), pos=(689,298)
52.9404 	DATA 	Mouse: wheel shift=(0,-1), pos=(665,291)
53.2561 	DATA 	Mouse: Left button down, pos=(582,241)
53.3262 	DATA 	Mouse:  Left button up, pos=(582,241)
54.0672 	DATA 	Mouse: Left button down, pos=(1793,62)
54.0813 	EXP 	debriefform: autoDraw = False
54.1300 	EXP 	window1: mouseVisible = True
