1.1909 	WARNING 	We strongly recommend you activate the PTB sound engine in PsychoPy prefs as the preferred audio engine. Its timing is vastly superior. Your prefs are currently set to use ['sounddevice', 'PTB', 'pyo', 'pygame'] (in that order).
6.2667 	WARNING 	User requested fullscreen with size [1024  768], but screen is actually [1920, 1080]. Using actual size
7.0021 	EXP 	Created window1 = Window(allowGUI=False, allowStencil=False, autoLog=True, backendConf=UNKNOWN, bitsMode=UNKNOWN, blendMode='avg', bpc=(8, 8, 8), color=array([0, 0, 0]), colorSpace='rgb', depthBits=8, fullscr=<method-wrapper '__getattribute__' of attributeSetter object at 0x0000020CFF09FF10>, gamma=None, gammaErrorPolicy='raise', lms=UNKNOWN, monitor=<psychopy.monitors.calibTools.Monitor object at 0x0000020CFE7268E0>, multiSample=False, name='window1', numSamples=2, pos=(0, 0), screen=0, size=array([1920, 1080]), stencilBits=0, stereo=False, units='height', useFBO=True, useRetina=False, viewOri=0.0, viewPos=None, viewScale=None, waitBlanking=True, winType='pyglet')
7.0024 	EXP 	window1: mouseVisible = True
7.0024 	EXP 	window1: Attempting to measure frame rate of screen (0) ...
7.0025 	EXP 	window1: recordFrameIntervals = False
7.0714 	EXP 	window1: recordFrameIntervals = True
7.1481 	EXP 	Screen (0) actual frame rate measured at 143.66Hz
7.1481 	EXP 	window1: recordFrameIntervals = False
9.1091 	EXP 	window1: mouseVisible = True
9.1252 	EXP 	Imported informationletter.csv as conditions, 12 conditions, 13 params
9.1258 	EXP 	Question text: Information Letter
9.1540 	EXP 	Question text: Project Title: It's All Fun and Pranks
9.1855 	EXP 	Question text: Faculty Investigator: Dr. Chris Burris, Psychology (St. Jerome's). 519-884-8111x28213 (cburris@uwaterloo.ca)
9.2266 	EXP 	Question text: Student Investigator: Maya Karmakar-Johnson, Psychology (mkarmaka@uwaterloo.ca)
9.2338 	EXP 	Question text: This online research is being conducted as part of the Student Investigator's undergraduate honours thesis. It focuses on how people react to pranking behaviour and factors that affect those reactions.
9.2439 	EXP 	Question text: In this study, you will be asked first to read several short accounts of actual pranks and then react to each (for example, how funny you did – or didn't – find that prank to be). You will then be asked to complete two short measures concerning your responses to how other people interact with you – specifically, how important feeling respected and dealing with anger are for you. Finally, we'll ask you to complete a brief demographic questionnaire that asks basic questions such as your age and gender (so that we can accurately summarize the study sample's characteristics in any future reports). After that, you'll be able to learn more about the study's purpose.
9.2663 	EXP 	Question text: We expect this study to take no more than 30 minutes of your time. Participation is voluntary. Although no direct benefits to you are anticipated, we hope that you will learn more about the variety of research methods that are employed to test psychological hypotheses. In appreciation for your participation, you will receive 0.5 participation credits toward your applicable Psychology class.
9.2810 	EXP 	Question text: The risks associated with participation in the study are expected to be no greater than what you might experience in your day-to-day life. Indeed, reacting to others' embarrassing or awkward experiences, as well as how we deal with how people treat us, are common experiences for many. Having said that, you may choose not to complete any proportion of the study but will still receive your 0.5 participation credit. If you do choose to withdraw from the study before reaching the end, we would ask that you please skip to the end to read the feedback letter. Once you have submitted your responses it is not possible to withdraw your consent to participate, however, as we have no way of knowing which responses are yours.
9.3025 	EXP 	Question text: You will be completing the study by an online survey operated by Qualtrics. Qualtrics has implemented technical, administrative, and physical safeguards to protect the information provided via the Services from loss, misuse, and unauthorized access, disclosure, alteration, or destruction. However, no Internet transmission is ever fully secure or error free. University of Waterloo researchers will not collect or use internet protocol (IP) addresses or other information which could link your participation to your computer or electronic device without first informing you.
9.3213 	EXP 	Question text: Your identity will be confidential: your questionnaire responses will be identified by a code. You will not be identified by name in any report, publication, or presentation resulting from this study. If you choose to participate your data will be stored for at least 5 years on the password-protected computer on the Faculty Investigator.
9.3310 	EXP 	Question text: If you have any questions about the study, either before or after participating, please feel free to contact the Faculty Investigator as shown above.
9.3367 	EXP 	Question text: This study has been reviewed and received ethics clearance through a University of Waterloo Research Ethics Board (REB# 44380). If you have questions for the Board, contact the Office of Research Ethics, at 1-519-888-4567 ext. 36005 or reb@uwaterloo.ca
9.3616 	EXP 	window1: mouseVisible = True
9.4237 	EXP 	Created infoletter = <psychopy.visual.form.Form object at 0x0000020CFFFD2160>
9.4271 	EXP 	window1: mouseVisible = True
9.4335 	EXP 	Imported consentform.csv as conditions, 8 conditions, 13 params
9.4341 	EXP 	Question text: Consent for Participation
9.4488 	EXP 	Question text: By consenting to participate, you are not waiving your legal rights or releasing the investigator(s) or involved institution(s) from their legal and professional responsibilities.
9.4550 	EXP 	Question text: I have read the information presented in the information letter about a study being conducted under the supervision of Chris Burris, Department of Psychology, St. Jerome's University (cburris@uwaterloo.ca). I have made this decision based on the information provided. I have had the opportunity to ask any questions related to this study, to receive satisfactory answers to my questions, and any additional details I wanted.
9.4665 	EXP 	Question text: As a participant in this online study, I am aware that my identity will remain confidential.
9.4701 	EXP 	Question text: I am aware that I may withdraw from participating before reaching the end of the study without penalty.
9.4737 	EXP 	Question text: This study has been reviewed and received ethics clearance through a University of Waterloo Research Ethics Committee (REB# 44380). If you have questions for the Committee, contact the Office of Research Ethics at 1-519-888-4567 ext. 36005 or ore-ceo@uwaterloo.ca
9.4817 	EXP 	Question text: If you have any questions about the study, either before or after participating, please feel free to contact the Faculty Investigator.
9.4856 	EXP 	Question text: I agree to participate in this study:
9.4894 	EXP 	window1: mouseVisible = True
9.5108 	EXP 	window1: mouseVisible = True
9.5349 	EXP 	Created consentform = <psychopy.visual.form.Form object at 0x0000020CFE47D3A0>
9.5383 	EXP 	window1: mouseVisible = True
9.5444 	EXP 	Imported HO.csv as conditions, 3 conditions, 13 params
9.5449 	EXP 	Question text: Instructions
9.5501 	EXP 	Question text: Imagine that there exists a part deep within you that you could call the "hidden observer." This part of you knows every detail of all behaviour and thought processes that go on within you and is aware of the deepest intimate information about yourself. However, it cannot be asked to talk about this intimate information unless it is allowed by you to do so.
9.5619 	EXP 	Question text: Five brief descriptions of prank experiences from the target's perspective (taken from the website fmylife.com) appear below. Please read each one and - from the perspective of your "hidden observer" - rate your reactions to it.
9.5700 	EXP 	window1: mouseVisible = True
9.5846 	EXP 	Created instructionsform = <psychopy.visual.form.Form object at 0x0000020CFE3B1790>
9.6270 	EXP 	Created text = TextStim(__class__=<class 'psychopy.visual.text.TextStim'>, alignHoriz=method-wrapper(...), alignText='center', alignVert=method-wrapper(...), anchorHoriz='center', anchorVert='center', antialias=True, autoDraw=False, autoLog=True, bold=False, color=array([1., 1., 1.]), colorSpace='rgb', contrast=1.0, depth=0.0, flipHoriz=False, flipVert=False, font='Open Sans', fontFiles=[], height=0.1, italic=False, languageStyle='LTR', name='text', opacity=1.0, ori=0.0, pos=array([0., 0.]), rgb=UNKNOWN, text='', units='height', win=Window(...), wrapWidth=1)
9.6282 	EXP 	Created PrimerText = TextStim(__class__=<class 'psychopy.visual.text.TextStim'>, alignHoriz=method-wrapper(...), alignText='center', alignVert=method-wrapper(...), anchorHoriz='center', anchorVert='center', antialias=True, autoDraw=False, autoLog=True, bold=False, color=array([1., 1., 1.]), colorSpace='rgb', contrast=1.0, depth=0.0, flipHoriz=False, flipVert=False, font='Open Sans', fontFiles=[], height=0.05, italic=False, languageStyle='LTR', name='PrimerText', opacity=1.0, ori=0.0, pos=array([0., 0.]), rgb=UNKNOWN, text='', units='height', win=Window(...), wrapWidth=1)
9.6293 	EXP 	Created prankText = TextStim(__class__=<class 'psychopy.visual.text.TextStim'>, alignHoriz=method-wrapper(...), alignText='center', alignVert=method-wrapper(...), anchorHoriz='center', anchorVert='center', antialias=True, autoDraw=False, autoLog=True, bold=False, color=array([1., 1., 1.]), colorSpace='rgb', contrast=1.0, depth=0.0, flipHoriz=False, flipVert=False, font='Open Sans', fontFiles=[], height=0.04, italic=False, languageStyle='LTR', name='prankText', opacity=1.0, ori=0.0, pos=array([0. , 0.2]), rgb=UNKNOWN, text='', units='height', win=Window(...), wrapWidth=1)
9.6304 	EXP 	Created promptText = TextStim(__class__=<class 'psychopy.visual.text.TextStim'>, alignHoriz=method-wrapper(...), alignText='center', alignVert=method-wrapper(...), anchorHoriz='center', anchorVert='center', antialias=True, autoDraw=False, autoLog=True, bold=False, color=array([1., 1., 1.]), colorSpace='rgb', contrast=1.0, depth=-1.0, flipHoriz=False, flipVert=False, font='Open Sans', fontFiles=[], height=0.03, italic=False, languageStyle='LTR', name='promptText', opacity=1.0, ori=0.0, pos=array([ 0.  , -0.11]), rgb=UNKNOWN, text='', units='height', win=Window(...), wrapWidth=1)
9.7358 	EXP 	Created hiddenobserver = TextStim(__class__=<class 'psychopy.visual.text.TextStim'>, alignHoriz=method-wrapper(...), alignText='center', alignVert=method-wrapper(...), anchorHoriz='center', anchorVert='center', antialias=True, autoDraw=False, autoLog=True, bold=False, color=array([1., 1., 1.]), colorSpace='rgb', contrast=1.0, depth=-2.0, flipHoriz=False, flipVert=False, font='Open Sans', fontFiles=[], height=0.03, italic=False, languageStyle='LTR', name='hiddenobserver', opacity=1.0, ori=0.0, pos=array([ 0.  , -0.05]), rgb=UNKNOWN, text='My "hidden observer" says that:', units='height', win=Window(...), wrapWidth=1)
9.7399 	EXP 	window1: mouseVisible = True
9.8340 	EXP 	Created slider = Slider(__class__=<class 'psychopy.visual.slider.Slider'>, autoDraw=False, autoLog=True, borderColor=None, color=None, colorSpace='rgb', depth=-3, fillColor=None, flip=True, font='Open Sans', granularity=1.0, labelColor=None, labelHeight=0.05, labelWrapWidth=None, labels=tuple(...), lineColor=None, markerColor=None, name='slider', opacity=None, ori=0.0, pos=array([ 0. , -0.3]), readOnly=False, self=UNKNOWN, size=array([1.  , 0.07]), startValue=None, style='rating', styleTweaks=[], ticks=array([1, 2, 3, 4, 5, 6, 7, 8]), units='height', win=Window(...))
9.8458 	EXP 	Imported aboutrespect.xlsx as conditions, 14 conditions, 13 params
9.8468 	EXP 	Question text: About Respect
9.8588 	EXP 	Question text: The following questions ask you about what you think other people are like and what you think about how they act.
9.8625 	EXP 	Question text: I feel disrespected when people don’t include me in the group.
9.8679 	EXP 	window1: mouseVisible = True
9.9137 	EXP 	Question text: It is important that people show that they respect you.
9.9175 	EXP 	window1: mouseVisible = True
9.9619 	EXP 	Question text: I feel disrespected when a group is making a decision and I don’t get to say what I think.
9.9661 	EXP 	window1: mouseVisible = True
10.0107 	EXP 	Question text: People want to make you feel like they are better than you.
10.0146 	EXP 	window1: mouseVisible = True
10.0583 	EXP 	Question text: I feel disrespected when people tease me.
10.0619 	EXP 	window1: mouseVisible = True
10.1068 	EXP 	Question text: It is important to let people know that they should respect you.
10.1105 	EXP 	window1: mouseVisible = True
10.1549 	EXP 	Question text: I feel disrespected when people don’t listen to what I have to say.
10.1588 	EXP 	window1: mouseVisible = True
10.2030 	EXP 	Question text: If you are not careful, people will make you feel like you are no good.
10.2069 	EXP 	window1: mouseVisible = True
10.2515 	EXP 	Question text: I feel disrespected when I am treated unfairly.
10.2554 	EXP 	window1: mouseVisible = True
10.2985 	EXP 	Question text: I feel disrespected when someone gossips about me.
10.3021 	EXP 	window1: mouseVisible = True
10.3448 	EXP 	Question text: People are always trying to make themselves look like they are better than you.
10.3487 	EXP 	window1: mouseVisible = True
10.3912 	EXP 	Question text: It is more important to be respected than liked.
10.3948 	EXP 	window1: mouseVisible = True
10.4377 	EXP 	window1: mouseVisible = True
10.5138 	EXP 	Created respectform = <psychopy.visual.form.Form object at 0x0000020CFE4C2940>
10.5173 	EXP 	window1: mouseVisible = True
10.5205 	EXP 	window1: mouseVisible = True
10.5290 	EXP 	Imported aboutanger - Sheet1.csv as conditions, 12 conditions, 13 params
10.5297 	EXP 	Question text: About Anger
10.5358 	EXP 	Question text: Please rate how often you do what is described in each item.
10.5389 	EXP 	Question text: When something makes me angry, I turn this matter over and over again in my mind.
10.5437 	EXP 	window1: mouseVisible = True
10.5682 	EXP 	Question text: I have long living fantasies of revenge after the conflict is over.
10.5721 	EXP 	window1: mouseVisible = True
10.5954 	EXP 	Question text: I ponder about the injustices that have been done to me.
10.5991 	EXP 	window1: mouseVisible = True
10.6226 	EXP 	Question text: I think about the reasons people treat me badly.
10.6263 	EXP 	window1: mouseVisible = True
10.6498 	EXP 	Question text: When someone makes me angry, I can't stop thinking about how to get back at this person.
10.6540 	EXP 	window1: mouseVisible = True
10.6776 	EXP 	Question text: I keep thinking about events that angered me for a long time.
10.6815 	EXP 	window1: mouseVisible = True
10.7059 	EXP 	Question text: Whenever I experience anger, I keep thinking about it for a while.
10.7098 	EXP 	window1: mouseVisible = True
10.7338 	EXP 	Question text: I re-enact the anger episode in my mind after it has happened.
10.7379 	EXP 	window1: mouseVisible = True
10.7617 	EXP 	Question text: I think about certain events from a long time ago and they still make me angry.
10.7657 	EXP 	window1: mouseVisible = True
10.7886 	EXP 	Question text: I have had times when I could not stop being preoccupied with a particular conflict.
10.7926 	EXP 	window1: mouseVisible = True
10.8162 	EXP 	window1: mouseVisible = True
10.8568 	EXP 	Created angerform = <psychopy.visual.form.Form object at 0x0000020CFE694A00>
10.8648 	EXP 	Imported demographic.csv as conditions, 9 conditions, 13 params
10.8655 	EXP 	Question text: Background Information
10.8762 	EXP 	Question text: Please complete the following information so that we can summarize the background characteristics of this study’s participants as part of any subsequent research reports. Your identity is confidential. Remember that you may decline to answer any question by leaving it blank if you choose
10.8847 	EXP 	Question text: Your gender?
10.8900 	EXP 	window1: mouseVisible = True
10.9184 	EXP 	Question text: Gender (if other)
10.9257 	EXP 	Question text: Your Age
10.9290 	EXP 	window1: mouseVisible = True
10.9532 	EXP 	Question text: Your Ethnicity (ie. the ethnic group or nationality with which you most strongly identify)?
10.9590 	EXP 	Question text: Were you born in Canada
10.9626 	EXP 	window1: mouseVisible = True
10.9782 	EXP 	Question text: If you are now living in Canada, but were not born here, how long have you lived here?
10.9841 	EXP 	Question text: Finally, we would like you to write a couple of sentences about something you've done or accomplished recently that you feel really good about:
10.9928 	EXP 	window1: mouseVisible = True
11.0176 	EXP 	Created demoForm = <psychopy.visual.form.Form object at 0x0000020CFEF00B20>
11.0210 	EXP 	window1: mouseVisible = True
11.0325 	EXP 	Created text_2 = TextStim(__class__=<class 'psychopy.visual.text.TextStim'>, alignHoriz=method-wrapper(...), alignText='center', alignVert=method-wrapper(...), anchorHoriz='center', anchorVert='center', antialias=True, autoDraw=False, autoLog=True, bold=False, color=array([1., 1., 1.]), colorSpace='rgb', contrast=1.0, depth=0.0, flipHoriz=False, flipVert=False, font='Open Sans', fontFiles=[], height=0.05, italic=False, languageStyle='LTR', name='text_2', opacity=1.0, ori=0.0, pos=array([0., 0.]), rgb=UNKNOWN, text='Study Complete', units='height', win=Window(...), wrapWidth=1)
11.0359 	EXP 	window1: mouseVisible = True
11.0445 	EXP 	Imported feedbackletter.csv as conditions, 27 conditions, 13 params
11.0452 	EXP 	Question text: Feedback Letter
11.0508 	EXP 	Question text: Project Title: It's All Fun and Pranks
11.0539 	EXP 	Question text: Faculty Investigator: Dr. Chris Burris, Psychology (St. Jerome's). 519-884-8111x28213 (cburris@uwaterloo.ca)
11.0574 	EXP 	Question text: Student Investigator: Maya Karmakar-Johnson, Psychology (mkarmaka@uwaterloo.ca)
11.0607 	EXP 	Question text: We appreciate your participation, and we thank you for spending time helping us with our research. At the beginning of the study, you were informed that its focus was on how people react to pranking behaviour and factors that affect those reactions. We would now like to explain the purpose of the study in greater detail.
11.0701 	EXP 	Question text: Although many people view pranks as “harmless fun,” Burris and Leitch (2018) showed that pranking can sometimes serve as an outlet for sadistic motivation – understood as wanting someone else to feel bad, however briefly, because the thought of that makes oneself feel good. By their very nature, pranks involve a gotcha whereby the person being pranked is subject to some degree of physical or psychological discomfort – if that doesn’t happen, then the prank is declared to have “failed.”
11.0872 	EXP 	Question text: Importantly, Burris and Leitch (2018) showed that positive reactions to pranks – whether performed by the self or by someone else – were predicted by a joint tendency to feel disrespected and to have difficulty letting go of anger related to past insults. Having identified this combo as the “engine” driving sadistic motivation, Burris and Leitch argued that sadistic motivation’s ultimate goal is to boost back up a self that feels deflated or “squashed,” and that seeing another come to harm is a means to this end.
11.1004 	EXP 	Question text: This analysis of pranking raises a paradox: Most pranksters look happy, even giddy – they don’t look angry or hostile. Dijksterhuis and Aarts (2010) reviewed research suggesting that goals can drive behavior even when the goals are outside of awareness – that is, unconscious. With that in mind, the present study was set up to see whether the presumed ultimate goal driving sadistic motivation – that is, boosting the self – was operating nonconsciously.
11.1124 	EXP 	Question text: To do that, we attempted to create either a “mini-boost” or a “mini-squash” to the self outside of your conscious awareness. Thus, as you read each prank story and reacted to it, you were randomly assigned to any of three possible subliminal primes: (1) “you are awesome” (boost); (2) “you are nothing” (squash); or (3) “people are walking” (neutral). These primes appeared before the general story instructions, before each story, and before each reaction item. After that, we had you complete short versions of the disrespect sensitivity and anger rumination measures used by Burris and Leitch (2018) to identify people who are more or less likely to respond to “squashed” feelings by reacting positively to others’ discomfort. To ensure that any possible negative effect of the “squash” prime would be neutralized quickly, we asked everyone to reflect on a recent positive personal experience at the end of the study.
11.1357 	EXP 	Question text: We expected the most positive reactions to the prank stories to emerge among people who received the “squash” primes, and who already struggle more with feeling angry and disrespected.
11.1420 	EXP 	Question text: So, to be clear, we are indeed interested in how people react to pranking behaviour and factors that affect those reactions, but this study explored a very specific aspect of that – that is, nonconscious motivation, which we investigated by means of subliminal primes.
11.1500 	EXP 	Question text: We apologize that we did not alert to you our use of subliminal primes at the outset – but we hope you understand that, had we done so, you would have probably been on the lookout for (or trying to guess) the primes we were using, which would compromise their effectiveness. Although not all psychology research involves withholding information at the outset like this, there is sometimes no practical alternative that allows for a valid test of hypotheses such as ours concerning nonconscious nature of sadistic motivation. We hope this makes sense to you.
11.1641 	EXP 	Question text: So, to summarize:
11.1668 	EXP 	Question text: 1) Pranking is sometimes used as an outlet for sadistic motivation.
11.1698 	EXP 	Question text: 2) The ultimate goal of sadistic motivation may be to boost the self, even if at others’ expense. 
11.1734 	EXP 	Question text: 3) The present study used subliminal priming to test whether this hypothesized of boosting the self is operating outside of conscious awareness. 
11.1792 	EXP 	Question text: 4) To test our hypothesis, we had to withhold information concerning our use of subliminal primes initially.
11.1828 	EXP 	Question text: Given (4) just above, it is very important that you not discuss your experiences with any other students who potentially could be in this study until after the end of the term. If people come into the study knowing about our specific predictions, it could influence their results, and the data we collect would not be useable. Also, if you print off a copy of this post-study information page, please do not make it available to other students.
11.1947 	EXP 	Question text: Because some elements of the study are different from what was originally explained, there is another consent form for you to read and sign electronically if you are willing to allow us to use the information you have provided. This consent is also a record that the full purpose of the study was explained to you.
11.2038 	EXP 	Question text: We would like to remind you that your confidentiality is guaranteed. Your questionnaire responses will be identified by code number only and you will not be identified by name in any report, publication, or presentation resulting from this study. The data file will be stored for at least 5 years in electronic form on the password-protected computer of the Faculty Investigator.
11.2141 	EXP 	Question text: This study has been reviewed and received ethics clearance through a University of Waterloo Research Ethics Board (#44380). If you have questions for the Board, contact the Office of Research Ethics, at 1-519-888-4567 ext. 36005 or reb@uwaterloo.ca.
11.2218 	EXP 	Question text: If your participation in this study has raised personal issues that concern you, we encourage you to contact UW Counselling Services at 888-4567, ext. 32655.
11.2276 	EXP 	Question text: If you’d like to learn more about the ideas behind this research, we encourage you to read:
11.2315 	EXP 	Question text: Burris, C., & Leitch, R. (2018). Harmful fun: Pranks and sadistic motivation. Motivation And Emotion, 42(1), 90-102. doi: 10.1007/s11031-017-9651-5
11.2408 	EXP 	Question text: Dijksterhuis, A., & Aarts, H. (2010). Goals, attention, and (un)consciousness. Annual Review of Psychology, 61(1), 467-490. https://doi.org/10.1146/annurev.psych.093008.100445
11.2470 	EXP 	Question text: If you’d like more information, feel free to contact the Faculty Investigator as listed above.
11.2505 	EXP 	Question text: We really appreciate your participation, and hope that this has been a worthwhile experience for you.
11.2545 	EXP 	window1: mouseVisible = True
11.3359 	EXP 	Created feedbackform = <psychopy.visual.form.Form object at 0x0000020CFF3913A0>
11.3393 	EXP 	window1: mouseVisible = True
11.3480 	EXP 	Imported debriefform.csv as conditions, 7 conditions, 13 params
11.3486 	EXP 	Question text: Post-debriefing Consent Form
11.3527 	EXP 	Question text: Project Title: It's All Fun and Pranks
11.3555 	EXP 	Question text: Faculty Investigator: Dr. Chris Burris, Psychology (St. Jerome's). 519-884-8111x28213 (cburris@uwaterloo.ca)
11.3591 	EXP 	Question text: Student Investigator: Maya Karmakar-Johnson, Psychology (mkarmaka@uwaterloo.ca)
11.3624 	EXP 	Question text: In the online debriefing, I was given an explanation as to why it was necessary for the researchers to withhold some information regarding some elements of this study. I was informed that having full information about the actual purpose of the study might have influenced the way in which I responded to the tasks and this would have invalidated the results. I have now received a complete written explanation as to the actual purpose and procedures of the study. In addition, I have had an opportunity to ask any questions about this and to receive acceptable answers to my questions. I am aware that my decision to give or withhold permission to use my data will not affect my receipt of the applicable research credit.
11.3801 	EXP 	Question text: I am aware that I may contact the Office of Research Ethics, at 1-519-888-4567 ext. 36005 or reb@uwaterloo.ca if I have any concerns or comments resulting from my involvement in this study.
11.3865 	EXP 	Question text: I give my permission for the researchers to use my data and/or the information I provided through the online survey for this study.
11.3924 	EXP 	window1: mouseVisible = True
11.4090 	EXP 	window1: mouseVisible = True
11.4327 	EXP 	Created debriefform = <psychopy.visual.form.Form object at 0x0000020CFF3AC1C0>
11.4884 	EXP 	unnamed Form: autoLog = True
11.4884 	EXP 	infoletter: name = 'infoletter'
11.4884 	EXP 	infoletter: depth = 0
11.4884 	EXP 	unnamed Form: autoLog = True
11.4884 	EXP 	consentform: name = 'consentform'
11.4884 	EXP 	consentform: depth = 0
11.4884 	EXP 	unnamed Form: autoLog = True
11.4884 	EXP 	instructionsform: name = 'instructionsform'
11.4884 	EXP 	instructionsform: depth = 0
11.4884 	EXP 	slider: autoLog = True
11.4884 	EXP 	slider: markerPos = None
11.4884 	EXP 	slider: styleTweaks = []
11.4884 	EXP 	slider: styleTweaks = []
11.4884 	EXP 	slider: styleTweaks = []
11.4884 	EXP 	slider: styleTweaks = []
11.4884 	EXP 	slider: contrast = 1.0
11.4884 	EXP 	slider: autoLog = True
11.4884 	EXP 	unnamed Form: autoLog = True
11.4884 	EXP 	respectform: name = 'respectform'
11.4884 	EXP 	respectform: depth = 0
11.4884 	EXP 	unnamed Form: autoLog = True
11.4884 	EXP 	angerform: name = 'angerform'
11.4884 	EXP 	angerform: depth = 0
11.4884 	EXP 	unnamed Form: autoLog = True
11.4884 	EXP 	demoForm: name = 'demoForm'
11.4884 	EXP 	demoForm: depth = 0
11.4884 	EXP 	unnamed Form: autoLog = True
11.4884 	EXP 	feedbackform: name = 'feedbackform'
11.4884 	EXP 	feedbackform: depth = 0
11.4884 	EXP 	unnamed Form: autoLog = True
11.4884 	EXP 	debriefform: name = 'debriefform'
11.4884 	EXP 	debriefform: depth = 0
11.4884 	EXP 	infoletter: autoDraw = True
12.5547 	DATA 	Mouse: wheel shift=(0,-2), pos=(1185,463)
12.6058 	DATA 	Mouse: wheel shift=(0,-3), pos=(1184,459)
12.6582 	DATA 	Mouse: wheel shift=(0,-2), pos=(1191,452)
13.6404 	DATA 	Mouse: Left button down, pos=(1836,52)
13.6760 	EXP 	infoletter: autoDraw = False
13.6760 	EXP 	consentform: autoDraw = True
13.7701 	DATA 	Mouse:  Left button up, pos=(1836,52)
14.4417 	DATA 	Mouse: wheel shift=(0,-1), pos=(1368,273)
14.4736 	DATA 	Mouse: wheel shift=(0,-1), pos=(1321,297)
14.4751 	DATA 	Mouse: wheel shift=(0,-1), pos=(1284,314)
14.5065 	DATA 	Mouse: wheel shift=(0,-1), pos=(1284,314)
14.5392 	DATA 	Mouse: wheel shift=(0,-1), pos=(1267,323)
14.5715 	DATA 	Mouse: wheel shift=(0,-1), pos=(1266,324)
14.8035 	DATA 	Mouse: wheel shift=(0,-4), pos=(1267,323)
14.8376 	DATA 	Mouse: wheel shift=(0,-4), pos=(1267,323)
14.8711 	DATA 	Mouse: wheel shift=(0,-1), pos=(1267,323)
15.0581 	DATA 	Mouse: wheel shift=(0,-1), pos=(1307,353)
15.0619 	DATA 	Mouse: wheel shift=(0,-1), pos=(1309,354)
15.0945 	DATA 	Mouse: wheel shift=(0,-6), pos=(1309,354)
15.1025 	DATA 	Mouse: wheel shift=(0,-1), pos=(1309,355)
15.3309 	DATA 	Mouse: wheel shift=(0,-3), pos=(1317,365)
15.3346 	DATA 	Mouse: wheel shift=(0,-1), pos=(1317,365)
15.3692 	DATA 	Mouse: wheel shift=(0,-5), pos=(1317,365)
15.3805 	DATA 	Mouse: wheel shift=(0,-1), pos=(1317,365)
15.5745 	DATA 	Mouse: wheel shift=(0,-4), pos=(1304,349)
15.5785 	DATA 	Mouse: wheel shift=(0,-1), pos=(1293,339)
15.6077 	DATA 	Mouse: wheel shift=(0,-3), pos=(1291,338)
16.2122 	DATA 	Mouse: Left button down, pos=(560,259)
16.2794 	DATA 	Mouse:  Left button up, pos=(560,259)
16.5075 	DATA 	Mouse: Left button down, pos=(578,246)
16.5876 	DATA 	Mouse:  Left button up, pos=(578,246)
17.4636 	DATA 	Mouse: Left button down, pos=(1821,58)
17.4946 	EXP 	consentform: autoDraw = False
17.4946 	EXP 	instructionsform: autoDraw = True
17.5328 	DATA 	Mouse:  Left button up, pos=(1822,55)
18.1699 	DATA 	Mouse: wheel shift=(0,-1), pos=(1029,393)
18.1823 	DATA 	Mouse: wheel shift=(0,-1), pos=(1029,392)
18.1948 	DATA 	Mouse: wheel shift=(0,-1), pos=(1030,391)
18.2072 	DATA 	Mouse: wheel shift=(0,-1), pos=(1030,388)
18.2197 	DATA 	Mouse: wheel shift=(0,-2), pos=(1031,386)
18.2318 	DATA 	Mouse: wheel shift=(0,-2), pos=(1031,385)
18.4769 	DATA 	Mouse: wheel shift=(0,-1), pos=(1031,383)
19.8777 	DATA 	Mouse: Left button down, pos=(1815,53)
19.8815 	EXP 	Created sequence: sequential, trialTypes=1, nReps=5, seed=None
19.8817 	EXP 	New trial (rep=0, index=0): None
19.8921 	EXP 	instructionsform: autoDraw = False
19.8921 	EXP 	text: height = 0.1
19.8921 	EXP 	text: height = 0.1
19.8921 	EXP 	text: height = 0.1
19.8921 	EXP 	text: text = 'Prank 1'
19.8921 	EXP 	text: autoDraw = True
19.9302 	DATA 	Mouse:  Left button up, pos=(1815,53)
21.8841 	EXP 	Created sequence: sequential, trialTypes=1, nReps=6, seed=None
21.8842 	EXP 	New trial (rep=0, index=0): None
21.8920 	EXP 	text: autoDraw = False
21.8920 	EXP 	PrimerText: height = 0.05
21.8920 	EXP 	PrimerText: height = 0.05
21.8920 	EXP 	PrimerText: height = 0.05
21.8920 	EXP 	PrimerText: text = "You're nothing"
21.8920 	EXP 	PrimerText: autoDraw = True
21.9418 	EXP 	PrimerText: autoDraw = False
21.9418 	EXP 	PrimerText: autoDraw = False
21.9418 	EXP 	slider: markerPos = None
21.9418 	EXP 	slider: markerPos = None
21.9418 	EXP 	prankText: autoDraw = True
21.9418 	EXP 	promptText: autoDraw = True
21.9418 	EXP 	hiddenobserver: autoDraw = True
21.9418 	EXP 	slider: autoDraw = True
22.7224 	DATA 	Mouse: Left button down, pos=(1342,217)
22.7374 	EXP 	slider: markerPos = 6.975925952196121
22.7495 	EXP 	slider: markerPos = 6.975925952196121
22.7618 	EXP 	slider: markerPos = 6.975925952196121
22.7737 	EXP 	slider: markerPos = 6.975925952196121
22.7858 	EXP 	slider: markerPos = 6.975925952196121
22.7958 	DATA 	Mouse:  Left button up, pos=(1342,217)
22.7978 	EXP 	slider: markerPos = 6.975925952196121
22.8095 	EXP 	slider: markerPos = 7.0
22.8141 	EXP 	New trial (rep=1, index=0): None
22.8168 	EXP 	prankText: autoDraw = False
22.8168 	EXP 	promptText: autoDraw = False
22.8168 	EXP 	hiddenobserver: autoDraw = False
22.8168 	EXP 	slider: autoDraw = False
22.8168 	EXP 	PrimerText: text = "You're nothing"
22.8168 	EXP 	PrimerText: autoDraw = True
22.8366 	EXP 	PrimerText: autoDraw = False
22.8366 	EXP 	PrimerText: autoDraw = False
22.8366 	EXP 	slider: markerPos = None
22.8366 	EXP 	slider: markerPos = None
22.8366 	EXP 	prankText: autoDraw = True
22.8366 	EXP 	promptText: autoDraw = True
22.8366 	EXP 	hiddenobserver: autoDraw = True
22.8366 	EXP 	slider: autoDraw = True
23.1553 	DATA 	Mouse: Left button down, pos=(1342,217)
23.1697 	EXP 	slider: markerPos = 6.975925952196121
23.1827 	EXP 	slider: markerPos = 6.975925952196121
23.1950 	EXP 	slider: markerPos = 6.975925952196121
23.2068 	EXP 	slider: markerPos = 6.975925952196121
23.2191 	EXP 	slider: markerPos = 6.975925952196121
23.2206 	DATA 	Mouse:  Left button up, pos=(1342,217)
23.2313 	EXP 	slider: markerPos = 7.0
23.2337 	EXP 	New trial (rep=2, index=0): None
23.2378 	EXP 	prankText: autoDraw = False
23.2378 	EXP 	promptText: autoDraw = False
23.2378 	EXP 	hiddenobserver: autoDraw = False
23.2378 	EXP 	slider: autoDraw = False
23.2378 	EXP 	PrimerText: text = "You're nothing"
23.2378 	EXP 	PrimerText: autoDraw = True
23.2558 	EXP 	PrimerText: autoDraw = False
23.2558 	EXP 	PrimerText: autoDraw = False
23.2558 	EXP 	slider: markerPos = None
23.2558 	EXP 	slider: markerPos = None
23.2558 	EXP 	prankText: autoDraw = True
23.2558 	EXP 	promptText: autoDraw = True
23.2558 	EXP 	hiddenobserver: autoDraw = True
23.2558 	EXP 	slider: autoDraw = True
23.5062 	DATA 	Mouse: Left button down, pos=(1342,217)
23.5205 	EXP 	slider: markerPos = 6.975925952196121
23.5323 	EXP 	slider: markerPos = 6.975925952196121
23.5444 	EXP 	slider: markerPos = 6.975925952196121
23.5565 	EXP 	slider: markerPos = 6.975925952196121
23.5686 	EXP 	slider: markerPos = 6.975925952196121
23.5807 	EXP 	slider: markerPos = 6.975925952196121
23.5907 	DATA 	Mouse:  Left button up, pos=(1342,217)
23.5926 	EXP 	slider: markerPos = 6.975925952196121
23.6044 	EXP 	slider: markerPos = 7.0
23.6067 	EXP 	New trial (rep=3, index=0): None
23.6109 	EXP 	prankText: autoDraw = False
23.6109 	EXP 	promptText: autoDraw = False
23.6109 	EXP 	hiddenobserver: autoDraw = False
23.6109 	EXP 	slider: autoDraw = False
23.6109 	EXP 	PrimerText: text = "You're nothing"
23.6109 	EXP 	PrimerText: autoDraw = True
23.6302 	EXP 	PrimerText: autoDraw = False
23.6302 	EXP 	PrimerText: autoDraw = False
23.6302 	EXP 	slider: markerPos = None
23.6302 	EXP 	slider: markerPos = None
23.6302 	EXP 	prankText: autoDraw = True
23.6302 	EXP 	promptText: autoDraw = True
23.6302 	EXP 	hiddenobserver: autoDraw = True
23.6302 	EXP 	slider: autoDraw = True
23.8716 	DATA 	Mouse: Left button down, pos=(1342,217)
23.8858 	EXP 	slider: markerPos = 6.975925952196121
23.8981 	EXP 	slider: markerPos = 6.975925952196121
23.9102 	EXP 	slider: markerPos = 6.975925952196121
23.9224 	EXP 	slider: markerPos = 6.975925952196121
23.9346 	EXP 	slider: markerPos = 6.975925952196121
23.9451 	DATA 	Mouse:  Left button up, pos=(1342,217)
23.9472 	EXP 	slider: markerPos = 6.975925952196121
23.9594 	EXP 	slider: markerPos = 7.0
23.9617 	EXP 	New trial (rep=4, index=0): None
23.9660 	EXP 	prankText: autoDraw = False
23.9660 	EXP 	promptText: autoDraw = False
23.9660 	EXP 	hiddenobserver: autoDraw = False
23.9660 	EXP 	slider: autoDraw = False
23.9660 	EXP 	PrimerText: text = "You're nothing"
23.9660 	EXP 	PrimerText: autoDraw = True
23.9929 	EXP 	PrimerText: autoDraw = False
23.9929 	EXP 	PrimerText: autoDraw = False
23.9929 	EXP 	slider: markerPos = None
23.9929 	EXP 	slider: markerPos = None
23.9929 	EXP 	prankText: autoDraw = True
23.9929 	EXP 	promptText: autoDraw = True
23.9929 	EXP 	hiddenobserver: autoDraw = True
23.9929 	EXP 	slider: autoDraw = True
24.3018 	DATA 	Mouse: Left button down, pos=(1342,217)
24.3162 	EXP 	slider: markerPos = 6.975925952196121
24.3283 	EXP 	slider: markerPos = 6.975925952196121
24.3405 	EXP 	slider: markerPos = 6.975925952196121
24.3535 	EXP 	slider: markerPos = 6.975925952196121
24.3656 	EXP 	slider: markerPos = 6.975925952196121
24.3670 	DATA 	Mouse:  Left button up, pos=(1342,217)
24.3775 	EXP 	slider: markerPos = 7.0
24.3798 	EXP 	New trial (rep=5, index=0): None
24.3840 	EXP 	prankText: autoDraw = False
24.3840 	EXP 	promptText: autoDraw = False
24.3840 	EXP 	hiddenobserver: autoDraw = False
24.3840 	EXP 	slider: autoDraw = False
24.3840 	EXP 	PrimerText: text = "You're nothing"
24.3840 	EXP 	PrimerText: autoDraw = True
24.4041 	EXP 	PrimerText: autoDraw = False
24.4041 	EXP 	PrimerText: autoDraw = False
24.4041 	EXP 	slider: markerPos = None
24.4041 	EXP 	slider: markerPos = None
24.4041 	EXP 	prankText: autoDraw = True
24.4041 	EXP 	promptText: autoDraw = True
24.4041 	EXP 	hiddenobserver: autoDraw = True
24.4041 	EXP 	slider: autoDraw = True
24.9733 	DATA 	Mouse: Left button down, pos=(1342,217)
24.9876 	EXP 	slider: markerPos = 6.975925952196121
24.9995 	EXP 	slider: markerPos = 6.975925952196121
25.0116 	EXP 	slider: markerPos = 6.975925952196121
25.0218 	DATA 	Mouse:  Left button up, pos=(1342,217)
25.0237 	EXP 	slider: markerPos = 6.975925952196121
25.0356 	EXP 	slider: markerPos = 7.0
25.0380 	EXP 	New trial (rep=1, index=0): None
25.0427 	EXP 	prankText: autoDraw = False
25.0427 	EXP 	promptText: autoDraw = False
25.0427 	EXP 	hiddenobserver: autoDraw = False
25.0427 	EXP 	slider: autoDraw = False
25.0427 	EXP 	text: height = 0.1
25.0427 	EXP 	text: height = 0.1
25.0427 	EXP 	text: height = 0.1
25.0427 	EXP 	text: text = 'Prank 2'
25.0427 	EXP 	text: autoDraw = True
27.0393 	EXP 	Created sequence: sequential, trialTypes=1, nReps=6, seed=None
27.0394 	EXP 	New trial (rep=0, index=0): None
27.0459 	EXP 	text: autoDraw = False
27.0459 	EXP 	PrimerText: text = "You're nothing"
27.0459 	EXP 	PrimerText: autoDraw = True
27.0747 	EXP 	PrimerText: autoDraw = False
27.0747 	EXP 	PrimerText: autoDraw = False
27.0747 	EXP 	slider: markerPos = None
27.0747 	EXP 	slider: markerPos = None
27.0747 	EXP 	prankText: autoDraw = True
27.0747 	EXP 	promptText: autoDraw = True
27.0747 	EXP 	hiddenobserver: autoDraw = True
27.0747 	EXP 	slider: autoDraw = True
27.9560 	DATA 	Mouse: Left button down, pos=(1489,231)
27.9729 	EXP 	slider: markerPos = 7.928703725337982
27.9861 	EXP 	slider: markerPos = 7.928703725337982
27.9996 	EXP 	slider: markerPos = 7.928703725337982
28.0011 	DATA 	Mouse:  Left button up, pos=(1489,231)
28.0128 	EXP 	slider: markerPos = 8.0
28.0152 	EXP 	New trial (rep=1, index=0): None
28.0194 	EXP 	prankText: autoDraw = False
28.0194 	EXP 	promptText: autoDraw = False
28.0194 	EXP 	hiddenobserver: autoDraw = False
28.0194 	EXP 	slider: autoDraw = False
28.0194 	EXP 	PrimerText: text = "You're nothing"
28.0194 	EXP 	PrimerText: autoDraw = True
28.0380 	EXP 	PrimerText: autoDraw = False
28.0380 	EXP 	PrimerText: autoDraw = False
28.0380 	EXP 	slider: markerPos = None
28.0380 	EXP 	slider: markerPos = None
28.0380 	EXP 	prankText: autoDraw = True
28.0380 	EXP 	promptText: autoDraw = True
28.0380 	EXP 	hiddenobserver: autoDraw = True
28.0380 	EXP 	slider: autoDraw = True
28.5440 	DATA 	Mouse: Left button down, pos=(1489,231)
28.5561 	EXP 	slider: markerPos = 7.928703725337982
28.5694 	EXP 	slider: markerPos = 7.928703725337982
28.5827 	EXP 	slider: markerPos = 7.928703725337982
28.5929 	DATA 	Mouse:  Left button up, pos=(1489,231)
28.5958 	EXP 	slider: markerPos = 7.928703725337982
28.6086 	EXP 	slider: markerPos = 8.0
28.6109 	EXP 	New trial (rep=2, index=0): None
28.6154 	EXP 	prankText: autoDraw = False
28.6154 	EXP 	promptText: autoDraw = False
28.6154 	EXP 	hiddenobserver: autoDraw = False
28.6154 	EXP 	slider: autoDraw = False
28.6154 	EXP 	PrimerText: text = "You're nothing"
28.6154 	EXP 	PrimerText: autoDraw = True
28.6336 	EXP 	PrimerText: autoDraw = False
28.6336 	EXP 	PrimerText: autoDraw = False
28.6336 	EXP 	slider: markerPos = None
28.6336 	EXP 	slider: markerPos = None
28.6336 	EXP 	prankText: autoDraw = True
28.6336 	EXP 	promptText: autoDraw = True
28.6336 	EXP 	hiddenobserver: autoDraw = True
28.6336 	EXP 	slider: autoDraw = True
28.9737 	DATA 	Mouse: Left button down, pos=(1489,231)
28.9903 	EXP 	slider: markerPos = 7.928703725337982
29.0031 	EXP 	slider: markerPos = 7.928703725337982
29.0133 	DATA 	Mouse:  Left button up, pos=(1489,231)
29.0162 	EXP 	slider: markerPos = 7.928703725337982
29.0292 	EXP 	slider: markerPos = 8.0
29.0315 	EXP 	New trial (rep=3, index=0): None
29.0362 	EXP 	prankText: autoDraw = False
29.0362 	EXP 	promptText: autoDraw = False
29.0362 	EXP 	hiddenobserver: autoDraw = False
29.0362 	EXP 	slider: autoDraw = False
29.0362 	EXP 	PrimerText: text = "You're nothing"
29.0362 	EXP 	PrimerText: autoDraw = True
29.0547 	EXP 	PrimerText: autoDraw = False
29.0547 	EXP 	PrimerText: autoDraw = False
29.0547 	EXP 	slider: markerPos = None
29.0547 	EXP 	slider: markerPos = None
29.0547 	EXP 	prankText: autoDraw = True
29.0547 	EXP 	promptText: autoDraw = True
29.0547 	EXP 	hiddenobserver: autoDraw = True
29.0547 	EXP 	slider: autoDraw = True
29.3395 	DATA 	Mouse: Left button down, pos=(1489,231)
29.3560 	EXP 	slider: markerPos = 7.928703725337982
29.3692 	EXP 	slider: markerPos = 7.928703725337982
29.3824 	EXP 	slider: markerPos = 7.928703725337982
29.3956 	EXP 	slider: markerPos = 7.928703725337982
29.4057 	DATA 	Mouse:  Left button up, pos=(1489,231)
29.4086 	EXP 	slider: markerPos = 7.928703725337982
29.4216 	EXP 	slider: markerPos = 8.0
29.4238 	EXP 	New trial (rep=4, index=0): None
29.4284 	EXP 	prankText: autoDraw = False
29.4284 	EXP 	promptText: autoDraw = False
29.4284 	EXP 	hiddenobserver: autoDraw = False
29.4284 	EXP 	slider: autoDraw = False
29.4284 	EXP 	PrimerText: text = "You're nothing"
29.4284 	EXP 	PrimerText: autoDraw = True
29.4475 	EXP 	PrimerText: autoDraw = False
29.4475 	EXP 	PrimerText: autoDraw = False
29.4475 	EXP 	slider: markerPos = None
29.4475 	EXP 	slider: markerPos = None
29.4475 	EXP 	prankText: autoDraw = True
29.4475 	EXP 	promptText: autoDraw = True
29.4475 	EXP 	hiddenobserver: autoDraw = True
29.4475 	EXP 	slider: autoDraw = True
29.7350 	DATA 	Mouse: Left button down, pos=(1489,231)
29.7514 	EXP 	slider: markerPos = 7.928703725337982
29.7642 	EXP 	slider: markerPos = 7.928703725337982
29.7775 	EXP 	slider: markerPos = 7.928703725337982
29.7877 	DATA 	Mouse:  Left button up, pos=(1489,231)
29.7906 	EXP 	slider: markerPos = 7.928703725337982
29.8037 	EXP 	slider: markerPos = 8.0
29.8060 	EXP 	New trial (rep=5, index=0): None
29.8107 	EXP 	prankText: autoDraw = False
29.8107 	EXP 	promptText: autoDraw = False
29.8107 	EXP 	hiddenobserver: autoDraw = False
29.8107 	EXP 	slider: autoDraw = False
29.8107 	EXP 	PrimerText: text = "You're nothing"
29.8107 	EXP 	PrimerText: autoDraw = True
29.8292 	EXP 	PrimerText: autoDraw = False
29.8292 	EXP 	PrimerText: autoDraw = False
29.8292 	EXP 	slider: markerPos = None
29.8292 	EXP 	slider: markerPos = None
29.8292 	EXP 	prankText: autoDraw = True
29.8292 	EXP 	promptText: autoDraw = True
29.8292 	EXP 	hiddenobserver: autoDraw = True
29.8292 	EXP 	slider: autoDraw = True
30.1308 	DATA 	Mouse: Left button down, pos=(1489,231)
30.1428 	EXP 	slider: markerPos = 7.928703725337982
30.1561 	EXP 	slider: markerPos = 7.928703725337982
30.1692 	EXP 	slider: markerPos = 7.928703725337982
30.1825 	EXP 	slider: markerPos = 7.928703725337982
30.1927 	DATA 	Mouse:  Left button up, pos=(1489,231)
30.1956 	EXP 	slider: markerPos = 7.928703725337982
30.2085 	EXP 	slider: markerPos = 8.0
30.2109 	EXP 	New trial (rep=2, index=0): None
30.2171 	EXP 	prankText: autoDraw = False
30.2171 	EXP 	promptText: autoDraw = False
30.2171 	EXP 	hiddenobserver: autoDraw = False
30.2171 	EXP 	slider: autoDraw = False
30.2171 	EXP 	text: height = 0.1
30.2171 	EXP 	text: height = 0.1
30.2171 	EXP 	text: height = 0.1
30.2171 	EXP 	text: text = 'Prank 3'
30.2171 	EXP 	text: autoDraw = True
32.2144 	EXP 	Created sequence: sequential, trialTypes=1, nReps=6, seed=None
32.2145 	EXP 	New trial (rep=0, index=0): None
32.2210 	EXP 	text: autoDraw = False
32.2210 	EXP 	PrimerText: text = "You're nothing"
32.2210 	EXP 	PrimerText: autoDraw = True
32.2527 	EXP 	PrimerText: autoDraw = False
32.2527 	EXP 	PrimerText: autoDraw = False
32.2527 	EXP 	slider: markerPos = None
32.2527 	EXP 	slider: markerPos = None
32.2527 	EXP 	prankText: autoDraw = True
32.2527 	EXP 	promptText: autoDraw = True
32.2527 	EXP 	hiddenobserver: autoDraw = True
32.2527 	EXP 	slider: autoDraw = True
32.8668 	DATA 	Mouse: Left button down, pos=(1176,221)
32.8792 	EXP 	slider: markerPos = 5.900000020861626
32.8926 	EXP 	slider: markerPos = 5.900000020861626
32.9065 	EXP 	slider: markerPos = 5.900000020861626
32.9198 	EXP 	slider: markerPos = 5.900000020861626
32.9330 	EXP 	slider: markerPos = 5.900000020861626
32.9461 	EXP 	slider: markerPos = 5.900000020861626
32.9477 	DATA 	Mouse:  Left button up, pos=(1176,221)
32.9593 	EXP 	slider: markerPos = 6.0
32.9617 	EXP 	New trial (rep=1, index=0): None
32.9663 	EXP 	prankText: autoDraw = False
32.9663 	EXP 	promptText: autoDraw = False
32.9663 	EXP 	hiddenobserver: autoDraw = False
32.9663 	EXP 	slider: autoDraw = False
32.9663 	EXP 	PrimerText: text = "You're nothing"
32.9663 	EXP 	PrimerText: autoDraw = True
32.9842 	EXP 	PrimerText: autoDraw = False
32.9842 	EXP 	PrimerText: autoDraw = False
32.9842 	EXP 	slider: markerPos = None
32.9842 	EXP 	slider: markerPos = None
32.9842 	EXP 	prankText: autoDraw = True
32.9842 	EXP 	promptText: autoDraw = True
32.9842 	EXP 	hiddenobserver: autoDraw = True
32.9842 	EXP 	slider: autoDraw = True
33.2403 	DATA 	Mouse: Left button down, pos=(1176,221)
33.2566 	EXP 	slider: markerPos = 5.900000020861626
33.2697 	EXP 	slider: markerPos = 5.900000020861626
33.2830 	EXP 	slider: markerPos = 5.900000020861626
33.2960 	EXP 	slider: markerPos = 5.900000020861626
33.2976 	DATA 	Mouse:  Left button up, pos=(1176,221)
33.3091 	EXP 	slider: markerPos = 6.0
33.3114 	EXP 	New trial (rep=2, index=0): None
33.3161 	EXP 	prankText: autoDraw = False
33.3161 	EXP 	promptText: autoDraw = False
33.3161 	EXP 	hiddenobserver: autoDraw = False
33.3161 	EXP 	slider: autoDraw = False
33.3161 	EXP 	PrimerText: text = "You're nothing"
33.3161 	EXP 	PrimerText: autoDraw = True
33.3342 	EXP 	PrimerText: autoDraw = False
33.3342 	EXP 	PrimerText: autoDraw = False
33.3342 	EXP 	slider: markerPos = None
33.3342 	EXP 	slider: markerPos = None
33.3342 	EXP 	prankText: autoDraw = True
33.3342 	EXP 	promptText: autoDraw = True
33.3342 	EXP 	hiddenobserver: autoDraw = True
33.3342 	EXP 	slider: autoDraw = True
33.5912 	DATA 	Mouse: Left button down, pos=(1176,221)
33.6031 	EXP 	slider: markerPos = 5.900000020861626
33.6160 	EXP 	slider: markerPos = 5.900000020861626
33.6261 	DATA 	Mouse:  Left button up, pos=(1176,221)
33.6290 	EXP 	slider: markerPos = 5.900000020861626
33.6418 	EXP 	slider: markerPos = 6.0
33.6440 	EXP 	New trial (rep=3, index=0): None
33.6488 	EXP 	prankText: autoDraw = False
33.6488 	EXP 	promptText: autoDraw = False
33.6488 	EXP 	hiddenobserver: autoDraw = False
33.6488 	EXP 	slider: autoDraw = False
33.6488 	EXP 	PrimerText: text = "You're nothing"
33.6488 	EXP 	PrimerText: autoDraw = True
33.6671 	EXP 	PrimerText: autoDraw = False
33.6671 	EXP 	PrimerText: autoDraw = False
33.6671 	EXP 	slider: markerPos = None
33.6671 	EXP 	slider: markerPos = None
33.6671 	EXP 	prankText: autoDraw = True
33.6671 	EXP 	promptText: autoDraw = True
33.6671 	EXP 	hiddenobserver: autoDraw = True
33.6671 	EXP 	slider: autoDraw = True
33.9303 	DATA 	Mouse: Left button down, pos=(1176,221)
33.9467 	EXP 	slider: markerPos = 5.900000020861626
33.9599 	EXP 	slider: markerPos = 5.900000020861626
33.9730 	EXP 	slider: markerPos = 5.900000020861626
33.9862 	EXP 	slider: markerPos = 5.900000020861626
33.9877 	DATA 	Mouse:  Left button up, pos=(1176,221)
33.9992 	EXP 	slider: markerPos = 6.0
34.0015 	EXP 	New trial (rep=4, index=0): None
34.0063 	EXP 	prankText: autoDraw = False
34.0063 	EXP 	promptText: autoDraw = False
34.0063 	EXP 	hiddenobserver: autoDraw = False
34.0063 	EXP 	slider: autoDraw = False
34.0063 	EXP 	PrimerText: text = "You're nothing"
34.0063 	EXP 	PrimerText: autoDraw = True
34.0253 	EXP 	PrimerText: autoDraw = False
34.0253 	EXP 	PrimerText: autoDraw = False
34.0253 	EXP 	slider: markerPos = None
34.0253 	EXP 	slider: markerPos = None
34.0253 	EXP 	prankText: autoDraw = True
34.0253 	EXP 	promptText: autoDraw = True
34.0253 	EXP 	hiddenobserver: autoDraw = True
34.0253 	EXP 	slider: autoDraw = True
34.2932 	DATA 	Mouse: Left button down, pos=(1176,221)
34.3051 	EXP 	slider: markerPos = 5.900000020861626
34.3184 	EXP 	slider: markerPos = 5.900000020861626
34.3318 	EXP 	slider: markerPos = 5.900000020861626
34.3419 	DATA 	Mouse:  Left button up, pos=(1176,221)
34.3448 	EXP 	slider: markerPos = 5.900000020861626
34.3577 	EXP 	slider: markerPos = 6.0
34.3599 	EXP 	New trial (rep=5, index=0): None
34.3645 	EXP 	prankText: autoDraw = False
34.3645 	EXP 	promptText: autoDraw = False
34.3645 	EXP 	hiddenobserver: autoDraw = False
34.3645 	EXP 	slider: autoDraw = False
34.3645 	EXP 	PrimerText: text = "You're nothing"
34.3645 	EXP 	PrimerText: autoDraw = True
34.3828 	EXP 	PrimerText: autoDraw = False
34.3828 	EXP 	PrimerText: autoDraw = False
34.3828 	EXP 	slider: markerPos = None
34.3828 	EXP 	slider: markerPos = None
34.3828 	EXP 	prankText: autoDraw = True
34.3828 	EXP 	promptText: autoDraw = True
34.3828 	EXP 	hiddenobserver: autoDraw = True
34.3828 	EXP 	slider: autoDraw = True
34.6380 	DATA 	Mouse: Left button down, pos=(1176,221)
34.6541 	EXP 	slider: markerPos = 5.900000020861626
34.6669 	EXP 	slider: markerPos = 5.900000020861626
34.6801 	EXP 	slider: markerPos = 5.900000020861626
34.6932 	EXP 	slider: markerPos = 5.900000020861626
34.6947 	DATA 	Mouse:  Left button up, pos=(1176,221)
34.7062 	EXP 	slider: markerPos = 6.0
34.7085 	EXP 	New trial (rep=3, index=0): None
34.7153 	EXP 	prankText: autoDraw = False
34.7153 	EXP 	promptText: autoDraw = False
34.7153 	EXP 	hiddenobserver: autoDraw = False
34.7153 	EXP 	slider: autoDraw = False
34.7153 	EXP 	text: height = 0.1
34.7153 	EXP 	text: height = 0.1
34.7153 	EXP 	text: height = 0.1
34.7153 	EXP 	text: text = 'Prank 4'
34.7153 	EXP 	text: autoDraw = True
36.7142 	EXP 	Created sequence: sequential, trialTypes=1, nReps=6, seed=None
36.7144 	EXP 	New trial (rep=0, index=0): None
36.7209 	EXP 	text: autoDraw = False
36.7209 	EXP 	PrimerText: text = "You're nothing"
36.7209 	EXP 	PrimerText: autoDraw = True
36.7477 	EXP 	PrimerText: autoDraw = False
36.7477 	EXP 	PrimerText: autoDraw = False
36.7477 	EXP 	slider: markerPos = None
36.7477 	EXP 	slider: markerPos = None
36.7477 	EXP 	prankText: autoDraw = True
36.7477 	EXP 	promptText: autoDraw = True
36.7477 	EXP 	hiddenobserver: autoDraw = True
36.7477 	EXP 	slider: autoDraw = True
37.7352 	DATA 	Mouse: Left button down, pos=(1336,229)
37.7523 	EXP 	slider: markerPos = 6.937036961317062
37.7657 	EXP 	slider: markerPos = 6.937036961317062
37.7789 	EXP 	slider: markerPos = 6.937036961317062
37.7920 	EXP 	slider: markerPos = 6.937036961317062
37.8021 	DATA 	Mouse:  Left button up, pos=(1336,229)
37.8050 	EXP 	slider: markerPos = 6.937036961317062
37.8179 	EXP 	slider: markerPos = 7.0
37.8202 	EXP 	New trial (rep=1, index=0): None
37.8248 	EXP 	prankText: autoDraw = False
37.8248 	EXP 	promptText: autoDraw = False
37.8248 	EXP 	hiddenobserver: autoDraw = False
37.8248 	EXP 	slider: autoDraw = False
37.8248 	EXP 	PrimerText: text = "You're nothing"
37.8248 	EXP 	PrimerText: autoDraw = True
37.8434 	EXP 	PrimerText: autoDraw = False
37.8434 	EXP 	PrimerText: autoDraw = False
37.8434 	EXP 	slider: markerPos = None
37.8434 	EXP 	slider: markerPos = None
37.8434 	EXP 	prankText: autoDraw = True
37.8434 	EXP 	promptText: autoDraw = True
37.8434 	EXP 	hiddenobserver: autoDraw = True
37.8434 	EXP 	slider: autoDraw = True
38.0878 	DATA 	Mouse: Left button down, pos=(1336,229)
38.1042 	EXP 	slider: markerPos = 6.937036961317062
38.1171 	EXP 	slider: markerPos = 6.937036961317062
38.1303 	EXP 	slider: markerPos = 6.937036961317062
38.1405 	DATA 	Mouse:  Left button up, pos=(1336,229)
38.1434 	EXP 	slider: markerPos = 6.937036961317062
38.1563 	EXP 	slider: markerPos = 7.0
38.1585 	EXP 	New trial (rep=2, index=0): None
38.1633 	EXP 	prankText: autoDraw = False
38.1633 	EXP 	promptText: autoDraw = False
38.1633 	EXP 	hiddenobserver: autoDraw = False
38.1633 	EXP 	slider: autoDraw = False
38.1633 	EXP 	PrimerText: text = "You're nothing"
38.1633 	EXP 	PrimerText: autoDraw = True
38.1818 	EXP 	PrimerText: autoDraw = False
38.1818 	EXP 	PrimerText: autoDraw = False
38.1818 	EXP 	slider: markerPos = None
38.1818 	EXP 	slider: markerPos = None
38.1818 	EXP 	prankText: autoDraw = True
38.1818 	EXP 	promptText: autoDraw = True
38.1818 	EXP 	hiddenobserver: autoDraw = True
38.1818 	EXP 	slider: autoDraw = True
38.4679 	DATA 	Mouse: Left button down, pos=(1336,229)
38.4842 	EXP 	slider: markerPos = 6.937036961317062
38.4971 	EXP 	slider: markerPos = 6.937036961317062
38.5103 	EXP 	slider: markerPos = 6.937036961317062
38.5204 	DATA 	Mouse:  Left button up, pos=(1336,229)
38.5233 	EXP 	slider: markerPos = 6.937036961317062
38.5361 	EXP 	slider: markerPos = 7.0
38.5384 	EXP 	New trial (rep=3, index=0): None
38.5431 	EXP 	prankText: autoDraw = False
38.5431 	EXP 	promptText: autoDraw = False
38.5431 	EXP 	hiddenobserver: autoDraw = False
38.5431 	EXP 	slider: autoDraw = False
38.5431 	EXP 	PrimerText: text = "You're nothing"
38.5431 	EXP 	PrimerText: autoDraw = True
38.5615 	EXP 	PrimerText: autoDraw = False
38.5615 	EXP 	PrimerText: autoDraw = False
38.5615 	EXP 	slider: markerPos = None
38.5615 	EXP 	slider: markerPos = None
38.5615 	EXP 	prankText: autoDraw = True
38.5615 	EXP 	promptText: autoDraw = True
38.5615 	EXP 	hiddenobserver: autoDraw = True
38.5615 	EXP 	slider: autoDraw = True
38.8204 	DATA 	Mouse: Left button down, pos=(1336,229)
38.8324 	EXP 	slider: markerPos = 6.937036961317062
38.8456 	EXP 	slider: markerPos = 6.937036961317062
38.8587 	EXP 	slider: markerPos = 6.937036961317062
38.8690 	DATA 	Mouse:  Left button up, pos=(1336,229)
38.8718 	EXP 	slider: markerPos = 6.937036961317062
38.8848 	EXP 	slider: markerPos = 7.0
38.8871 	EXP 	New trial (rep=4, index=0): None
38.8918 	EXP 	prankText: autoDraw = False
38.8918 	EXP 	promptText: autoDraw = False
38.8918 	EXP 	hiddenobserver: autoDraw = False
38.8918 	EXP 	slider: autoDraw = False
38.8918 	EXP 	PrimerText: text = "You're nothing"
38.8918 	EXP 	PrimerText: autoDraw = True
38.9104 	EXP 	PrimerText: autoDraw = False
38.9104 	EXP 	PrimerText: autoDraw = False
38.9104 	EXP 	slider: markerPos = None
38.9104 	EXP 	slider: markerPos = None
38.9104 	EXP 	prankText: autoDraw = True
38.9104 	EXP 	promptText: autoDraw = True
38.9104 	EXP 	hiddenobserver: autoDraw = True
38.9104 	EXP 	slider: autoDraw = True
39.1684 	DATA 	Mouse: Left button down, pos=(1336,229)
39.1805 	EXP 	slider: markerPos = 6.937036961317062
39.1933 	EXP 	slider: markerPos = 6.937036961317062
39.2065 	EXP 	slider: markerPos = 6.937036961317062
39.2197 	EXP 	slider: markerPos = 6.937036961317062
39.2298 	DATA 	Mouse:  Left button up, pos=(1336,229)
39.2327 	EXP 	slider: markerPos = 6.937036961317062
39.2456 	EXP 	slider: markerPos = 7.0
39.2479 	EXP 	New trial (rep=5, index=0): None
39.2526 	EXP 	prankText: autoDraw = False
39.2526 	EXP 	promptText: autoDraw = False
39.2526 	EXP 	hiddenobserver: autoDraw = False
39.2526 	EXP 	slider: autoDraw = False
39.2526 	EXP 	PrimerText: text = "You're nothing"
39.2526 	EXP 	PrimerText: autoDraw = True
39.2708 	EXP 	PrimerText: autoDraw = False
39.2708 	EXP 	PrimerText: autoDraw = False
39.2708 	EXP 	slider: markerPos = None
39.2708 	EXP 	slider: markerPos = None
39.2708 	EXP 	prankText: autoDraw = True
39.2708 	EXP 	promptText: autoDraw = True
39.2708 	EXP 	hiddenobserver: autoDraw = True
39.2708 	EXP 	slider: autoDraw = True
39.5686 	DATA 	Mouse: Left button down, pos=(1336,229)
39.5850 	EXP 	slider: markerPos = 6.937036961317062
39.5979 	EXP 	slider: markerPos = 6.937036961317062
39.6112 	EXP 	slider: markerPos = 6.937036961317062
39.6243 	EXP 	slider: markerPos = 6.937036961317062
39.6258 	DATA 	Mouse:  Left button up, pos=(1336,229)
39.6374 	EXP 	slider: markerPos = 7.0
39.6398 	EXP 	New trial (rep=4, index=0): None
39.6458 	EXP 	prankText: autoDraw = False
39.6458 	EXP 	promptText: autoDraw = False
39.6458 	EXP 	hiddenobserver: autoDraw = False
39.6458 	EXP 	slider: autoDraw = False
39.6458 	EXP 	text: height = 0.1
39.6458 	EXP 	text: height = 0.1
39.6458 	EXP 	text: height = 0.1
39.6458 	EXP 	text: text = 'Prank 5'
39.6458 	EXP 	text: autoDraw = True
41.6428 	EXP 	Created sequence: sequential, trialTypes=1, nReps=6, seed=None
41.6429 	EXP 	New trial (rep=0, index=0): None
41.6496 	EXP 	text: autoDraw = False
41.6496 	EXP 	PrimerText: text = "You're nothing"
41.6496 	EXP 	PrimerText: autoDraw = True
41.6775 	EXP 	PrimerText: autoDraw = False
41.6775 	EXP 	PrimerText: autoDraw = False
41.6775 	EXP 	slider: markerPos = None
41.6775 	EXP 	slider: markerPos = None
41.6775 	EXP 	prankText: autoDraw = True
41.6775 	EXP 	promptText: autoDraw = True
41.6775 	EXP 	hiddenobserver: autoDraw = True
41.6775 	EXP 	slider: autoDraw = True
42.4621 	DATA 	Mouse: Left button down, pos=(1478,220)
42.4792 	EXP 	slider: markerPos = 7.857407450675964
42.4923 	EXP 	slider: markerPos = 7.857407450675964
42.5056 	EXP 	slider: markerPos = 7.857407450675964
42.5161 	DATA 	Mouse:  Left button up, pos=(1478,220)
42.5190 	EXP 	slider: markerPos = 7.857407450675964
42.5319 	EXP 	slider: markerPos = 8.0
42.5343 	EXP 	New trial (rep=1, index=0): None
42.5389 	EXP 	prankText: autoDraw = False
42.5389 	EXP 	promptText: autoDraw = False
42.5389 	EXP 	hiddenobserver: autoDraw = False
42.5389 	EXP 	slider: autoDraw = False
42.5389 	EXP 	PrimerText: text = "You're nothing"
42.5389 	EXP 	PrimerText: autoDraw = True
42.5579 	EXP 	PrimerText: autoDraw = False
42.5579 	EXP 	PrimerText: autoDraw = False
42.5579 	EXP 	slider: markerPos = None
42.5579 	EXP 	slider: markerPos = None
42.5579 	EXP 	prankText: autoDraw = True
42.5579 	EXP 	promptText: autoDraw = True
42.5579 	EXP 	hiddenobserver: autoDraw = True
42.5579 	EXP 	slider: autoDraw = True
42.7915 	DATA 	Mouse: Left button down, pos=(1478,220)
42.8078 	EXP 	slider: markerPos = 7.857407450675964
42.8213 	EXP 	slider: markerPos = 7.857407450675964
42.8352 	EXP 	slider: markerPos = 7.857407450675964
42.8485 	EXP 	slider: markerPos = 7.857407450675964
42.8587 	DATA 	Mouse:  Left button up, pos=(1478,220)
42.8616 	EXP 	slider: markerPos = 7.857407450675964
42.8746 	EXP 	slider: markerPos = 8.0
42.8770 	EXP 	New trial (rep=2, index=0): None
42.8815 	EXP 	prankText: autoDraw = False
42.8815 	EXP 	promptText: autoDraw = False
42.8815 	EXP 	hiddenobserver: autoDraw = False
42.8815 	EXP 	slider: autoDraw = False
42.8815 	EXP 	PrimerText: text = "You're nothing"
42.8815 	EXP 	PrimerText: autoDraw = True
42.8998 	EXP 	PrimerText: autoDraw = False
42.8998 	EXP 	PrimerText: autoDraw = False
42.8998 	EXP 	slider: markerPos = None
42.8998 	EXP 	slider: markerPos = None
42.8998 	EXP 	prankText: autoDraw = True
42.8998 	EXP 	promptText: autoDraw = True
42.8998 	EXP 	hiddenobserver: autoDraw = True
42.8998 	EXP 	slider: autoDraw = True
43.1374 	DATA 	Mouse: Left button down, pos=(1478,220)
43.1496 	EXP 	slider: markerPos = 7.857407450675964
43.1630 	EXP 	slider: markerPos = 7.857407450675964
43.1763 	EXP 	slider: markerPos = 7.857407450675964
43.1865 	DATA 	Mouse:  Left button up, pos=(1478,220)
43.1893 	EXP 	slider: markerPos = 7.857407450675964
43.2022 	EXP 	slider: markerPos = 8.0
43.2045 	EXP 	New trial (rep=3, index=0): None
43.2091 	EXP 	prankText: autoDraw = False
43.2091 	EXP 	promptText: autoDraw = False
43.2091 	EXP 	hiddenobserver: autoDraw = False
43.2091 	EXP 	slider: autoDraw = False
43.2091 	EXP 	PrimerText: text = "You're nothing"
43.2091 	EXP 	PrimerText: autoDraw = True
43.2274 	EXP 	PrimerText: autoDraw = False
43.2274 	EXP 	PrimerText: autoDraw = False
43.2274 	EXP 	slider: markerPos = None
43.2274 	EXP 	slider: markerPos = None
43.2274 	EXP 	prankText: autoDraw = True
43.2274 	EXP 	promptText: autoDraw = True
43.2274 	EXP 	hiddenobserver: autoDraw = True
43.2274 	EXP 	slider: autoDraw = True
43.4808 	DATA 	Mouse: Left button down, pos=(1478,220)
43.4975 	EXP 	slider: markerPos = 7.857407450675964
43.5105 	EXP 	slider: markerPos = 7.857407450675964
43.5236 	EXP 	slider: markerPos = 7.857407450675964
43.5337 	DATA 	Mouse:  Left button up, pos=(1478,220)
43.5367 	EXP 	slider: markerPos = 7.857407450675964
43.5495 	EXP 	slider: markerPos = 8.0
43.5518 	EXP 	New trial (rep=4, index=0): None
43.5568 	EXP 	prankText: autoDraw = False
43.5568 	EXP 	promptText: autoDraw = False
43.5568 	EXP 	hiddenobserver: autoDraw = False
43.5568 	EXP 	slider: autoDraw = False
43.5568 	EXP 	PrimerText: text = "You're nothing"
43.5568 	EXP 	PrimerText: autoDraw = True
43.5759 	EXP 	PrimerText: autoDraw = False
43.5759 	EXP 	PrimerText: autoDraw = False
43.5759 	EXP 	slider: markerPos = None
43.5759 	EXP 	slider: markerPos = None
43.5759 	EXP 	prankText: autoDraw = True
43.5759 	EXP 	promptText: autoDraw = True
43.5759 	EXP 	hiddenobserver: autoDraw = True
43.5759 	EXP 	slider: autoDraw = True
43.9366 	DATA 	Mouse: Left button down, pos=(1478,220)
43.9529 	EXP 	slider: markerPos = 7.857407450675964
43.9661 	EXP 	slider: markerPos = 7.857407450675964
43.9792 	EXP 	slider: markerPos = 7.857407450675964
43.9923 	EXP 	slider: markerPos = 7.857407450675964
44.0054 	EXP 	slider: markerPos = 7.857407450675964
44.0186 	EXP 	slider: markerPos = 7.857407450675964
44.0318 	EXP 	slider: markerPos = 7.857407450675964
44.0332 	DATA 	Mouse:  Left button up, pos=(1478,220)
44.0448 	EXP 	slider: markerPos = 8.0
44.0471 	EXP 	New trial (rep=5, index=0): None
44.0518 	EXP 	prankText: autoDraw = False
44.0518 	EXP 	promptText: autoDraw = False
44.0518 	EXP 	hiddenobserver: autoDraw = False
44.0518 	EXP 	slider: autoDraw = False
44.0518 	EXP 	PrimerText: text = "You're nothing"
44.0518 	EXP 	PrimerText: autoDraw = True
44.0700 	EXP 	PrimerText: autoDraw = False
44.0700 	EXP 	PrimerText: autoDraw = False
44.0700 	EXP 	slider: markerPos = None
44.0700 	EXP 	slider: markerPos = None
44.0700 	EXP 	prankText: autoDraw = True
44.0700 	EXP 	promptText: autoDraw = True
44.0700 	EXP 	hiddenobserver: autoDraw = True
44.0700 	EXP 	slider: autoDraw = True
44.3931 	DATA 	Mouse: Left button down, pos=(1478,220)
44.4051 	EXP 	slider: markerPos = 7.857407450675964
44.4182 	EXP 	slider: markerPos = 7.857407450675964
44.4315 	EXP 	slider: markerPos = 7.857407450675964
44.4446 	EXP 	slider: markerPos = 7.857407450675964
44.4460 	DATA 	Mouse:  Left button up, pos=(1478,220)
44.4576 	EXP 	slider: markerPos = 8.0
44.7175 	EXP 	prankText: autoDraw = False
44.7175 	EXP 	promptText: autoDraw = False
44.7175 	EXP 	hiddenobserver: autoDraw = False
44.7175 	EXP 	slider: autoDraw = False
44.7175 	EXP 	respectform: autoDraw = True
56.3742 	DATA 	Mouse: Left button down, pos=(1254,413)
56.4333 	DATA 	Mouse:  Left button up, pos=(1254,413)
57.2390 	DATA 	Mouse: Left button down, pos=(1188,409)
57.4094 	DATA 	Mouse:  Left button up, pos=(1188,409)
58.4445 	DATA 	Mouse: wheel shift=(0,-5), pos=(1216,393)
59.9008 	DATA 	Mouse: Left button down, pos=(1353,698)
60.0832 	DATA 	Mouse:  Left button up, pos=(1353,698)
62.2675 	DATA 	Mouse: Left button down, pos=(1355,703)
62.5394 	DATA 	Mouse:  Left button up, pos=(1355,703)
62.6278 	DATA 	Mouse: Left button down, pos=(1355,703)
62.8092 	DATA 	Mouse:  Left button up, pos=(1355,703)
63.8964 	DATA 	Mouse: Left button down, pos=(1180,385)
63.9249 	DATA 	Mouse:  Left button up, pos=(1180,385)
64.0145 	DATA 	Mouse: Left button down, pos=(1180,385)
64.1662 	DATA 	Mouse:  Left button up, pos=(1180,385)
64.7458 	DATA 	Mouse: wheel shift=(0,-1), pos=(1337,378)
64.8353 	DATA 	Mouse: wheel shift=(0,-1), pos=(1337,378)
64.9878 	DATA 	Mouse: wheel shift=(0,-2), pos=(1337,378)
65.8024 	DATA 	Mouse: wheel shift=(0,-1), pos=(1337,378)
65.8294 	DATA 	Mouse: wheel shift=(0,-1), pos=(1337,378)
65.9488 	DATA 	Mouse: wheel shift=(0,-1), pos=(1337,378)
66.0841 	DATA 	Mouse: wheel shift=(0,-2), pos=(1337,378)
66.6538 	DATA 	Mouse: wheel shift=(0,-1), pos=(1337,378)
66.6784 	DATA 	Mouse: wheel shift=(0,-1), pos=(1337,378)
66.7083 	DATA 	Mouse: wheel shift=(0,-1), pos=(1337,378)
66.7687 	DATA 	Mouse: wheel shift=(0,-1), pos=(1337,378)
66.7982 	DATA 	Mouse: wheel shift=(0,-1), pos=(1337,378)
67.5063 	DATA 	Mouse: wheel shift=(0,-1), pos=(1337,378)
67.6379 	DATA 	Mouse: wheel shift=(0,-1), pos=(1337,377)
67.6675 	DATA 	Mouse: wheel shift=(0,-2), pos=(1337,377)
67.6973 	DATA 	Mouse: wheel shift=(0,-1), pos=(1337,377)
67.7976 	DATA 	Mouse: wheel shift=(0,-1), pos=(1337,377)
69.2162 	DATA 	Mouse: Left button down, pos=(1761,69)
69.3467 	DATA 	Mouse:  Left button up, pos=(1761,69)
69.3537 	EXP 	respectform: autoDraw = False
69.3537 	EXP 	angerform: autoDraw = True
70.0952 	DATA 	Mouse: wheel shift=(0,-3), pos=(1210,416)
70.1198 	DATA 	Mouse: wheel shift=(0,-1), pos=(1210,416)
70.1509 	DATA 	Mouse: wheel shift=(0,-1), pos=(1213,415)
71.2589 	DATA 	Mouse: Left button down, pos=(1099,685)
71.2779 	DATA 	Mouse:  Left button up, pos=(1099,685)
72.5433 	DATA 	Mouse: Left button down, pos=(1355,370)
72.6722 	DATA 	Mouse:  Left button up, pos=(1355,370)
73.0589 	DATA 	Mouse: wheel shift=(0,-1), pos=(1611,219)
73.0939 	DATA 	Mouse: wheel shift=(0,-1), pos=(1443,313)
73.1102 	DATA 	Mouse: wheel shift=(0,-1), pos=(1404,330)
73.1884 	DATA 	Mouse: wheel shift=(0,-4), pos=(1328,359)
73.2211 	DATA 	Mouse: wheel shift=(0,-1), pos=(1257,386)
73.2366 	DATA 	Mouse: wheel shift=(0,-1), pos=(1257,386)
73.5019 	DATA 	Mouse: wheel shift=(0,-1), pos=(1280,384)
73.5177 	DATA 	Mouse: wheel shift=(0,-1), pos=(1280,384)
73.5333 	DATA 	Mouse: wheel shift=(0,-1), pos=(1280,384)
73.5873 	DATA 	Mouse: wheel shift=(0,-4), pos=(1280,384)
73.6122 	DATA 	Mouse: wheel shift=(0,-1), pos=(1285,384)
73.8291 	DATA 	Mouse: wheel shift=(0,-1), pos=(1294,387)
73.8634 	DATA 	Mouse: wheel shift=(0,-3), pos=(1294,387)
73.8969 	DATA 	Mouse: wheel shift=(0,-3), pos=(1294,387)
73.9124 	DATA 	Mouse: wheel shift=(0,-1), pos=(1295,387)
74.1719 	DATA 	Mouse: wheel shift=(0,-4), pos=(1302,390)
74.1875 	DATA 	Mouse: wheel shift=(0,-1), pos=(1302,390)
74.2029 	DATA 	Mouse: wheel shift=(0,-2), pos=(1302,390)
74.2340 	DATA 	Mouse: wheel shift=(0,-1), pos=(1302,390)
74.4657 	DATA 	Mouse: wheel shift=(0,-2), pos=(1302,390)
74.4812 	DATA 	Mouse: wheel shift=(0,-1), pos=(1302,390)
74.4967 	DATA 	Mouse: wheel shift=(0,-2), pos=(1302,390)
74.5124 	DATA 	Mouse: wheel shift=(0,-2), pos=(1302,390)
74.5281 	DATA 	Mouse: wheel shift=(0,-1), pos=(1302,390)
74.5962 	DATA 	Mouse: wheel shift=(0,-1), pos=(1303,390)
74.7678 	DATA 	Mouse: wheel shift=(0,-1), pos=(1307,389)
74.7836 	DATA 	Mouse: wheel shift=(0,-2), pos=(1307,388)
74.7902 	DATA 	Mouse: wheel shift=(0,-1), pos=(1309,386)
74.8640 	DATA 	Mouse: wheel shift=(0,-3), pos=(1311,385)
75.5010 	DATA 	Mouse: Left button down, pos=(1824,75)
75.5547 	DATA 	Mouse:  Left button up, pos=(1824,75)
76.3129 	DATA 	Mouse: Left button down, pos=(1812,63)
76.3909 	EXP 	angerform: autoDraw = False
76.3909 	EXP 	demoForm: autoDraw = True
76.3915 	DATA 	Mouse:  Left button up, pos=(1812,63)
81.5014 	DATA 	Mouse: Left button down, pos=(1783,69)
81.5284 	EXP 	demoForm: autoDraw = False
81.5284 	EXP 	text_2: autoDraw = True
81.5749 	DATA 	Mouse:  Left button up, pos=(1783,69)
83.1086 	EXP 	text_2: autoDraw = False
83.1086 	EXP 	text_2: autoDraw = False
83.1086 	EXP 	feedbackform: autoDraw = True
84.1511 	DATA 	Mouse: Left button down, pos=(1810,46)
84.1512 	DATA 	Mouse:  Left button up, pos=(1810,46)
84.6756 	DATA 	Mouse: Left button down, pos=(1812,64)
84.7117 	DATA 	Mouse:  Left button up, pos=(1812,64)
84.7150 	EXP 	feedbackform: autoDraw = False
84.7150 	EXP 	debriefform: autoDraw = True
86.0333 	DATA 	Mouse: wheel shift=(0,-1), pos=(1335,232)
86.0657 	DATA 	Mouse: wheel shift=(0,-2), pos=(1219,263)
86.0975 	DATA 	Mouse: wheel shift=(0,-3), pos=(1159,275)
86.1289 	DATA 	Mouse: wheel shift=(0,-2), pos=(1147,277)
86.3743 	DATA 	Mouse: wheel shift=(0,-5), pos=(1179,266)
86.3783 	DATA 	Mouse: wheel shift=(0,-1), pos=(1179,266)
86.4071 	DATA 	Mouse: wheel shift=(0,-4), pos=(1179,266)
86.4423 	DATA 	Mouse: wheel shift=(0,-1), pos=(1180,267)
86.6155 	DATA 	Mouse: wheel shift=(0,-1), pos=(1181,267)
86.6420 	DATA 	Mouse: wheel shift=(0,-3), pos=(1181,267)
86.6451 	DATA 	Mouse: wheel shift=(0,-1), pos=(1181,267)
86.6533 	DATA 	Mouse: wheel shift=(0,-2), pos=(1181,267)
86.6791 	DATA 	Mouse: wheel shift=(0,-2), pos=(1180,267)
86.8707 	DATA 	Mouse: wheel shift=(0,-1), pos=(1177,263)
86.8957 	DATA 	Mouse: wheel shift=(0,-2), pos=(1176,263)
86.8989 	DATA 	Mouse: wheel shift=(0,-1), pos=(1170,259)
86.9067 	DATA 	Mouse: wheel shift=(0,-1), pos=(1169,258)
86.9317 	DATA 	Mouse: wheel shift=(0,-4), pos=(1166,257)
88.0292 	DATA 	Mouse: Left button down, pos=(562,254)
88.0858 	DATA 	Mouse:  Left button up, pos=(562,253)
88.9807 	DATA 	Mouse: Left button down, pos=(1860,77)
89.0128 	EXP 	debriefform: autoDraw = False
89.0805 	EXP 	window1: mouseVisible = True
