1.1849 	WARNING 	We strongly recommend you activate the PTB sound engine in PsychoPy prefs as the preferred audio engine. Its timing is vastly superior. Your prefs are currently set to use ['sounddevice', 'PTB', 'pyo', 'pygame'] (in that order).
4.4765 	WARNING 	User requested fullscreen with size [1024  768], but screen is actually [1920, 1080]. Using actual size
4.8691 	EXP 	Created window1 = Window(allowGUI=False, allowStencil=False, autoLog=True, backendConf=UNKNOWN, bitsMode=UNKNOWN, blendMode='avg', bpc=(8, 8, 8), color=array([0, 0, 0]), colorSpace='rgb', depthBits=8, fullscr=<method-wrapper '__getattribute__' of attributeSetter object at 0x000001A43B4D5040>, gamma=None, gammaErrorPolicy='raise', lms=UNKNOWN, monitor=<psychopy.monitors.calibTools.Monitor object at 0x000001A43B2477F0>, multiSample=False, name='window1', numSamples=2, pos=(0, 0), screen=0, size=array([1920, 1080]), stencilBits=0, stereo=False, units='height', useFBO=True, useRetina=False, viewOri=0.0, viewPos=None, viewScale=None, waitBlanking=True, winType='pyglet')
4.8695 	EXP 	window1: mouseVisible = True
4.8695 	EXP 	window1: Attempting to measure frame rate of screen (0) ...
4.8695 	EXP 	window1: recordFrameIntervals = False
4.9382 	EXP 	window1: recordFrameIntervals = True
5.0147 	EXP 	Screen (0) actual frame rate measured at 143.44Hz
5.0147 	EXP 	window1: recordFrameIntervals = False
6.5557 	EXP 	window1: mouseVisible = True
6.5600 	EXP 	Imported informationletter.csv as conditions, 12 conditions, 13 params
6.5606 	EXP 	Question text: Information Letter
6.5880 	EXP 	Question text: Project Title: It's All Fun and Pranks
6.6201 	EXP 	Question text: Faculty Investigator: Dr. Chris Burris, Psychology (St. Jerome's). 519-884-8111x28213 (cburris@uwaterloo.ca)
6.6609 	EXP 	Question text: Student Investigator: Maya Karmakar-Johnson, Psychology (mkarmaka@uwaterloo.ca)
6.6681 	EXP 	Question text: This online research is being conducted as part of the Student Investigator's undergraduate honours thesis. It focuses on how people react to pranking behaviour and factors that affect those reactions.
6.6781 	EXP 	Question text: In this study, you will be asked first to read several short accounts of actual pranks and then react to each (for example, how funny you did – or didn't – find that prank to be). You will then be asked to complete two short measures concerning your responses to how other people interact with you – specifically, how important feeling respected and dealing with anger are for you. Finally, we'll ask you to complete a brief demographic questionnaire that asks basic questions such as your age and gender (so that we can accurately summarize the study sample's characteristics in any future reports). After that, you'll be able to learn more about the study's purpose.
6.7005 	EXP 	Question text: We expect this study to take no more than 30 minutes of your time. Participation is voluntary. Although no direct benefits to you are anticipated, we hope that you will learn more about the variety of research methods that are employed to test psychological hypotheses. In appreciation for your participation, you will receive 0.5 participation credits toward your applicable Psychology class.
6.7158 	EXP 	Question text: The risks associated with participation in the study are expected to be no greater than what you might experience in your day-to-day life. Indeed, reacting to others' embarrassing or awkward experiences, as well as how we deal with how people treat us, are common experiences for many. Having said that, you may choose not to complete any proportion of the study but will still receive your 0.5 participation credit. If you do choose to withdraw from the study before reaching the end, we would ask that you please skip to the end to read the feedback letter. Once you have submitted your responses it is not possible to withdraw your consent to participate, however, as we have no way of knowing which responses are yours.
6.7375 	EXP 	Question text: You will be completing the study by an online survey operated by Qualtrics. Qualtrics has implemented technical, administrative, and physical safeguards to protect the information provided via the Services from loss, misuse, and unauthorized access, disclosure, alteration, or destruction. However, no Internet transmission is ever fully secure or error free. University of Waterloo researchers will not collect or use internet protocol (IP) addresses or other information which could link your participation to your computer or electronic device without first informing you.
6.7564 	EXP 	Question text: Your identity will be confidential: your questionnaire responses will be identified by a code. You will not be identified by name in any report, publication, or presentation resulting from this study. If you choose to participate your data will be stored for at least 5 years on the password-protected computer on the Faculty Investigator.
6.7661 	EXP 	Question text: If you have any questions about the study, either before or after participating, please feel free to contact the Faculty Investigator as shown above.
6.7717 	EXP 	Question text: This study has been reviewed and received ethics clearance through a University of Waterloo Research Ethics Board (REB# 44380). If you have questions for the Board, contact the Office of Research Ethics, at 1-519-888-4567 ext. 36005 or reb@uwaterloo.ca
6.7966 	EXP 	window1: mouseVisible = True
6.8471 	EXP 	Created infoletter = <psychopy.visual.form.Form object at 0x000001A43D3D7130>
6.8506 	EXP 	window1: mouseVisible = True
6.8539 	EXP 	Imported consentform.csv as conditions, 8 conditions, 13 params
6.8545 	EXP 	Question text: Consent for Participation
6.8693 	EXP 	Question text: By consenting to participate, you are not waiving your legal rights or releasing the investigator(s) or involved institution(s) from their legal and professional responsibilities.
6.8756 	EXP 	Question text: I have read the information presented in the information letter about a study being conducted under the supervision of Chris Burris, Department of Psychology, St. Jerome's University (cburris@uwaterloo.ca). I have made this decision based on the information provided. I have had the opportunity to ask any questions related to this study, to receive satisfactory answers to my questions, and any additional details I wanted.
6.8871 	EXP 	Question text: As a participant in this online study, I am aware that my identity will remain confidential.
6.8905 	EXP 	Question text: I am aware that I may withdraw from participating before reaching the end of the study without penalty.
6.8940 	EXP 	Question text: This study has been reviewed and received ethics clearance through a University of Waterloo Research Ethics Committee (REB# 44380). If you have questions for the Committee, contact the Office of Research Ethics at 1-519-888-4567 ext. 36005 or ore-ceo@uwaterloo.ca
6.9025 	EXP 	Question text: If you have any questions about the study, either before or after participating, please feel free to contact the Faculty Investigator.
6.9064 	EXP 	Question text: I agree to participate in this study:
6.9100 	EXP 	window1: mouseVisible = True
6.9317 	EXP 	window1: mouseVisible = True
6.9560 	EXP 	Created consentform = <psychopy.visual.form.Form object at 0x000001A43AF9E430>
6.9593 	EXP 	window1: mouseVisible = True
6.9624 	EXP 	Imported HO.csv as conditions, 3 conditions, 13 params
6.9629 	EXP 	Question text: Instructions
6.9680 	EXP 	Question text: Imagine that there exists a part deep within you that you could call the "hidden observer." This part of you knows every detail of all behaviour and thought processes that go on within you and is aware of the deepest intimate information about yourself. However, it cannot be asked to talk about this intimate information unless it is allowed by you to do so.
6.9796 	EXP 	Question text: Five brief descriptions of prank experiences from the target's perspective (taken from the website fmylife.com) appear below. Please read each one and - from the perspective of your "hidden observer" - rate your reactions to it.
6.9876 	EXP 	window1: mouseVisible = True
7.0022 	EXP 	Created instructionsform = <psychopy.visual.form.Form object at 0x000001A43AECF7F0>
7.0149 	EXP 	Created prankNumberText = TextStim(__class__=<class 'psychopy.visual.text.TextStim'>, alignHoriz=method-wrapper(...), alignText='center', alignVert=method-wrapper(...), anchorHoriz='center', anchorVert='center', antialias=True, autoDraw=False, autoLog=True, bold=False, color=array([1., 1., 1.]), colorSpace='rgb', contrast=1.0, depth=0.0, flipHoriz=False, flipVert=False, font='Open Sans', fontFiles=[], height=0.1, italic=False, languageStyle='LTR', name='prankNumberText', opacity=1.0, ori=0.0, pos=array([0., 0.]), rgb=UNKNOWN, text='', units='height', win=Window(...), wrapWidth=1)
7.0160 	EXP 	Created prankText = TextStim(__class__=<class 'psychopy.visual.text.TextStim'>, alignHoriz=method-wrapper(...), alignText='center', alignVert=method-wrapper(...), anchorHoriz='center', anchorVert='center', antialias=True, autoDraw=False, autoLog=True, bold=False, color=array([1., 1., 1.]), colorSpace='rgb', contrast=1.0, depth=0.0, flipHoriz=False, flipVert=False, font='Open Sans', fontFiles=[], height=0.04, italic=False, languageStyle='LTR', name='prankText', opacity=1.0, ori=0.0, pos=array([0. , 0.2]), rgb=UNKNOWN, text='', units='height', win=Window(...), wrapWidth=1)
7.0170 	EXP 	Created promptText = TextStim(__class__=<class 'psychopy.visual.text.TextStim'>, alignHoriz=method-wrapper(...), alignText='center', alignVert=method-wrapper(...), anchorHoriz='center', anchorVert='center', antialias=True, autoDraw=False, autoLog=True, bold=False, color=array([1., 1., 1.]), colorSpace='rgb', contrast=1.0, depth=-1.0, flipHoriz=False, flipVert=False, font='Open Sans', fontFiles=[], height=0.03, italic=False, languageStyle='LTR', name='promptText', opacity=1.0, ori=0.0, pos=array([ 0.  , -0.11]), rgb=UNKNOWN, text='', units='height', win=Window(...), wrapWidth=1)
7.0491 	EXP 	Created hiddenobserver = TextStim(__class__=<class 'psychopy.visual.text.TextStim'>, alignHoriz=method-wrapper(...), alignText='center', alignVert=method-wrapper(...), anchorHoriz='center', anchorVert='center', antialias=True, autoDraw=False, autoLog=True, bold=False, color=array([1., 1., 1.]), colorSpace='rgb', contrast=1.0, depth=-2.0, flipHoriz=False, flipVert=False, font='Open Sans', fontFiles=[], height=0.03, italic=False, languageStyle='LTR', name='hiddenobserver', opacity=1.0, ori=0.0, pos=array([ 0.  , -0.05]), rgb=UNKNOWN, text='My "hidden observer" says that:', units='height', win=Window(...), wrapWidth=1)
7.0533 	EXP 	window1: mouseVisible = True
7.1424 	EXP 	Created slider = Slider(__class__=<class 'psychopy.visual.slider.Slider'>, autoDraw=False, autoLog=True, borderColor=None, color=None, colorSpace='rgb', depth=-3, fillColor=None, flip=True, font='Open Sans', granularity=1.0, labelColor=None, labelHeight=0.05, labelWrapWidth=None, labels=tuple(...), lineColor=None, markerColor=None, name='slider', opacity=None, ori=0.0, pos=array([ 0. , -0.3]), readOnly=False, self=UNKNOWN, size=array([1.  , 0.07]), startValue=None, style='rating', styleTweaks=[], ticks=array([1, 2, 3, 4, 5, 6, 7, 8]), units='height', win=Window(...))
7.1434 	EXP 	Created primertext = TextStim(__class__=<class 'psychopy.visual.text.TextStim'>, alignHoriz=method-wrapper(...), alignText='center', alignVert=method-wrapper(...), anchorHoriz='center', anchorVert='center', antialias=True, autoDraw=False, autoLog=True, bold=False, color=array([0.2098, 0.2098, 0.2059]), colorSpace='rgb', contrast=1.0, depth=-5.0, flipHoriz=False, flipVert=False, font='Open Sans', fontFiles=[], height=0.05, italic=False, languageStyle='LTR', name='primertext', opacity=1.0, ori=0.0, pos=array([0., 0.]), rgb=UNKNOWN, text='', units='height', win=Window(...), wrapWidth=1)
7.1468 	EXP 	Imported aboutrespect_part1.csv as conditions, 8 conditions, 13 params
7.1475 	EXP 	Question text: About Respect
7.1590 	EXP 	Question text: The following questions ask you about what you think other people are like and what you think about how they act.
7.1627 	EXP 	Question text: I feel disrespected when people don’t include me in the group.
7.1677 	EXP 	window1: mouseVisible = True
7.2128 	EXP 	Question text: It is important that people show that they respect you.
7.2165 	EXP 	window1: mouseVisible = True
7.2621 	EXP 	Question text: I feel disrespected when a group is making a decision and I don’t get to say what I think.
7.2661 	EXP 	window1: mouseVisible = True
7.3107 	EXP 	Question text: People want to make you feel like they are better than you.
7.3145 	EXP 	window1: mouseVisible = True
7.3596 	EXP 	Question text: I feel disrespected when people tease me.
7.3632 	EXP 	window1: mouseVisible = True
7.4080 	EXP 	Question text: It is important to let people know that they should respect you.
7.4118 	EXP 	window1: mouseVisible = True
7.4571 	EXP 	window1: mouseVisible = True
7.4991 	EXP 	Created respectform = <psychopy.visual.form.Form object at 0x000001A43ADFC100>
7.5025 	EXP 	window1: mouseVisible = True
7.5056 	EXP 	window1: mouseVisible = True
7.5093 	EXP 	Imported aboutanger - Sheet1.csv as conditions, 12 conditions, 13 params
7.5100 	EXP 	Question text: About Anger
7.5160 	EXP 	Question text: Please rate how often you do what is described in each item.
7.5190 	EXP 	Question text: When something makes me angry, I turn this matter over and over again in my mind.
7.5232 	EXP 	window1: mouseVisible = True
7.5475 	EXP 	Question text: I have long living fantasies of revenge after the conflict is over.
7.5513 	EXP 	window1: mouseVisible = True
7.5745 	EXP 	Question text: I ponder about the injustices that have been done to me.
7.5782 	EXP 	window1: mouseVisible = True
7.6016 	EXP 	Question text: I think about the reasons people treat me badly.
7.6052 	EXP 	window1: mouseVisible = True
7.6287 	EXP 	Question text: When someone makes me angry, I can't stop thinking about how to get back at this person.
7.6327 	EXP 	window1: mouseVisible = True
7.6565 	EXP 	Question text: I keep thinking about events that angered me for a long time.
7.6603 	EXP 	window1: mouseVisible = True
7.6835 	EXP 	Question text: Whenever I experience anger, I keep thinking about it for a while.
7.6872 	EXP 	window1: mouseVisible = True
7.7106 	EXP 	Question text: I re-enact the anger episode in my mind after it has happened.
7.7143 	EXP 	window1: mouseVisible = True
7.7373 	EXP 	Question text: I think about certain events from a long time ago and they still make me angry.
7.7412 	EXP 	window1: mouseVisible = True
7.7647 	EXP 	Question text: I have had times when I could not stop being preoccupied with a particular conflict.
7.7687 	EXP 	window1: mouseVisible = True
7.7922 	EXP 	window1: mouseVisible = True
7.8347 	EXP 	Created angerform = <psychopy.visual.form.Form object at 0x000001A43B448F40>
7.8387 	EXP 	Imported demographic.csv as conditions, 9 conditions, 13 params
7.8394 	EXP 	Question text: Background Information
7.8503 	EXP 	Question text: Please complete the following information so that we can summarize the background characteristics of this study’s participants as part of any subsequent research reports. Your identity is confidential. Remember that you may decline to answer any question by leaving it blank if you choose
7.8588 	EXP 	Question text: Your gender?
7.8641 	EXP 	window1: mouseVisible = True
7.8936 	EXP 	Question text: Gender (if other)
7.9011 	EXP 	Question text: Your Age
7.9043 	EXP 	window1: mouseVisible = True
7.9289 	EXP 	Question text: Your Ethnicity (ie. the ethnic group or nationality with which you most strongly identify)?
7.9347 	EXP 	Question text: Were you born in Canada
7.9379 	EXP 	window1: mouseVisible = True
7.9544 	EXP 	Question text: If you are now living in Canada, but were not born here, how long have you lived here?
7.9602 	EXP 	Question text: Finally, we would like you to write a couple of sentences about something you've done or accomplished recently that you feel really good about:
7.9685 	EXP 	window1: mouseVisible = True
7.9932 	EXP 	Created demoForm = <psychopy.visual.form.Form object at 0x000001A43B6DF760>
7.9965 	EXP 	window1: mouseVisible = True
8.0044 	EXP 	Created text_2 = TextStim(__class__=<class 'psychopy.visual.text.TextStim'>, alignHoriz=method-wrapper(...), alignText='center', alignVert=method-wrapper(...), anchorHoriz='center', anchorVert='center', antialias=True, autoDraw=False, autoLog=True, bold=False, color=array([1., 1., 1.]), colorSpace='rgb', contrast=1.0, depth=0.0, flipHoriz=False, flipVert=False, font='Open Sans', fontFiles=[], height=0.05, italic=False, languageStyle='LTR', name='text_2', opacity=1.0, ori=0.0, pos=array([0., 0.]), rgb=UNKNOWN, text='Study Complete', units='height', win=Window(...), wrapWidth=1)
8.0077 	EXP 	window1: mouseVisible = True
8.0124 	EXP 	Imported feedbackletter.csv as conditions, 27 conditions, 13 params
8.0131 	EXP 	Question text: Feedback Letter
8.0187 	EXP 	Question text: Project Title: It's All Fun and Pranks
8.0216 	EXP 	Question text: Faculty Investigator: Dr. Chris Burris, Psychology (St. Jerome's). 519-884-8111x28213 (cburris@uwaterloo.ca)
8.0251 	EXP 	Question text: Student Investigator: Maya Karmakar-Johnson, Psychology (mkarmaka@uwaterloo.ca)
8.0285 	EXP 	Question text: We appreciate your participation, and we thank you for spending time helping us with our research. At the beginning of the study, you were informed that its focus was on how people react to pranking behaviour and factors that affect those reactions. We would now like to explain the purpose of the study in greater detail.
8.0378 	EXP 	Question text: Although many people view pranks as “harmless fun,” Burris and Leitch (2018) showed that pranking can sometimes serve as an outlet for sadistic motivation – understood as wanting someone else to feel bad, however briefly, because the thought of that makes oneself feel good. By their very nature, pranks involve a gotcha whereby the person being pranked is subject to some degree of physical or psychological discomfort – if that doesn’t happen, then the prank is declared to have “failed.”
8.0546 	EXP 	Question text: Importantly, Burris and Leitch (2018) showed that positive reactions to pranks – whether performed by the self or by someone else – were predicted by a joint tendency to feel disrespected and to have difficulty letting go of anger related to past insults. Having identified this combo as the “engine” driving sadistic motivation, Burris and Leitch argued that sadistic motivation’s ultimate goal is to boost back up a self that feels deflated or “squashed,” and that seeing another come to harm is a means to this end.
8.0677 	EXP 	Question text: This analysis of pranking raises a paradox: Most pranksters look happy, even giddy – they don’t look angry or hostile. Dijksterhuis and Aarts (2010) reviewed research suggesting that goals can drive behavior even when the goals are outside of awareness – that is, unconscious. With that in mind, the present study was set up to see whether the presumed ultimate goal driving sadistic motivation – that is, boosting the self – was operating nonconsciously.
8.0795 	EXP 	Question text: To do that, we attempted to create either a “mini-boost” or a “mini-squash” to the self outside of your conscious awareness. Thus, as you read each prank story and reacted to it, you were randomly assigned to any of three possible subliminal primes: (1) “you are awesome” (boost); (2) “you are nothing” (squash); or (3) “people are walking” (neutral). These primes appeared before the general story instructions, before each story, and before each reaction item. After that, we had you complete short versions of the disrespect sensitivity and anger rumination measures used by Burris and Leitch (2018) to identify people who are more or less likely to respond to “squashed” feelings by reacting positively to others’ discomfort. To ensure that any possible negative effect of the “squash” prime would be neutralized quickly, we asked everyone to reflect on a recent positive personal experience at the end of the study.
8.1028 	EXP 	Question text: We expected the most positive reactions to the prank stories to emerge among people who received the “squash” primes, and who already struggle more with feeling angry and disrespected.
8.1091 	EXP 	Question text: So, to be clear, we are indeed interested in how people react to pranking behaviour and factors that affect those reactions, but this study explored a very specific aspect of that – that is, nonconscious motivation, which we investigated by means of subliminal primes.
8.1170 	EXP 	Question text: We apologize that we did not alert to you our use of subliminal primes at the outset – but we hope you understand that, had we done so, you would have probably been on the lookout for (or trying to guess) the primes we were using, which would compromise their effectiveness. Although not all psychology research involves withholding information at the outset like this, there is sometimes no practical alternative that allows for a valid test of hypotheses such as ours concerning nonconscious nature of sadistic motivation. We hope this makes sense to you.
8.1310 	EXP 	Question text: So, to summarize:
8.1342 	EXP 	Question text: 1) Pranking is sometimes used as an outlet for sadistic motivation.
8.1373 	EXP 	Question text: 2) The ultimate goal of sadistic motivation may be to boost the self, even if at others’ expense. 
8.1411 	EXP 	Question text: 3) The present study used subliminal priming to test whether this hypothesized of boosting the self is operating outside of conscious awareness. 
8.1467 	EXP 	Question text: 4) To test our hypothesis, we had to withhold information concerning our use of subliminal primes initially.
8.1502 	EXP 	Question text: Given (4) just above, it is very important that you not discuss your experiences with any other students who potentially could be in this study until after the end of the term. If people come into the study knowing about our specific predictions, it could influence their results, and the data we collect would not be useable. Also, if you print off a copy of this post-study information page, please do not make it available to other students.
8.1619 	EXP 	Question text: Because some elements of the study are different from what was originally explained, there is another consent form for you to read and sign electronically if you are willing to allow us to use the information you have provided. This consent is also a record that the full purpose of the study was explained to you.
8.1710 	EXP 	Question text: We would like to remind you that your confidentiality is guaranteed. Your questionnaire responses will be identified by code number only and you will not be identified by name in any report, publication, or presentation resulting from this study. The data file will be stored for at least 5 years in electronic form on the password-protected computer of the Faculty Investigator.
8.1814 	EXP 	Question text: This study has been reviewed and received ethics clearance through a University of Waterloo Research Ethics Board (#44380). If you have questions for the Board, contact the Office of Research Ethics, at 1-519-888-4567 ext. 36005 or reb@uwaterloo.ca.
8.1893 	EXP 	Question text: If your participation in this study has raised personal issues that concern you, we encourage you to contact UW Counselling Services at 888-4567, ext. 32655.
8.1951 	EXP 	Question text: If you’d like to learn more about the ideas behind this research, we encourage you to read:
8.1985 	EXP 	Question text: Burris, C., & Leitch, R. (2018). Harmful fun: Pranks and sadistic motivation. Motivation And Emotion, 42(1), 90-102. doi: 10.1007/s11031-017-9651-5
8.2079 	EXP 	Question text: Dijksterhuis, A., & Aarts, H. (2010). Goals, attention, and (un)consciousness. Annual Review of Psychology, 61(1), 467-490. https://doi.org/10.1146/annurev.psych.093008.100445
8.2143 	EXP 	Question text: If you’d like more information, feel free to contact the Faculty Investigator as listed above.
8.2180 	EXP 	Question text: We really appreciate your participation, and hope that this has been a worthwhile experience for you.
8.2223 	EXP 	window1: mouseVisible = True
8.3041 	EXP 	Created feedbackform = <psychopy.visual.form.Form object at 0x000001A43B85CAF0>
8.3074 	EXP 	window1: mouseVisible = True
8.3108 	EXP 	Imported debriefform.csv as conditions, 7 conditions, 13 params
8.3113 	EXP 	Question text: Post-debriefing Consent Form
8.3156 	EXP 	Question text: Project Title: It's All Fun and Pranks
8.3185 	EXP 	Question text: Faculty Investigator: Dr. Chris Burris, Psychology (St. Jerome's). 519-884-8111x28213 (cburris@uwaterloo.ca)
8.3220 	EXP 	Question text: Student Investigator: Maya Karmakar-Johnson, Psychology (mkarmaka@uwaterloo.ca)
8.3254 	EXP 	Question text: In the online debriefing, I was given an explanation as to why it was necessary for the researchers to withhold some information regarding some elements of this study. I was informed that having full information about the actual purpose of the study might have influenced the way in which I responded to the tasks and this would have invalidated the results. I have now received a complete written explanation as to the actual purpose and procedures of the study. In addition, I have had an opportunity to ask any questions about this and to receive acceptable answers to my questions. I am aware that my decision to give or withhold permission to use my data will not affect my receipt of the applicable research credit.
8.3429 	EXP 	Question text: I am aware that I may contact the Office of Research Ethics, at 1-519-888-4567 ext. 36005 or reb@uwaterloo.ca if I have any concerns or comments resulting from my involvement in this study.
8.3495 	EXP 	Question text: I give my permission for the researchers to use my data and/or the information I provided through the online survey for this study.
8.3553 	EXP 	window1: mouseVisible = True
8.3733 	EXP 	window1: mouseVisible = True
8.3973 	EXP 	Created debriefform = <psychopy.visual.form.Form object at 0x000001A43B8DC310>
8.4514 	EXP 	unnamed Form: autoLog = True
8.4514 	EXP 	infoletter: name = 'infoletter'
8.4514 	EXP 	infoletter: depth = 0
8.4514 	EXP 	unnamed Form: autoLog = True
8.4514 	EXP 	consentform: name = 'consentform'
8.4514 	EXP 	consentform: depth = 0
8.4514 	EXP 	unnamed Form: autoLog = True
8.4514 	EXP 	instructionsform: name = 'instructionsform'
8.4514 	EXP 	instructionsform: depth = 0
8.4514 	EXP 	slider: autoLog = True
8.4514 	EXP 	slider: markerPos = None
8.4514 	EXP 	slider: styleTweaks = []
8.4514 	EXP 	slider: styleTweaks = []
8.4514 	EXP 	slider: styleTweaks = []
8.4514 	EXP 	slider: styleTweaks = []
8.4514 	EXP 	slider: contrast = 1.0
8.4514 	EXP 	slider: autoLog = True
8.4514 	EXP 	unnamed Form: autoLog = True
8.4514 	EXP 	respectform: name = 'respectform'
8.4514 	EXP 	respectform: depth = 0
8.4514 	EXP 	unnamed Form: autoLog = True
8.4514 	EXP 	angerform: name = 'angerform'
8.4514 	EXP 	angerform: depth = 0
8.4514 	EXP 	unnamed Form: autoLog = True
8.4514 	EXP 	demoForm: name = 'demoForm'
8.4514 	EXP 	demoForm: depth = 0
8.4514 	EXP 	unnamed Form: autoLog = True
8.4514 	EXP 	feedbackform: name = 'feedbackform'
8.4514 	EXP 	feedbackform: depth = 0
8.4514 	EXP 	unnamed Form: autoLog = True
8.4514 	EXP 	debriefform: name = 'debriefform'
8.4514 	EXP 	debriefform: depth = 0
8.4514 	EXP 	infoletter: autoDraw = True
9.1387 	DATA 	Mouse: wheel shift=(0,-4), pos=(1113,400)
9.1414 	DATA 	Mouse: wheel shift=(0,-1), pos=(1177,369)
9.1923 	DATA 	Mouse: wheel shift=(0,-6), pos=(1182,366)
9.7763 	DATA 	Mouse: Left button down, pos=(1830,41)
9.8136 	EXP 	infoletter: autoDraw = False
9.8136 	EXP 	consentform: autoDraw = True
9.8441 	DATA 	Mouse:  Left button up, pos=(1830,41)
10.3053 	DATA 	Mouse: wheel shift=(0,-2), pos=(1172,248)
10.3403 	DATA 	Mouse: wheel shift=(0,-4), pos=(1171,248)
10.3444 	DATA 	Mouse: wheel shift=(0,-1), pos=(1171,248)
10.3747 	DATA 	Mouse: wheel shift=(0,-1), pos=(1171,248)
10.5905 	DATA 	Mouse: wheel shift=(0,-3), pos=(1171,248)
10.5981 	DATA 	Mouse: wheel shift=(0,-1), pos=(1171,248)
10.6301 	DATA 	Mouse: wheel shift=(0,-3), pos=(1171,248)
10.6378 	DATA 	Mouse: wheel shift=(0,-1), pos=(1171,248)
10.8288 	DATA 	Mouse: wheel shift=(0,-1), pos=(1171,248)
10.8680 	DATA 	Mouse: wheel shift=(0,-4), pos=(1171,248)
10.8769 	DATA 	Mouse: wheel shift=(0,-1), pos=(1171,248)
10.9080 	DATA 	Mouse: wheel shift=(0,-1), pos=(1171,248)
11.0758 	DATA 	Mouse: wheel shift=(0,-1), pos=(1021,230)
11.1053 	DATA 	Mouse: wheel shift=(0,-3), pos=(1008,227)
11.1097 	DATA 	Mouse: wheel shift=(0,-1), pos=(941,214)
11.1438 	DATA 	Mouse: wheel shift=(0,-2), pos=(933,212)
11.1482 	DATA 	Mouse: wheel shift=(0,-1), pos=(866,205)
11.3826 	DATA 	Mouse: wheel shift=(0,-1), pos=(620,181)
11.4231 	DATA 	Mouse: wheel shift=(0,-1), pos=(614,174)
11.8656 	DATA 	Mouse: Left button down, pos=(583,241)
11.9020 	DATA 	Mouse:  Left button up, pos=(583,241)
12.6979 	DATA 	Mouse: Left button down, pos=(1750,70)
12.7294 	EXP 	consentform: autoDraw = False
12.7294 	EXP 	instructionsform: autoDraw = True
12.7408 	DATA 	Mouse:  Left button up, pos=(1750,70)
14.6088 	DATA 	Mouse: Left button down, pos=(1819,49)
14.6138 	EXP 	Created sequence: sequential, trialTypes=1, nReps=5, seed=None
14.6139 	EXP 	New trial (rep=0, index=0): None
14.6267 	EXP 	instructionsform: autoDraw = False
14.6267 	EXP 	prankNumberText: height = 0.1
14.6267 	EXP 	prankNumberText: height = 0.1
14.6267 	EXP 	prankNumberText: height = 0.1
14.6267 	EXP 	prankNumberText: text = 'Prank 1'
14.6267 	EXP 	prankNumberText: autoDraw = True
14.6810 	DATA 	Mouse:  Left button up, pos=(1819,49)
16.6188 	EXP 	Created sequence: sequential, trialTypes=1, nReps=6, seed=None
16.6189 	EXP 	New trial (rep=0, index=0): None
16.6544 	EXP 	prankNumberText: autoDraw = False
16.6544 	EXP 	slider: markerPos = None
16.6544 	EXP 	slider: markerPos = None
16.6544 	EXP 	primertext: height = 0.05
16.6544 	EXP 	primertext: height = 0.05
16.6544 	EXP 	primertext: height = 0.05
16.6544 	EXP 	primertext: text = "You're nothing"
16.6544 	EXP 	prankText: autoDraw = True
16.6544 	EXP 	slider: autoDraw = True
16.6544 	EXP 	primertext: autoDraw = True
16.6621 	EXP 	primertext: autoDraw = False
16.6756 	EXP 	promptText: autoDraw = True
16.6756 	EXP 	hiddenobserver: autoDraw = True
17.4617 	DATA 	Mouse: Left button down, pos=(1497,224)
17.4736 	EXP 	slider: markerPos = 7.980555504560471
17.4844 	EXP 	slider: markerPos = 7.980555504560471
17.4953 	EXP 	slider: markerPos = 7.980555504560471
17.5062 	EXP 	slider: markerPos = 7.980555504560471
17.5170 	EXP 	slider: markerPos = 7.980555504560471
17.5275 	DATA 	Mouse:  Left button up, pos=(1496,224)
17.5281 	EXP 	slider: markerPos = 7.980555504560471
17.5387 	EXP 	slider: markerPos = 8.0
17.5411 	EXP 	New trial (rep=1, index=0): None
17.5540 	EXP 	prankText: autoDraw = False
17.5540 	EXP 	promptText: autoDraw = False
17.5540 	EXP 	hiddenobserver: autoDraw = False
17.5540 	EXP 	slider: autoDraw = False
17.5540 	EXP 	primertext: autoDraw = False
17.5540 	EXP 	slider: markerPos = None
17.5540 	EXP 	slider: markerPos = None
17.5540 	EXP 	primertext: text = "You're nothing"
17.5540 	EXP 	prankText: autoDraw = True
17.5540 	EXP 	slider: autoDraw = True
17.5540 	EXP 	primertext: autoDraw = True
17.5616 	EXP 	primertext: autoDraw = False
17.5735 	EXP 	promptText: autoDraw = True
17.5735 	EXP 	hiddenobserver: autoDraw = True
17.6152 	DATA 	Mouse: Left button down, pos=(1496,224)
17.6271 	EXP 	slider: markerPos = 7.974074006080627
17.6379 	EXP 	slider: markerPos = 7.974074006080627
17.6487 	EXP 	slider: markerPos = 7.974074006080627
17.6596 	EXP 	slider: markerPos = 7.974074006080627
17.6703 	EXP 	slider: markerPos = 7.974074006080627
17.6811 	EXP 	slider: markerPos = 7.974074006080627
17.6913 	DATA 	Mouse:  Left button up, pos=(1496,224)
17.6919 	EXP 	slider: markerPos = 7.974074006080627
17.7025 	EXP 	slider: markerPos = 8.0
17.7048 	EXP 	New trial (rep=2, index=0): None
17.7183 	EXP 	prankText: autoDraw = False
17.7183 	EXP 	promptText: autoDraw = False
17.7183 	EXP 	hiddenobserver: autoDraw = False
17.7183 	EXP 	slider: autoDraw = False
17.7183 	EXP 	primertext: autoDraw = False
17.7183 	EXP 	slider: markerPos = None
17.7183 	EXP 	slider: markerPos = None
17.7183 	EXP 	primertext: text = "You're nothing"
17.7183 	EXP 	prankText: autoDraw = True
17.7183 	EXP 	slider: autoDraw = True
17.7183 	EXP 	primertext: autoDraw = True
17.7259 	EXP 	primertext: autoDraw = False
17.7370 	EXP 	promptText: autoDraw = True
17.7370 	EXP 	hiddenobserver: autoDraw = True
17.7638 	DATA 	Mouse: Left button down, pos=(1496,224)
17.7734 	EXP 	slider: markerPos = 7.974074006080627
17.7843 	EXP 	slider: markerPos = 7.974074006080627
17.7951 	EXP 	slider: markerPos = 7.974074006080627
17.8059 	EXP 	slider: markerPos = 7.974074006080627
17.8169 	EXP 	slider: markerPos = 7.974074006080627
17.8277 	EXP 	slider: markerPos = 7.974074006080627
17.8385 	EXP 	slider: markerPos = 7.974074006080627
17.8487 	DATA 	Mouse:  Left button up, pos=(1496,224)
17.8493 	EXP 	slider: markerPos = 7.974074006080627
17.8605 	EXP 	slider: markerPos = 8.0
17.8630 	EXP 	New trial (rep=3, index=0): None
17.8765 	EXP 	prankText: autoDraw = False
17.8765 	EXP 	promptText: autoDraw = False
17.8765 	EXP 	hiddenobserver: autoDraw = False
17.8765 	EXP 	slider: autoDraw = False
17.8765 	EXP 	primertext: autoDraw = False
17.8765 	EXP 	slider: markerPos = None
17.8765 	EXP 	slider: markerPos = None
17.8765 	EXP 	primertext: text = "You're nothing"
17.8765 	EXP 	prankText: autoDraw = True
17.8765 	EXP 	slider: autoDraw = True
17.8765 	EXP 	primertext: autoDraw = True
17.8844 	EXP 	primertext: autoDraw = False
17.8957 	EXP 	promptText: autoDraw = True
17.8957 	EXP 	hiddenobserver: autoDraw = True
17.9243 	DATA 	Mouse: Left button down, pos=(1496,224)
17.9340 	EXP 	slider: markerPos = 7.974074006080627
17.9452 	EXP 	slider: markerPos = 7.974074006080627
17.9561 	EXP 	slider: markerPos = 7.974074006080627
17.9669 	EXP 	slider: markerPos = 7.974074006080627
17.9780 	EXP 	slider: markerPos = 7.974074006080627
17.9888 	EXP 	slider: markerPos = 7.974074006080627
17.9990 	DATA 	Mouse:  Left button up, pos=(1496,224)
17.9995 	EXP 	slider: markerPos = 7.974074006080627
18.0101 	EXP 	slider: markerPos = 8.0
18.0124 	EXP 	New trial (rep=4, index=0): None
18.0251 	EXP 	prankText: autoDraw = False
18.0251 	EXP 	promptText: autoDraw = False
18.0251 	EXP 	hiddenobserver: autoDraw = False
18.0251 	EXP 	slider: autoDraw = False
18.0251 	EXP 	primertext: autoDraw = False
18.0251 	EXP 	slider: markerPos = None
18.0251 	EXP 	slider: markerPos = None
18.0251 	EXP 	primertext: text = "You're nothing"
18.0251 	EXP 	prankText: autoDraw = True
18.0251 	EXP 	slider: autoDraw = True
18.0251 	EXP 	primertext: autoDraw = True
18.0328 	EXP 	primertext: autoDraw = False
18.0456 	EXP 	promptText: autoDraw = True
18.0456 	EXP 	hiddenobserver: autoDraw = True
18.0730 	DATA 	Mouse: Left button down, pos=(1496,224)
18.0847 	EXP 	slider: markerPos = 7.974074006080627
18.0957 	EXP 	slider: markerPos = 7.974074006080627
18.1065 	EXP 	slider: markerPos = 7.974074006080627
18.1173 	EXP 	slider: markerPos = 7.974074006080627
18.1282 	EXP 	slider: markerPos = 7.974074006080627
18.1391 	EXP 	slider: markerPos = 7.974074006080627
18.1499 	EXP 	slider: markerPos = 7.974074006080627
18.1601 	DATA 	Mouse:  Left button up, pos=(1496,224)
18.1607 	EXP 	slider: markerPos = 7.974074006080627
18.1713 	EXP 	slider: markerPos = 8.0
18.1736 	EXP 	New trial (rep=5, index=0): None
18.1864 	EXP 	prankText: autoDraw = False
18.1864 	EXP 	promptText: autoDraw = False
18.1864 	EXP 	hiddenobserver: autoDraw = False
18.1864 	EXP 	slider: autoDraw = False
18.1864 	EXP 	primertext: autoDraw = False
18.1864 	EXP 	slider: markerPos = None
18.1864 	EXP 	slider: markerPos = None
18.1864 	EXP 	primertext: text = "You're nothing"
18.1864 	EXP 	prankText: autoDraw = True
18.1864 	EXP 	slider: autoDraw = True
18.1864 	EXP 	primertext: autoDraw = True
18.1941 	EXP 	primertext: autoDraw = False
18.2064 	EXP 	promptText: autoDraw = True
18.2064 	EXP 	hiddenobserver: autoDraw = True
18.2227 	DATA 	Mouse: Left button down, pos=(1496,224)
18.2347 	EXP 	slider: markerPos = 7.974074006080627
18.2455 	EXP 	slider: markerPos = 7.974074006080627
18.2564 	EXP 	slider: markerPos = 7.974074006080627
18.2674 	EXP 	slider: markerPos = 7.974074006080627
18.2783 	EXP 	slider: markerPos = 7.974074006080627
18.2892 	EXP 	slider: markerPos = 7.974074006080627
18.3000 	EXP 	slider: markerPos = 7.974074006080627
18.3015 	DATA 	Mouse:  Left button up, pos=(1496,224)
18.3109 	EXP 	slider: markerPos = 8.0
18.3133 	EXP 	New trial (rep=1, index=0): None
18.3175 	EXP 	prankText: autoDraw = False
18.3175 	EXP 	promptText: autoDraw = False
18.3175 	EXP 	hiddenobserver: autoDraw = False
18.3175 	EXP 	slider: autoDraw = False
18.3175 	EXP 	primertext: autoDraw = False
18.3175 	EXP 	prankNumberText: height = 0.1
18.3175 	EXP 	prankNumberText: height = 0.1
18.3175 	EXP 	prankNumberText: height = 0.1
18.3175 	EXP 	prankNumberText: text = 'Prank 2'
18.3175 	EXP 	prankNumberText: autoDraw = True
18.3672 	DATA 	Mouse: Left button down, pos=(1496,224)
18.4649 	DATA 	Mouse:  Left button up, pos=(1496,224)
18.5211 	DATA 	Mouse: Left button down, pos=(1496,224)
18.5902 	DATA 	Mouse:  Left button up, pos=(1496,224)
20.3117 	EXP 	Created sequence: sequential, trialTypes=1, nReps=6, seed=None
20.3118 	EXP 	New trial (rep=0, index=0): None
20.3384 	EXP 	prankNumberText: autoDraw = False
20.3384 	EXP 	prankNumberText: autoDraw = False
20.3384 	EXP 	slider: markerPos = None
20.3384 	EXP 	slider: markerPos = None
20.3384 	EXP 	primertext: text = "You're nothing"
20.3384 	EXP 	prankText: autoDraw = True
20.3384 	EXP 	slider: autoDraw = True
20.3384 	EXP 	primertext: autoDraw = True
20.3474 	EXP 	primertext: autoDraw = False
20.3577 	EXP 	promptText: autoDraw = True
20.3577 	EXP 	hiddenobserver: autoDraw = True
20.7615 	DATA 	Mouse: Left button down, pos=(1328,221)
20.7738 	EXP 	slider: markerPos = 6.885185182094574
20.7848 	EXP 	slider: markerPos = 6.885185182094574
20.7957 	EXP 	slider: markerPos = 6.885185182094574
20.8066 	EXP 	slider: markerPos = 6.885185182094574
20.8175 	EXP 	slider: markerPos = 6.885185182094574
20.8287 	EXP 	slider: markerPos = 6.885185182094574
20.8398 	EXP 	slider: markerPos = 6.885185182094574
20.8507 	EXP 	slider: markerPos = 6.885185182094574
20.8608 	DATA 	Mouse:  Left button up, pos=(1328,219)
20.8614 	EXP 	slider: markerPos = 6.885185182094574
20.8724 	EXP 	slider: markerPos = 7.0
20.8748 	EXP 	New trial (rep=1, index=0): None
20.8881 	EXP 	prankText: autoDraw = False
20.8881 	EXP 	promptText: autoDraw = False
20.8881 	EXP 	hiddenobserver: autoDraw = False
20.8881 	EXP 	slider: autoDraw = False
20.8881 	EXP 	primertext: autoDraw = False
20.8881 	EXP 	slider: markerPos = None
20.8881 	EXP 	slider: markerPos = None
20.8881 	EXP 	primertext: text = "You're nothing"
20.8881 	EXP 	prankText: autoDraw = True
20.8881 	EXP 	slider: autoDraw = True
20.8881 	EXP 	primertext: autoDraw = True
20.8959 	EXP 	primertext: autoDraw = False
20.9064 	EXP 	promptText: autoDraw = True
20.9064 	EXP 	hiddenobserver: autoDraw = True
20.9413 	DATA 	Mouse: Left button down, pos=(1328,219)
20.9510 	EXP 	slider: markerPos = 6.885185182094574
20.9618 	EXP 	slider: markerPos = 6.885185182094574
20.9727 	EXP 	slider: markerPos = 6.885185182094574
20.9836 	EXP 	slider: markerPos = 6.885185182094574
20.9944 	EXP 	slider: markerPos = 6.885185182094574
21.0045 	DATA 	Mouse:  Left button up, pos=(1328,219)
21.0051 	EXP 	slider: markerPos = 6.885185182094574
21.0157 	EXP 	slider: markerPos = 7.0
21.0180 	EXP 	New trial (rep=2, index=0): None
21.0308 	EXP 	prankText: autoDraw = False
21.0308 	EXP 	promptText: autoDraw = False
21.0308 	EXP 	hiddenobserver: autoDraw = False
21.0308 	EXP 	slider: autoDraw = False
21.0308 	EXP 	primertext: autoDraw = False
21.0308 	EXP 	slider: markerPos = None
21.0308 	EXP 	slider: markerPos = None
21.0308 	EXP 	primertext: text = "You're nothing"
21.0308 	EXP 	prankText: autoDraw = True
21.0308 	EXP 	slider: autoDraw = True
21.0308 	EXP 	primertext: autoDraw = True
21.0384 	EXP 	primertext: autoDraw = False
21.0486 	EXP 	promptText: autoDraw = True
21.0486 	EXP 	hiddenobserver: autoDraw = True
21.0980 	DATA 	Mouse: Left button down, pos=(1329,219)
21.1103 	EXP 	slider: markerPos = 6.891666680574417
21.1213 	EXP 	slider: markerPos = 6.891666680574417
21.1321 	EXP 	slider: markerPos = 6.891666680574417
21.1432 	EXP 	slider: markerPos = 6.891666680574417
21.1541 	EXP 	slider: markerPos = 6.891666680574417
21.1642 	DATA 	Mouse:  Left button up, pos=(1329,219)
21.1648 	EXP 	slider: markerPos = 6.891666680574417
21.1756 	EXP 	slider: markerPos = 7.0
21.1780 	EXP 	New trial (rep=3, index=0): None
21.1913 	EXP 	prankText: autoDraw = False
21.1913 	EXP 	promptText: autoDraw = False
21.1913 	EXP 	hiddenobserver: autoDraw = False
21.1913 	EXP 	slider: autoDraw = False
21.1913 	EXP 	primertext: autoDraw = False
21.1913 	EXP 	slider: markerPos = None
21.1913 	EXP 	slider: markerPos = None
21.1913 	EXP 	primertext: text = "You're nothing"
21.1913 	EXP 	prankText: autoDraw = True
21.1913 	EXP 	slider: autoDraw = True
21.1913 	EXP 	primertext: autoDraw = True
21.1990 	EXP 	primertext: autoDraw = False
21.2093 	EXP 	promptText: autoDraw = True
21.2093 	EXP 	hiddenobserver: autoDraw = True
21.2501 	DATA 	Mouse: Left button down, pos=(1329,218)
21.2617 	EXP 	slider: markerPos = 6.891666680574417
21.2727 	EXP 	slider: markerPos = 6.891666680574417
21.2836 	EXP 	slider: markerPos = 6.891666680574417
21.2945 	EXP 	slider: markerPos = 6.891666680574417
21.3053 	EXP 	slider: markerPos = 6.891666680574417
21.3162 	EXP 	slider: markerPos = 6.891666680574417
21.3176 	DATA 	Mouse:  Left button up, pos=(1329,218)
21.3269 	EXP 	slider: markerPos = 7.0
21.3292 	EXP 	New trial (rep=4, index=0): None
21.3420 	EXP 	prankText: autoDraw = False
21.3420 	EXP 	promptText: autoDraw = False
21.3420 	EXP 	hiddenobserver: autoDraw = False
21.3420 	EXP 	slider: autoDraw = False
21.3420 	EXP 	primertext: autoDraw = False
21.3420 	EXP 	slider: markerPos = None
21.3420 	EXP 	slider: markerPos = None
21.3420 	EXP 	primertext: text = "You're nothing"
21.3420 	EXP 	prankText: autoDraw = True
21.3420 	EXP 	slider: autoDraw = True
21.3420 	EXP 	primertext: autoDraw = True
21.3503 	EXP 	primertext: autoDraw = False
21.3614 	EXP 	promptText: autoDraw = True
21.3614 	EXP 	hiddenobserver: autoDraw = True
21.3895 	DATA 	Mouse: Left button down, pos=(1329,218)
21.3990 	EXP 	slider: markerPos = 6.891666680574417
21.4099 	EXP 	slider: markerPos = 6.891666680574417
21.4206 	EXP 	slider: markerPos = 6.891666680574417
21.4313 	EXP 	slider: markerPos = 6.891666680574417
21.4421 	EXP 	slider: markerPos = 6.891666680574417
21.4530 	EXP 	slider: markerPos = 6.891666680574417
21.4545 	DATA 	Mouse:  Left button up, pos=(1329,218)
21.4638 	EXP 	slider: markerPos = 7.0
21.4661 	EXP 	New trial (rep=5, index=0): None
21.4788 	EXP 	prankText: autoDraw = False
21.4788 	EXP 	promptText: autoDraw = False
21.4788 	EXP 	hiddenobserver: autoDraw = False
21.4788 	EXP 	slider: autoDraw = False
21.4788 	EXP 	primertext: autoDraw = False
21.4788 	EXP 	slider: markerPos = None
21.4788 	EXP 	slider: markerPos = None
21.4788 	EXP 	primertext: text = "You're nothing"
21.4788 	EXP 	prankText: autoDraw = True
21.4788 	EXP 	slider: autoDraw = True
21.4788 	EXP 	primertext: autoDraw = True
21.4864 	EXP 	primertext: autoDraw = False
21.4966 	EXP 	promptText: autoDraw = True
21.4966 	EXP 	hiddenobserver: autoDraw = True
21.5403 	DATA 	Mouse: Left button down, pos=(1329,218)
21.5499 	EXP 	slider: markerPos = 6.891666680574417
21.5608 	EXP 	slider: markerPos = 6.891666680574417
21.5717 	EXP 	slider: markerPos = 6.891666680574417
21.5825 	EXP 	slider: markerPos = 6.891666680574417
21.5935 	EXP 	slider: markerPos = 6.891666680574417
21.6037 	DATA 	Mouse:  Left button up, pos=(1329,218)
21.6043 	EXP 	slider: markerPos = 6.891666680574417
21.6149 	EXP 	slider: markerPos = 7.0
21.6173 	EXP 	New trial (rep=2, index=0): None
21.6215 	EXP 	prankText: autoDraw = False
21.6215 	EXP 	promptText: autoDraw = False
21.6215 	EXP 	hiddenobserver: autoDraw = False
21.6215 	EXP 	slider: autoDraw = False
21.6215 	EXP 	primertext: autoDraw = False
21.6215 	EXP 	prankNumberText: height = 0.1
21.6215 	EXP 	prankNumberText: height = 0.1
21.6215 	EXP 	prankNumberText: height = 0.1
21.6215 	EXP 	prankNumberText: text = 'Prank 3'
21.6215 	EXP 	prankNumberText: autoDraw = True
21.6852 	DATA 	Mouse: Left button down, pos=(1329,217)
21.7547 	DATA 	Mouse:  Left button up, pos=(1329,217)
21.8386 	DATA 	Mouse: Left button down, pos=(1330,217)
21.8941 	DATA 	Mouse:  Left button up, pos=(1330,217)
23.6156 	EXP 	Created sequence: sequential, trialTypes=1, nReps=6, seed=None
23.6157 	EXP 	New trial (rep=0, index=0): None
23.6423 	EXP 	prankNumberText: autoDraw = False
23.6423 	EXP 	prankNumberText: autoDraw = False
23.6423 	EXP 	slider: markerPos = None
23.6423 	EXP 	slider: markerPos = None
23.6423 	EXP 	primertext: text = "You're nothing"
23.6423 	EXP 	prankText: autoDraw = True
23.6423 	EXP 	slider: autoDraw = True
23.6423 	EXP 	primertext: autoDraw = True
23.6513 	EXP 	primertext: autoDraw = False
23.6621 	EXP 	promptText: autoDraw = True
23.6621 	EXP 	hiddenobserver: autoDraw = True
23.8879 	DATA 	Mouse: Left button down, pos=(1498,219)
23.8999 	EXP 	slider: markerPos = 7.987037003040314
23.9107 	EXP 	slider: markerPos = 7.987037003040314
23.9218 	EXP 	slider: markerPos = 7.987037003040314
23.9328 	EXP 	slider: markerPos = 7.987037003040314
23.9437 	EXP 	slider: markerPos = 7.987037003040314
23.9548 	EXP 	slider: markerPos = 7.987037003040314
23.9650 	DATA 	Mouse:  Left button up, pos=(1498,219)
23.9656 	EXP 	slider: markerPos = 7.987037003040314
23.9761 	EXP 	slider: markerPos = 8.0
23.9787 	EXP 	New trial (rep=1, index=0): None
23.9917 	EXP 	prankText: autoDraw = False
23.9917 	EXP 	promptText: autoDraw = False
23.9917 	EXP 	hiddenobserver: autoDraw = False
23.9917 	EXP 	slider: autoDraw = False
23.9917 	EXP 	primertext: autoDraw = False
23.9917 	EXP 	slider: markerPos = None
23.9917 	EXP 	slider: markerPos = None
23.9917 	EXP 	primertext: text = "You're nothing"
23.9917 	EXP 	prankText: autoDraw = True
23.9917 	EXP 	slider: autoDraw = True
23.9917 	EXP 	primertext: autoDraw = True
23.9994 	EXP 	primertext: autoDraw = False
24.0099 	EXP 	promptText: autoDraw = True
24.0099 	EXP 	hiddenobserver: autoDraw = True
24.0448 	DATA 	Mouse: Left button down, pos=(1498,219)
24.0544 	EXP 	slider: markerPos = 7.987037003040314
24.0652 	EXP 	slider: markerPos = 7.987037003040314
24.0761 	EXP 	slider: markerPos = 7.987037003040314
24.0871 	EXP 	slider: markerPos = 7.987037003040314
24.0979 	EXP 	slider: markerPos = 7.987037003040314
24.1082 	DATA 	Mouse:  Left button up, pos=(1498,219)
24.1088 	EXP 	slider: markerPos = 7.987037003040314
24.1194 	EXP 	slider: markerPos = 8.0
24.1217 	EXP 	New trial (rep=2, index=0): None
24.1351 	EXP 	prankText: autoDraw = False
24.1351 	EXP 	promptText: autoDraw = False
24.1351 	EXP 	hiddenobserver: autoDraw = False
24.1351 	EXP 	slider: autoDraw = False
24.1351 	EXP 	primertext: autoDraw = False
24.1351 	EXP 	slider: markerPos = None
24.1351 	EXP 	slider: markerPos = None
24.1351 	EXP 	primertext: text = "You're nothing"
24.1351 	EXP 	prankText: autoDraw = True
24.1351 	EXP 	slider: autoDraw = True
24.1351 	EXP 	primertext: autoDraw = True
24.1427 	EXP 	primertext: autoDraw = False
24.1530 	EXP 	promptText: autoDraw = True
24.1530 	EXP 	hiddenobserver: autoDraw = True
24.2126 	DATA 	Mouse: Left button down, pos=(1498,219)
24.2244 	EXP 	slider: markerPos = 7.987037003040314
24.2353 	EXP 	slider: markerPos = 7.987037003040314
24.2455 	DATA 	Mouse:  Left button up, pos=(1498,219)
24.2461 	EXP 	slider: markerPos = 7.987037003040314
24.2570 	EXP 	slider: markerPos = 8.0
24.2594 	EXP 	New trial (rep=3, index=0): None
24.2728 	EXP 	prankText: autoDraw = False
24.2728 	EXP 	promptText: autoDraw = False
24.2728 	EXP 	hiddenobserver: autoDraw = False
24.2728 	EXP 	slider: autoDraw = False
24.2728 	EXP 	primertext: autoDraw = False
24.2728 	EXP 	slider: markerPos = None
24.2728 	EXP 	slider: markerPos = None
24.2728 	EXP 	primertext: text = "You're nothing"
24.2728 	EXP 	prankText: autoDraw = True
24.2728 	EXP 	slider: autoDraw = True
24.2728 	EXP 	primertext: autoDraw = True
24.2811 	EXP 	primertext: autoDraw = False
24.2919 	EXP 	promptText: autoDraw = True
24.2919 	EXP 	hiddenobserver: autoDraw = True
24.3417 	DATA 	Mouse: Left button down, pos=(1498,219)
24.3535 	EXP 	slider: markerPos = 7.987037003040314
24.3645 	EXP 	slider: markerPos = 7.987037003040314
24.3754 	EXP 	slider: markerPos = 7.987037003040314
24.3862 	EXP 	slider: markerPos = 7.987037003040314
24.3965 	DATA 	Mouse:  Left button up, pos=(1498,219)
24.3971 	EXP 	slider: markerPos = 7.987037003040314
24.4077 	EXP 	slider: markerPos = 8.0
24.4100 	EXP 	New trial (rep=4, index=0): None
24.4233 	EXP 	prankText: autoDraw = False
24.4233 	EXP 	promptText: autoDraw = False
24.4233 	EXP 	hiddenobserver: autoDraw = False
24.4233 	EXP 	slider: autoDraw = False
24.4233 	EXP 	primertext: autoDraw = False
24.4233 	EXP 	slider: markerPos = None
24.4233 	EXP 	slider: markerPos = None
24.4233 	EXP 	primertext: text = "You're nothing"
24.4233 	EXP 	prankText: autoDraw = True
24.4233 	EXP 	slider: autoDraw = True
24.4233 	EXP 	primertext: autoDraw = True
24.4316 	EXP 	primertext: autoDraw = False
24.4425 	EXP 	promptText: autoDraw = True
24.4425 	EXP 	hiddenobserver: autoDraw = True
24.4776 	DATA 	Mouse: Left button down, pos=(1498,219)
24.4903 	EXP 	slider: markerPos = 7.987037003040314
24.5011 	EXP 	slider: markerPos = 7.987037003040314
24.5120 	EXP 	slider: markerPos = 7.987037003040314
24.5229 	EXP 	slider: markerPos = 7.987037003040314
24.5331 	DATA 	Mouse:  Left button up, pos=(1498,219)
24.5337 	EXP 	slider: markerPos = 7.987037003040314
24.5442 	EXP 	slider: markerPos = 8.0
24.5465 	EXP 	New trial (rep=5, index=0): None
24.5599 	EXP 	prankText: autoDraw = False
24.5599 	EXP 	promptText: autoDraw = False
24.5599 	EXP 	hiddenobserver: autoDraw = False
24.5599 	EXP 	slider: autoDraw = False
24.5599 	EXP 	primertext: autoDraw = False
24.5599 	EXP 	slider: markerPos = None
24.5599 	EXP 	slider: markerPos = None
24.5599 	EXP 	primertext: text = "You're nothing"
24.5599 	EXP 	prankText: autoDraw = True
24.5599 	EXP 	slider: autoDraw = True
24.5599 	EXP 	primertext: autoDraw = True
24.5677 	EXP 	primertext: autoDraw = False
24.5779 	EXP 	promptText: autoDraw = True
24.5779 	EXP 	hiddenobserver: autoDraw = True
24.6194 	DATA 	Mouse: Left button down, pos=(1498,219)
24.6311 	EXP 	slider: markerPos = 7.987037003040314
24.6428 	EXP 	slider: markerPos = 7.987037003040314
24.6539 	EXP 	slider: markerPos = 7.987037003040314
24.6647 	EXP 	slider: markerPos = 7.987037003040314
24.6756 	EXP 	slider: markerPos = 7.987037003040314
24.6865 	DATA 	Mouse:  Left button up, pos=(1498,219)
24.6871 	EXP 	slider: markerPos = 7.987037003040314
24.6978 	EXP 	slider: markerPos = 8.0
24.7002 	EXP 	New trial (rep=3, index=0): None
24.7044 	EXP 	prankText: autoDraw = False
24.7044 	EXP 	promptText: autoDraw = False
24.7044 	EXP 	hiddenobserver: autoDraw = False
24.7044 	EXP 	slider: autoDraw = False
24.7044 	EXP 	primertext: autoDraw = False
24.7044 	EXP 	prankNumberText: height = 0.1
24.7044 	EXP 	prankNumberText: height = 0.1
24.7044 	EXP 	prankNumberText: height = 0.1
24.7044 	EXP 	prankNumberText: text = 'Prank 4'
24.7044 	EXP 	prankNumberText: autoDraw = True
24.7551 	DATA 	Mouse: Left button down, pos=(1498,218)
24.8248 	DATA 	Mouse:  Left button up, pos=(1498,218)
24.9085 	DATA 	Mouse: Left button down, pos=(1498,218)
24.9713 	DATA 	Mouse:  Left button up, pos=(1498,218)
26.4699 	DATA 	Mouse: Left button down, pos=(1254,220)
26.5537 	DATA 	Mouse:  Left button up, pos=(1254,220)
26.6996 	EXP 	Created sequence: sequential, trialTypes=1, nReps=6, seed=None
26.6997 	EXP 	New trial (rep=0, index=0): None
26.7262 	EXP 	prankNumberText: autoDraw = False
26.7262 	EXP 	prankNumberText: autoDraw = False
26.7262 	EXP 	slider: markerPos = None
26.7262 	EXP 	slider: markerPos = None
26.7262 	EXP 	primertext: text = "You're nothing"
26.7262 	EXP 	prankText: autoDraw = True
26.7262 	EXP 	slider: autoDraw = True
26.7262 	EXP 	primertext: autoDraw = True
26.7353 	EXP 	primertext: autoDraw = False
26.7462 	EXP 	promptText: autoDraw = True
26.7462 	EXP 	hiddenobserver: autoDraw = True
26.9143 	DATA 	Mouse: Left button down, pos=(1257,218)
26.9262 	EXP 	slider: markerPos = 6.425000041723251
26.9373 	EXP 	slider: markerPos = 6.425000041723251
26.9482 	EXP 	slider: markerPos = 6.425000041723251
26.9592 	EXP 	slider: markerPos = 6.425000041723251
26.9704 	EXP 	slider: markerPos = 6.425000041723251
26.9816 	EXP 	slider: markerPos = 6.425000041723251
26.9924 	EXP 	slider: markerPos = 6.425000041723251
27.0026 	DATA 	Mouse:  Left button up, pos=(1257,218)
27.0032 	EXP 	slider: markerPos = 6.425000041723251
27.0138 	EXP 	slider: markerPos = 6.0
27.0162 	EXP 	New trial (rep=1, index=0): None
27.0291 	EXP 	prankText: autoDraw = False
27.0291 	EXP 	promptText: autoDraw = False
27.0291 	EXP 	hiddenobserver: autoDraw = False
27.0291 	EXP 	slider: autoDraw = False
27.0291 	EXP 	primertext: autoDraw = False
27.0291 	EXP 	slider: markerPos = None
27.0291 	EXP 	slider: markerPos = None
27.0291 	EXP 	primertext: text = "You're nothing"
27.0291 	EXP 	prankText: autoDraw = True
27.0291 	EXP 	slider: autoDraw = True
27.0291 	EXP 	primertext: autoDraw = True
27.0367 	EXP 	primertext: autoDraw = False
27.0472 	EXP 	promptText: autoDraw = True
27.0472 	EXP 	hiddenobserver: autoDraw = True
27.0677 	DATA 	Mouse: Left button down, pos=(1257,218)
27.0778 	EXP 	slider: markerPos = 6.425000041723251
27.0887 	EXP 	slider: markerPos = 6.425000041723251
27.0996 	EXP 	slider: markerPos = 6.425000041723251
27.1103 	EXP 	slider: markerPos = 6.425000041723251
27.1212 	EXP 	slider: markerPos = 6.425000041723251
27.1320 	EXP 	slider: markerPos = 6.425000041723251
27.1429 	EXP 	slider: markerPos = 6.425000041723251
27.1539 	EXP 	slider: markerPos = 6.425000041723251
27.1555 	DATA 	Mouse:  Left button up, pos=(1257,218)
27.1653 	EXP 	slider: markerPos = 6.0
27.1677 	EXP 	New trial (rep=2, index=0): None
27.1807 	EXP 	prankText: autoDraw = False
27.1807 	EXP 	promptText: autoDraw = False
27.1807 	EXP 	hiddenobserver: autoDraw = False
27.1807 	EXP 	slider: autoDraw = False
27.1807 	EXP 	primertext: autoDraw = False
27.1807 	EXP 	slider: markerPos = None
27.1807 	EXP 	slider: markerPos = None
27.1807 	EXP 	primertext: text = "You're nothing"
27.1807 	EXP 	prankText: autoDraw = True
27.1807 	EXP 	slider: autoDraw = True
27.1807 	EXP 	primertext: autoDraw = True
27.1883 	EXP 	primertext: autoDraw = False
27.1985 	EXP 	promptText: autoDraw = True
27.1985 	EXP 	hiddenobserver: autoDraw = True
27.2065 	DATA 	Mouse: Left button down, pos=(1257,218)
27.2183 	EXP 	slider: markerPos = 6.425000041723251
27.2294 	EXP 	slider: markerPos = 6.425000041723251
27.2403 	EXP 	slider: markerPos = 6.425000041723251
27.2511 	EXP 	slider: markerPos = 6.425000041723251
27.2619 	EXP 	slider: markerPos = 6.425000041723251
27.2727 	EXP 	slider: markerPos = 6.425000041723251
27.2836 	EXP 	slider: markerPos = 6.425000041723251
27.2937 	DATA 	Mouse:  Left button up, pos=(1257,218)
27.2943 	EXP 	slider: markerPos = 6.425000041723251
27.3049 	EXP 	slider: markerPos = 6.0
27.3072 	EXP 	New trial (rep=3, index=0): None
27.3199 	EXP 	prankText: autoDraw = False
27.3199 	EXP 	promptText: autoDraw = False
27.3199 	EXP 	hiddenobserver: autoDraw = False
27.3199 	EXP 	slider: autoDraw = False
27.3199 	EXP 	primertext: autoDraw = False
27.3199 	EXP 	slider: markerPos = None
27.3199 	EXP 	slider: markerPos = None
27.3199 	EXP 	primertext: text = "You're nothing"
27.3199 	EXP 	prankText: autoDraw = True
27.3199 	EXP 	slider: autoDraw = True
27.3199 	EXP 	primertext: autoDraw = True
27.3275 	EXP 	primertext: autoDraw = False
27.3379 	EXP 	promptText: autoDraw = True
27.3379 	EXP 	hiddenobserver: autoDraw = True
27.3541 	DATA 	Mouse: Left button down, pos=(1257,218)
27.3657 	EXP 	slider: markerPos = 6.425000041723251
27.3765 	EXP 	slider: markerPos = 6.425000041723251
27.3873 	EXP 	slider: markerPos = 6.425000041723251
27.3981 	EXP 	slider: markerPos = 6.425000041723251
27.4089 	EXP 	slider: markerPos = 6.425000041723251
27.4198 	EXP 	slider: markerPos = 6.425000041723251
27.4301 	DATA 	Mouse:  Left button up, pos=(1257,218)
27.4306 	EXP 	slider: markerPos = 6.425000041723251
27.4413 	EXP 	slider: markerPos = 6.0
27.4435 	EXP 	New trial (rep=4, index=0): None
27.4564 	EXP 	prankText: autoDraw = False
27.4564 	EXP 	promptText: autoDraw = False
27.4564 	EXP 	hiddenobserver: autoDraw = False
27.4564 	EXP 	slider: autoDraw = False
27.4564 	EXP 	primertext: autoDraw = False
27.4564 	EXP 	slider: markerPos = None
27.4564 	EXP 	slider: markerPos = None
27.4564 	EXP 	primertext: text = "You're nothing"
27.4564 	EXP 	prankText: autoDraw = True
27.4564 	EXP 	slider: autoDraw = True
27.4564 	EXP 	primertext: autoDraw = True
27.4646 	EXP 	primertext: autoDraw = False
27.4756 	EXP 	promptText: autoDraw = True
27.4756 	EXP 	hiddenobserver: autoDraw = True
27.5109 	DATA 	Mouse: Left button down, pos=(1257,218)
27.5232 	EXP 	slider: markerPos = 6.425000041723251
27.5340 	EXP 	slider: markerPos = 6.425000041723251
27.5448 	EXP 	slider: markerPos = 6.425000041723251
27.5557 	EXP 	slider: markerPos = 6.425000041723251
27.5664 	EXP 	slider: markerPos = 6.425000041723251
27.5766 	DATA 	Mouse:  Left button up, pos=(1257,218)
27.5771 	EXP 	slider: markerPos = 6.425000041723251
27.5877 	EXP 	slider: markerPos = 6.0
27.5900 	EXP 	New trial (rep=5, index=0): None
27.6028 	EXP 	prankText: autoDraw = False
27.6028 	EXP 	promptText: autoDraw = False
27.6028 	EXP 	hiddenobserver: autoDraw = False
27.6028 	EXP 	slider: autoDraw = False
27.6028 	EXP 	primertext: autoDraw = False
27.6028 	EXP 	slider: markerPos = None
27.6028 	EXP 	slider: markerPos = None
27.6028 	EXP 	primertext: text = "You're nothing"
27.6028 	EXP 	prankText: autoDraw = True
27.6028 	EXP 	slider: autoDraw = True
27.6028 	EXP 	primertext: autoDraw = True
27.6104 	EXP 	primertext: autoDraw = False
27.6208 	EXP 	promptText: autoDraw = True
27.6208 	EXP 	hiddenobserver: autoDraw = True
27.6477 	DATA 	Mouse: Left button down, pos=(1257,217)
27.6594 	EXP 	slider: markerPos = 6.425000041723251
27.6703 	EXP 	slider: markerPos = 6.425000041723251
27.6810 	EXP 	slider: markerPos = 6.425000041723251
27.6919 	EXP 	slider: markerPos = 6.425000041723251
27.7027 	EXP 	slider: markerPos = 6.425000041723251
27.7135 	EXP 	slider: markerPos = 6.425000041723251
27.7244 	EXP 	slider: markerPos = 6.425000041723251
27.7346 	DATA 	Mouse:  Left button up, pos=(1257,217)
27.7352 	EXP 	slider: markerPos = 6.425000041723251
27.7458 	EXP 	slider: markerPos = 6.0
27.7482 	EXP 	New trial (rep=4, index=0): None
27.7524 	EXP 	prankText: autoDraw = False
27.7524 	EXP 	promptText: autoDraw = False
27.7524 	EXP 	hiddenobserver: autoDraw = False
27.7524 	EXP 	slider: autoDraw = False
27.7524 	EXP 	primertext: autoDraw = False
27.7524 	EXP 	prankNumberText: height = 0.1
27.7524 	EXP 	prankNumberText: height = 0.1
27.7524 	EXP 	prankNumberText: height = 0.1
27.7524 	EXP 	prankNumberText: text = 'Prank 5'
27.7524 	EXP 	prankNumberText: autoDraw = True
27.7908 	DATA 	Mouse: Left button down, pos=(1257,217)
27.8681 	DATA 	Mouse:  Left button up, pos=(1257,216)
27.9448 	DATA 	Mouse: Left button down, pos=(1257,216)
28.0146 	DATA 	Mouse:  Left button up, pos=(1257,215)
29.7497 	EXP 	Created sequence: sequential, trialTypes=1, nReps=6, seed=None
29.7499 	EXP 	New trial (rep=0, index=0): None
29.7766 	EXP 	prankNumberText: autoDraw = False
29.7766 	EXP 	slider: markerPos = None
29.7766 	EXP 	slider: markerPos = None
29.7766 	EXP 	primertext: text = "You're nothing"
29.7766 	EXP 	prankText: autoDraw = True
29.7766 	EXP 	slider: autoDraw = True
29.7766 	EXP 	primertext: autoDraw = True
29.7845 	EXP 	primertext: autoDraw = False
29.7949 	EXP 	promptText: autoDraw = True
29.7949 	EXP 	hiddenobserver: autoDraw = True
30.0242 	DATA 	Mouse: Left button down, pos=(1491,219)
30.0362 	EXP 	slider: markerPos = 7.9416667222976685
30.0471 	EXP 	slider: markerPos = 7.9416667222976685
30.0580 	EXP 	slider: markerPos = 7.9416667222976685
30.0689 	EXP 	slider: markerPos = 7.9416667222976685
30.0797 	EXP 	slider: markerPos = 7.9416667222976685
30.0906 	EXP 	slider: markerPos = 7.9416667222976685
30.0921 	DATA 	Mouse:  Left button up, pos=(1491,219)
30.1014 	EXP 	slider: markerPos = 8.0
30.1038 	EXP 	New trial (rep=1, index=0): None
30.1166 	EXP 	prankText: autoDraw = False
30.1166 	EXP 	promptText: autoDraw = False
30.1166 	EXP 	hiddenobserver: autoDraw = False
30.1166 	EXP 	slider: autoDraw = False
30.1166 	EXP 	primertext: autoDraw = False
30.1166 	EXP 	slider: markerPos = None
30.1166 	EXP 	slider: markerPos = None
30.1166 	EXP 	primertext: text = "You're nothing"
30.1166 	EXP 	prankText: autoDraw = True
30.1166 	EXP 	slider: autoDraw = True
30.1166 	EXP 	primertext: autoDraw = True
30.1242 	EXP 	primertext: autoDraw = False
30.1346 	EXP 	promptText: autoDraw = True
30.1346 	EXP 	hiddenobserver: autoDraw = True
30.1793 	DATA 	Mouse: Left button down, pos=(1491,219)
30.1911 	EXP 	slider: markerPos = 7.9416667222976685
30.2020 	EXP 	slider: markerPos = 7.9416667222976685
30.2130 	EXP 	slider: markerPos = 7.9416667222976685
30.2241 	EXP 	slider: markerPos = 7.9416667222976685
30.2345 	DATA 	Mouse:  Left button up, pos=(1491,219)
30.2350 	EXP 	slider: markerPos = 7.9416667222976685
30.2457 	EXP 	slider: markerPos = 8.0
30.2479 	EXP 	New trial (rep=2, index=0): None
30.2607 	EXP 	prankText: autoDraw = False
30.2607 	EXP 	promptText: autoDraw = False
30.2607 	EXP 	hiddenobserver: autoDraw = False
30.2607 	EXP 	slider: autoDraw = False
30.2607 	EXP 	primertext: autoDraw = False
30.2607 	EXP 	slider: markerPos = None
30.2607 	EXP 	slider: markerPos = None
30.2607 	EXP 	primertext: text = "You're nothing"
30.2607 	EXP 	prankText: autoDraw = True
30.2607 	EXP 	slider: autoDraw = True
30.2607 	EXP 	primertext: autoDraw = True
30.2684 	EXP 	primertext: autoDraw = False
30.2785 	EXP 	promptText: autoDraw = True
30.2785 	EXP 	hiddenobserver: autoDraw = True
30.3137 	DATA 	Mouse: Left button down, pos=(1491,219)
30.3261 	EXP 	slider: markerPos = 7.9416667222976685
30.3369 	EXP 	slider: markerPos = 7.9416667222976685
30.3478 	EXP 	slider: markerPos = 7.9416667222976685
30.3586 	EXP 	slider: markerPos = 7.9416667222976685
30.3692 	DATA 	Mouse:  Left button up, pos=(1491,219)
30.3698 	EXP 	slider: markerPos = 7.9416667222976685
30.3804 	EXP 	slider: markerPos = 8.0
30.3829 	EXP 	New trial (rep=3, index=0): None
30.3961 	EXP 	prankText: autoDraw = False
30.3961 	EXP 	promptText: autoDraw = False
30.3961 	EXP 	hiddenobserver: autoDraw = False
30.3961 	EXP 	slider: autoDraw = False
30.3961 	EXP 	primertext: autoDraw = False
30.3961 	EXP 	slider: markerPos = None
30.3961 	EXP 	slider: markerPos = None
30.3961 	EXP 	primertext: text = "You're nothing"
30.3961 	EXP 	prankText: autoDraw = True
30.3961 	EXP 	slider: autoDraw = True
30.3961 	EXP 	primertext: autoDraw = True
30.4039 	EXP 	primertext: autoDraw = False
30.4142 	EXP 	promptText: autoDraw = True
30.4142 	EXP 	hiddenobserver: autoDraw = True
30.4723 	DATA 	Mouse: Left button down, pos=(1491,217)
30.4846 	EXP 	slider: markerPos = 7.9416667222976685
30.4955 	EXP 	slider: markerPos = 7.9416667222976685
30.5064 	EXP 	slider: markerPos = 7.9416667222976685
30.5165 	DATA 	Mouse:  Left button up, pos=(1491,217)
30.5171 	EXP 	slider: markerPos = 7.9416667222976685
30.5277 	EXP 	slider: markerPos = 8.0
30.5299 	EXP 	New trial (rep=4, index=0): None
30.5427 	EXP 	prankText: autoDraw = False
30.5427 	EXP 	promptText: autoDraw = False
30.5427 	EXP 	hiddenobserver: autoDraw = False
30.5427 	EXP 	slider: autoDraw = False
30.5427 	EXP 	primertext: autoDraw = False
30.5427 	EXP 	slider: markerPos = None
30.5427 	EXP 	slider: markerPos = None
30.5427 	EXP 	primertext: text = "You're nothing"
30.5427 	EXP 	prankText: autoDraw = True
30.5427 	EXP 	slider: autoDraw = True
30.5427 	EXP 	primertext: autoDraw = True
30.5503 	EXP 	primertext: autoDraw = False
30.5615 	EXP 	promptText: autoDraw = True
30.5615 	EXP 	hiddenobserver: autoDraw = True
30.6065 	DATA 	Mouse: Left button down, pos=(1491,217)
30.6183 	EXP 	slider: markerPos = 7.9416667222976685
30.6292 	EXP 	slider: markerPos = 7.9416667222976685
30.6400 	EXP 	slider: markerPos = 7.9416667222976685
30.6510 	EXP 	slider: markerPos = 7.9416667222976685
30.6613 	DATA 	Mouse:  Left button up, pos=(1491,217)
30.6618 	EXP 	slider: markerPos = 7.9416667222976685
30.6725 	EXP 	slider: markerPos = 8.0
30.6749 	EXP 	New trial (rep=5, index=0): None
30.6879 	EXP 	prankText: autoDraw = False
30.6879 	EXP 	promptText: autoDraw = False
30.6879 	EXP 	hiddenobserver: autoDraw = False
30.6879 	EXP 	slider: autoDraw = False
30.6879 	EXP 	primertext: autoDraw = False
30.6879 	EXP 	slider: markerPos = None
30.6879 	EXP 	slider: markerPos = None
30.6879 	EXP 	primertext: text = "You're nothing"
30.6879 	EXP 	prankText: autoDraw = True
30.6879 	EXP 	slider: autoDraw = True
30.6879 	EXP 	primertext: autoDraw = True
30.6955 	EXP 	primertext: autoDraw = False
30.7057 	EXP 	promptText: autoDraw = True
30.7057 	EXP 	hiddenobserver: autoDraw = True
30.7325 	DATA 	Mouse: Left button down, pos=(1491,217)
30.7445 	EXP 	slider: markerPos = 7.9416667222976685
30.7554 	EXP 	slider: markerPos = 7.9416667222976685
30.7663 	EXP 	slider: markerPos = 7.9416667222976685
30.7771 	EXP 	slider: markerPos = 7.9416667222976685
30.7879 	EXP 	slider: markerPos = 7.9416667222976685
30.7981 	DATA 	Mouse:  Left button up, pos=(1491,217)
30.7986 	EXP 	slider: markerPos = 7.9416667222976685
30.8092 	EXP 	slider: markerPos = 8.0
30.8962 	DATA 	Mouse: Left button down, pos=(1492,216)
30.9593 	DATA 	Mouse:  Left button up, pos=(1492,216)
30.9602 	EXP 	prankText: autoDraw = False
30.9602 	EXP 	promptText: autoDraw = False
30.9602 	EXP 	hiddenobserver: autoDraw = False
30.9602 	EXP 	slider: autoDraw = False
30.9602 	EXP 	primertext: autoDraw = False
30.9602 	EXP 	respectform: autoDraw = True
31.0433 	DATA 	Mouse: Left button down, pos=(1493,213)
31.1057 	DATA 	Mouse:  Left button up, pos=(1493,213)
32.7623 	DATA 	Mouse: Left button down, pos=(1354,413)
32.8861 	DATA 	Mouse:  Left button up, pos=(1354,413)
33.4791 	DATA 	Mouse: wheel shift=(0,-2), pos=(1266,295)
33.5043 	DATA 	Mouse: wheel shift=(0,-1), pos=(1237,303)
33.5335 	DATA 	Mouse: wheel shift=(0,-1), pos=(1237,303)
33.5627 	DATA 	Mouse: wheel shift=(0,-1), pos=(1237,303)
34.4510 	DATA 	Mouse: Left button down, pos=(1274,318)
34.5406 	DATA 	Mouse:  Left button up, pos=(1274,318)
35.1109 	DATA 	Mouse: Left button down, pos=(1254,317)
35.1948 	DATA 	Mouse:  Left button up, pos=(1254,317)
35.4069 	DATA 	Mouse: Left button down, pos=(1271,311)
35.4615 	DATA 	Mouse:  Left button up, pos=(1271,311)
36.2315 	DATA 	Mouse: Left button down, pos=(1796,61)
36.2958 	DATA 	Mouse:  Left button up, pos=(1796,61)
36.6769 	DATA 	Mouse: Left button down, pos=(1787,74)
36.7433 	DATA 	Mouse:  Left button up, pos=(1787,74)
36.8604 	EXP 	respectform: autoDraw = False
36.8604 	EXP 	angerform: autoDraw = True
37.9146 	DATA 	Mouse: Left button down, pos=(1809,51)
37.9566 	DATA 	Mouse:  Left button up, pos=(1809,51)
37.9731 	EXP 	angerform: autoDraw = False
37.9731 	EXP 	demoForm: autoDraw = True
38.7777 	DATA 	Mouse: Left button down, pos=(1801,54)
38.8020 	EXP 	demoForm: autoDraw = False
38.8020 	EXP 	text_2: autoDraw = True
38.8590 	DATA 	Mouse:  Left button up, pos=(1801,54)
40.3822 	EXP 	text_2: autoDraw = False
40.3822 	EXP 	text_2: autoDraw = False
40.3822 	EXP 	feedbackform: autoDraw = True
40.7257 	DATA 	Mouse: wheel shift=(0,-2), pos=(1250,307)
40.8135 	DATA 	Mouse: wheel shift=(0,-5), pos=(1310,283)
40.9947 	DATA 	Mouse: wheel shift=(0,-1), pos=(1417,259)
41.0781 	DATA 	Mouse: wheel shift=(0,-9), pos=(1418,259)
41.5851 	DATA 	Mouse: Left button down, pos=(1778,55)
41.6225 	EXP 	feedbackform: autoDraw = False
41.6225 	EXP 	debriefform: autoDraw = True
41.6503 	DATA 	Mouse:  Left button up, pos=(1778,55)
42.0320 	DATA 	Mouse: wheel shift=(0,-1), pos=(1231,253)
42.0652 	DATA 	Mouse: wheel shift=(0,-4), pos=(1226,256)
42.0937 	DATA 	Mouse: wheel shift=(0,-2), pos=(1226,256)
42.3020 	DATA 	Mouse: wheel shift=(0,-1), pos=(1232,260)
42.3316 	DATA 	Mouse: wheel shift=(0,-4), pos=(1232,261)
42.3611 	DATA 	Mouse: wheel shift=(0,-2), pos=(1232,261)
42.3926 	DATA 	Mouse: wheel shift=(0,-1), pos=(1232,261)
42.5614 	DATA 	Mouse: wheel shift=(0,-2), pos=(1219,264)
42.5649 	DATA 	Mouse: wheel shift=(0,-1), pos=(1207,264)
42.5937 	DATA 	Mouse: wheel shift=(0,-3), pos=(1204,264)
42.5969 	DATA 	Mouse: wheel shift=(0,-1), pos=(1174,264)
42.6252 	DATA 	Mouse: wheel shift=(0,-1), pos=(1170,264)
42.7849 	DATA 	Mouse: wheel shift=(0,-1), pos=(881,245)
42.8212 	DATA 	Mouse: wheel shift=(0,-3), pos=(821,245)
42.8243 	DATA 	Mouse: wheel shift=(0,-1), pos=(774,247)
42.8498 	DATA 	Mouse: wheel shift=(0,-2), pos=(767,248)
42.8539 	DATA 	Mouse: wheel shift=(0,-1), pos=(718,250)
42.8782 	DATA 	Mouse: wheel shift=(0,-1), pos=(718,250)
43.4661 	DATA 	Mouse: Left button down, pos=(580,242)
43.5531 	DATA 	Mouse:  Left button up, pos=(580,242)
44.3159 	DATA 	Mouse: Left button down, pos=(1783,72)
44.3384 	EXP 	debriefform: autoDraw = False
44.3995 	EXP 	window1: mouseVisible = True
