1.1940 	WARNING 	We strongly recommend you activate the PTB sound engine in PsychoPy prefs as the preferred audio engine. Its timing is vastly superior. Your prefs are currently set to use ['sounddevice', 'PTB', 'pyo', 'pygame'] (in that order).
5.1844 	WARNING 	User requested fullscreen with size [1024  768], but screen is actually [1920, 1080]. Using actual size
5.5971 	EXP 	Created window1 = Window(allowGUI=False, allowStencil=False, autoLog=True, backendConf=UNKNOWN, bitsMode=UNKNOWN, blendMode='avg', bpc=(8, 8, 8), color=array([0, 0, 0]), colorSpace='rgb', depthBits=8, fullscr=<method-wrapper '__getattribute__' of attributeSetter object at 0x0000029CD88EDDF0>, gamma=None, gammaErrorPolicy='raise', lms=UNKNOWN, monitor=<psychopy.monitors.calibTools.Monitor object at 0x0000029CD8D8E6A0>, multiSample=False, name='window1', numSamples=2, pos=(0, 0), screen=0, size=array([1920, 1080]), stencilBits=0, stereo=False, units='height', useFBO=True, useRetina=False, viewOri=0.0, viewPos=None, viewScale=None, waitBlanking=True, winType='pyglet')
5.5975 	EXP 	window1: mouseVisible = True
5.5975 	EXP 	window1: Attempting to measure frame rate of screen (0) ...
5.5975 	EXP 	window1: recordFrameIntervals = False
5.6693 	EXP 	window1: recordFrameIntervals = True
5.7486 	EXP 	Screen (0) actual frame rate measured at 141.12Hz
5.7486 	EXP 	window1: recordFrameIntervals = False
7.2940 	EXP 	window1: mouseVisible = True
7.2984 	EXP 	Imported informationletter.csv as conditions, 12 conditions, 13 params
7.2991 	EXP 	Question text: Information Letter
7.3272 	EXP 	Question text: Project Title: It's All Fun and Pranks
7.3613 	EXP 	Question text: Faculty Investigator: Dr. Chris Burris, Psychology (St. Jerome's). 519-884-8111x28213 (cburris@uwaterloo.ca)
7.4037 	EXP 	Question text: Student Investigator: Maya Karmakar-Johnson, Psychology (mkarmaka@uwaterloo.ca)
7.4110 	EXP 	Question text: This online research is being conducted as part of the Student Investigator's undergraduate honours thesis. It focuses on how people react to pranking behaviour and factors that affect those reactions.
7.4214 	EXP 	Question text: In this study, you will be asked first to read several short accounts of actual pranks and then react to each (for example, how funny you did – or didn't – find that prank to be). You will then be asked to complete two short measures concerning your responses to how other people interact with you – specifically, how important feeling respected and dealing with anger are for you. Finally, we'll ask you to complete a brief demographic questionnaire that asks basic questions such as your age and gender (so that we can accurately summarize the study sample's characteristics in any future reports). After that, you'll be able to learn more about the study's purpose.
7.4444 	EXP 	Question text: We expect this study to take no more than 30 minutes of your time. Participation is voluntary. Although no direct benefits to you are anticipated, we hope that you will learn more about the variety of research methods that are employed to test psychological hypotheses. In appreciation for your participation, you will receive 0.5 participation credits toward your applicable Psychology class.
7.4600 	EXP 	Question text: The risks associated with participation in the study are expected to be no greater than what you might experience in your day-to-day life. Indeed, reacting to others' embarrassing or awkward experiences, as well as how we deal with how people treat us, are common experiences for many. Having said that, you may choose not to complete any proportion of the study but will still receive your 0.5 participation credit. If you do choose to withdraw from the study before reaching the end, we would ask that you please skip to the end to read the feedback letter. Once you have submitted your responses it is not possible to withdraw your consent to participate, however, as we have no way of knowing which responses are yours.
7.4818 	EXP 	Question text: You will be completing the study by an online survey operated by Qualtrics. Qualtrics has implemented technical, administrative, and physical safeguards to protect the information provided via the Services from loss, misuse, and unauthorized access, disclosure, alteration, or destruction. However, no Internet transmission is ever fully secure or error free. University of Waterloo researchers will not collect or use internet protocol (IP) addresses or other information which could link your participation to your computer or electronic device without first informing you.
7.5006 	EXP 	Question text: Your identity will be confidential: your questionnaire responses will be identified by a code. You will not be identified by name in any report, publication, or presentation resulting from this study. If you choose to participate your data will be stored for at least 5 years on the password-protected computer on the Faculty Investigator.
7.5103 	EXP 	Question text: If you have any questions about the study, either before or after participating, please feel free to contact the Faculty Investigator as shown above.
7.5159 	EXP 	Question text: This study has been reviewed and received ethics clearance through a University of Waterloo Research Ethics Board (REB# 44380). If you have questions for the Board, contact the Office of Research Ethics, at 1-519-888-4567 ext. 36005 or reb@uwaterloo.ca
7.5410 	EXP 	window1: mouseVisible = True
7.5911 	EXP 	Created infoletter = <psychopy.visual.form.Form object at 0x0000029CD99E4040>
7.5946 	EXP 	window1: mouseVisible = True
7.5980 	EXP 	Imported consentform.csv as conditions, 8 conditions, 13 params
7.5986 	EXP 	Question text: Consent for Participation
7.6151 	EXP 	Question text: By consenting to participate, you are not waiving your legal rights or releasing the investigator(s) or involved institution(s) from their legal and professional responsibilities.
7.6215 	EXP 	Question text: I have read the information presented in the information letter about a study being conducted under the supervision of Chris Burris, Department of Psychology, St. Jerome's University (cburris@uwaterloo.ca). I have made this decision based on the information provided. I have had the opportunity to ask any questions related to this study, to receive satisfactory answers to my questions, and any additional details I wanted.
7.6328 	EXP 	Question text: As a participant in this online study, I am aware that my identity will remain confidential.
7.6362 	EXP 	Question text: I am aware that I may withdraw from participating before reaching the end of the study without penalty.
7.6397 	EXP 	Question text: This study has been reviewed and received ethics clearance through a University of Waterloo Research Ethics Committee (REB# 44380). If you have questions for the Committee, contact the Office of Research Ethics at 1-519-888-4567 ext. 36005 or ore-ceo@uwaterloo.ca
7.6481 	EXP 	Question text: If you have any questions about the study, either before or after participating, please feel free to contact the Faculty Investigator.
7.6520 	EXP 	Question text: I agree to participate in this study:
7.6555 	EXP 	window1: mouseVisible = True
7.6773 	EXP 	window1: mouseVisible = True
7.7018 	EXP 	Created consentform = <psychopy.visual.form.Form object at 0x0000029CD8880310>
7.7053 	EXP 	window1: mouseVisible = True
7.7085 	EXP 	Imported HO.csv as conditions, 3 conditions, 13 params
7.7090 	EXP 	Question text: Instructions
7.7144 	EXP 	Question text: Imagine that there exists a part deep within you that you could call the "hidden observer." This part of you knows every detail of all behaviour and thought processes that go on within you and is aware of the deepest intimate information about yourself. However, it cannot be asked to talk about this intimate information unless it is allowed by you to do so.
7.7266 	EXP 	Question text: Five brief descriptions of prank experiences from the target's perspective (taken from the website fmylife.com) appear below. Please read each one and - from the perspective of your "hidden observer" - rate your reactions to it.
7.7345 	EXP 	window1: mouseVisible = True
7.7499 	EXP 	Created instructionsform = <psychopy.visual.form.Form object at 0x0000029CD8971700>
7.7630 	EXP 	Created prankNumberText = TextStim(__class__=<class 'psychopy.visual.text.TextStim'>, alignHoriz=method-wrapper(...), alignText='center', alignVert=method-wrapper(...), anchorHoriz='center', anchorVert='center', antialias=True, autoDraw=False, autoLog=True, bold=False, color=array([1., 1., 1.]), colorSpace='rgb', contrast=1.0, depth=0.0, flipHoriz=False, flipVert=False, font='Open Sans', fontFiles=[], height=0.1, italic=False, languageStyle='LTR', name='prankNumberText', opacity=1.0, ori=0.0, pos=array([0., 0.]), rgb=UNKNOWN, text='', units='height', win=Window(...), wrapWidth=1)
7.7643 	EXP 	Created prankText = TextStim(__class__=<class 'psychopy.visual.text.TextStim'>, alignHoriz=method-wrapper(...), alignText='center', alignVert=method-wrapper(...), anchorHoriz='center', anchorVert='center', antialias=True, autoDraw=False, autoLog=True, bold=False, color=array([1., 1., 1.]), colorSpace='rgb', contrast=1.0, depth=0.0, flipHoriz=False, flipVert=False, font='Open Sans', fontFiles=[], height=0.04, italic=False, languageStyle='LTR', name='prankText', opacity=1.0, ori=0.0, pos=array([0. , 0.2]), rgb=UNKNOWN, text='', units='height', win=Window(...), wrapWidth=1)
7.7654 	EXP 	Created promptText = TextStim(__class__=<class 'psychopy.visual.text.TextStim'>, alignHoriz=method-wrapper(...), alignText='center', alignVert=method-wrapper(...), anchorHoriz='center', anchorVert='center', antialias=True, autoDraw=False, autoLog=True, bold=False, color=array([1., 1., 1.]), colorSpace='rgb', contrast=1.0, depth=-1.0, flipHoriz=False, flipVert=False, font='Open Sans', fontFiles=[], height=0.03, italic=False, languageStyle='LTR', name='promptText', opacity=1.0, ori=0.0, pos=array([ 0.  , -0.11]), rgb=UNKNOWN, text='', units='height', win=Window(...), wrapWidth=1)
7.7987 	EXP 	Created hiddenobserver = TextStim(__class__=<class 'psychopy.visual.text.TextStim'>, alignHoriz=method-wrapper(...), alignText='center', alignVert=method-wrapper(...), anchorHoriz='center', anchorVert='center', antialias=True, autoDraw=False, autoLog=True, bold=False, color=array([1., 1., 1.]), colorSpace='rgb', contrast=1.0, depth=-2.0, flipHoriz=False, flipVert=False, font='Open Sans', fontFiles=[], height=0.03, italic=False, languageStyle='LTR', name='hiddenobserver', opacity=1.0, ori=0.0, pos=array([ 0.  , -0.05]), rgb=UNKNOWN, text='My "hidden observer" says that:', units='height', win=Window(...), wrapWidth=1)
7.8034 	EXP 	window1: mouseVisible = True
7.8952 	EXP 	Created slider = Slider(__class__=<class 'psychopy.visual.slider.Slider'>, autoDraw=False, autoLog=True, borderColor=None, color=None, colorSpace='rgb', depth=-3, fillColor=None, flip=True, font='Open Sans', granularity=1.0, labelColor=None, labelHeight=0.05, labelWrapWidth=None, labels=tuple(...), lineColor=None, markerColor=None, name='slider', opacity=None, ori=0.0, pos=array([ 0. , -0.3]), readOnly=False, self=UNKNOWN, size=array([1.  , 0.07]), startValue=None, style='rating', styleTweaks=[], ticks=array([1, 2, 3, 4, 5, 6, 7, 8]), units='height', win=Window(...))
7.8963 	EXP 	Created primertext = TextStim(__class__=<class 'psychopy.visual.text.TextStim'>, alignHoriz=method-wrapper(...), alignText='center', alignVert=method-wrapper(...), anchorHoriz='center', anchorVert='center', antialias=True, autoDraw=False, autoLog=True, bold=False, color=array([0.2098, 0.2098, 0.2059]), colorSpace='rgb', contrast=1.0, depth=-4.0, flipHoriz=False, flipVert=False, font='Open Sans', fontFiles=[], height=0.05, italic=False, languageStyle='LTR', name='primertext', opacity=1.0, ori=0.0, pos=array([0., 0.]), rgb=UNKNOWN, text='', units='height', win=Window(...), wrapWidth=1)
7.9000 	EXP 	Imported aboutrespect_part1.csv as conditions, 8 conditions, 13 params
7.9009 	EXP 	Question text: About Respect
7.9127 	EXP 	Question text: The following questions ask you about what you think other people are like and what you think about how they act.
7.9168 	EXP 	Question text: I feel disrespected when people don’t include me in the group.
7.9224 	EXP 	window1: mouseVisible = True
7.9675 	EXP 	Question text: It is important that people show that they respect you.
7.9714 	EXP 	window1: mouseVisible = True
8.0176 	EXP 	Question text: I feel disrespected when a group is making a decision and I don’t get to say what I think.
8.0220 	EXP 	window1: mouseVisible = True
8.0668 	EXP 	Question text: People want to make you feel like they are better than you.
8.0707 	EXP 	window1: mouseVisible = True
8.1153 	EXP 	Question text: I feel disrespected when people tease me.
8.1189 	EXP 	window1: mouseVisible = True
8.1623 	EXP 	Question text: It is important to let people know that they should respect you.
8.1660 	EXP 	window1: mouseVisible = True
8.2103 	EXP 	window1: mouseVisible = True
8.2526 	EXP 	Created respectform = <psychopy.visual.form.Form object at 0x0000029CD88BFEE0>
8.2559 	EXP 	window1: mouseVisible = True
8.2591 	EXP 	window1: mouseVisible = True
8.2627 	EXP 	Imported aboutanger - Sheet1.csv as conditions, 12 conditions, 13 params
8.2634 	EXP 	Question text: About Anger
8.2693 	EXP 	Question text: Please rate how often you do what is described in each item.
8.2725 	EXP 	Question text: When something makes me angry, I turn this matter over and over again in my mind.
8.2767 	EXP 	window1: mouseVisible = True
8.3007 	EXP 	Question text: I have long living fantasies of revenge after the conflict is over.
8.3045 	EXP 	window1: mouseVisible = True
8.3275 	EXP 	Question text: I ponder about the injustices that have been done to me.
8.3312 	EXP 	window1: mouseVisible = True
8.3542 	EXP 	Question text: I think about the reasons people treat me badly.
8.3578 	EXP 	window1: mouseVisible = True
8.3809 	EXP 	Question text: When someone makes me angry, I can't stop thinking about how to get back at this person.
8.3849 	EXP 	window1: mouseVisible = True
8.4082 	EXP 	Question text: I keep thinking about events that angered me for a long time.
8.4120 	EXP 	window1: mouseVisible = True
8.4347 	EXP 	Question text: Whenever I experience anger, I keep thinking about it for a while.
8.4385 	EXP 	window1: mouseVisible = True
8.4616 	EXP 	Question text: I re-enact the anger episode in my mind after it has happened.
8.4653 	EXP 	window1: mouseVisible = True
8.4882 	EXP 	Question text: I think about certain events from a long time ago and they still make me angry.
8.4921 	EXP 	window1: mouseVisible = True
8.5148 	EXP 	Question text: I have had times when I could not stop being preoccupied with a particular conflict.
8.5187 	EXP 	window1: mouseVisible = True
8.5420 	EXP 	window1: mouseVisible = True
8.5819 	EXP 	Created angerform = <psychopy.visual.form.Form object at 0x0000029CD8D27340>
8.5854 	EXP 	Imported demographic.csv as conditions, 9 conditions, 13 params
8.5861 	EXP 	Question text: Background Information
8.5968 	EXP 	Question text: Please complete the following information so that we can summarize the background characteristics of this study’s participants as part of any subsequent research reports. Your identity is confidential. Remember that you may decline to answer any question by leaving it blank if you choose
8.6053 	EXP 	Question text: Your gender?
8.6105 	EXP 	window1: mouseVisible = True
8.6392 	EXP 	Question text: Gender (if other)
8.6466 	EXP 	Question text: Your Age
8.6500 	EXP 	window1: mouseVisible = True
8.6733 	EXP 	Question text: Your Ethnicity (ie. the ethnic group or nationality with which you most strongly identify)?
8.6793 	EXP 	Question text: Were you born in Canada
8.6827 	EXP 	window1: mouseVisible = True
8.6984 	EXP 	Question text: If you are now living in Canada, but were not born here, how long have you lived here?
8.7043 	EXP 	Question text: Finally, we would like you to write a couple of sentences about something you've done or accomplished recently that you feel really good about:
8.7125 	EXP 	window1: mouseVisible = True
8.7369 	EXP 	Created demoForm = <psychopy.visual.form.Form object at 0x0000029CD8F6EC40>
8.7402 	EXP 	window1: mouseVisible = True
8.7478 	EXP 	Created text_2 = TextStim(__class__=<class 'psychopy.visual.text.TextStim'>, alignHoriz=method-wrapper(...), alignText='center', alignVert=method-wrapper(...), anchorHoriz='center', anchorVert='center', antialias=True, autoDraw=False, autoLog=True, bold=False, color=array([1., 1., 1.]), colorSpace='rgb', contrast=1.0, depth=0.0, flipHoriz=False, flipVert=False, font='Open Sans', fontFiles=[], height=0.05, italic=False, languageStyle='LTR', name='text_2', opacity=1.0, ori=0.0, pos=array([0., 0.]), rgb=UNKNOWN, text='Study Complete', units='height', win=Window(...), wrapWidth=1)
8.7510 	EXP 	window1: mouseVisible = True
8.7556 	EXP 	Imported feedbackletter.csv as conditions, 27 conditions, 13 params
8.7564 	EXP 	Question text: Feedback Letter
8.7619 	EXP 	Question text: Project Title: It's All Fun and Pranks
8.7648 	EXP 	Question text: Faculty Investigator: Dr. Chris Burris, Psychology (St. Jerome's). 519-884-8111x28213 (cburris@uwaterloo.ca)
8.7682 	EXP 	Question text: Student Investigator: Maya Karmakar-Johnson, Psychology (mkarmaka@uwaterloo.ca)
8.7716 	EXP 	Question text: We appreciate your participation, and we thank you for spending time helping us with our research. At the beginning of the study, you were informed that its focus was on how people react to pranking behaviour and factors that affect those reactions. We would now like to explain the purpose of the study in greater detail.
8.7808 	EXP 	Question text: Although many people view pranks as “harmless fun,” Burris and Leitch (2018) showed that pranking can sometimes serve as an outlet for sadistic motivation – understood as wanting someone else to feel bad, however briefly, because the thought of that makes oneself feel good. By their very nature, pranks involve a gotcha whereby the person being pranked is subject to some degree of physical or psychological discomfort – if that doesn’t happen, then the prank is declared to have “failed.”
8.7977 	EXP 	Question text: Importantly, Burris and Leitch (2018) showed that positive reactions to pranks – whether performed by the self or by someone else – were predicted by a joint tendency to feel disrespected and to have difficulty letting go of anger related to past insults. Having identified this combo as the “engine” driving sadistic motivation, Burris and Leitch argued that sadistic motivation’s ultimate goal is to boost back up a self that feels deflated or “squashed,” and that seeing another come to harm is a means to this end.
8.8111 	EXP 	Question text: This analysis of pranking raises a paradox: Most pranksters look happy, even giddy – they don’t look angry or hostile. Dijksterhuis and Aarts (2010) reviewed research suggesting that goals can drive behavior even when the goals are outside of awareness – that is, unconscious. With that in mind, the present study was set up to see whether the presumed ultimate goal driving sadistic motivation – that is, boosting the self – was operating nonconsciously.
8.8230 	EXP 	Question text: To do that, we attempted to create either a “mini-boost” or a “mini-squash” to the self outside of your conscious awareness. Thus, as you read each prank story and reacted to it, you were randomly assigned to any of three possible subliminal primes: (1) “you are awesome” (boost); (2) “you are nothing” (squash); or (3) “people are walking” (neutral). These primes appeared before the general story instructions, before each story, and before each reaction item. After that, we had you complete short versions of the disrespect sensitivity and anger rumination measures used by Burris and Leitch (2018) to identify people who are more or less likely to respond to “squashed” feelings by reacting positively to others’ discomfort. To ensure that any possible negative effect of the “squash” prime would be neutralized quickly, we asked everyone to reflect on a recent positive personal experience at the end of the study.
8.8461 	EXP 	Question text: We expected the most positive reactions to the prank stories to emerge among people who received the “squash” primes, and who already struggle more with feeling angry and disrespected.
8.8524 	EXP 	Question text: So, to be clear, we are indeed interested in how people react to pranking behaviour and factors that affect those reactions, but this study explored a very specific aspect of that – that is, nonconscious motivation, which we investigated by means of subliminal primes.
8.8604 	EXP 	Question text: We apologize that we did not alert to you our use of subliminal primes at the outset – but we hope you understand that, had we done so, you would have probably been on the lookout for (or trying to guess) the primes we were using, which would compromise their effectiveness. Although not all psychology research involves withholding information at the outset like this, there is sometimes no practical alternative that allows for a valid test of hypotheses such as ours concerning nonconscious nature of sadistic motivation. We hope this makes sense to you.
8.8744 	EXP 	Question text: So, to summarize:
8.8777 	EXP 	Question text: 1) Pranking is sometimes used as an outlet for sadistic motivation.
8.8807 	EXP 	Question text: 2) The ultimate goal of sadistic motivation may be to boost the self, even if at others’ expense. 
8.8845 	EXP 	Question text: 3) The present study used subliminal priming to test whether this hypothesized of boosting the self is operating outside of conscious awareness. 
8.8900 	EXP 	Question text: 4) To test our hypothesis, we had to withhold information concerning our use of subliminal primes initially.
8.8935 	EXP 	Question text: Given (4) just above, it is very important that you not discuss your experiences with any other students who potentially could be in this study until after the end of the term. If people come into the study knowing about our specific predictions, it could influence their results, and the data we collect would not be useable. Also, if you print off a copy of this post-study information page, please do not make it available to other students.
8.9054 	EXP 	Question text: Because some elements of the study are different from what was originally explained, there is another consent form for you to read and sign electronically if you are willing to allow us to use the information you have provided. This consent is also a record that the full purpose of the study was explained to you.
8.9147 	EXP 	Question text: We would like to remind you that your confidentiality is guaranteed. Your questionnaire responses will be identified by code number only and you will not be identified by name in any report, publication, or presentation resulting from this study. The data file will be stored for at least 5 years in electronic form on the password-protected computer of the Faculty Investigator.
8.9251 	EXP 	Question text: This study has been reviewed and received ethics clearance through a University of Waterloo Research Ethics Board (#44380). If you have questions for the Board, contact the Office of Research Ethics, at 1-519-888-4567 ext. 36005 or reb@uwaterloo.ca.
8.9329 	EXP 	Question text: If your participation in this study has raised personal issues that concern you, we encourage you to contact UW Counselling Services at 888-4567, ext. 32655.
8.9386 	EXP 	Question text: If you’d like to learn more about the ideas behind this research, we encourage you to read:
8.9419 	EXP 	Question text: Burris, C., & Leitch, R. (2018). Harmful fun: Pranks and sadistic motivation. Motivation And Emotion, 42(1), 90-102. doi: 10.1007/s11031-017-9651-5
8.9512 	EXP 	Question text: Dijksterhuis, A., & Aarts, H. (2010). Goals, attention, and (un)consciousness. Annual Review of Psychology, 61(1), 467-490. https://doi.org/10.1146/annurev.psych.093008.100445
8.9573 	EXP 	Question text: If you’d like more information, feel free to contact the Faculty Investigator as listed above.
8.9607 	EXP 	Question text: We really appreciate your participation, and hope that this has been a worthwhile experience for you.
8.9650 	EXP 	window1: mouseVisible = True
9.0480 	EXP 	Created feedbackform = <psychopy.visual.form.Form object at 0x0000029CD913CA30>
9.0514 	EXP 	window1: mouseVisible = True
9.0547 	EXP 	Imported debriefform.csv as conditions, 7 conditions, 13 params
9.0553 	EXP 	Question text: Post-debriefing Consent Form
9.0594 	EXP 	Question text: Project Title: It's All Fun and Pranks
9.0622 	EXP 	Question text: Faculty Investigator: Dr. Chris Burris, Psychology (St. Jerome's). 519-884-8111x28213 (cburris@uwaterloo.ca)
9.0657 	EXP 	Question text: Student Investigator: Maya Karmakar-Johnson, Psychology (mkarmaka@uwaterloo.ca)
9.0690 	EXP 	Question text: In the online debriefing, I was given an explanation as to why it was necessary for the researchers to withhold some information regarding some elements of this study. I was informed that having full information about the actual purpose of the study might have influenced the way in which I responded to the tasks and this would have invalidated the results. I have now received a complete written explanation as to the actual purpose and procedures of the study. In addition, I have had an opportunity to ask any questions about this and to receive acceptable answers to my questions. I am aware that my decision to give or withhold permission to use my data will not affect my receipt of the applicable research credit.
9.0865 	EXP 	Question text: I am aware that I may contact the Office of Research Ethics, at 1-519-888-4567 ext. 36005 or reb@uwaterloo.ca if I have any concerns or comments resulting from my involvement in this study.
9.0931 	EXP 	Question text: I give my permission for the researchers to use my data and/or the information I provided through the online survey for this study.
9.0990 	EXP 	window1: mouseVisible = True
9.1172 	EXP 	window1: mouseVisible = True
9.1415 	EXP 	Created debriefform = <psychopy.visual.form.Form object at 0x0000029CD91B1790>
9.2307 	EXP 	unnamed Form: autoLog = True
9.2307 	EXP 	infoletter: name = 'infoletter'
9.2307 	EXP 	infoletter: depth = 0
9.2307 	EXP 	unnamed Form: autoLog = True
9.2307 	EXP 	consentform: name = 'consentform'
9.2307 	EXP 	consentform: depth = 0
9.2307 	EXP 	unnamed Form: autoLog = True
9.2307 	EXP 	instructionsform: name = 'instructionsform'
9.2307 	EXP 	instructionsform: depth = 0
9.2307 	EXP 	slider: autoLog = True
9.2307 	EXP 	slider: markerPos = None
9.2307 	EXP 	slider: styleTweaks = []
9.2307 	EXP 	slider: styleTweaks = []
9.2307 	EXP 	slider: styleTweaks = []
9.2307 	EXP 	slider: styleTweaks = []
9.2307 	EXP 	slider: contrast = 1.0
9.2307 	EXP 	slider: autoLog = True
9.2307 	EXP 	unnamed Form: autoLog = True
9.2307 	EXP 	respectform: name = 'respectform'
9.2307 	EXP 	respectform: depth = 0
9.2307 	EXP 	unnamed Form: autoLog = True
9.2307 	EXP 	angerform: name = 'angerform'
9.2307 	EXP 	angerform: depth = 0
9.2307 	EXP 	unnamed Form: autoLog = True
9.2307 	EXP 	demoForm: name = 'demoForm'
9.2307 	EXP 	demoForm: depth = 0
9.2307 	EXP 	unnamed Form: autoLog = True
9.2307 	EXP 	feedbackform: name = 'feedbackform'
9.2307 	EXP 	feedbackform: depth = 0
9.2307 	EXP 	unnamed Form: autoLog = True
9.2307 	EXP 	debriefform: name = 'debriefform'
9.2307 	EXP 	debriefform: depth = 0
9.2307 	EXP 	infoletter: autoDraw = True
10.7166 	DATA 	Mouse: Left button down, pos=(1812,50)
10.7540 	DATA 	Mouse:  Left button up, pos=(1812,50)
10.7584 	EXP 	infoletter: autoDraw = False
10.7584 	EXP 	consentform: autoDraw = True
12.0499 	DATA 	Mouse: wheel shift=(0,-1), pos=(1427,211)
12.0903 	DATA 	Mouse: wheel shift=(0,-2), pos=(1395,213)
12.0997 	DATA 	Mouse: wheel shift=(0,-1), pos=(1364,213)
12.1319 	DATA 	Mouse: wheel shift=(0,-2), pos=(1356,213)
12.1711 	DATA 	Mouse: wheel shift=(0,-1), pos=(1320,214)
12.3722 	DATA 	Mouse: wheel shift=(0,-2), pos=(1301,218)
12.3789 	DATA 	Mouse: wheel shift=(0,-1), pos=(1301,218)
12.4117 	DATA 	Mouse: wheel shift=(0,-3), pos=(1301,218)
12.4184 	DATA 	Mouse: wheel shift=(0,-1), pos=(1301,218)
12.6271 	DATA 	Mouse: wheel shift=(0,-1), pos=(1301,218)
12.6312 	DATA 	Mouse: wheel shift=(0,-1), pos=(1301,218)
12.6388 	DATA 	Mouse: wheel shift=(0,-1), pos=(1301,218)
12.6713 	DATA 	Mouse: wheel shift=(0,-4), pos=(1301,218)
12.6751 	DATA 	Mouse: wheel shift=(0,-1), pos=(1301,218)
12.7080 	DATA 	Mouse: wheel shift=(0,-3), pos=(1301,218)
12.8907 	DATA 	Mouse: wheel shift=(0,-2), pos=(1306,221)
12.9280 	DATA 	Mouse: wheel shift=(0,-5), pos=(1306,221)
12.9323 	DATA 	Mouse: wheel shift=(0,-1), pos=(1306,221)
12.9637 	DATA 	Mouse: wheel shift=(0,-2), pos=(1306,221)
13.1210 	DATA 	Mouse: wheel shift=(0,-1), pos=(1306,221)
13.1565 	DATA 	Mouse: wheel shift=(0,-1), pos=(1306,221)
13.1858 	DATA 	Mouse: wheel shift=(0,-4), pos=(1306,221)
13.1867 	DATA 	Mouse: wheel shift=(0,-2), pos=(1306,221)
14.4711 	DATA 	Mouse: Left button down, pos=(580,239)
14.5774 	DATA 	Mouse:  Left button up, pos=(581,239)
15.3205 	DATA 	Mouse: Left button down, pos=(1792,75)
15.3443 	EXP 	consentform: autoDraw = False
15.3443 	EXP 	instructionsform: autoDraw = True
15.4130 	DATA 	Mouse:  Left button up, pos=(1792,75)
16.8073 	DATA 	Mouse: Left button down, pos=(1827,73)
16.8095 	EXP 	Created sequence: sequential, trialTypes=1, nReps=5, seed=None
16.8097 	EXP 	New trial (rep=0, index=0): None
16.8185 	EXP 	instructionsform: autoDraw = False
16.8185 	EXP 	prankNumberText: height = 0.1
16.8185 	EXP 	prankNumberText: height = 0.1
16.8185 	EXP 	prankNumberText: height = 0.1
16.8185 	EXP 	prankNumberText: text = 'Prank 1'
16.8185 	EXP 	prankNumberText: autoDraw = True
16.8780 	DATA 	Mouse:  Left button up, pos=(1827,73)
18.8149 	EXP 	Created sequence: sequential, trialTypes=1, nReps=6, seed=None
18.8150 	EXP 	New trial (rep=0, index=0): None
18.8617 	EXP 	prankNumberText: autoDraw = False
18.8617 	EXP 	slider: markerPos = None
18.8617 	EXP 	slider: markerPos = None
18.8617 	EXP 	primertext: height = 0.05
18.8617 	EXP 	primertext: height = 0.05
18.8617 	EXP 	primertext: height = 0.05
18.8617 	EXP 	primertext: text = "You're nothing"
18.8617 	EXP 	prankText: autoDraw = True
18.8617 	EXP 	slider: autoDraw = True
18.8617 	EXP 	primertext: autoDraw = True
18.8719 	EXP 	primertext: autoDraw = False
18.8872 	EXP 	promptText: autoDraw = True
18.8872 	EXP 	hiddenobserver: autoDraw = True
20.2314 	DATA 	Mouse: Left button down, pos=(1506,217)
20.2449 	EXP 	slider: markerPos = 8.038888990879059
20.2566 	EXP 	slider: markerPos = 8.038888990879059
20.2684 	EXP 	slider: markerPos = 8.038888990879059
20.2802 	EXP 	slider: markerPos = 8.038888990879059
20.2923 	DATA 	Mouse:  Left button up, pos=(1506,217)
20.2931 	EXP 	slider: markerPos = 8.038888990879059
20.3045 	EXP 	slider: markerPos = 8.0
20.3073 	EXP 	New trial (rep=1, index=0): None
20.3217 	EXP 	prankText: autoDraw = False
20.3217 	EXP 	promptText: autoDraw = False
20.3217 	EXP 	hiddenobserver: autoDraw = False
20.3217 	EXP 	slider: autoDraw = False
20.3217 	EXP 	primertext: autoDraw = False
20.3217 	EXP 	slider: markerPos = None
20.3217 	EXP 	slider: markerPos = None
20.3217 	EXP 	primertext: text = "You're nothing"
20.3217 	EXP 	prankText: autoDraw = True
20.3217 	EXP 	slider: autoDraw = True
20.3217 	EXP 	primertext: autoDraw = True
20.3297 	EXP 	primertext: autoDraw = False
20.3432 	EXP 	promptText: autoDraw = True
20.3432 	EXP 	hiddenobserver: autoDraw = True
20.6773 	DATA 	Mouse: Left button down, pos=(1506,217)
20.6899 	EXP 	slider: markerPos = 8.038888990879059
20.7026 	EXP 	slider: markerPos = 8.038888990879059
20.7138 	EXP 	slider: markerPos = 8.038888990879059
20.7255 	EXP 	slider: markerPos = 8.038888990879059
20.7363 	DATA 	Mouse:  Left button up, pos=(1506,217)
20.7369 	EXP 	slider: markerPos = 8.038888990879059
20.7493 	EXP 	slider: markerPos = 8.0
20.7522 	EXP 	New trial (rep=2, index=0): None
20.7657 	EXP 	prankText: autoDraw = False
20.7657 	EXP 	promptText: autoDraw = False
20.7657 	EXP 	hiddenobserver: autoDraw = False
20.7657 	EXP 	slider: autoDraw = False
20.7657 	EXP 	primertext: autoDraw = False
20.7657 	EXP 	slider: markerPos = None
20.7657 	EXP 	slider: markerPos = None
20.7657 	EXP 	primertext: text = "You're nothing"
20.7657 	EXP 	prankText: autoDraw = True
20.7657 	EXP 	slider: autoDraw = True
20.7657 	EXP 	primertext: autoDraw = True
20.7735 	EXP 	primertext: autoDraw = False
20.7862 	EXP 	promptText: autoDraw = True
20.7862 	EXP 	hiddenobserver: autoDraw = True
21.0407 	DATA 	Mouse: Left button down, pos=(1506,217)
21.0506 	EXP 	slider: markerPos = 8.038888990879059
21.0615 	EXP 	slider: markerPos = 8.038888990879059
21.0724 	EXP 	slider: markerPos = 8.038888990879059
21.0835 	EXP 	slider: markerPos = 8.038888990879059
21.0950 	EXP 	slider: markerPos = 8.038888990879059
21.1053 	DATA 	Mouse:  Left button up, pos=(1506,217)
21.1059 	EXP 	slider: markerPos = 8.038888990879059
21.1165 	EXP 	slider: markerPos = 8.0
21.1188 	EXP 	New trial (rep=3, index=0): None
21.1315 	EXP 	prankText: autoDraw = False
21.1315 	EXP 	promptText: autoDraw = False
21.1315 	EXP 	hiddenobserver: autoDraw = False
21.1315 	EXP 	slider: autoDraw = False
21.1315 	EXP 	primertext: autoDraw = False
21.1315 	EXP 	slider: markerPos = None
21.1315 	EXP 	slider: markerPos = None
21.1315 	EXP 	primertext: text = "You're nothing"
21.1315 	EXP 	prankText: autoDraw = True
21.1315 	EXP 	slider: autoDraw = True
21.1315 	EXP 	primertext: autoDraw = True
21.1391 	EXP 	primertext: autoDraw = False
21.1515 	EXP 	promptText: autoDraw = True
21.1515 	EXP 	hiddenobserver: autoDraw = True
21.4171 	DATA 	Mouse: Left button down, pos=(1506,217)
21.4288 	EXP 	slider: markerPos = 8.038888990879059
21.4397 	EXP 	slider: markerPos = 8.038888990879059
21.4505 	EXP 	slider: markerPos = 8.038888990879059
21.4614 	EXP 	slider: markerPos = 8.038888990879059
21.4716 	DATA 	Mouse:  Left button up, pos=(1506,217)
21.4722 	EXP 	slider: markerPos = 8.038888990879059
21.4828 	EXP 	slider: markerPos = 8.0
21.4851 	EXP 	New trial (rep=4, index=0): None
21.4978 	EXP 	prankText: autoDraw = False
21.4978 	EXP 	promptText: autoDraw = False
21.4978 	EXP 	hiddenobserver: autoDraw = False
21.4978 	EXP 	slider: autoDraw = False
21.4978 	EXP 	primertext: autoDraw = False
21.4978 	EXP 	slider: markerPos = None
21.4978 	EXP 	slider: markerPos = None
21.4978 	EXP 	primertext: text = "You're nothing"
21.4978 	EXP 	prankText: autoDraw = True
21.4978 	EXP 	slider: autoDraw = True
21.4978 	EXP 	primertext: autoDraw = True
21.5055 	EXP 	primertext: autoDraw = False
21.5193 	EXP 	promptText: autoDraw = True
21.5193 	EXP 	hiddenobserver: autoDraw = True
21.7909 	DATA 	Mouse: Left button down, pos=(1506,217)
21.8031 	EXP 	slider: markerPos = 8.038888990879059
21.8141 	EXP 	slider: markerPos = 8.038888990879059
21.8252 	EXP 	slider: markerPos = 8.038888990879059
21.8363 	EXP 	slider: markerPos = 8.038888990879059
21.8467 	DATA 	Mouse:  Left button up, pos=(1506,217)
21.8474 	EXP 	slider: markerPos = 8.038888990879059
21.8587 	EXP 	slider: markerPos = 8.0
21.8612 	EXP 	New trial (rep=5, index=0): None
21.8750 	EXP 	prankText: autoDraw = False
21.8750 	EXP 	promptText: autoDraw = False
21.8750 	EXP 	hiddenobserver: autoDraw = False
21.8750 	EXP 	slider: autoDraw = False
21.8750 	EXP 	primertext: autoDraw = False
21.8750 	EXP 	slider: markerPos = None
21.8750 	EXP 	slider: markerPos = None
21.8750 	EXP 	primertext: text = "You're nothing"
21.8750 	EXP 	prankText: autoDraw = True
21.8750 	EXP 	slider: autoDraw = True
21.8750 	EXP 	primertext: autoDraw = True
21.8827 	EXP 	primertext: autoDraw = False
21.8950 	EXP 	promptText: autoDraw = True
21.8950 	EXP 	hiddenobserver: autoDraw = True
23.2800 	DATA 	Mouse: Left button down, pos=(580,233)
23.2925 	EXP 	slider: markerPos = 2.037037044763565
23.3034 	EXP 	slider: markerPos = 2.037037044763565
23.3143 	EXP 	slider: markerPos = 2.037037044763565
23.3252 	EXP 	slider: markerPos = 2.037037044763565
23.3360 	EXP 	slider: markerPos = 2.037037044763565
23.3468 	EXP 	slider: markerPos = 2.037037044763565
23.3571 	DATA 	Mouse:  Left button up, pos=(580,233)
23.3577 	EXP 	slider: markerPos = 2.037037044763565
23.3682 	EXP 	slider: markerPos = 2.0
23.3708 	EXP 	New trial (rep=1, index=0): None
23.3749 	EXP 	prankText: autoDraw = False
23.3749 	EXP 	promptText: autoDraw = False
23.3749 	EXP 	hiddenobserver: autoDraw = False
23.3749 	EXP 	slider: autoDraw = False
23.3749 	EXP 	primertext: autoDraw = False
23.3749 	EXP 	prankNumberText: height = 0.1
23.3749 	EXP 	prankNumberText: height = 0.1
23.3749 	EXP 	prankNumberText: height = 0.1
23.3749 	EXP 	prankNumberText: text = 'Prank 2'
23.3749 	EXP 	prankNumberText: autoDraw = True
25.3719 	EXP 	Created sequence: sequential, trialTypes=1, nReps=6, seed=None
25.3720 	EXP 	New trial (rep=0, index=0): None
25.3986 	EXP 	prankNumberText: autoDraw = False
25.3986 	EXP 	slider: markerPos = None
25.3986 	EXP 	slider: markerPos = None
25.3986 	EXP 	primertext: text = "You're nothing"
25.3986 	EXP 	prankText: autoDraw = True
25.3986 	EXP 	slider: autoDraw = True
25.3986 	EXP 	primertext: autoDraw = True
25.4071 	EXP 	primertext: autoDraw = False
25.4181 	EXP 	promptText: autoDraw = True
25.4181 	EXP 	hiddenobserver: autoDraw = True
25.9708 	DATA 	Mouse: Left button down, pos=(428,215)
25.9810 	EXP 	slider: markerPos = 1.0518517792224884
25.9923 	EXP 	slider: markerPos = 1.0518517792224884
26.0033 	EXP 	slider: markerPos = 1.0518517792224884
26.0149 	EXP 	slider: markerPos = 1.0583332777023315
26.0269 	EXP 	slider: markerPos = 1.0712962746620178
26.0387 	EXP 	slider: markerPos = 1.084259271621704
26.0502 	EXP 	slider: markerPos = 1.0972222685813904
26.0609 	DATA 	Mouse:  Left button up, pos=(439,214)
26.0615 	EXP 	slider: markerPos = 1.1101852655410767
26.0728 	EXP 	slider: markerPos = 1.0
26.0753 	EXP 	New trial (rep=1, index=0): None
26.0889 	EXP 	prankText: autoDraw = False
26.0889 	EXP 	promptText: autoDraw = False
26.0889 	EXP 	hiddenobserver: autoDraw = False
26.0889 	EXP 	slider: autoDraw = False
26.0889 	EXP 	primertext: autoDraw = False
26.0889 	EXP 	slider: markerPos = None
26.0889 	EXP 	slider: markerPos = None
26.0889 	EXP 	primertext: text = "You're nothing"
26.0889 	EXP 	prankText: autoDraw = True
26.0889 	EXP 	slider: autoDraw = True
26.0889 	EXP 	primertext: autoDraw = True
26.0973 	EXP 	primertext: autoDraw = False
26.1082 	EXP 	promptText: autoDraw = True
26.1082 	EXP 	hiddenobserver: autoDraw = True
26.3104 	DATA 	Mouse: Left button down, pos=(593,214)
26.3231 	EXP 	slider: markerPos = 2.121296316385269
26.3341 	EXP 	slider: markerPos = 2.121296316385269
26.3451 	EXP 	slider: markerPos = 2.121296316385269
26.3562 	EXP 	slider: markerPos = 2.121296316385269
26.3673 	EXP 	slider: markerPos = 2.121296316385269
26.3790 	EXP 	slider: markerPos = 2.121296316385269
26.3896 	DATA 	Mouse:  Left button up, pos=(593,214)
26.3902 	EXP 	slider: markerPos = 2.121296316385269
26.4010 	EXP 	slider: markerPos = 2.0
26.4034 	EXP 	New trial (rep=2, index=0): None
26.4173 	EXP 	prankText: autoDraw = False
26.4173 	EXP 	promptText: autoDraw = False
26.4173 	EXP 	hiddenobserver: autoDraw = False
26.4173 	EXP 	slider: autoDraw = False
26.4173 	EXP 	primertext: autoDraw = False
26.4173 	EXP 	slider: markerPos = None
26.4173 	EXP 	slider: markerPos = None
26.4173 	EXP 	primertext: text = "You're nothing"
26.4173 	EXP 	prankText: autoDraw = True
26.4173 	EXP 	slider: autoDraw = True
26.4173 	EXP 	primertext: autoDraw = True
26.4256 	EXP 	primertext: autoDraw = False
26.4364 	EXP 	promptText: autoDraw = True
26.4364 	EXP 	hiddenobserver: autoDraw = True
26.6668 	DATA 	Mouse: Left button down, pos=(752,219)
26.6793 	EXP 	slider: markerPos = 3.151851862668991
26.6905 	EXP 	slider: markerPos = 3.151851862668991
26.7017 	EXP 	slider: markerPos = 3.151851862668991
26.7128 	EXP 	slider: markerPos = 3.151851862668991
26.7233 	DATA 	Mouse:  Left button up, pos=(752,219)
26.7238 	EXP 	slider: markerPos = 3.151851862668991
26.7349 	EXP 	slider: markerPos = 3.0
26.7375 	EXP 	New trial (rep=3, index=0): None
26.7515 	EXP 	prankText: autoDraw = False
26.7515 	EXP 	promptText: autoDraw = False
26.7515 	EXP 	hiddenobserver: autoDraw = False
26.7515 	EXP 	slider: autoDraw = False
26.7515 	EXP 	primertext: autoDraw = False
26.7515 	EXP 	slider: markerPos = None
26.7515 	EXP 	slider: markerPos = None
26.7515 	EXP 	primertext: text = "You're nothing"
26.7515 	EXP 	prankText: autoDraw = True
26.7515 	EXP 	slider: autoDraw = True
26.7515 	EXP 	primertext: autoDraw = True
26.7600 	EXP 	primertext: autoDraw = False
26.7721 	EXP 	promptText: autoDraw = True
26.7721 	EXP 	hiddenobserver: autoDraw = True
26.9994 	DATA 	Mouse: Left button down, pos=(912,213)
27.0122 	EXP 	slider: markerPos = 4.188888881355524
27.0234 	EXP 	slider: markerPos = 4.188888881355524
27.0349 	EXP 	slider: markerPos = 4.188888881355524
27.0466 	EXP 	slider: markerPos = 4.188888881355524
27.0579 	EXP 	slider: markerPos = 4.188888881355524
27.0692 	EXP 	slider: markerPos = 4.188888881355524
27.0799 	DATA 	Mouse:  Left button up, pos=(912,213)
27.0807 	EXP 	slider: markerPos = 4.188888881355524
27.0919 	EXP 	slider: markerPos = 4.0
27.0948 	EXP 	New trial (rep=4, index=0): None
27.1092 	EXP 	prankText: autoDraw = False
27.1092 	EXP 	promptText: autoDraw = False
27.1092 	EXP 	hiddenobserver: autoDraw = False
27.1092 	EXP 	slider: autoDraw = False
27.1092 	EXP 	primertext: autoDraw = False
27.1092 	EXP 	slider: markerPos = None
27.1092 	EXP 	slider: markerPos = None
27.1092 	EXP 	primertext: text = "You're nothing"
27.1092 	EXP 	prankText: autoDraw = True
27.1092 	EXP 	slider: autoDraw = True
27.1092 	EXP 	primertext: autoDraw = True
27.1183 	EXP 	primertext: autoDraw = False
27.1309 	EXP 	promptText: autoDraw = True
27.1309 	EXP 	hiddenobserver: autoDraw = True
27.3764 	DATA 	Mouse: Left button down, pos=(1054,213)
27.3886 	EXP 	slider: markerPos = 5.109259240329266
27.3997 	EXP 	slider: markerPos = 5.109259240329266
27.4106 	EXP 	slider: markerPos = 5.109259240329266
27.4214 	EXP 	slider: markerPos = 5.109259240329266
27.4323 	EXP 	slider: markerPos = 5.109259240329266
27.4425 	DATA 	Mouse:  Left button up, pos=(1054,213)
27.4431 	EXP 	slider: markerPos = 5.109259240329266
27.4539 	EXP 	slider: markerPos = 5.0
27.4564 	EXP 	New trial (rep=5, index=0): None
27.4698 	EXP 	prankText: autoDraw = False
27.4698 	EXP 	promptText: autoDraw = False
27.4698 	EXP 	hiddenobserver: autoDraw = False
27.4698 	EXP 	slider: autoDraw = False
27.4698 	EXP 	primertext: autoDraw = False
27.4698 	EXP 	slider: markerPos = None
27.4698 	EXP 	slider: markerPos = None
27.4698 	EXP 	primertext: text = "You're nothing"
27.4698 	EXP 	prankText: autoDraw = True
27.4698 	EXP 	slider: autoDraw = True
27.4698 	EXP 	primertext: autoDraw = True
27.4775 	EXP 	primertext: autoDraw = False
27.4878 	EXP 	promptText: autoDraw = True
27.4878 	EXP 	hiddenobserver: autoDraw = True
28.2036 	DATA 	Mouse: Left button down, pos=(1200,216)
28.2175 	EXP 	slider: markerPos = 6.055555567145348
28.2286 	EXP 	slider: markerPos = 6.055555567145348
28.2394 	EXP 	slider: markerPos = 6.055555567145348
28.2503 	EXP 	slider: markerPos = 6.055555567145348
28.2603 	DATA 	Mouse:  Left button up, pos=(1200,216)
28.2609 	EXP 	slider: markerPos = 6.055555567145348
28.2721 	EXP 	slider: markerPos = 6.0
28.2747 	EXP 	New trial (rep=2, index=0): None
28.2792 	EXP 	prankText: autoDraw = False
28.2792 	EXP 	promptText: autoDraw = False
28.2792 	EXP 	hiddenobserver: autoDraw = False
28.2792 	EXP 	slider: autoDraw = False
28.2792 	EXP 	primertext: autoDraw = False
28.2792 	EXP 	prankNumberText: height = 0.1
28.2792 	EXP 	prankNumberText: height = 0.1
28.2792 	EXP 	prankNumberText: height = 0.1
28.2792 	EXP 	prankNumberText: text = 'Prank 3'
28.2792 	EXP 	prankNumberText: autoDraw = True
30.2740 	EXP 	Created sequence: sequential, trialTypes=1, nReps=6, seed=None
30.2742 	EXP 	New trial (rep=0, index=0): None
30.3005 	EXP 	prankNumberText: autoDraw = False
30.3005 	EXP 	prankNumberText: autoDraw = False
30.3005 	EXP 	slider: markerPos = None
30.3005 	EXP 	slider: markerPos = None
30.3005 	EXP 	primertext: text = "You're nothing"
30.3005 	EXP 	prankText: autoDraw = True
30.3005 	EXP 	slider: autoDraw = True
30.3005 	EXP 	primertext: autoDraw = True
30.3096 	EXP 	primertext: autoDraw = False
30.3209 	EXP 	promptText: autoDraw = True
30.3209 	EXP 	hiddenobserver: autoDraw = True
30.6554 	DATA 	Mouse: Left button down, pos=(1501,223)
30.6678 	EXP 	slider: markerPos = 8.006481289863586
30.6788 	EXP 	slider: markerPos = 8.006481289863586
30.6899 	EXP 	slider: markerPos = 8.006481289863586
30.7008 	EXP 	slider: markerPos = 8.006481289863586
30.7116 	EXP 	slider: markerPos = 8.006481289863586
30.7221 	DATA 	Mouse:  Left button up, pos=(1499,222)
30.7228 	EXP 	slider: markerPos = 8.0
30.7343 	EXP 	slider: markerPos = 8.0
30.7370 	EXP 	New trial (rep=1, index=0): None
30.7505 	EXP 	prankText: autoDraw = False
30.7505 	EXP 	promptText: autoDraw = False
30.7505 	EXP 	hiddenobserver: autoDraw = False
30.7505 	EXP 	slider: autoDraw = False
30.7505 	EXP 	primertext: autoDraw = False
30.7505 	EXP 	slider: markerPos = None
30.7505 	EXP 	slider: markerPos = None
30.7505 	EXP 	primertext: text = "You're nothing"
30.7505 	EXP 	prankText: autoDraw = True
30.7505 	EXP 	slider: autoDraw = True
30.7505 	EXP 	primertext: autoDraw = True
30.7587 	EXP 	primertext: autoDraw = False
30.7699 	EXP 	promptText: autoDraw = True
30.7699 	EXP 	hiddenobserver: autoDraw = True
31.0013 	DATA 	Mouse: Left button down, pos=(1362,219)
31.0139 	EXP 	slider: markerPos = 7.099074006080627
31.0253 	EXP 	slider: markerPos = 7.092592507600784
31.0366 	EXP 	slider: markerPos = 7.086111009120941
31.0477 	EXP 	slider: markerPos = 7.086111009120941
31.0597 	EXP 	slider: markerPos = 7.086111009120941
31.0707 	EXP 	slider: markerPos = 7.086111009120941
31.0817 	EXP 	slider: markerPos = 7.086111009120941
31.0929 	EXP 	slider: markerPos = 7.086111009120941
31.1033 	DATA 	Mouse:  Left button up, pos=(1357,217)
31.1042 	EXP 	slider: markerPos = 7.079629719257355
31.1156 	EXP 	slider: markerPos = 7.0
31.1180 	EXP 	New trial (rep=2, index=0): None
31.1313 	EXP 	prankText: autoDraw = False
31.1313 	EXP 	promptText: autoDraw = False
31.1313 	EXP 	hiddenobserver: autoDraw = False
31.1313 	EXP 	slider: autoDraw = False
31.1313 	EXP 	primertext: autoDraw = False
31.1313 	EXP 	slider: markerPos = None
31.1313 	EXP 	slider: markerPos = None
31.1313 	EXP 	primertext: text = "You're nothing"
31.1313 	EXP 	prankText: autoDraw = True
31.1313 	EXP 	slider: autoDraw = True
31.1313 	EXP 	primertext: autoDraw = True
31.1397 	EXP 	primertext: autoDraw = False
31.1506 	EXP 	promptText: autoDraw = True
31.1506 	EXP 	hiddenobserver: autoDraw = True
31.6295 	DATA 	Mouse: Left button down, pos=(1194,210)
31.6419 	EXP 	slider: markerPos = 6.016666680574417
31.6530 	EXP 	slider: markerPos = 6.016666680574417
31.6640 	EXP 	slider: markerPos = 6.016666680574417
31.6749 	EXP 	slider: markerPos = 6.016666680574417
31.6854 	DATA 	Mouse:  Left button up, pos=(1192,210)
31.6861 	EXP 	slider: markerPos = 6.010185182094574
31.6975 	EXP 	slider: markerPos = 6.0
31.6999 	EXP 	New trial (rep=3, index=0): None
31.7133 	EXP 	prankText: autoDraw = False
31.7133 	EXP 	promptText: autoDraw = False
31.7133 	EXP 	hiddenobserver: autoDraw = False
31.7133 	EXP 	slider: autoDraw = False
31.7133 	EXP 	primertext: autoDraw = False
31.7133 	EXP 	slider: markerPos = None
31.7133 	EXP 	slider: markerPos = None
31.7133 	EXP 	primertext: text = "You're nothing"
31.7133 	EXP 	prankText: autoDraw = True
31.7133 	EXP 	slider: autoDraw = True
31.7133 	EXP 	primertext: autoDraw = True
31.7214 	EXP 	primertext: autoDraw = False
31.7324 	EXP 	promptText: autoDraw = True
31.7324 	EXP 	hiddenobserver: autoDraw = True
31.9548 	DATA 	Mouse: Left button down, pos=(1035,223)
31.9672 	EXP 	slider: markerPos = 4.986111134290695
31.9782 	EXP 	slider: markerPos = 4.986111134290695
31.9891 	EXP 	slider: markerPos = 4.986111134290695
32.0001 	EXP 	slider: markerPos = 4.986111134290695
32.0109 	EXP 	slider: markerPos = 4.986111134290695
32.0222 	EXP 	slider: markerPos = 4.973148137331009
32.0342 	EXP 	slider: markerPos = 4.960185192525387
32.0450 	DATA 	Mouse:  Left button up, pos=(1026,223)
32.0456 	EXP 	slider: markerPos = 4.927777778357267
32.0567 	EXP 	slider: markerPos = 5.0
32.0592 	EXP 	New trial (rep=4, index=0): None
32.0726 	EXP 	prankText: autoDraw = False
32.0726 	EXP 	promptText: autoDraw = False
32.0726 	EXP 	hiddenobserver: autoDraw = False
32.0726 	EXP 	slider: autoDraw = False
32.0726 	EXP 	primertext: autoDraw = False
32.0726 	EXP 	slider: markerPos = None
32.0726 	EXP 	slider: markerPos = None
32.0726 	EXP 	primertext: text = "You're nothing"
32.0726 	EXP 	prankText: autoDraw = True
32.0726 	EXP 	slider: autoDraw = True
32.0726 	EXP 	primertext: autoDraw = True
32.0809 	EXP 	primertext: autoDraw = False
32.0927 	EXP 	promptText: autoDraw = True
32.0927 	EXP 	hiddenobserver: autoDraw = True
32.2731 	DATA 	Mouse: Left button down, pos=(871,222)
32.2852 	EXP 	slider: markerPos = 3.9231481477618217
32.2963 	EXP 	slider: markerPos = 3.9231481477618217
32.3071 	EXP 	slider: markerPos = 3.9231481477618217
32.3180 	EXP 	slider: markerPos = 3.9231481477618217
32.3288 	EXP 	slider: markerPos = 3.9231481477618217
32.3397 	EXP 	slider: markerPos = 3.9231481477618217
32.3499 	DATA 	Mouse:  Left button up, pos=(870,222)
32.3506 	EXP 	slider: markerPos = 3.9166666492819786
32.3612 	EXP 	slider: markerPos = 4.0
32.3636 	EXP 	New trial (rep=5, index=0): None
32.3775 	EXP 	prankText: autoDraw = False
32.3775 	EXP 	promptText: autoDraw = False
32.3775 	EXP 	hiddenobserver: autoDraw = False
32.3775 	EXP 	slider: autoDraw = False
32.3775 	EXP 	primertext: autoDraw = False
32.3775 	EXP 	slider: markerPos = None
32.3775 	EXP 	slider: markerPos = None
32.3775 	EXP 	primertext: text = "You're nothing"
32.3775 	EXP 	prankText: autoDraw = True
32.3775 	EXP 	slider: autoDraw = True
32.3775 	EXP 	primertext: autoDraw = True
32.3857 	EXP 	primertext: autoDraw = False
32.3965 	EXP 	promptText: autoDraw = True
32.3965 	EXP 	hiddenobserver: autoDraw = True
32.6546 	DATA 	Mouse: Left button down, pos=(766,219)
32.6649 	EXP 	slider: markerPos = 3.2425926327705383
32.6759 	EXP 	slider: markerPos = 3.2425926327705383
32.6870 	EXP 	slider: markerPos = 3.2425926327705383
32.6978 	EXP 	slider: markerPos = 3.2425926327705383
32.7087 	EXP 	slider: markerPos = 3.2425926327705383
32.7196 	EXP 	slider: markerPos = 3.2425926327705383
32.7297 	DATA 	Mouse:  Left button up, pos=(766,219)
32.7302 	EXP 	slider: markerPos = 3.2425926327705383
32.7408 	EXP 	slider: markerPos = 3.0
32.7433 	EXP 	New trial (rep=3, index=0): None
32.7474 	EXP 	prankText: autoDraw = False
32.7474 	EXP 	promptText: autoDraw = False
32.7474 	EXP 	hiddenobserver: autoDraw = False
32.7474 	EXP 	slider: autoDraw = False
32.7474 	EXP 	primertext: autoDraw = False
32.7474 	EXP 	prankNumberText: height = 0.1
32.7474 	EXP 	prankNumberText: height = 0.1
32.7474 	EXP 	prankNumberText: height = 0.1
32.7474 	EXP 	prankNumberText: text = 'Prank 4'
32.7474 	EXP 	prankNumberText: autoDraw = True
34.7449 	EXP 	Created sequence: sequential, trialTypes=1, nReps=6, seed=None
34.7450 	EXP 	New trial (rep=0, index=0): None
34.7717 	EXP 	prankNumberText: autoDraw = False
34.7717 	EXP 	slider: markerPos = None
34.7717 	EXP 	slider: markerPos = None
34.7717 	EXP 	primertext: text = "You're nothing"
34.7717 	EXP 	prankText: autoDraw = True
34.7717 	EXP 	slider: autoDraw = True
34.7717 	EXP 	primertext: autoDraw = True
34.7800 	EXP 	primertext: autoDraw = False
34.7912 	EXP 	promptText: autoDraw = True
34.7912 	EXP 	hiddenobserver: autoDraw = True
35.4883 	DATA 	Mouse: Left button down, pos=(1036,213)
35.5010 	EXP 	slider: markerPos = 4.992592580616474
35.5121 	EXP 	slider: markerPos = 4.992592580616474
35.5231 	EXP 	slider: markerPos = 4.992592580616474
35.5343 	EXP 	slider: markerPos = 4.992592580616474
35.5452 	EXP 	slider: markerPos = 4.992592580616474
35.5569 	EXP 	slider: markerPos = 4.992592580616474
35.5678 	DATA 	Mouse:  Left button up, pos=(1036,213)
35.5685 	EXP 	slider: markerPos = 4.992592580616474
35.5794 	EXP 	slider: markerPos = 5.0
35.5818 	EXP 	New trial (rep=1, index=0): None
35.5947 	EXP 	prankText: autoDraw = False
35.5947 	EXP 	promptText: autoDraw = False
35.5947 	EXP 	hiddenobserver: autoDraw = False
35.5947 	EXP 	slider: autoDraw = False
35.5947 	EXP 	primertext: autoDraw = False
35.5947 	EXP 	slider: markerPos = None
35.5947 	EXP 	slider: markerPos = None
35.5947 	EXP 	primertext: text = "You're nothing"
35.5947 	EXP 	prankText: autoDraw = True
35.5947 	EXP 	slider: autoDraw = True
35.5947 	EXP 	primertext: autoDraw = True
35.6025 	EXP 	primertext: autoDraw = False
35.6130 	EXP 	promptText: autoDraw = True
35.6130 	EXP 	hiddenobserver: autoDraw = True
35.8503 	DATA 	Mouse: Left button down, pos=(1036,213)
35.8630 	EXP 	slider: markerPos = 4.992592580616474
35.8743 	EXP 	slider: markerPos = 4.992592580616474
35.8856 	EXP 	slider: markerPos = 4.992592580616474
35.8970 	EXP 	slider: markerPos = 4.992592580616474
35.9073 	DATA 	Mouse:  Left button up, pos=(1036,213)
35.9079 	EXP 	slider: markerPos = 4.992592580616474
35.9187 	EXP 	slider: markerPos = 5.0
35.9210 	EXP 	New trial (rep=2, index=0): None
35.9338 	EXP 	prankText: autoDraw = False
35.9338 	EXP 	promptText: autoDraw = False
35.9338 	EXP 	hiddenobserver: autoDraw = False
35.9338 	EXP 	slider: autoDraw = False
35.9338 	EXP 	primertext: autoDraw = False
35.9338 	EXP 	slider: markerPos = None
35.9338 	EXP 	slider: markerPos = None
35.9338 	EXP 	primertext: text = "You're nothing"
35.9338 	EXP 	prankText: autoDraw = True
35.9338 	EXP 	slider: autoDraw = True
35.9338 	EXP 	primertext: autoDraw = True
35.9417 	EXP 	primertext: autoDraw = False
35.9519 	EXP 	promptText: autoDraw = True
35.9519 	EXP 	hiddenobserver: autoDraw = True
36.1661 	DATA 	Mouse: Left button down, pos=(1036,213)
36.1781 	EXP 	slider: markerPos = 4.992592580616474
36.1892 	EXP 	slider: markerPos = 4.992592580616474
36.2002 	EXP 	slider: markerPos = 4.992592580616474
36.2113 	EXP 	slider: markerPos = 4.992592580616474
36.2223 	EXP 	slider: markerPos = 4.992592580616474
36.2333 	EXP 	slider: markerPos = 4.992592580616474
36.2348 	DATA 	Mouse:  Left button up, pos=(1036,213)
36.2441 	EXP 	slider: markerPos = 5.0
36.2465 	EXP 	New trial (rep=3, index=0): None
36.2599 	EXP 	prankText: autoDraw = False
36.2599 	EXP 	promptText: autoDraw = False
36.2599 	EXP 	hiddenobserver: autoDraw = False
36.2599 	EXP 	slider: autoDraw = False
36.2599 	EXP 	primertext: autoDraw = False
36.2599 	EXP 	slider: markerPos = None
36.2599 	EXP 	slider: markerPos = None
36.2599 	EXP 	primertext: text = "You're nothing"
36.2599 	EXP 	prankText: autoDraw = True
36.2599 	EXP 	slider: autoDraw = True
36.2599 	EXP 	primertext: autoDraw = True
36.2675 	EXP 	primertext: autoDraw = False
36.2780 	EXP 	promptText: autoDraw = True
36.2780 	EXP 	hiddenobserver: autoDraw = True
36.4892 	DATA 	Mouse: Left button down, pos=(1037,213)
36.5018 	EXP 	slider: markerPos = 4.999074079096317
36.5130 	EXP 	slider: markerPos = 4.999074079096317
36.5240 	EXP 	slider: markerPos = 4.999074079096317
36.5349 	EXP 	slider: markerPos = 4.999074079096317
36.5452 	DATA 	Mouse:  Left button up, pos=(1037,213)
36.5458 	EXP 	slider: markerPos = 4.999074079096317
36.5565 	EXP 	slider: markerPos = 5.0
36.5588 	EXP 	New trial (rep=4, index=0): None
36.5718 	EXP 	prankText: autoDraw = False
36.5718 	EXP 	promptText: autoDraw = False
36.5718 	EXP 	hiddenobserver: autoDraw = False
36.5718 	EXP 	slider: autoDraw = False
36.5718 	EXP 	primertext: autoDraw = False
36.5718 	EXP 	slider: markerPos = None
36.5718 	EXP 	slider: markerPos = None
36.5718 	EXP 	primertext: text = "You're nothing"
36.5718 	EXP 	prankText: autoDraw = True
36.5718 	EXP 	slider: autoDraw = True
36.5718 	EXP 	primertext: autoDraw = True
36.5801 	EXP 	primertext: autoDraw = False
36.5917 	EXP 	promptText: autoDraw = True
36.5917 	EXP 	hiddenobserver: autoDraw = True
36.8038 	DATA 	Mouse: Left button down, pos=(1037,213)
36.8159 	EXP 	slider: markerPos = 4.999074079096317
36.8269 	EXP 	slider: markerPos = 4.999074079096317
36.8380 	EXP 	slider: markerPos = 4.999074079096317
36.8491 	EXP 	slider: markerPos = 4.999074079096317
36.8602 	EXP 	slider: markerPos = 4.999074079096317
36.8706 	DATA 	Mouse:  Left button up, pos=(1037,213)
36.8712 	EXP 	slider: markerPos = 4.999074079096317
36.8822 	EXP 	slider: markerPos = 5.0
36.8847 	EXP 	New trial (rep=5, index=0): None
36.8986 	EXP 	prankText: autoDraw = False
36.8986 	EXP 	promptText: autoDraw = False
36.8986 	EXP 	hiddenobserver: autoDraw = False
36.8986 	EXP 	slider: autoDraw = False
36.8986 	EXP 	primertext: autoDraw = False
36.8986 	EXP 	slider: markerPos = None
36.8986 	EXP 	slider: markerPos = None
36.8986 	EXP 	primertext: text = "You're nothing"
36.8986 	EXP 	prankText: autoDraw = True
36.8986 	EXP 	slider: autoDraw = True
36.8986 	EXP 	primertext: autoDraw = True
36.9065 	EXP 	primertext: autoDraw = False
36.9170 	EXP 	promptText: autoDraw = True
36.9170 	EXP 	hiddenobserver: autoDraw = True
37.2017 	DATA 	Mouse: Left button down, pos=(1037,213)
37.2164 	EXP 	slider: markerPos = 4.999074079096317
37.2286 	EXP 	slider: markerPos = 4.999074079096317
37.2409 	EXP 	slider: markerPos = 4.999074079096317
37.2531 	EXP 	slider: markerPos = 4.999074079096317
37.2653 	EXP 	slider: markerPos = 4.999074079096317
37.2755 	DATA 	Mouse:  Left button up, pos=(1037,213)
37.2774 	EXP 	slider: markerPos = 4.999074079096317
37.2893 	EXP 	slider: markerPos = 5.0
37.2919 	EXP 	New trial (rep=4, index=0): None
37.2972 	EXP 	prankText: autoDraw = False
37.2972 	EXP 	promptText: autoDraw = False
37.2972 	EXP 	hiddenobserver: autoDraw = False
37.2972 	EXP 	slider: autoDraw = False
37.2972 	EXP 	primertext: autoDraw = False
37.2972 	EXP 	prankNumberText: height = 0.1
37.2972 	EXP 	prankNumberText: height = 0.1
37.2972 	EXP 	prankNumberText: height = 0.1
37.2972 	EXP 	prankNumberText: text = 'Prank 5'
37.2972 	EXP 	prankNumberText: autoDraw = True
39.2956 	EXP 	Created sequence: sequential, trialTypes=1, nReps=6, seed=None
39.2957 	EXP 	New trial (rep=0, index=0): None
39.3224 	EXP 	prankNumberText: autoDraw = False
39.3224 	EXP 	slider: markerPos = None
39.3224 	EXP 	slider: markerPos = None
39.3224 	EXP 	primertext: text = "You're nothing"
39.3224 	EXP 	prankText: autoDraw = True
39.3224 	EXP 	slider: autoDraw = True
39.3224 	EXP 	primertext: autoDraw = True
39.3315 	EXP 	primertext: autoDraw = False
39.3430 	EXP 	promptText: autoDraw = True
39.3430 	EXP 	hiddenobserver: autoDraw = True
39.6119 	DATA 	Mouse: Left button down, pos=(904,219)
39.6269 	EXP 	slider: markerPos = 4.1370370499789715
39.6392 	EXP 	slider: markerPos = 4.1370370499789715
39.6513 	EXP 	slider: markerPos = 4.1370370499789715
39.6660 	EXP 	slider: markerPos = 4.1370370499789715
39.6823 	EXP 	slider: markerPos = 4.1370370499789715
39.6937 	DATA 	Mouse:  Left button up, pos=(904,218)
39.6957 	EXP 	slider: markerPos = 4.1370370499789715
39.7079 	EXP 	slider: markerPos = 4.0
39.7103 	EXP 	New trial (rep=1, index=0): None
39.7244 	EXP 	prankText: autoDraw = False
39.7244 	EXP 	promptText: autoDraw = False
39.7244 	EXP 	hiddenobserver: autoDraw = False
39.7244 	EXP 	slider: autoDraw = False
39.7244 	EXP 	primertext: autoDraw = False
39.7244 	EXP 	slider: markerPos = None
39.7244 	EXP 	slider: markerPos = None
39.7244 	EXP 	primertext: text = "You're nothing"
39.7244 	EXP 	prankText: autoDraw = True
39.7244 	EXP 	slider: autoDraw = True
39.7244 	EXP 	primertext: autoDraw = True
39.7331 	EXP 	primertext: autoDraw = False
39.7449 	EXP 	promptText: autoDraw = True
39.7449 	EXP 	hiddenobserver: autoDraw = True
39.9284 	DATA 	Mouse: Left button down, pos=(904,218)
39.9404 	EXP 	slider: markerPos = 4.1370370499789715
39.9533 	EXP 	slider: markerPos = 4.1370370499789715
39.9665 	EXP 	slider: markerPos = 4.1370370499789715
39.9798 	EXP 	slider: markerPos = 4.1370370499789715
39.9901 	DATA 	Mouse:  Left button up, pos=(904,218)
39.9930 	EXP 	slider: markerPos = 4.1370370499789715
40.0062 	EXP 	slider: markerPos = 4.0
40.0085 	EXP 	New trial (rep=2, index=0): None
40.0238 	EXP 	prankText: autoDraw = False
40.0238 	EXP 	promptText: autoDraw = False
40.0238 	EXP 	hiddenobserver: autoDraw = False
40.0238 	EXP 	slider: autoDraw = False
40.0238 	EXP 	primertext: autoDraw = False
40.0238 	EXP 	slider: markerPos = None
40.0238 	EXP 	slider: markerPos = None
40.0238 	EXP 	primertext: text = "You're nothing"
40.0238 	EXP 	prankText: autoDraw = True
40.0238 	EXP 	slider: autoDraw = True
40.0238 	EXP 	primertext: autoDraw = True
40.0338 	EXP 	primertext: autoDraw = False
40.0467 	EXP 	promptText: autoDraw = True
40.0467 	EXP 	hiddenobserver: autoDraw = True
40.1965 	DATA 	Mouse: Left button down, pos=(904,218)
40.2133 	EXP 	slider: markerPos = 4.1370370499789715
40.2268 	EXP 	slider: markerPos = 4.1370370499789715
40.2406 	EXP 	slider: markerPos = 4.1370370499789715
40.2546 	EXP 	slider: markerPos = 4.1370370499789715
40.2685 	EXP 	slider: markerPos = 4.1370370499789715
40.2701 	DATA 	Mouse:  Left button up, pos=(904,218)
40.2821 	EXP 	slider: markerPos = 4.0
40.2847 	EXP 	New trial (rep=3, index=0): None
40.3016 	EXP 	prankText: autoDraw = False
40.3016 	EXP 	promptText: autoDraw = False
40.3016 	EXP 	hiddenobserver: autoDraw = False
40.3016 	EXP 	slider: autoDraw = False
40.3016 	EXP 	primertext: autoDraw = False
40.3016 	EXP 	slider: markerPos = None
40.3016 	EXP 	slider: markerPos = None
40.3016 	EXP 	primertext: text = "You're nothing"
40.3016 	EXP 	prankText: autoDraw = True
40.3016 	EXP 	slider: autoDraw = True
40.3016 	EXP 	primertext: autoDraw = True
40.3153 	EXP 	primertext: autoDraw = False
40.3323 	EXP 	promptText: autoDraw = True
40.3323 	EXP 	hiddenobserver: autoDraw = True
40.4924 	DATA 	Mouse: Left button down, pos=(904,218)
40.5091 	EXP 	slider: markerPos = 4.1370370499789715
40.5228 	EXP 	slider: markerPos = 4.1370370499789715
40.5335 	DATA 	Mouse:  Left button up, pos=(904,218)
40.5364 	EXP 	slider: markerPos = 4.1370370499789715
40.5493 	EXP 	slider: markerPos = 4.0
40.5515 	EXP 	New trial (rep=4, index=0): None
40.5667 	EXP 	prankText: autoDraw = False
40.5667 	EXP 	promptText: autoDraw = False
40.5667 	EXP 	hiddenobserver: autoDraw = False
40.5667 	EXP 	slider: autoDraw = False
40.5667 	EXP 	primertext: autoDraw = False
40.5667 	EXP 	slider: markerPos = None
40.5667 	EXP 	slider: markerPos = None
40.5667 	EXP 	primertext: text = "You're nothing"
40.5667 	EXP 	prankText: autoDraw = True
40.5667 	EXP 	slider: autoDraw = True
40.5667 	EXP 	primertext: autoDraw = True
40.5767 	EXP 	primertext: autoDraw = False
40.5903 	EXP 	promptText: autoDraw = True
40.5903 	EXP 	hiddenobserver: autoDraw = True
40.7709 	DATA 	Mouse: Left button down, pos=(904,218)
40.7873 	EXP 	slider: markerPos = 4.1370370499789715
40.8005 	EXP 	slider: markerPos = 4.1370370499789715
40.8138 	EXP 	slider: markerPos = 4.1370370499789715
40.8240 	DATA 	Mouse:  Left button up, pos=(904,218)
40.8269 	EXP 	slider: markerPos = 4.1370370499789715
40.8399 	EXP 	slider: markerPos = 4.0
40.8422 	EXP 	New trial (rep=5, index=0): None
40.8575 	EXP 	prankText: autoDraw = False
40.8575 	EXP 	promptText: autoDraw = False
40.8575 	EXP 	hiddenobserver: autoDraw = False
40.8575 	EXP 	slider: autoDraw = False
40.8575 	EXP 	primertext: autoDraw = False
40.8575 	EXP 	slider: markerPos = None
40.8575 	EXP 	slider: markerPos = None
40.8575 	EXP 	primertext: text = "You're nothing"
40.8575 	EXP 	prankText: autoDraw = True
40.8575 	EXP 	slider: autoDraw = True
40.8575 	EXP 	primertext: autoDraw = True
40.8671 	EXP 	primertext: autoDraw = False
40.8797 	EXP 	promptText: autoDraw = True
40.8797 	EXP 	hiddenobserver: autoDraw = True
41.0735 	DATA 	Mouse: Left button down, pos=(904,218)
41.0857 	EXP 	slider: markerPos = 4.1370370499789715
41.0993 	EXP 	slider: markerPos = 4.1370370499789715
41.1125 	EXP 	slider: markerPos = 4.1370370499789715
41.1260 	EXP 	slider: markerPos = 4.1370370499789715
41.1276 	DATA 	Mouse:  Left button up, pos=(904,218)
41.1394 	EXP 	slider: markerPos = 4.0
41.2929 	EXP 	prankText: autoDraw = False
41.2929 	EXP 	promptText: autoDraw = False
41.2929 	EXP 	hiddenobserver: autoDraw = False
41.2929 	EXP 	slider: autoDraw = False
41.2929 	EXP 	primertext: autoDraw = False
41.2929 	EXP 	respectform: autoDraw = True
43.3341 	DATA 	Mouse: Left button down, pos=(1353,410)
43.3985 	DATA 	Mouse:  Left button up, pos=(1353,410)
44.0880 	DATA 	Mouse: Left button down, pos=(1811,60)
44.1513 	DATA 	Mouse:  Left button up, pos=(1811,60)
45.4482 	DATA 	Mouse: Left button down, pos=(1764,68)
45.5321 	DATA 	Mouse:  Left button up, pos=(1764,68)
45.6423 	EXP 	respectform: autoDraw = False
45.6423 	EXP 	angerform: autoDraw = True
46.9582 	DATA 	Mouse: Left button down, pos=(1780,64)
47.0022 	DATA 	Mouse:  Left button up, pos=(1780,64)
47.0224 	EXP 	angerform: autoDraw = False
47.0224 	EXP 	demoForm: autoDraw = True
48.0571 	DATA 	Mouse: Left button down, pos=(1774,65)
48.0680 	EXP 	demoForm: autoDraw = False
48.0680 	EXP 	text_2: autoDraw = True
48.1251 	DATA 	Mouse:  Left button up, pos=(1774,65)
49.6489 	EXP 	text_2: autoDraw = False
49.6489 	EXP 	feedbackform: autoDraw = True
50.6928 	DATA 	Mouse: Left button down, pos=(1767,80)
50.7280 	DATA 	Mouse:  Left button up, pos=(1767,80)
50.7315 	EXP 	feedbackform: autoDraw = False
50.7315 	EXP 	debriefform: autoDraw = True
52.0612 	DATA 	Mouse: wheel shift=(0,-1), pos=(1384,303)
52.0935 	DATA 	Mouse: wheel shift=(0,-3), pos=(1359,312)
52.1251 	DATA 	Mouse: wheel shift=(0,-3), pos=(1345,315)
52.1583 	DATA 	Mouse: wheel shift=(0,-1), pos=(1343,315)
52.3555 	DATA 	Mouse: wheel shift=(0,-2), pos=(1343,318)
52.3654 	DATA 	Mouse: wheel shift=(0,-2), pos=(1343,318)
52.3942 	DATA 	Mouse: wheel shift=(0,-4), pos=(1343,318)
52.4042 	DATA 	Mouse: wheel shift=(0,-1), pos=(1343,318)
52.5831 	DATA 	Mouse: wheel shift=(0,-1), pos=(1343,318)
52.6109 	DATA 	Mouse: wheel shift=(0,-4), pos=(1343,318)
52.6174 	DATA 	Mouse: wheel shift=(0,-1), pos=(1343,318)
52.6446 	DATA 	Mouse: wheel shift=(0,-2), pos=(1343,318)
52.8410 	DATA 	Mouse: wheel shift=(0,-3), pos=(1345,312)
52.8476 	DATA 	Mouse: wheel shift=(0,-1), pos=(1345,309)
52.8726 	DATA 	Mouse: wheel shift=(0,-4), pos=(1344,308)
52.8760 	DATA 	Mouse: wheel shift=(0,-1), pos=(1339,302)
53.6051 	DATA 	Mouse: Left button down, pos=(603,243)
53.6767 	DATA 	Mouse:  Left button up, pos=(603,243)
54.4064 	DATA 	Mouse: Left button down, pos=(1755,65)
54.4203 	EXP 	debriefform: autoDraw = False
54.4806 	EXP 	window1: mouseVisible = True
